INUM:        0 PC: 0x0000 REG: 0 VALUE: 0xff80
INUM:        1 PC: 0x0002 REG: 0 VALUE: 0x8000
INUM:        2 PC: 0x0004 REG: 1 VALUE: 0xff80
INUM:        3 PC: 0x0006 REG: 1 VALUE: 0x8000
INUM:        4 PC: 0x0008 REG: 2 VALUE: 0xff80
INUM:        5 PC: 0x000a REG: 2 VALUE: 0x8000
INUM:        6 PC: 0x000c REG: 3 VALUE: 0xff80
INUM:        7 PC: 0x000e REG: 3 VALUE: 0x8000
INUM:        8 PC: 0x0010 REG: 4 VALUE: 0xff80
INUM:        9 PC: 0x0012 REG: 4 VALUE: 0x8000
INUM:       10 PC: 0x0014 REG: 5 VALUE: 0xff80
INUM:       11 PC: 0x0016 REG: 5 VALUE: 0x8000
INUM:       12 PC: 0x0018 REG: 6 VALUE: 0xff80
INUM:       13 PC: 0x001a REG: 6 VALUE: 0x8000
INUM:       14 PC: 0x001c REG: 7 VALUE: 0xff80
INUM:       15 PC: 0x001e
INUM:       16 PC: 0x0020 REG: 7 VALUE: 0x8000
INUM:       17 PC: 0x0022
INUM:       18 PC: 0x0024 REG: 1 VALUE: 0x7ff0 ADDR: 0x7ff0 VALUE: 0x8000
INUM:       19 PC: 0x0026
INUM:       20 PC: 0x0028 ADDR: 0x800e VALUE: 0x8000
INUM:       21 PC: 0x002a
INUM:       22 PC: 0x002c REG: 3 VALUE: 0x0000 ADDR: 0x7ffa
INUM:       23 PC: 0x002e
INUM:       24 PC: 0x0030 REG: 2 VALUE: 0x0000 ADDR: 0x7ff6
INUM:       25 PC: 0x0032
INUM:       26 PC: 0x0034 REG: 5 VALUE: 0x0000 ADDR: 0x7ffc
INUM:       27 PC: 0x0036
INUM:       28 PC: 0x0038 REG: 0 VALUE: 0x7ffa ADDR: 0x7ffa VALUE: 0x0000
INUM:       29 PC: 0x003a
INUM:       30 PC: 0x003c ADDR: 0x8008 VALUE: 0x0000
INUM:       31 PC: 0x003e
INUM:       32 PC: 0x0040 ADDR: 0x8004 VALUE: 0x0000
INUM:       33 PC: 0x0042
INUM:       34 PC: 0x0044 REG: 5 VALUE: 0x0000 ADDR: 0x7fe6
INUM:       35 PC: 0x0046
INUM:       36 PC: 0x0048 REG: 0 VALUE: 0x7ffc ADDR: 0x7ffc VALUE: 0x0000
INUM:       37 PC: 0x004a REG: 0 VALUE: 0x7fee ADDR: 0x7fee VALUE: 0x0000
INUM:       38 PC: 0x004c REG: 2 VALUE: 0x0000
INUM:       39 PC: 0x004e REG: 3 VALUE: 0x0000
INUM:       40 PC: 0x0050
INUM:       41 PC: 0x0052
INUM:       42 PC: 0x0054 REG: 3 VALUE: 0xfff0
INUM:       43 PC: 0x0056 REG: 7 VALUE: 0xfff0
INUM:       44 PC: 0x0058 REG: 3 VALUE: 0x800b
INUM:       45 PC: 0x005a REG: 5 VALUE: 0x800b
INUM:       46 PC: 0x005c REG: 5 VALUE: 0x0000
INUM:       47 PC: 0x005e REG: 5 VALUE: 0x0000
INUM:       48 PC: 0x0060 REG: 0 VALUE: 0x7fee
INUM:       49 PC: 0x0062 ADDR: 0x7ff4 VALUE: 0x800b
INUM:       50 PC: 0x0064 REG: 6 VALUE: 0xfff7
INUM:       51 PC: 0x0066 REG: 3 VALUE: 0x8016
INUM:       52 PC: 0x0068 REG: 2 VALUE: 0x0001
INUM:       53 PC: 0x006a REG: 5 VALUE: 0x7ffe
INUM:       54 PC: 0x006c REG: 7 VALUE: 0x7fee
INUM:       55 PC: 0x006e
INUM:       56 PC: 0x0070 REG: 7 VALUE: 0x7fee
INUM:       57 PC: 0x0072 ADDR: 0x7ffa VALUE: 0xfff7
INUM:       58 PC: 0x0074 REG: 3 VALUE: 0x001f
INUM:       59 PC: 0x0076 REG: 6 VALUE: 0xfffe
INUM:       60 PC: 0x0078 REG: 2 VALUE: 0x7fe1
INUM:       61 PC: 0x007a
INUM:       62 PC: 0x007c REG: 2 VALUE: 0x0000 ADDR: 0x7ff6
INUM:       63 PC: 0x007e
INUM:       64 PC: 0x0080 REG: 2 VALUE: 0x0000 ADDR: 0x7ff6
INUM:       65 PC: 0x0082
INUM:       66 PC: 0x0084 REG: 6 VALUE: 0x0000 ADDR: 0x7fe2
INUM:       67 PC: 0x0086
INUM:       68 PC: 0x0088 REG: 1 VALUE: 0x7fee ADDR: 0x7fee VALUE: 0x7ffe
INUM:       69 PC: 0x008a
INUM:       70 PC: 0x008c REG: 4 VALUE: 0x0000 ADDR: 0x7ff6
INUM:       71 PC: 0x008e
INUM:       72 PC: 0x0090 REG: 6 VALUE: 0x0000 ADDR: 0x7ff8
INUM:       73 PC: 0x0092
INUM:       74 PC: 0x0094 REG: 5 VALUE: 0x800b ADDR: 0x7ff4
INUM:       75 PC: 0x0096
INUM:       76 PC: 0x0098 REG: 1 VALUE: 0x7ff6 ADDR: 0x7ff6 VALUE: 0x0000
INUM:       77 PC: 0x009a
INUM:       78 PC: 0x009c REG: 2 VALUE: 0x0000 ADDR: 0x7fe2
INUM:       79 PC: 0x009e
INUM:       80 PC: 0x00a0 REG: 1 VALUE: 0x7ffc ADDR: 0x7ffc VALUE: 0x001f
INUM:       81 PC: 0x00a2 REG: 1 VALUE: 0x800a ADDR: 0x800a VALUE: 0x0000
INUM:       82 PC: 0x00a4 REG: 5 VALUE: 0x0000
INUM:       83 PC: 0x00a6
INUM:       84 PC: 0x00a8 REG: 4 VALUE: 0x0000 ADDR: 0x8006
INUM:       85 PC: 0x00aa
INUM:       86 PC: 0x00ac ADDR: 0x7ffe VALUE: 0x001f
INUM:       87 PC: 0x00ae
INUM:       88 PC: 0x00b0 REG: 5 VALUE: 0x0000 ADDR: 0x7ff6
INUM:       89 PC: 0x00b2
INUM:       90 PC: 0x00b4 ADDR: 0x7fee VALUE: 0x001f
INUM:       91 PC: 0x00b6
INUM:       92 PC: 0x00b8 REG: 3 VALUE: 0x0000 ADDR: 0x8016
INUM:       93 PC: 0x00ba
INUM:       94 PC: 0x00bc REG: 6 VALUE: 0x0000 ADDR: 0x8000
INUM:       95 PC: 0x00be
INUM:       96 PC: 0x00c0 REG: 4 VALUE: 0x8000 ADDR: 0x800e
INUM:       97 PC: 0x00c2
INUM:       98 PC: 0x00c4 REG: 0 VALUE: 0x7ff0 ADDR: 0x7ff0 VALUE: 0x0000
INUM:       99 PC: 0x00c6
INUM:      100 PC: 0x00c8 REG: 5 VALUE: 0x001f ADDR: 0x7ffe
INUM:      101 PC: 0x00ca
INUM:      102 PC: 0x00cc REG: 1 VALUE: 0x8014 ADDR: 0x8014 VALUE: 0x001f
INUM:      103 PC: 0x00ce
INUM:      104 PC: 0x00d0 ADDR: 0x8018 VALUE: 0x0000
INUM:      105 PC: 0x00d2
INUM:      106 PC: 0x00d4 REG: 6 VALUE: 0x001f ADDR: 0x7ffe
INUM:      107 PC: 0x00d6
INUM:      108 PC: 0x00d8 ADDR: 0x8012 VALUE: 0x001f
INUM:      109 PC: 0x00da
INUM:      110 PC: 0x00dc REG: 4 VALUE: 0x0000 ADDR: 0x7fec
INUM:      111 PC: 0x00de
INUM:      112 PC: 0x00e0 REG: 6 VALUE: 0x0000 ADDR: 0x7fe8
INUM:      113 PC: 0x00e2
INUM:      114 PC: 0x00e4 REG: 5 VALUE: 0x8000 ADDR: 0x800e
INUM:      115 PC: 0x00e6
INUM:      116 PC: 0x00e8 ADDR: 0x8018 VALUE: 0x0000
INUM:      117 PC: 0x00ea
INUM:      118 PC: 0x00ec REG: 3 VALUE: 0x0000 ADDR: 0x800c
INUM:      119 PC: 0x00ee
INUM:      120 PC: 0x00f0 ADDR: 0x8014 VALUE: 0x0000
INUM:      121 PC: 0x00f2
INUM:      122 PC: 0x00f4 REG: 0 VALUE: 0x7ff4 ADDR: 0x7ff4 VALUE: 0x8000
INUM:      123 PC: 0x00f6
INUM:      124 PC: 0x00f8 REG: 4 VALUE: 0x0000 ADDR: 0x801c
INUM:      125 PC: 0x00fa
INUM:      126 PC: 0x00fc REG: 4 VALUE: 0x0000 ADDR: 0x7fe4
INUM:      127 PC: 0x00fe
INUM:      128 PC: 0x0100 REG: 2 VALUE: 0x0000 ADDR: 0x801a
INUM:      129 PC: 0x0102
INUM:      130 PC: 0x0104 REG: 4 VALUE: 0x8000 ADDR: 0x800e
INUM:      131 PC: 0x0106
INUM:      132 PC: 0x0108 REG: 4 VALUE: 0x0000 ADDR: 0x7fec
INUM:      133 PC: 0x010a REG: 0 VALUE: 0x7fee ADDR: 0x7fee VALUE: 0x0000
INUM:      134 PC: 0x010c REG: 6 VALUE: 0x0000
INUM:      135 PC: 0x010e
INUM:      136 PC: 0x0110 ADDR: 0x8014 VALUE: 0x0000
INUM:      137 PC: 0x0112
INUM:      138 PC: 0x0114 REG: 4 VALUE: 0x001f ADDR: 0x8012
INUM:      139 PC: 0x0116
INUM:      140 PC: 0x0118 REG: 5 VALUE: 0x0000 ADDR: 0x7fde
INUM:      141 PC: 0x011a
INUM:      142 PC: 0x011c REG: 2 VALUE: 0x0000 ADDR: 0x7fe0
INUM:      143 PC: 0x011e
INUM:      144 PC: 0x0120 REG: 2 VALUE: 0x0000 ADDR: 0x8020
INUM:      145 PC: 0x0122
INUM:      146 PC: 0x0124 REG: 1 VALUE: 0x8022 ADDR: 0x8022 VALUE: 0x0000
INUM:      147 PC: 0x0126
INUM:      148 PC: 0x0128 REG: 1 VALUE: 0x801e ADDR: 0x801e VALUE: 0x0000
INUM:      149 PC: 0x012a
INUM:      150 PC: 0x012c ADDR: 0x802a VALUE: 0x001f
INUM:      151 PC: 0x012e
INUM:      152 PC: 0x0130 REG: 1 VALUE: 0x801e ADDR: 0x801e VALUE: 0x0000
INUM:      153 PC: 0x0132
INUM:      154 PC: 0x0134 REG: 3 VALUE: 0xfff7 ADDR: 0x7ffa
INUM:      155 PC: 0x0136
INUM:      156 PC: 0x0138 REG: 1 VALUE: 0x8014 ADDR: 0x8014 VALUE: 0xfff7
INUM:      157 PC: 0x013a
INUM:      158 PC: 0x013c REG: 5 VALUE: 0x0000 ADDR: 0x7ff2
INUM:      159 PC: 0x013e
INUM:      160 PC: 0x0140 REG: 5 VALUE: 0x0000 ADDR: 0x7ff2
INUM:      161 PC: 0x0142
INUM:      162 PC: 0x0144 ADDR: 0x801e VALUE: 0x0000
INUM:      163 PC: 0x0146
INUM:      164 PC: 0x0148 REG: 0 VALUE: 0x7fe2 ADDR: 0x7fe2 VALUE: 0x001f
INUM:      165 PC: 0x014a
INUM:      166 PC: 0x014c ADDR: 0x7fe8 VALUE: 0x0000
INUM:      167 PC: 0x014e
INUM:      168 PC: 0x0150 REG: 6 VALUE: 0x0000 ADDR: 0x7fd4
INUM:      169 PC: 0x0152
INUM:      170 PC: 0x0154 REG: 0 VALUE: 0x7fe0 ADDR: 0x7fe0 VALUE: 0x0000
INUM:      171 PC: 0x0156
INUM:      172 PC: 0x0158 REG: 3 VALUE: 0x0000 ADDR: 0x8006
INUM:      173 PC: 0x015a
INUM:      174 PC: 0x015c REG: 2 VALUE: 0x0000 ADDR: 0x801c
INUM:      175 PC: 0x015e
INUM:      176 PC: 0x0160 ADDR: 0x801c VALUE: 0x0000
INUM:      177 PC: 0x0162
INUM:      178 PC: 0x0164 REG: 3 VALUE: 0x0000 ADDR: 0x8018
INUM:      179 PC: 0x0166
INUM:      180 PC: 0x0168 REG: 4 VALUE: 0x0000 ADDR: 0x8022
INUM:      181 PC: 0x016a
INUM:      182 PC: 0x016c REG: 4 VALUE: 0x0000 ADDR: 0x8018
INUM:      183 PC: 0x016e
INUM:      184 PC: 0x0170 REG: 2 VALUE: 0x0000 ADDR: 0x7fea
INUM:      185 PC: 0x0172
INUM:      186 PC: 0x0174 ADDR: 0x7fe2 VALUE: 0x0000
INUM:      187 PC: 0x0176
INUM:      188 PC: 0x0178 REG: 1 VALUE: 0x801a ADDR: 0x801a VALUE: 0x0000
INUM:      189 PC: 0x017a
INUM:      190 PC: 0x017c REG: 2 VALUE: 0x0000 ADDR: 0x8024
INUM:      191 PC: 0x017e
INUM:      192 PC: 0x0180 REG: 6 VALUE: 0x0000 ADDR: 0x800c
INUM:      193 PC: 0x0182
INUM:      194 PC: 0x0184 REG: 5 VALUE: 0x0000 ADDR: 0x8018
INUM:      195 PC: 0x0186
INUM:      196 PC: 0x0188 REG: 0 VALUE: 0x7fd2 ADDR: 0x7fd2 VALUE: 0x0000
INUM:      197 PC: 0x018a
INUM:      198 PC: 0x018c ADDR: 0x801a VALUE: 0x0000
INUM:      199 PC: 0x018e
INUM:      200 PC: 0x0190 ADDR: 0x801a VALUE: 0x0000
INUM:      201 PC: 0x0192
INUM:      202 PC: 0x0194 REG: 5 VALUE: 0x0000 ADDR: 0x7fc4
INUM:      203 PC: 0x0196
INUM:      204 PC: 0x0198 REG: 3 VALUE: 0x0000 ADDR: 0x800c
INUM:      205 PC: 0x019a
INUM:      206 PC: 0x019c REG: 4 VALUE: 0x0000 ADDR: 0x8028
INUM:      207 PC: 0x019e
INUM:      208 PC: 0x01a0 ADDR: 0x8016 VALUE: 0x0000
INUM:      209 PC: 0x01a2
INUM:      210 PC: 0x01a4 ADDR: 0x800c VALUE: 0x0000
INUM:      211 PC: 0x01a6
INUM:      212 PC: 0x01a8 ADDR: 0x7fc4 VALUE: 0x0000
INUM:      213 PC: 0x01aa
INUM:      214 PC: 0x01ac REG: 6 VALUE: 0x0000 ADDR: 0x8028
INUM:      215 PC: 0x01ae
INUM:      216 PC: 0x01b0 REG: 2 VALUE: 0x8000 ADDR: 0x800e
INUM:      217 PC: 0x01b2 REG: 4 VALUE: 0x0000 ADDR: 0x7fd4
INUM:      218 PC: 0x01b4 REG: 3 VALUE: 0x0000
INUM:      219 PC: 0x01b6
INUM:      220 PC: 0x01b8 REG: 1 VALUE: 0x800c ADDR: 0x800c VALUE: 0x0000
INUM:      221 PC: 0x01ba
INUM:      222 PC: 0x01bc ADDR: 0x8014 VALUE: 0x0000
INUM:      223 PC: 0x01be
INUM:      224 PC: 0x01c0 ADDR: 0x7fc2 VALUE: 0x8000
INUM:      225 PC: 0x01c2
INUM:      226 PC: 0x01c4 REG: 0 VALUE: 0x7fcc ADDR: 0x7fcc VALUE: 0x0000
INUM:      227 PC: 0x01c6
INUM:      228 PC: 0x01c8 REG: 5 VALUE: 0x0000 ADDR: 0x7fbe
INUM:      229 PC: 0x01ca
INUM:      230 PC: 0x01cc REG: 0 VALUE: 0x7fd8 ADDR: 0x7fd8 VALUE: 0x0000
INUM:      231 PC: 0x01ce
INUM:      232 PC: 0x01d0 ADDR: 0x8012 VALUE: 0x0000
INUM:      233 PC: 0x01d2
INUM:      234 PC: 0x01d4 REG: 3 VALUE: 0x0000 ADDR: 0x8004
INUM:      235 PC: 0x01d6
INUM:      236 PC: 0x01d8 REG: 4 VALUE: 0x0000 ADDR: 0x7fe6
INUM:      237 PC: 0x01da
INUM:      238 PC: 0x01dc REG: 0 VALUE: 0x7fd0 ADDR: 0x7fd0 VALUE: 0x8000
INUM:      239 PC: 0x01de
INUM:      240 PC: 0x01e0 REG: 1 VALUE: 0x800e ADDR: 0x800e VALUE: 0x0000
INUM:      241 PC: 0x01e2
INUM:      242 PC: 0x01e4 REG: 2 VALUE: 0x0000 ADDR: 0x7fc8
INUM:      243 PC: 0x01e6 ADDR: 0x7fd6 VALUE: 0x0000
INUM:      244 PC: 0x01e8 REG: 2 VALUE: 0x0000
INUM:      245 PC: 0x01ea REG: 3 VALUE: 0x0000
INUM:      246 PC: 0x01ec
INUM:      247 PC: 0x01ee
INUM:      248 PC: 0x01fc REG: 7 VALUE: 0x7fee
INUM:      249 PC: 0x01fe REG: 4 VALUE: 0x0000
INUM:      250 PC: 0x0200 REG: 4 VALUE: 0x0000
INUM:      251 PC: 0x0202 REG: 6 VALUE: 0x801d
INUM:      252 PC: 0x0204 REG: 4 VALUE: 0x0001
INUM:      253 PC: 0x0206 REG: 6 VALUE: 0x0000
INUM:      254 PC: 0x0208 REG: 3 VALUE: 0x0001
INUM:      255 PC: 0x020a
INUM:      256 PC: 0x020c REG: 6 VALUE: 0x0000
INUM:      257 PC: 0x020e
INUM:      258 PC: 0x0210 REG: 2 VALUE: 0xc080 ADDR: 0x0000
INUM:      259 PC: 0x0212
INUM:      260 PC: 0x0214 ADDR: 0x8008 VALUE: 0x0000
INUM:      261 PC: 0x0216
INUM:      262 PC: 0x0218 ADDR: 0x7fda VALUE: 0x0001
INUM:      263 PC: 0x021a
INUM:      264 PC: 0x021c ADDR: 0x8010 VALUE: 0xc080
INUM:      265 PC: 0x021e
INUM:      266 PC: 0x0220 ADDR: 0x800c VALUE: 0x0001
INUM:      267 PC: 0x0222
INUM:      268 PC: 0x0224 ADDR: 0x8008 VALUE: 0xc080
INUM:      269 PC: 0x0226
INUM:      270 PC: 0x0228 ADDR: 0x7fd8 VALUE: 0x0000
INUM:      271 PC: 0x022a
INUM:      272 PC: 0x022c ADDR: 0x7ffe VALUE: 0x0000
INUM:      273 PC: 0x022e
INUM:      274 PC: 0x0230 REG: 4 VALUE: 0x0000 ADDR: 0x7fcc
INUM:      275 PC: 0x0232
INUM:      276 PC: 0x0234 REG: 5 VALUE: 0x0000 ADDR: 0x800e
INUM:      277 PC: 0x0236
INUM:      278 PC: 0x0238 REG: 5 VALUE: 0x8000 ADDR: 0x7fc2
INUM:      279 PC: 0x023a
INUM:      280 PC: 0x023c REG: 5 VALUE: 0x0000 ADDR: 0x7fc8
INUM:      281 PC: 0x023e
INUM:      282 PC: 0x0240 REG: 0 VALUE: 0x7fce ADDR: 0x7fce VALUE: 0x0000
INUM:      283 PC: 0x0242
INUM:      284 PC: 0x0244 ADDR: 0x8000 VALUE: 0x0000
INUM:      285 PC: 0x0246
INUM:      286 PC: 0x0248 REG: 0 VALUE: 0x7fc6 ADDR: 0x7fc6 VALUE: 0x0000
INUM:      287 PC: 0x024a
INUM:      288 PC: 0x024c REG: 4 VALUE: 0x0000 ADDR: 0x8014
INUM:      289 PC: 0x024e
INUM:      290 PC: 0x0250 REG: 1 VALUE: 0x8006 ADDR: 0x8006 VALUE: 0x0000
INUM:      291 PC: 0x0252
INUM:      292 PC: 0x0254 REG: 0 VALUE: 0x7fbc ADDR: 0x7fbc VALUE: 0xc080
INUM:      293 PC: 0x0256
INUM:      294 PC: 0x0258 REG: 4 VALUE: 0x0001 ADDR: 0x800c
INUM:      295 PC: 0x025a
INUM:      296 PC: 0x025c REG: 4 VALUE: 0x0000 ADDR: 0x7ff8
INUM:      297 PC: 0x025e
INUM:      298 PC: 0x0260 ADDR: 0x8008 VALUE: 0x0000
INUM:      299 PC: 0x0262
INUM:      300 PC: 0x0264 REG: 2 VALUE: 0x0000 ADDR: 0x7fbe
INUM:      301 PC: 0x0266
INUM:      302 PC: 0x0268 REG: 1 VALUE: 0x8008 ADDR: 0x8008 VALUE: 0x0000
INUM:      303 PC: 0x026a
INUM:      304 PC: 0x026c REG: 0 VALUE: 0x7fac ADDR: 0x7fac VALUE: 0x0000
INUM:      305 PC: 0x026e
INUM:      306 PC: 0x0270 REG: 6 VALUE: 0x0000 ADDR: 0x7fae
INUM:      307 PC: 0x0272
INUM:      308 PC: 0x0274 REG: 3 VALUE: 0x0000 ADDR: 0x7fb6
INUM:      309 PC: 0x0276
INUM:      310 PC: 0x0278 REG: 4 VALUE: 0x0000 ADDR: 0x8012
INUM:      311 PC: 0x027a
INUM:      312 PC: 0x027c REG: 4 VALUE: 0x0000 ADDR: 0x7fba
INUM:      313 PC: 0x027e
INUM:      314 PC: 0x0280 REG: 1 VALUE: 0x800c ADDR: 0x800c VALUE: 0x0000
INUM:      315 PC: 0x0282
INUM:      316 PC: 0x0284 REG: 1 VALUE: 0x7ffc ADDR: 0x7ffc VALUE: 0x0000
INUM:      317 PC: 0x0286
INUM:      318 PC: 0x0288 REG: 1 VALUE: 0x8008 ADDR: 0x8008 VALUE: 0x0000
INUM:      319 PC: 0x028a
INUM:      320 PC: 0x028c REG: 4 VALUE: 0xc080 ADDR: 0x8010
INUM:      321 PC: 0x028e
INUM:      322 PC: 0x0290 REG: 1 VALUE: 0x8002 ADDR: 0x8002 VALUE: 0x0000
INUM:      323 PC: 0x0292
INUM:      324 PC: 0x0294 REG: 1 VALUE: 0x7ff6 ADDR: 0x7ff6 VALUE: 0x0000
INUM:      325 PC: 0x0296
INUM:      326 PC: 0x0298 ADDR: 0x7fea VALUE: 0x0000
INUM:      327 PC: 0x029a
INUM:      328 PC: 0x029c REG: 2 VALUE: 0x0000 ADDR: 0x7fb2
INUM:      329 PC: 0x029e
INUM:      330 PC: 0x02a0 ADDR: 0x7fa8 VALUE: 0x0000
INUM:      331 PC: 0x02a2
INUM:      332 PC: 0x02a4 REG: 6 VALUE: 0x0000 ADDR: 0x7fe6
INUM:      333 PC: 0x02a6
INUM:      334 PC: 0x02a8 REG: 1 VALUE: 0x7fe8 ADDR: 0x7fe8 VALUE: 0xc080
INUM:      335 PC: 0x02aa
INUM:      336 PC: 0x02ac REG: 6 VALUE: 0x0000 ADDR: 0x7fdc
INUM:      337 PC: 0x02ae
INUM:      338 PC: 0x02b0 REG: 5 VALUE: 0x0000 ADDR: 0x7fa8
INUM:      339 PC: 0x02b2
INUM:      340 PC: 0x02b4 REG: 1 VALUE: 0x7ff0 ADDR: 0x7ff0 VALUE: 0x0000
INUM:      341 PC: 0x02b6
INUM:      342 PC: 0x02b8 REG: 2 VALUE: 0xc080 ADDR: 0x7fe8
INUM:      343 PC: 0x02ba
INUM:      344 PC: 0x02bc ADDR: 0x7fea VALUE: 0x0000
INUM:      345 PC: 0x02be
INUM:      346 PC: 0x02c0 REG: 6 VALUE: 0x0000 ADDR: 0x7f9c
INUM:      347 PC: 0x02c2
INUM:      348 PC: 0x02c4 REG: 2 VALUE: 0x0000 ADDR: 0x7fba
INUM:      349 PC: 0x02c6
INUM:      350 PC: 0x02c8 REG: 6 VALUE: 0x0000 ADDR: 0x7fa6
INUM:      351 PC: 0x02ca
INUM:      352 PC: 0x02cc REG: 0 VALUE: 0x7fa0 ADDR: 0x7fa0 VALUE: 0xc080
INUM:      353 PC: 0x02ce
INUM:      354 PC: 0x02d0 REG: 3 VALUE: 0x8000 ADDR: 0x7ff4
INUM:      355 PC: 0x02d2
INUM:      356 PC: 0x02d4 REG: 4 VALUE: 0x0000 ADDR: 0x7f9a
INUM:      357 PC: 0x02d6
INUM:      358 PC: 0x02d8 ADDR: 0x7fec VALUE: 0x0000
INUM:      359 PC: 0x02da
INUM:      360 PC: 0x02dc REG: 2 VALUE: 0x0000 ADDR: 0x7ffc
INUM:      361 PC: 0x02de
INUM:      362 PC: 0x02e0 ADDR: 0x7fec VALUE: 0x0000
INUM:      363 PC: 0x02e2
INUM:      364 PC: 0x02e4 REG: 3 VALUE: 0xc080 ADDR: 0x7fe8
INUM:      365 PC: 0x02e6
INUM:      366 PC: 0x02e8 REG: 2 VALUE: 0x0000 ADDR: 0x7fae
INUM:      367 PC: 0x02ea
INUM:      368 PC: 0x02ec REG: 0 VALUE: 0x7f96 ADDR: 0x7f96 VALUE: 0x0000
INUM:      369 PC: 0x02ee
INUM:      370 PC: 0x02f0 REG: 3 VALUE: 0x0000 ADDR: 0x7f90
INUM:      371 PC: 0x02f2
INUM:      372 PC: 0x02f4 REG: 6 VALUE: 0xfff7 ADDR: 0x7ffa
INUM:      373 PC: 0x02f6
INUM:      374 PC: 0x02f8 REG: 1 VALUE: 0x7ff6 ADDR: 0x7ff6 VALUE: 0xfff7
INUM:      375 PC: 0x02fa
INUM:      376 PC: 0x02fc REG: 6 VALUE: 0x0000 ADDR: 0x7f92
INUM:      377 PC: 0x02fe REG: 1 VALUE: 0x8000 ADDR: 0x8000 VALUE: 0x0000
INUM:      378 PC: 0x0300 REG: 0 VALUE: 0x7f92
INUM:      379 PC: 0x0302
INUM:      380 PC: 0x0304 REG: 4 VALUE: 0x0000 ADDR: 0x7f9e
INUM:      381 PC: 0x0306
INUM:      382 PC: 0x0308 ADDR: 0x8006 VALUE: 0x0000
INUM:      383 PC: 0x030a
INUM:      384 PC: 0x030c ADDR: 0x7ff2 VALUE: 0x0000
INUM:      385 PC: 0x030e
INUM:      386 PC: 0x0310 REG: 6 VALUE: 0x0000 ADDR: 0x800a
INUM:      387 PC: 0x0312
INUM:      388 PC: 0x0314 REG: 4 VALUE: 0xfff7 ADDR: 0x7ffa
INUM:      389 PC: 0x0316
INUM:      390 PC: 0x0318 ADDR: 0x8006 VALUE: 0x0000
INUM:      391 PC: 0x031a
INUM:      392 PC: 0x031c REG: 1 VALUE: 0x8004 ADDR: 0x8004 VALUE: 0x0000
INUM:      393 PC: 0x031e
INUM:      394 PC: 0x0320 REG: 2 VALUE: 0x0000 ADDR: 0x7f86
INUM:      395 PC: 0x0322
INUM:      396 PC: 0x0324 ADDR: 0x7ff6 VALUE: 0x0000
INUM:      397 PC: 0x0326
INUM:      398 PC: 0x0328 REG: 5 VALUE: 0x0000 ADDR: 0x7f8a
INUM:      399 PC: 0x032a
INUM:      400 PC: 0x032c ADDR: 0x8000 VALUE: 0x0000
INUM:      401 PC: 0x032e
INUM:      402 PC: 0x0330 ADDR: 0x7f8c VALUE: 0x0000
INUM:      403 PC: 0x0332
INUM:      404 PC: 0x0334 REG: 6 VALUE: 0x0000 ADDR: 0x7f8e
INUM:      405 PC: 0x0336
INUM:      406 PC: 0x0338 REG: 4 VALUE: 0x8000 ADDR: 0x7ff4
INUM:      407 PC: 0x033a
INUM:      408 PC: 0x033c REG: 6 VALUE: 0x0000 ADDR: 0x7f92
INUM:      409 PC: 0x033e
INUM:      410 PC: 0x0340 ADDR: 0x7f9c VALUE: 0x0000
INUM:      411 PC: 0x0342
INUM:      412 PC: 0x0344 REG: 5 VALUE: 0x0000 ADDR: 0x7f92
INUM:      413 PC: 0x0346
INUM:      414 PC: 0x0348 REG: 1 VALUE: 0x7ff4 ADDR: 0x7ff4 VALUE: 0x0000
INUM:      415 PC: 0x034a
INUM:      416 PC: 0x034c REG: 2 VALUE: 0x0000 ADDR: 0x7fe6
INUM:      417 PC: 0x034e
INUM:      418 PC: 0x0350 ADDR: 0x7f88 VALUE: 0x8000
INUM:      419 PC: 0x0352
INUM:      420 PC: 0x0354 REG: 6 VALUE: 0x0000 ADDR: 0x7fea
INUM:      421 PC: 0x0356
INUM:      422 PC: 0x0358 ADDR: 0x7fee VALUE: 0x0000
INUM:      423 PC: 0x035a
INUM:      424 PC: 0x035c REG: 6 VALUE: 0x0000 ADDR: 0x7ffe
INUM:      425 PC: 0x035e
INUM:      426 PC: 0x0360 REG: 0 VALUE: 0x7f8c ADDR: 0x7f8c VALUE: 0x0000
INUM:      427 PC: 0x0362
INUM:      428 PC: 0x0364 ADDR: 0x7f9a VALUE: 0x0000
INUM:      429 PC: 0x0366
INUM:      430 PC: 0x0368 ADDR: 0x7f86 VALUE: 0x0000
INUM:      431 PC: 0x036a
INUM:      432 PC: 0x036c REG: 1 VALUE: 0x7fea ADDR: 0x7fea VALUE: 0x0000
INUM:      433 PC: 0x036e
INUM:      434 PC: 0x0370 ADDR: 0x7f7c VALUE: 0x0000
INUM:      435 PC: 0x0372
INUM:      436 PC: 0x0374 REG: 2 VALUE: 0x0000 ADDR: 0x7f7c
INUM:      437 PC: 0x0376
INUM:      438 PC: 0x0378 REG: 3 VALUE: 0x0000 ADDR: 0x7ff4
INUM:      439 PC: 0x037a
INUM:      440 PC: 0x037c ADDR: 0x7f92 VALUE: 0x0000
INUM:      441 PC: 0x037e
INUM:      442 PC: 0x0380 REG: 1 VALUE: 0x7fe4 ADDR: 0x7fe4 VALUE: 0x8000
INUM:      443 PC: 0x0382
INUM:      444 PC: 0x0384 REG: 1 VALUE: 0x7fde ADDR: 0x7fde VALUE: 0x8000
INUM:      445 PC: 0x0386
INUM:      446 PC: 0x0388 REG: 1 VALUE: 0x7fe6 ADDR: 0x7fe6 VALUE: 0x0000
INUM:      447 PC: 0x038a
INUM:      448 PC: 0x038c REG: 1 VALUE: 0x7fe6 ADDR: 0x7fe6 VALUE: 0x8000
INUM:      449 PC: 0x038e
INUM:      450 PC: 0x0390 REG: 6 VALUE: 0x0000 ADDR: 0x7f8c
INUM:      451 PC: 0x0392
INUM:      452 PC: 0x0394 REG: 0 VALUE: 0x7f88 ADDR: 0x7f88 VALUE: 0x8000
INUM:      453 PC: 0x0396
INUM:      454 PC: 0x0398 ADDR: 0x7fee VALUE: 0x0000
INUM:      455 PC: 0x039a
INUM:      456 PC: 0x039c ADDR: 0x7fe8 VALUE: 0x0000
INUM:      457 PC: 0x039e
INUM:      458 PC: 0x03a0 REG: 6 VALUE: 0x8000 ADDR: 0x7fe4
INUM:      459 PC: 0x03a2
INUM:      460 PC: 0x03a4 REG: 4 VALUE: 0x0000 ADDR: 0x7f8c
INUM:      461 PC: 0x03a6
INUM:      462 PC: 0x03a8 REG: 4 VALUE: 0x0000 ADDR: 0x7f84
INUM:      463 PC: 0x03aa
INUM:      464 PC: 0x03ac REG: 1 VALUE: 0x7fdc ADDR: 0x7fdc VALUE: 0x8000
INUM:      465 PC: 0x03ae
INUM:      466 PC: 0x03b0 REG: 6 VALUE: 0x0000 ADDR: 0x7fe0
INUM:      467 PC: 0x03b2
INUM:      468 PC: 0x03b4 REG: 1 VALUE: 0x7fce ADDR: 0x7fce VALUE: 0x0000
INUM:      469 PC: 0x03b6
INUM:      470 PC: 0x03b8 REG: 1 VALUE: 0x7fce ADDR: 0x7fce VALUE: 0x0000
INUM:      471 PC: 0x03ba
INUM:      472 PC: 0x03bc REG: 1 VALUE: 0x7fc8 ADDR: 0x7fc8 VALUE: 0x0000
INUM:      473 PC: 0x03be
INUM:      474 PC: 0x03c0 REG: 4 VALUE: 0xc080 ADDR: 0x7fbc
INUM:      475 PC: 0x03c2
INUM:      476 PC: 0x03c4 REG: 5 VALUE: 0x0000 ADDR: 0x7fd2
INUM:      477 PC: 0x03c6
INUM:      478 PC: 0x03c8 REG: 0 VALUE: 0x7f82 ADDR: 0x7f82 VALUE: 0xc080
INUM:      479 PC: 0x03ca
INUM:      480 PC: 0x03cc ADDR: 0x7f80 VALUE: 0x0000
INUM:      481 PC: 0x03ce
INUM:      482 PC: 0x03d0 ADDR: 0x7fbe VALUE: 0x0000
INUM:      483 PC: 0x03d2
INUM:      484 PC: 0x03d4 REG: 2 VALUE: 0xc080 ADDR: 0x7f82
INUM:      485 PC: 0x03d6
INUM:      486 PC: 0x03d8 REG: 4 VALUE: 0x0000 ADDR: 0x7f76
INUM:      487 PC: 0x03da
INUM:      488 PC: 0x03dc REG: 6 VALUE: 0x0000 ADDR: 0x7f78
INUM:      489 PC: 0x03de
INUM:      490 PC: 0x03e0 ADDR: 0x7fc2 VALUE: 0x0000
INUM:      491 PC: 0x03e2
INUM:      492 PC: 0x03e4 REG: 4 VALUE: 0x0000 ADDR: 0x7f90
INUM:      493 PC: 0x03e6
INUM:      494 PC: 0x03e8 REG: 3 VALUE: 0x0000 ADDR: 0x7f7e
INUM:      495 PC: 0x03ea
INUM:      496 PC: 0x03ec REG: 6 VALUE: 0xc080 ADDR: 0x7fbc
INUM:      497 PC: 0x03ee
INUM:      498 PC: 0x03f0 REG: 5 VALUE: 0x0000 ADDR: 0x7f7c
INUM:      499 PC: 0x03f2
INUM:      500 PC: 0x03f4 REG: 4 VALUE: 0x0000 ADDR: 0x7f74
INUM:      501 PC: 0x03f6
INUM:      502 PC: 0x03f8 ADDR: 0x7f7a VALUE: 0x0000
INUM:      503 PC: 0x03fa
INUM:      504 PC: 0x03fc ADDR: 0x7f7a VALUE: 0x0000
INUM:      505 PC: 0x03fe
INUM:      506 PC: 0x0400 ADDR: 0x7f72 VALUE: 0xc080
INUM:      507 PC: 0x0402
INUM:      508 PC: 0x0404 REG: 6 VALUE: 0xc080 ADDR: 0x7f82
INUM:      509 PC: 0x0406
INUM:      510 PC: 0x0408 REG: 0 VALUE: 0x7f76 ADDR: 0x7f76 VALUE: 0xc080
INUM:      511 PC: 0x040a
INUM:      512 PC: 0x040c ADDR: 0x7fce VALUE: 0x0000
INUM:      513 PC: 0x040e
INUM:      514 PC: 0x0410 REG: 0 VALUE: 0x7f74 ADDR: 0x7f74 VALUE: 0x0000
INUM:      515 PC: 0x0412
INUM:      516 PC: 0x0414 REG: 0 VALUE: 0x7f6a ADDR: 0x7f6a VALUE: 0xc080
INUM:      517 PC: 0x0416
INUM:      518 PC: 0x0418 REG: 0 VALUE: 0x7f6a ADDR: 0x7f6a VALUE: 0x0000
INUM:      519 PC: 0x041a
INUM:      520 PC: 0x041c REG: 4 VALUE: 0x0000 ADDR: 0x7f74
INUM:      521 PC: 0x041e
INUM:      522 PC: 0x0420 REG: 2 VALUE: 0x0000 ADDR: 0x7fb8
INUM:      523 PC: 0x0422
INUM:      524 PC: 0x0424 REG: 3 VALUE: 0x0000 ADDR: 0x7f5e
INUM:      525 PC: 0x0426
INUM:      526 PC: 0x0428 REG: 0 VALUE: 0x7f78 ADDR: 0x7f78 VALUE: 0x0000
INUM:      527 PC: 0x042a
INUM:      528 PC: 0x042c REG: 5 VALUE: 0xc080 ADDR: 0x7f72
INUM:      529 PC: 0x042e
INUM:      530 PC: 0x0430 REG: 1 VALUE: 0x7fc2 ADDR: 0x7fc2 VALUE: 0x0000
INUM:      531 PC: 0x0432
INUM:      532 PC: 0x0434 ADDR: 0x7f7e VALUE: 0x0000
INUM:      533 PC: 0x0436
INUM:      534 PC: 0x0438 REG: 5 VALUE: 0x0000 ADDR: 0x7f7a
INUM:      535 PC: 0x043a
INUM:      536 PC: 0x043c REG: 2 VALUE: 0x0000 ADDR: 0x7fb6
INUM:      537 PC: 0x043e
INUM:      538 PC: 0x0440 REG: 0 VALUE: 0x7f7a ADDR: 0x7f7a VALUE: 0x0000
INUM:      539 PC: 0x0442
INUM:      540 PC: 0x0444 ADDR: 0x7fc8 VALUE: 0xc080
INUM:      541 PC: 0x0446
INUM:      542 PC: 0x0448 REG: 3 VALUE: 0x0000 ADDR: 0x7fb4
INUM:      543 PC: 0x044a
INUM:      544 PC: 0x044c REG: 4 VALUE: 0x0000 ADDR: 0x7fc4
INUM:      545 PC: 0x044e
INUM:      546 PC: 0x0450 REG: 4 VALUE: 0xc080 ADDR: 0x7fc8
INUM:      547 PC: 0x0452
INUM:      548 PC: 0x0454 ADDR: 0x7f6c VALUE: 0x0000
INUM:      549 PC: 0x0456
INUM:      550 PC: 0x0458 REG: 1 VALUE: 0x7fc8 ADDR: 0x7fc8 VALUE: 0x0000
INUM:      551 PC: 0x045a
INUM:      552 PC: 0x045c REG: 1 VALUE: 0x7fc2 ADDR: 0x7fc2 VALUE: 0x0000
INUM:      553 PC: 0x045e
INUM:      554 PC: 0x0460 ADDR: 0x7f86 VALUE: 0x0000
INUM:      555 PC: 0x0462
INUM:      556 PC: 0x0464 REG: 3 VALUE: 0x0000 ADDR: 0x7fb4
INUM:      557 PC: 0x0466
INUM:      558 PC: 0x0468 REG: 1 VALUE: 0x7fba ADDR: 0x7fba VALUE: 0x0000
INUM:      559 PC: 0x046a ADDR: 0x7fb0 VALUE: 0x0000
INUM:      560 PC: 0x046c REG: 0 VALUE: 0x7f7a
INUM:      561 PC: 0x046e
INUM:      562 PC: 0x0470 REG: 3 VALUE: 0x8000 ADDR: 0x7f88
INUM:      563 PC: 0x0472
INUM:      564 PC: 0x0474 ADDR: 0x7f84 VALUE: 0x0000
INUM:      565 PC: 0x0476
INUM:      566 PC: 0x0478 REG: 5 VALUE: 0x0000 ADDR: 0x7f80
INUM:      567 PC: 0x047a
INUM:      568 PC: 0x047c REG: 1 VALUE: 0x7faa ADDR: 0x7faa VALUE: 0xc080
INUM:      569 PC: 0x047e
INUM:      570 PC: 0x0480 REG: 2 VALUE: 0x0000 ADDR: 0x7fa8
INUM:      571 PC: 0x0482
INUM:      572 PC: 0x0484 REG: 1 VALUE: 0x7fa4 ADDR: 0x7fa4 VALUE: 0xc080
INUM:      573 PC: 0x0486
INUM:      574 PC: 0x0488 REG: 0 VALUE: 0x7f84 ADDR: 0x7f84 VALUE: 0x0000
INUM:      575 PC: 0x048a
INUM:      576 PC: 0x048c REG: 4 VALUE: 0x0000 ADDR: 0x7f7e
INUM:      577 PC: 0x048e
INUM:      578 PC: 0x0490 ADDR: 0x7f94 VALUE: 0x0000
INUM:      579 PC: 0x0492
INUM:      580 PC: 0x0494 REG: 0 VALUE: 0x7f82 ADDR: 0x7f82 VALUE: 0x0000
INUM:      581 PC: 0x0496
INUM:      582 PC: 0x0498 REG: 6 VALUE: 0x0000 ADDR: 0x7f90
INUM:      583 PC: 0x049a
INUM:      584 PC: 0x049c ADDR: 0x7f82 VALUE: 0x0000
INUM:      585 PC: 0x049e
INUM:      586 PC: 0x04a0 ADDR: 0x7f98 VALUE: 0x0000
INUM:      587 PC: 0x04a2 ADDR: 0x7f96 VALUE: 0x0000
INUM:      588 PC: 0x04a4 REG: 0 VALUE: 0x7f8a
INUM:      589 PC: 0x04a6
INUM:      590 PC: 0x04a8 REG: 5 VALUE: 0x0000 ADDR: 0x7f7e
INUM:      591 PC: 0x04aa
INUM:      592 PC: 0x04ac REG: 4 VALUE: 0x0000 ADDR: 0x7fae
INUM:      593 PC: 0x04ae
INUM:      594 PC: 0x04b0 ADDR: 0x7f9e VALUE: 0x0000
INUM:      595 PC: 0x04b2
INUM:      596 PC: 0x04b4 REG: 2 VALUE: 0x0000 ADDR: 0x7fa8
INUM:      597 PC: 0x04b6
INUM:      598 PC: 0x04b8 REG: 5 VALUE: 0x0000 ADDR: 0x7f92
INUM:      599 PC: 0x04ba
INUM:      600 PC: 0x04bc ADDR: 0x7f94 VALUE: 0x8000
INUM:      601 PC: 0x04be
INUM:      602 PC: 0x04c0 REG: 3 VALUE: 0x0000 ADDR: 0x7f86
INUM:      603 PC: 0x04c2
INUM:      604 PC: 0x04c4 ADDR: 0x7fa2 VALUE: 0x0000
INUM:      605 PC: 0x04c6
INUM:      606 PC: 0x04c8 REG: 2 VALUE: 0x0000 ADDR: 0x7f96
INUM:      607 PC: 0x04ca
INUM:      608 PC: 0x04cc ADDR: 0x7fa8 VALUE: 0x0000
INUM:      609 PC: 0x04ce
INUM:      610 PC: 0x04d0 ADDR: 0x7fa6 VALUE: 0x0000
INUM:      611 PC: 0x04d2
INUM:      612 PC: 0x04d4 ADDR: 0x7fb2 VALUE: 0x0000
INUM:      613 PC: 0x04d6
INUM:      614 PC: 0x04d8 ADDR: 0x7fa2 VALUE: 0x0000
INUM:      615 PC: 0x04da
INUM:      616 PC: 0x04dc REG: 6 VALUE: 0x0000 ADDR: 0x7f9a
INUM:      617 PC: 0x04de
INUM:      618 PC: 0x04e0 REG: 6 VALUE: 0x0000 ADDR: 0x7fa6
INUM:      619 PC: 0x04e2
INUM:      620 PC: 0x04e4 ADDR: 0x7f94 VALUE: 0x0000
INUM:      621 PC: 0x04e6
INUM:      622 PC: 0x04e8 REG: 3 VALUE: 0x0000 ADDR: 0x7fac
INUM:      623 PC: 0x04ea
INUM:      624 PC: 0x04ec REG: 0 VALUE: 0x7f96 ADDR: 0x7f96 VALUE: 0x0000
INUM:      625 PC: 0x04ee
INUM:      626 PC: 0x04f0 REG: 1 VALUE: 0x7fac ADDR: 0x7fac VALUE: 0x0000
INUM:      627 PC: 0x04f2
INUM:      628 PC: 0x04f4 REG: 2 VALUE: 0x0000 ADDR: 0x7f96
INUM:      629 PC: 0x04f6
INUM:      630 PC: 0x04f8 ADDR: 0x7f8c VALUE: 0x0000
INUM:      631 PC: 0x04fa
INUM:      632 PC: 0x04fc REG: 0 VALUE: 0x7f86 ADDR: 0x7f86 VALUE: 0x0000
INUM:      633 PC: 0x04fe
INUM:      634 PC: 0x0500 ADDR: 0x7f7c VALUE: 0x0000
INUM:      635 PC: 0x0502
INUM:      636 PC: 0x0504 REG: 3 VALUE: 0x0000 ADDR: 0x7f94
INUM:      637 PC: 0x0506
INUM:      638 PC: 0x0508 REG: 6 VALUE: 0x0000 ADDR: 0x7fb0
INUM:      639 PC: 0x050a
INUM:      640 PC: 0x050c REG: 5 VALUE: 0x0000 ADDR: 0x7f8a
INUM:      641 PC: 0x050e
INUM:      642 PC: 0x0510 ADDR: 0x7f7e VALUE: 0x0000
INUM:      643 PC: 0x0512
INUM:      644 PC: 0x0514 REG: 2 VALUE: 0x0000 ADDR: 0x7f9e
INUM:      645 PC: 0x0516
INUM:      646 PC: 0x0518 REG: 3 VALUE: 0x0000 ADDR: 0x7f80
INUM:      647 PC: 0x051a
INUM:      648 PC: 0x051c ADDR: 0x7fa6 VALUE: 0x0000
INUM:      649 PC: 0x051e
INUM:      650 PC: 0x0520 ADDR: 0x7fb0 VALUE: 0x0000
INUM:      651 PC: 0x0522
INUM:      652 PC: 0x0524 REG: 2 VALUE: 0x0000 ADDR: 0x7f7a
INUM:      653 PC: 0x0526
INUM:      654 PC: 0x0528 REG: 0 VALUE: 0x7f94 ADDR: 0x7f94 VALUE: 0x0000
INUM:      655 PC: 0x052a
INUM:      656 PC: 0x052c REG: 4 VALUE: 0x0000 ADDR: 0x7f92
INUM:      657 PC: 0x052e
INUM:      658 PC: 0x0530 REG: 1 VALUE: 0x7f9c ADDR: 0x7f9c VALUE: 0x0000
INUM:      659 PC: 0x0532
INUM:      660 PC: 0x0534 REG: 1 VALUE: 0x7fa4 ADDR: 0x7fa4 VALUE: 0x0000
INUM:      661 PC: 0x0536
INUM:      662 PC: 0x0538 REG: 2 VALUE: 0x0000 ADDR: 0x7f84
INUM:      663 PC: 0x053a
INUM:      664 PC: 0x053c REG: 3 VALUE: 0x0000 ADDR: 0x7f8e
INUM:      665 PC: 0x053e
INUM:      666 PC: 0x0540 REG: 1 VALUE: 0x7fb0 ADDR: 0x7fb0 VALUE: 0x0000
INUM:      667 PC: 0x0542 ADDR: 0x7fb0 VALUE: 0x0000
INUM:      668 PC: 0x0544 REG: 7 VALUE: 0x0020
INUM:      669 PC: 0x0546
INUM:      670 PC: 0x0548 ADDR: 0x7f9a VALUE: 0x0000
INUM:      671 PC: 0x054a
INUM:      672 PC: 0x054c REG: 3 VALUE: 0x0000 ADDR: 0x7f84
INUM:      673 PC: 0x054e
INUM:      674 PC: 0x0550 REG: 4 VALUE: 0xc080 ADDR: 0x7fa0
INUM:      675 PC: 0x0552
INUM:      676 PC: 0x0554 REG: 4 VALUE: 0x0000 ADDR: 0x7fa2
INUM:      677 PC: 0x0556
INUM:      678 PC: 0x0558 REG: 3 VALUE: 0x0000 ADDR: 0x7f8a
INUM:      679 PC: 0x055a
INUM:      680 PC: 0x055c REG: 1 VALUE: 0x7fa0 ADDR: 0x7fa0 VALUE: 0x0000
INUM:      681 PC: 0x055e
INUM:      682 PC: 0x0560 REG: 0 VALUE: 0x7f8e ADDR: 0x7f8e VALUE: 0x0000
INUM:      683 PC: 0x0562
INUM:      684 PC: 0x0564 REG: 6 VALUE: 0x0000 ADDR: 0x7fae
INUM:      685 PC: 0x0566
INUM:      686 PC: 0x0568 REG: 6 VALUE: 0x0000 ADDR: 0x7f80
INUM:      687 PC: 0x056a ADDR: 0x7f7e VALUE: 0x0000
INUM:      688 PC: 0x056c REG: 1 VALUE: 0x7f9c
INUM:      689 PC: 0x056e
INUM:      690 PC: 0x0570 ADDR: 0x7f92 VALUE: 0x0000
INUM:      691 PC: 0x0572
INUM:      692 PC: 0x0574 REG: 2 VALUE: 0x0000 ADDR: 0x7f8c
INUM:      693 PC: 0x0576
INUM:      694 PC: 0x0578 ADDR: 0x7f94 VALUE: 0x0000
INUM:      695 PC: 0x057a
INUM:      696 PC: 0x057c REG: 2 VALUE: 0x0000 ADDR: 0x7f98
INUM:      697 PC: 0x057e
INUM:      698 PC: 0x0580 ADDR: 0x7f9a VALUE: 0x0000
INUM:      699 PC: 0x0582
INUM:      700 PC: 0x0584 ADDR: 0x7faa VALUE: 0x0000
INUM:      701 PC: 0x0586
INUM:      702 PC: 0x0588 REG: 3 VALUE: 0x0000 ADDR: 0x7f96
INUM:      703 PC: 0x058a
INUM:      704 PC: 0x058c REG: 3 VALUE: 0x0000 ADDR: 0x7f9a
INUM:      705 PC: 0x058e
INUM:      706 PC: 0x0590 ADDR: 0x7f98 VALUE: 0x0000
INUM:      707 PC: 0x0592
INUM:      708 PC: 0x0594 REG: 6 VALUE: 0x0000 ADDR: 0x7f96
INUM:      709 PC: 0x0596
INUM:      710 PC: 0x0598 REG: 1 VALUE: 0x7fa4 ADDR: 0x7fa4 VALUE: 0x0000
INUM:      711 PC: 0x059a
INUM:      712 PC: 0x059c REG: 0 VALUE: 0x7f96 ADDR: 0x7f96 VALUE: 0x0000
INUM:      713 PC: 0x059e
INUM:      714 PC: 0x05a0 REG: 5 VALUE: 0x0000 ADDR: 0x7fa6
INUM:      715 PC: 0x05a2
INUM:      716 PC: 0x05a4 REG: 6 VALUE: 0x0000 ADDR: 0x7f9a
INUM:      717 PC: 0x05a6
INUM:      718 PC: 0x05a8 REG: 1 VALUE: 0x7f9a ADDR: 0x7f9a VALUE: 0x0000
INUM:      719 PC: 0x05aa
INUM:      720 PC: 0x05ac REG: 4 VALUE: 0x0000 ADDR: 0x7fa0
INUM:      721 PC: 0x05ae
INUM:      722 PC: 0x05b0 ADDR: 0x7fa4 VALUE: 0x0000
INUM:      723 PC: 0x05b2
INUM:      724 PC: 0x05b4 REG: 3 VALUE: 0x0000 ADDR: 0x7f96
INUM:      725 PC: 0x05b6
INUM:      726 PC: 0x05b8 REG: 5 VALUE: 0x0000 ADDR: 0x7f9c
INUM:      727 PC: 0x05ba
INUM:      728 PC: 0x05bc REG: 2 VALUE: 0x0000 ADDR: 0x7f98
INUM:      729 PC: 0x05be
INUM:      730 PC: 0x05c0 REG: 5 VALUE: 0x0000 ADDR: 0x7f9e
INUM:      731 PC: 0x05c2
INUM:      732 PC: 0x05c4 REG: 5 VALUE: 0x0000 ADDR: 0x7fa8
INUM:      733 PC: 0x05c6
INUM:      734 PC: 0x05c8 REG: 6 VALUE: 0x0000 ADDR: 0x7fa2
INUM:      735 PC: 0x05ca
INUM:      736 PC: 0x05cc REG: 6 VALUE: 0x0000 ADDR: 0x7f9c
INUM:      737 PC: 0x05ce
INUM:      738 PC: 0x05d0 REG: 5 VALUE: 0x0000 ADDR: 0x7fa2
INUM:      739 PC: 0x05d2
INUM:      740 PC: 0x05d4 REG: 4 VALUE: 0x0000 ADDR: 0x7fa8
INUM:      741 PC: 0x05d6
INUM:      742 PC: 0x05d8 REG: 3 VALUE: 0x0000 ADDR: 0x7fa8
INUM:      743 PC: 0x05da
INUM:      744 PC: 0x05dc REG: 1 VALUE: 0x7fa4 ADDR: 0x7fa4 VALUE: 0x0000
INUM:      745 PC: 0x05de
INUM:      746 PC: 0x05e0 REG: 0 VALUE: 0x7f96 ADDR: 0x7f96 VALUE: 0x0000
INUM:      747 PC: 0x05e2
INUM:      748 PC: 0x05e4 REG: 4 VALUE: 0x0000 ADDR: 0x7f9e
INUM:      749 PC: 0x05e6
INUM:      750 PC: 0x05e8 REG: 0 VALUE: 0x7f90 ADDR: 0x7f90 VALUE: 0x0000
INUM:      751 PC: 0x05ea
INUM:      752 PC: 0x05ec REG: 5 VALUE: 0x0000 ADDR: 0x7f98
INUM:      753 PC: 0x05ee REG: 1 VALUE: 0x7fac ADDR: 0x7fac VALUE: 0x0000
INUM:      754 PC: 0x05f0 REG: 2 VALUE: 0x0000
INUM:      755 PC: 0x05f2 REG: 6 VALUE: 0x0000
INUM:      756 PC: 0x05f4
INUM:      757 PC: 0x05f6
INUM:      758 PC: 0x0600 REG: 0 VALUE: 0x7f90
INUM:      759 PC: 0x0602 ADDR: 0x7f90 VALUE: 0x0000
INUM:      760 PC: 0x0604 REG: 3 VALUE: 0x7f90
INUM:      761 PC: 0x0606 REG: 6 VALUE: 0x001c
INUM:      762 PC: 0x0608 REG: 6 VALUE: 0x0003
INUM:      763 PC: 0x060a
INUM:      764 PC: 0x060c REG: 1 VALUE: 0x7fac
INUM:      765 PC: 0x060e
INUM:      766 PC: 0x0610 REG: 1 VALUE: 0x7fba ADDR: 0x7fba VALUE: 0x7f90
INUM:      767 PC: 0x0612 ADDR: 0x7f9c VALUE: 0x0000
INUM:      768 PC: 0x0614 REG: 0 VALUE: 0x7f8e
INUM:      769 PC: 0x0616
INUM:      770 PC: 0x0618 REG: 1 VALUE: 0x7fb6 ADDR: 0x7fb6 VALUE: 0x0000
INUM:      771 PC: 0x061a
INUM:      772 PC: 0x061c REG: 6 VALUE: 0x0000 ADDR: 0x7f90
INUM:      773 PC: 0x061e
INUM:      774 PC: 0x0620 REG: 0 VALUE: 0x7f96 ADDR: 0x7f96 VALUE: 0x7f90
INUM:      775 PC: 0x0622
INUM:      776 PC: 0x0624 ADDR: 0x7fa4 VALUE: 0x0000
INUM:      777 PC: 0x0626
INUM:      778 PC: 0x0628 REG: 0 VALUE: 0x7fa4 ADDR: 0x7fa4 VALUE: 0x0000
INUM:      779 PC: 0x062a
INUM:      780 PC: 0x062c REG: 4 VALUE: 0x0000 ADDR: 0x7faa
INUM:      781 PC: 0x062e
INUM:      782 PC: 0x0630 REG: 2 VALUE: 0x0000 ADDR: 0x7fa8
INUM:      783 PC: 0x0632
INUM:      784 PC: 0x0634 REG: 2 VALUE: 0x0000 ADDR: 0x7fc4
INUM:      785 PC: 0x0636
INUM:      786 PC: 0x0638 REG: 0 VALUE: 0x7f94 ADDR: 0x7f94 VALUE: 0x0000
INUM:      787 PC: 0x063a
INUM:      788 PC: 0x063c REG: 3 VALUE: 0x0000 ADDR: 0x7f92
INUM:      789 PC: 0x063e
INUM:      790 PC: 0x0640 REG: 3 VALUE: 0x0000 ADDR: 0x7fc2
INUM:      791 PC: 0x0642
INUM:      792 PC: 0x0644 REG: 0 VALUE: 0x7f90 ADDR: 0x7f90 VALUE: 0x0000
INUM:      793 PC: 0x0646
INUM:      794 PC: 0x0648 REG: 1 VALUE: 0x7faa ADDR: 0x7faa VALUE: 0x0000
INUM:      795 PC: 0x064a
INUM:      796 PC: 0x064c ADDR: 0x7f9a VALUE: 0x0000
INUM:      797 PC: 0x064e
INUM:      798 PC: 0x0650 REG: 3 VALUE: 0x0000 ADDR: 0x7fb0
INUM:      799 PC: 0x0652
INUM:      800 PC: 0x0654 REG: 4 VALUE: 0x0000 ADDR: 0x7fb6
INUM:      801 PC: 0x0656
INUM:      802 PC: 0x0658 REG: 2 VALUE: 0x0000 ADDR: 0x7fb0
INUM:      803 PC: 0x065a
INUM:      804 PC: 0x065c REG: 1 VALUE: 0x7fb2 ADDR: 0x7fb2 VALUE: 0x0000
INUM:      805 PC: 0x065e
INUM:      806 PC: 0x0660 REG: 2 VALUE: 0x0000 ADDR: 0x7f86
INUM:      807 PC: 0x0662
INUM:      808 PC: 0x0664 ADDR: 0x7fa6 VALUE: 0x0000
INUM:      809 PC: 0x0666
INUM:      810 PC: 0x0668 REG: 5 VALUE: 0x0000 ADDR: 0x7fa2
INUM:      811 PC: 0x066a
INUM:      812 PC: 0x066c REG: 0 VALUE: 0x7f94 ADDR: 0x7f94 VALUE: 0x0000
INUM:      813 PC: 0x066e
INUM:      814 PC: 0x0670 ADDR: 0x7f8e VALUE: 0x0000
INUM:      815 PC: 0x0672
INUM:      816 PC: 0x0674 REG: 2 VALUE: 0x0000 ADDR: 0x7fa8
INUM:      817 PC: 0x0676
INUM:      818 PC: 0x0678 REG: 4 VALUE: 0x0000 ADDR: 0x7fa4
INUM:      819 PC: 0x067a
INUM:      820 PC: 0x067c REG: 3 VALUE: 0x0000 ADDR: 0x7fac
INUM:      821 PC: 0x067e
INUM:      822 PC: 0x0680 REG: 6 VALUE: 0x0000 ADDR: 0x7fb6
INUM:      823 PC: 0x0682
INUM:      824 PC: 0x0684 ADDR: 0x7fb8 VALUE: 0x0000
INUM:      825 PC: 0x0686
INUM:      826 PC: 0x0688 REG: 2 VALUE: 0x0000 ADDR: 0x7fa4
INUM:      827 PC: 0x068a
INUM:      828 PC: 0x068c REG: 3 VALUE: 0x0000 ADDR: 0x7f9a
INUM:      829 PC: 0x068e
INUM:      830 PC: 0x0690 REG: 0 VALUE: 0x7fa0 ADDR: 0x7fa0 VALUE: 0x0000
INUM:      831 PC: 0x0692
INUM:      832 PC: 0x0694 REG: 6 VALUE: 0x0000 ADDR: 0x7fa2
INUM:      833 PC: 0x0696
INUM:      834 PC: 0x0698 REG: 3 VALUE: 0x0000 ADDR: 0x7faa
INUM:      835 PC: 0x069a
INUM:      836 PC: 0x069c ADDR: 0x7fa6 VALUE: 0x0000
INUM:      837 PC: 0x069e
INUM:      838 PC: 0x06a0 REG: 3 VALUE: 0x0000 ADDR: 0x7f90
INUM:      839 PC: 0x06a2
INUM:      840 PC: 0x06a4 ADDR: 0x7fc0 VALUE: 0x0000
INUM:      841 PC: 0x06a6
INUM:      842 PC: 0x06a8 REG: 5 VALUE: 0x0000 ADDR: 0x7fbe
INUM:      843 PC: 0x06aa
INUM:      844 PC: 0x06ac REG: 6 VALUE: 0x0000 ADDR: 0x7faa
INUM:      845 PC: 0x06ae
INUM:      846 PC: 0x06b0 REG: 1 VALUE: 0x7fb2 ADDR: 0x7fb2 VALUE: 0x0000
INUM:      847 PC: 0x06b2
INUM:      848 PC: 0x06b4 REG: 1 VALUE: 0x7fb0 ADDR: 0x7fb0 VALUE: 0x0000
INUM:      849 PC: 0x06b6 REG: 4 VALUE: 0x0000 ADDR: 0x7fa8
INUM:      850 PC: 0x06b8 REG: 7 VALUE: 0x0000
INUM:      851 PC: 0x06ba
INUM:      852 PC: 0x06bc ADDR: 0x7fa2 VALUE: 0x0000
INUM:      853 PC: 0x06be
INUM:      854 PC: 0x06c0 REG: 2 VALUE: 0x0000 ADDR: 0x7fbe
INUM:      855 PC: 0x06c2
INUM:      856 PC: 0x06c4 REG: 3 VALUE: 0x0000 ADDR: 0x7fa2
INUM:      857 PC: 0x06c6
INUM:      858 PC: 0x06c8 ADDR: 0x7f96 VALUE: 0x0000
INUM:      859 PC: 0x06ca
INUM:      860 PC: 0x06cc REG: 4 VALUE: 0x0000 ADDR: 0x7f90
INUM:      861 PC: 0x06ce
INUM:      862 PC: 0x06d0 REG: 6 VALUE: 0x0000 ADDR: 0x7fb8
INUM:      863 PC: 0x06d2
INUM:      864 PC: 0x06d4 REG: 5 VALUE: 0x0000 ADDR: 0x7fac
INUM:      865 PC: 0x06d6
INUM:      866 PC: 0x06d8 REG: 5 VALUE: 0x0000 ADDR: 0x7f90
INUM:      867 PC: 0x06da
INUM:      868 PC: 0x06dc REG: 0 VALUE: 0x7f9e ADDR: 0x7f9e VALUE: 0x0000
INUM:      869 PC: 0x06de
INUM:      870 PC: 0x06e0 REG: 4 VALUE: 0x0000 ADDR: 0x7fac
INUM:      871 PC: 0x06e2
INUM:      872 PC: 0x06e4 ADDR: 0x7fb4 VALUE: 0x0000
INUM:      873 PC: 0x06e6
INUM:      874 PC: 0x06e8 REG: 0 VALUE: 0x7f9e ADDR: 0x7f9e VALUE: 0x0000
INUM:      875 PC: 0x06ea
INUM:      876 PC: 0x06ec REG: 4 VALUE: 0x0000 ADDR: 0x7fb6
INUM:      877 PC: 0x06ee
INUM:      878 PC: 0x06f0 REG: 0 VALUE: 0x7fa2 ADDR: 0x7fa2 VALUE: 0x0000
INUM:      879 PC: 0x06f2
INUM:      880 PC: 0x06f4 REG: 1 VALUE: 0x7fa6 ADDR: 0x7fa6 VALUE: 0x0000
INUM:      881 PC: 0x06f6
INUM:      882 PC: 0x06f8 REG: 5 VALUE: 0x0000 ADDR: 0x7fac
INUM:      883 PC: 0x06fa
INUM:      884 PC: 0x06fc REG: 0 VALUE: 0x7fa4 ADDR: 0x7fa4 VALUE: 0x0000
INUM:      885 PC: 0x06fe
INUM:      886 PC: 0x0700 ADDR: 0x7f98 VALUE: 0x0000
INUM:      887 PC: 0x0702
INUM:      888 PC: 0x0704 ADDR: 0x7fa2 VALUE: 0x0000
INUM:      889 PC: 0x0706
INUM:      890 PC: 0x0708 ADDR: 0x7fae VALUE: 0x0000
INUM:      891 PC: 0x070a REG: 0 VALUE: 0x7fb2 ADDR: 0x7fb2 VALUE: 0x0000
INUM:      892 PC: 0x070c REG: 4 VALUE: 0x0000
INUM:      893 PC: 0x070e
INUM:      894 PC: 0x0710 ADDR: 0x7fb2 VALUE: 0x0000
INUM:      895 PC: 0x0712
INUM:      896 PC: 0x0714 ADDR: 0x7fac VALUE: 0x0000
INUM:      897 PC: 0x0716 ADDR: 0x7fa6 VALUE: 0x0000
INUM:      898 PC: 0x0718 REG: 2 VALUE: 0x0007
INUM:      899 PC: 0x071a REG: 3 VALUE: 0x0000
INUM:      900 PC: 0x071c REG: 2 VALUE: 0x0000
INUM:      901 PC: 0x071e
INUM:      902 PC: 0x0720 REG: 7 VALUE: 0x0000
INUM:      903 PC: 0x0722 REG: 6 VALUE: 0x804e
INUM:      904 PC: 0x0724 REG: 3 VALUE: 0x0000
INUM:      905 PC: 0x0726 REG: 5 VALUE: 0x7fa6
INUM:      906 PC: 0x0728 REG: 2 VALUE: 0x0001
INUM:      907 PC: 0x072a REG: 3 VALUE: 0x7fa2
INUM:      908 PC: 0x072c REG: 3 VALUE: 0x0014
INUM:      909 PC: 0x072e REG: 6 VALUE: 0x0000
INUM:      910 PC: 0x0730 REG: 7 VALUE: 0x9fec
INUM:      911 PC: 0x0732 REG: 4 VALUE: 0x67fa
INUM:      912 PC: 0x0734 REG: 7 VALUE: 0x0080
INUM:      913 PC: 0x0736 REG: 3 VALUE: 0x7fa8
INUM:      914 PC: 0x0738 REG: 2 VALUE: 0x0200
INUM:      915 PC: 0x073a
INUM:      916 PC: 0x073c REG: 1 VALUE: 0x7fa6
INUM:      917 PC: 0x073e ADDR: 0x7fb0 VALUE: 0x7fa6
INUM:      918 PC: 0x0740 REG: 2 VALUE: 0x0000
INUM:      919 PC: 0x0742
INUM:      920 PC: 0x0744 REG: 4 VALUE: 0x0000
INUM:      921 PC: 0x0746
INUM:      922 PC: 0x0748 ADDR: 0x7fc0 VALUE: 0x0000
INUM:      923 PC: 0x074a
INUM:      924 PC: 0x074c ADDR: 0x7f9e VALUE: 0x7fa8
INUM:      925 PC: 0x074e
INUM:      926 PC: 0x0750 ADDR: 0x7f96 VALUE: 0x0000
INUM:      927 PC: 0x0752
INUM:      928 PC: 0x0754 REG: 2 VALUE: 0x0000 ADDR: 0x7fac
INUM:      929 PC: 0x0756
INUM:      930 PC: 0x0758 REG: 1 VALUE: 0x7fa6 ADDR: 0x7fa6 VALUE: 0x0000
INUM:      931 PC: 0x075a
INUM:      932 PC: 0x075c REG: 4 VALUE: 0x0000 ADDR: 0x7fae
INUM:      933 PC: 0x075e
INUM:      934 PC: 0x0760 ADDR: 0x7faa VALUE: 0x0000
INUM:      935 PC: 0x0762
INUM:      936 PC: 0x0764 REG: 1 VALUE: 0x7faa ADDR: 0x7faa VALUE: 0x7fa6
INUM:      937 PC: 0x0766
INUM:      938 PC: 0x0768 REG: 3 VALUE: 0x0000 ADDR: 0x7fb2
INUM:      939 PC: 0x076a
INUM:      940 PC: 0x076c REG: 1 VALUE: 0x7fa8 ADDR: 0x7fa8 VALUE: 0x0000
INUM:      941 PC: 0x076e
INUM:      942 PC: 0x0770 REG: 4 VALUE: 0x0000 ADDR: 0x7fb8
INUM:      943 PC: 0x0772
INUM:      944 PC: 0x0774 REG: 2 VALUE: 0xc080 ADDR: 0x7fbc
INUM:      945 PC: 0x0776
INUM:      946 PC: 0x0778 REG: 0 VALUE: 0x7fb2 ADDR: 0x7fb2 VALUE: 0xc080
INUM:      947 PC: 0x077a
INUM:      948 PC: 0x077c ADDR: 0x7fae VALUE: 0xc080
INUM:      949 PC: 0x077e
INUM:      950 PC: 0x0780 ADDR: 0x7fa2 VALUE: 0x0000
INUM:      951 PC: 0x0782
INUM:      952 PC: 0x0784 REG: 1 VALUE: 0x7f9e ADDR: 0x7f9e VALUE: 0x0000
INUM:      953 PC: 0x0786
INUM:      954 PC: 0x0788 ADDR: 0x7fa8 VALUE: 0x7fa6
INUM:      955 PC: 0x078a
INUM:      956 PC: 0x078c REG: 3 VALUE: 0x7fa6 ADDR: 0x7fa8
INUM:      957 PC: 0x078e
INUM:      958 PC: 0x0790 ADDR: 0x7fa2 VALUE: 0xc080
INUM:      959 PC: 0x0792
INUM:      960 PC: 0x0794 REG: 0 VALUE: 0x7fb2 ADDR: 0x7fb2 VALUE: 0x0000
INUM:      961 PC: 0x0796
INUM:      962 PC: 0x0798 REG: 1 VALUE: 0x7f98 ADDR: 0x7f98 VALUE: 0x7fa6
INUM:      963 PC: 0x079a REG: 1 VALUE: 0x7f8c ADDR: 0x7f8c VALUE: 0x0000
INUM:      964 PC: 0x079c REG: 3 VALUE: 0x0000
INUM:      965 PC: 0x079e
INUM:      966 PC: 0x07a0 REG: 6 VALUE: 0x0000 ADDR: 0x7f7c
INUM:      967 PC: 0x07a2
INUM:      968 PC: 0x07a4 ADDR: 0x7fa6 VALUE: 0x0000
INUM:      969 PC: 0x07a6
INUM:      970 PC: 0x07a8 ADDR: 0x7fa8 VALUE: 0x7fa6
INUM:      971 PC: 0x07aa
INUM:      972 PC: 0x07ac REG: 4 VALUE: 0x0000 ADDR: 0x7f9a
INUM:      973 PC: 0x07ae
INUM:      974 PC: 0x07b0 REG: 3 VALUE: 0x0000 ADDR: 0x7fb2
INUM:      975 PC: 0x07b2
INUM:      976 PC: 0x07b4 ADDR: 0x7f80 VALUE: 0x7fa6
INUM:      977 PC: 0x07b6
INUM:      978 PC: 0x07b8 ADDR: 0x7fb6 VALUE: 0x7fa6
INUM:      979 PC: 0x07ba
INUM:      980 PC: 0x07bc REG: 6 VALUE: 0x0000 ADDR: 0x7f8e
INUM:      981 PC: 0x07be
INUM:      982 PC: 0x07c0 REG: 3 VALUE: 0x0000 ADDR: 0x7fb2
INUM:      983 PC: 0x07c2
INUM:      984 PC: 0x07c4 REG: 2 VALUE: 0x0000 ADDR: 0x7fa6
INUM:      985 PC: 0x07c6
INUM:      986 PC: 0x07c8 REG: 4 VALUE: 0x0000 ADDR: 0x7fb2
INUM:      987 PC: 0x07ca
INUM:      988 PC: 0x07cc REG: 2 VALUE: 0x0000 ADDR: 0x7f9a
INUM:      989 PC: 0x07ce ADDR: 0x7f8a VALUE: 0x0000
INUM:      990 PC: 0x07d0 REG: 1 VALUE: 0x7f94
INUM:      991 PC: 0x07d2
INUM:      992 PC: 0x07d4 REG: 2 VALUE: 0x7fa6 ADDR: 0x7f98
INUM:      993 PC: 0x07d6
INUM:      994 PC: 0x07d8 REG: 6 VALUE: 0x0000 ADDR: 0x7f96
INUM:      995 PC: 0x07da
INUM:      996 PC: 0x07dc REG: 5 VALUE: 0x0000 ADDR: 0x7f94
INUM:      997 PC: 0x07de
INUM:      998 PC: 0x07e0 REG: 1 VALUE: 0x7f8c ADDR: 0x7f8c VALUE: 0x0000
INUM:      999 PC: 0x07e2
INUM:     1000 PC: 0x07e4 REG: 1 VALUE: 0x7f88 ADDR: 0x7f88 VALUE: 0x0000
INUM:     1001 PC: 0x07e6
INUM:     1002 PC: 0x07e8 REG: 6 VALUE: 0x0000 ADDR: 0x7f92
INUM:     1003 PC: 0x07ea
INUM:     1004 PC: 0x07ec ADDR: 0x7fbe VALUE: 0x0000
INUM:     1005 PC: 0x07ee
INUM:     1006 PC: 0x07f0 REG: 4 VALUE: 0x7fa6 ADDR: 0x7faa
INUM:     1007 PC: 0x07f2
INUM:     1008 PC: 0x07f4 REG: 6 VALUE: 0x0000 ADDR: 0x7f92
INUM:     1009 PC: 0x07f6 ADDR: 0x7f8e VALUE: 0x0000
INUM:     1010 PC: 0x07f8 REG: 6 VALUE: 0x0000
INUM:     1011 PC: 0x07fa REG: 2 VALUE: 0x0000
INUM:     1012 PC: 0x07fc
INUM:     1013 PC: 0x07fe
INUM:     1014 PC: 0x0820 REG: 2 VALUE: 0x7f88
INUM:     1015 PC: 0x0822 REG: 4 VALUE: 0x7f80
INUM:     1016 PC: 0x0824 REG: 3 VALUE: 0x000c
INUM:     1017 PC: 0x0826 REG: 2 VALUE: 0x0000
INUM:     1018 PC: 0x0828 REG: 3 VALUE: 0x0000
INUM:     1019 PC: 0x082a
INUM:     1020 PC: 0x082c REG: 4 VALUE: 0x7f80
INUM:     1021 PC: 0x082e REG: 4 VALUE: 0x7f80 ADDR: 0x7f80 VALUE: 0x0000
INUM:     1022 PC: 0x0830 REG: 4 VALUE: 0x0000
INUM:     1023 PC: 0x0832 REG: 3 VALUE: 0x0000
INUM:     1024 PC: 0x0834 REG: 5 VALUE: 0x0000
INUM:     1025 PC: 0x0836 REG: 6 VALUE: 0xc080 ADDR: 0x0000
INUM:     1026 PC: 0x0838 REG: 2 VALUE: 0x000a
INUM:     1027 PC: 0x083a REG: 5 VALUE: 0x001f
INUM:     1028 PC: 0x083c REG: 6 VALUE: 0xff8e
INUM:     1029 PC: 0x083e REG: 3 VALUE: 0x000d
INUM:     1030 PC: 0x0840 REG: 7 VALUE: 0x8008
INUM:     1031 PC: 0x0842 REG: 7 VALUE: 0x0080
INUM:     1032 PC: 0x0844 REG: 7 VALUE: 0x9fec
INUM:     1033 PC: 0x0846 REG: 4 VALUE: 0x7f69
INUM:     1034 PC: 0x0848 REG: 3 VALUE: 0x000c
INUM:     1035 PC: 0x084a
INUM:     1036 PC: 0x084c ADDR: 0x0016 VALUE: 0x000c
INUM:     1037 PC: 0x084e
INUM:     1038 PC: 0x0850 ADDR: 0x7f92 VALUE: 0x001f
INUM:     1039 PC: 0x0852
INUM:     1040 PC: 0x0854 REG: 0 VALUE: 0x7fba ADDR: 0x7fba VALUE: 0x000a
INUM:     1041 PC: 0x0856
INUM:     1042 PC: 0x0858 ADDR: 0x7f88 VALUE: 0x001f
INUM:     1043 PC: 0x085a
INUM:     1044 PC: 0x085c REG: 3 VALUE: 0x0000 ADDR: 0x7fb4
INUM:     1045 PC: 0x085e
INUM:     1046 PC: 0x0860 REG: 6 VALUE: 0x0000 ADDR: 0x7fc2
INUM:     1047 PC: 0x0862
INUM:     1048 PC: 0x0864 REG: 3 VALUE: 0x0000 ADDR: 0x7f7a
INUM:     1049 PC: 0x0866
INUM:     1050 PC: 0x0868 REG: 0 VALUE: 0x7fc4 ADDR: 0x7fc4 VALUE: 0x000a
INUM:     1051 PC: 0x086a
INUM:     1052 PC: 0x086c ADDR: 0x7fc8 VALUE: 0x000a
INUM:     1053 PC: 0x086e
INUM:     1054 PC: 0x0870 REG: 0 VALUE: 0x7fc8 ADDR: 0x7fc8 VALUE: 0x7f69
INUM:     1055 PC: 0x0872
INUM:     1056 PC: 0x0874 REG: 3 VALUE: 0x0000 ADDR: 0x7fbe
INUM:     1057 PC: 0x0876
INUM:     1058 PC: 0x0878 ADDR: 0x7fd4 VALUE: 0x0000
INUM:     1059 PC: 0x087a
INUM:     1060 PC: 0x087c REG: 6 VALUE: 0x0000 ADDR: 0x7f84
INUM:     1061 PC: 0x087e
INUM:     1062 PC: 0x0880 ADDR: 0x7fc4 VALUE: 0x7f69
INUM:     1063 PC: 0x0882
INUM:     1064 PC: 0x0884 REG: 6 VALUE: 0x0000 ADDR: 0x7f80
INUM:     1065 PC: 0x0886
INUM:     1066 PC: 0x0888 ADDR: 0x7f94 VALUE: 0x0000
INUM:     1067 PC: 0x088a
INUM:     1068 PC: 0x088c ADDR: 0x7fce VALUE: 0x001f
INUM:     1069 PC: 0x088e
INUM:     1070 PC: 0x0890 REG: 6 VALUE: 0x7f69 ADDR: 0x7fc8
INUM:     1071 PC: 0x0892
INUM:     1072 PC: 0x0894 REG: 5 VALUE: 0x7f69 ADDR: 0x7fc4
INUM:     1073 PC: 0x0896
INUM:     1074 PC: 0x0898 REG: 2 VALUE: 0x7f69 ADDR: 0x7fc8
INUM:     1075 PC: 0x089a
INUM:     1076 PC: 0x089c ADDR: 0x7fca VALUE: 0x7f69
INUM:     1077 PC: 0x089e
INUM:     1078 PC: 0x08a0 ADDR: 0x7f8e VALUE: 0x7f69
INUM:     1079 PC: 0x08a2
INUM:     1080 PC: 0x08a4 REG: 3 VALUE: 0x8000 ADDR: 0x7fd0
INUM:     1081 PC: 0x08a6
INUM:     1082 PC: 0x08a8 REG: 0 VALUE: 0x7fbc ADDR: 0x7fbc VALUE: 0x7f69
INUM:     1083 PC: 0x08aa
INUM:     1084 PC: 0x08ac REG: 5 VALUE: 0x000a ADDR: 0x7fba
INUM:     1085 PC: 0x08ae
INUM:     1086 PC: 0x08b0 REG: 1 VALUE: 0x7f96 ADDR: 0x7f96 VALUE: 0x000a
INUM:     1087 PC: 0x08b2
INUM:     1088 PC: 0x08b4 REG: 0 VALUE: 0x7fbc ADDR: 0x7fbc VALUE: 0x7f69
INUM:     1089 PC: 0x08b6
INUM:     1090 PC: 0x08b8 ADDR: 0x7fca VALUE: 0x7f69
INUM:     1091 PC: 0x08ba
INUM:     1092 PC: 0x08bc REG: 3 VALUE: 0x0000 ADDR: 0x7f94
INUM:     1093 PC: 0x08be
INUM:     1094 PC: 0x08c0 REG: 3 VALUE: 0xc080 ADDR: 0x7fae
INUM:     1095 PC: 0x08c2 ADDR: 0x7fae VALUE: 0x000a
INUM:     1096 PC: 0x08c4 REG: 2 VALUE: 0x0604
INUM:     1097 PC: 0x08c6
INUM:     1098 PC: 0x08c8 REG: 2 VALUE: 0x0000 ADDR: 0x7fa0
INUM:     1099 PC: 0x08ca
INUM:     1100 PC: 0x08cc ADDR: 0x7f9c VALUE: 0xc080
INUM:     1101 PC: 0x08ce
INUM:     1102 PC: 0x08d0 REG: 1 VALUE: 0x7f9c ADDR: 0x7f9c VALUE: 0x7f69
INUM:     1103 PC: 0x08d2
INUM:     1104 PC: 0x08d4 REG: 5 VALUE: 0x7fa6 ADDR: 0x7fb6
INUM:     1105 PC: 0x08d6
INUM:     1106 PC: 0x08d8 ADDR: 0x7f94 VALUE: 0xc080
INUM:     1107 PC: 0x08da
INUM:     1108 PC: 0x08dc REG: 2 VALUE: 0x7f69 ADDR: 0x7fca
INUM:     1109 PC: 0x08de
INUM:     1110 PC: 0x08e0 REG: 4 VALUE: 0x0000 ADDR: 0x7fb2
INUM:     1111 PC: 0x08e2
INUM:     1112 PC: 0x08e4 ADDR: 0x7f9a VALUE: 0x7f69
INUM:     1113 PC: 0x08e6
INUM:     1114 PC: 0x08e8 REG: 2 VALUE: 0x7f69 ADDR: 0x7fca
INUM:     1115 PC: 0x08ea
INUM:     1116 PC: 0x08ec ADDR: 0x7fba VALUE: 0x7f69
INUM:     1117 PC: 0x08ee
INUM:     1118 PC: 0x08f0 REG: 1 VALUE: 0x7f9c ADDR: 0x7f9c VALUE: 0xc080
INUM:     1119 PC: 0x08f2
INUM:     1120 PC: 0x08f4 REG: 3 VALUE: 0x0000 ADDR: 0x7f90
INUM:     1121 PC: 0x08f6
INUM:     1122 PC: 0x08f8 REG: 4 VALUE: 0x7fa6 ADDR: 0x7fb6
INUM:     1123 PC: 0x08fa
INUM:     1124 PC: 0x08fc REG: 3 VALUE: 0x7fa6 ADDR: 0x7fb6
INUM:     1125 PC: 0x08fe
INUM:     1126 PC: 0x0900 ADDR: 0x7f96 VALUE: 0x7fa6
INUM:     1127 PC: 0x0902
INUM:     1128 PC: 0x0904 REG: 0 VALUE: 0x7fca ADDR: 0x7fca VALUE: 0x7fa6
INUM:     1129 PC: 0x0906
INUM:     1130 PC: 0x0908 REG: 3 VALUE: 0xc080 ADDR: 0x7f94
INUM:     1131 PC: 0x090a
INUM:     1132 PC: 0x090c REG: 6 VALUE: 0x8000 ADDR: 0x7fd0
INUM:     1133 PC: 0x090e
INUM:     1134 PC: 0x0910 REG: 0 VALUE: 0x7fd6 ADDR: 0x7fd6 VALUE: 0x7fa6
INUM:     1135 PC: 0x0912
INUM:     1136 PC: 0x0914 REG: 5 VALUE: 0x001f ADDR: 0x7fce
INUM:     1137 PC: 0x0916
INUM:     1138 PC: 0x0918 ADDR: 0x7fcc VALUE: 0x7f69
INUM:     1139 PC: 0x091a
INUM:     1140 PC: 0x091c REG: 5 VALUE: 0x0000 ADDR: 0x7fd4
INUM:     1141 PC: 0x091e
INUM:     1142 PC: 0x0920 ADDR: 0x7f90 VALUE: 0x7fa6
INUM:     1143 PC: 0x0922
INUM:     1144 PC: 0x0924 REG: 5 VALUE: 0x001f ADDR: 0x7fce
INUM:     1145 PC: 0x0926
INUM:     1146 PC: 0x0928 REG: 5 VALUE: 0x7fa6 ADDR: 0x7f90
INUM:     1147 PC: 0x092a
INUM:     1148 PC: 0x092c ADDR: 0x7fe0 VALUE: 0x7f69
INUM:     1149 PC: 0x092e
INUM:     1150 PC: 0x0930 REG: 3 VALUE: 0x001f ADDR: 0x7fce
INUM:     1151 PC: 0x0932
INUM:     1152 PC: 0x0934 REG: 5 VALUE: 0x0000 ADDR: 0x7fc6
INUM:     1153 PC: 0x0936
INUM:     1154 PC: 0x0938 ADDR: 0x7fd4 VALUE: 0x7f69
INUM:     1155 PC: 0x093a
INUM:     1156 PC: 0x093c REG: 0 VALUE: 0x7fdc ADDR: 0x7fdc VALUE: 0x001f
INUM:     1157 PC: 0x093e
INUM:     1158 PC: 0x0940 REG: 1 VALUE: 0x7f8e ADDR: 0x7f8e VALUE: 0x7fa6
INUM:     1159 PC: 0x0942
INUM:     1160 PC: 0x0944 ADDR: 0x7fea VALUE: 0x8000
INUM:     1161 PC: 0x0946
INUM:     1162 PC: 0x0948 ADDR: 0x7fdc VALUE: 0x7f69
INUM:     1163 PC: 0x094a
INUM:     1164 PC: 0x094c ADDR: 0x7fe6 VALUE: 0x7fa6
INUM:     1165 PC: 0x094e
INUM:     1166 PC: 0x0950 ADDR: 0x7f84 VALUE: 0x8000
INUM:     1167 PC: 0x0952
INUM:     1168 PC: 0x0954 REG: 0 VALUE: 0x7fcc ADDR: 0x7fcc VALUE: 0x0000
INUM:     1169 PC: 0x0956
INUM:     1170 PC: 0x0958 ADDR: 0x7f8c VALUE: 0x0000
INUM:     1171 PC: 0x095a
INUM:     1172 PC: 0x095c REG: 2 VALUE: 0x0000 ADDR: 0x7fc0
INUM:     1173 PC: 0x095e
INUM:     1174 PC: 0x0960 REG: 1 VALUE: 0x7f8e ADDR: 0x7f8e VALUE: 0x7fa6
INUM:     1175 PC: 0x0962
INUM:     1176 PC: 0x0964 ADDR: 0x7f86 VALUE: 0x0000
INUM:     1177 PC: 0x0966
INUM:     1178 PC: 0x0968 REG: 4 VALUE: 0x001f ADDR: 0x7fce
INUM:     1179 PC: 0x096a
INUM:     1180 PC: 0x096c ADDR: 0x7fc0 VALUE: 0x0000
INUM:     1181 PC: 0x096e
INUM:     1182 PC: 0x0970 REG: 0 VALUE: 0x7fd8 ADDR: 0x7fd8 VALUE: 0x001f
INUM:     1183 PC: 0x0972
INUM:     1184 PC: 0x0974 REG: 2 VALUE: 0x7fa6 ADDR: 0x7fe6
INUM:     1185 PC: 0x0976
INUM:     1186 PC: 0x0978 REG: 1 VALUE: 0x7f84 ADDR: 0x7f84 VALUE: 0x001f
INUM:     1187 PC: 0x097a
INUM:     1188 PC: 0x097c ADDR: 0x7fde VALUE: 0x8000
INUM:     1189 PC: 0x097e
INUM:     1190 PC: 0x0980 REG: 3 VALUE: 0x0000 ADDR: 0x7fd2
INUM:     1191 PC: 0x0982
INUM:     1192 PC: 0x0984 REG: 6 VALUE: 0x7fa6 ADDR: 0x7f90
INUM:     1193 PC: 0x0986
INUM:     1194 PC: 0x0988 REG: 4 VALUE: 0x7fa6 ADDR: 0x7f8e
INUM:     1195 PC: 0x098a
INUM:     1196 PC: 0x098c REG: 5 VALUE: 0x8000 ADDR: 0x7fe4
INUM:     1197 PC: 0x098e
INUM:     1198 PC: 0x0990 REG: 4 VALUE: 0x0000 ADDR: 0x7f7a
INUM:     1199 PC: 0x0992
INUM:     1200 PC: 0x0994 ADDR: 0x7f78 VALUE: 0x0000
INUM:     1201 PC: 0x0996
INUM:     1202 PC: 0x0998 REG: 4 VALUE: 0x0000 ADDR: 0x7f7a
INUM:     1203 PC: 0x099a
INUM:     1204 PC: 0x099c REG: 0 VALUE: 0x7fca ADDR: 0x7fca VALUE: 0x7fa6
INUM:     1205 PC: 0x099e
INUM:     1206 PC: 0x09a0 REG: 3 VALUE: 0x0000 ADDR: 0x7fd2
INUM:     1207 PC: 0x09a2
INUM:     1208 PC: 0x09a4 REG: 4 VALUE: 0x7fa6 ADDR: 0x7fca
INUM:     1209 PC: 0x09a6
INUM:     1210 PC: 0x09a8 REG: 0 VALUE: 0x7fba ADDR: 0x7fba VALUE: 0x8000
INUM:     1211 PC: 0x09aa
INUM:     1212 PC: 0x09ac ADDR: 0x7f7c VALUE: 0x0000
INUM:     1213 PC: 0x09ae
INUM:     1214 PC: 0x09b0 ADDR: 0x7fba VALUE: 0x7fa6
INUM:     1215 PC: 0x09b2
INUM:     1216 PC: 0x09b4 REG: 0 VALUE: 0x7fc4 ADDR: 0x7fc4 VALUE: 0x7fa6
INUM:     1217 PC: 0x09b6
INUM:     1218 PC: 0x09b8 REG: 2 VALUE: 0x001f ADDR: 0x7f88
INUM:     1219 PC: 0x09ba
INUM:     1220 PC: 0x09bc REG: 4 VALUE: 0x7f69 ADDR: 0x7fc8
INUM:     1221 PC: 0x09be
INUM:     1222 PC: 0x09c0 ADDR: 0x7f8c VALUE: 0x0000
INUM:     1223 PC: 0x09c2 ADDR: 0x7fc4 VALUE: 0x7f69
INUM:     1224 PC: 0x09c4 REG: 5 VALUE: 0xfe11
INUM:     1225 PC: 0x09c6
INUM:     1226 PC: 0x09c8 REG: 0 VALUE: 0x7fbc ADDR: 0x7fbc VALUE: 0x0000
INUM:     1227 PC: 0x09ca
INUM:     1228 PC: 0x09cc REG: 4 VALUE: 0x0000 ADDR: 0x7f82
INUM:     1229 PC: 0x09ce
INUM:     1230 PC: 0x09d0 REG: 0 VALUE: 0x7fb2 ADDR: 0x7fb2 VALUE: 0x001f
INUM:     1231 PC: 0x09d2
INUM:     1232 PC: 0x09d4 REG: 1 VALUE: 0x7f7e ADDR: 0x7f7e VALUE: 0x7fa6
INUM:     1233 PC: 0x09d6
INUM:     1234 PC: 0x09d8 REG: 1 VALUE: 0x7f6e ADDR: 0x7f6e VALUE: 0xfe11
INUM:     1235 PC: 0x09da
INUM:     1236 PC: 0x09dc REG: 2 VALUE: 0x7fa6 ADDR: 0x7fb6
INUM:     1237 PC: 0x09de
INUM:     1238 PC: 0x09e0 REG: 0 VALUE: 0x7fba ADDR: 0x7fba VALUE: 0x0000
INUM:     1239 PC: 0x09e2
INUM:     1240 PC: 0x09e4 ADDR: 0x7fb4 VALUE: 0x0000
INUM:     1241 PC: 0x09e6
INUM:     1242 PC: 0x09e8 REG: 6 VALUE: 0x0000 ADDR: 0x7f5e
INUM:     1243 PC: 0x09ea REG: 4 VALUE: 0x0000 ADDR: 0x7f6a
INUM:     1244 PC: 0x09ec REG: 3 VALUE: 0x000b
INUM:     1245 PC: 0x09ee
INUM:     1246 PC: 0x09f0 ADDR: 0x7fbc VALUE: 0x0000
INUM:     1247 PC: 0x09f2
INUM:     1248 PC: 0x09f4 ADDR: 0x7fac VALUE: 0x7fa6
INUM:     1249 PC: 0x09f6
INUM:     1250 PC: 0x09f8 REG: 0 VALUE: 0x7fc2 ADDR: 0x7fc2 VALUE: 0xfe11
INUM:     1251 PC: 0x09fa
INUM:     1252 PC: 0x09fc REG: 6 VALUE: 0x0000 ADDR: 0x7fc6
INUM:     1253 PC: 0x09fe
INUM:     1254 PC: 0x0a00 REG: 5 VALUE: 0x001f ADDR: 0x7fce
INUM:     1255 PC: 0x0a02
INUM:     1256 PC: 0x0a04 ADDR: 0x7fd0 VALUE: 0x000b
INUM:     1257 PC: 0x0a06
INUM:     1258 PC: 0x0a08 REG: 3 VALUE: 0x0000 ADDR: 0x7fba
INUM:     1259 PC: 0x0a0a
INUM:     1260 PC: 0x0a0c REG: 6 VALUE: 0x0000 ADDR: 0x7f74
INUM:     1261 PC: 0x0a0e
INUM:     1262 PC: 0x0a10 REG: 1 VALUE: 0x7f6a ADDR: 0x7f6a VALUE: 0x7fa6
INUM:     1263 PC: 0x0a12
INUM:     1264 PC: 0x0a14 REG: 0 VALUE: 0x7fbe ADDR: 0x7fbe VALUE: 0x0000
INUM:     1265 PC: 0x0a16
INUM:     1266 PC: 0x0a18 REG: 4 VALUE: 0x001f ADDR: 0x7fb2
INUM:     1267 PC: 0x0a1a
INUM:     1268 PC: 0x0a1c REG: 4 VALUE: 0x0000 ADDR: 0x7f5a
INUM:     1269 PC: 0x0a1e
INUM:     1270 PC: 0x0a20 REG: 5 VALUE: 0xfe11 ADDR: 0x7fc2
INUM:     1271 PC: 0x0a22
INUM:     1272 PC: 0x0a24 REG: 5 VALUE: 0xfe11 ADDR: 0x7f6e
INUM:     1273 PC: 0x0a26
INUM:     1274 PC: 0x0a28 REG: 0 VALUE: 0x7fbe ADDR: 0x7fbe VALUE: 0xfe11
INUM:     1275 PC: 0x0a2a
INUM:     1276 PC: 0x0a2c REG: 6 VALUE: 0xfe11 ADDR: 0x7fc2
INUM:     1277 PC: 0x0a2e
INUM:     1278 PC: 0x0a30 ADDR: 0x7fcc VALUE: 0x0000
INUM:     1279 PC: 0x0a32
INUM:     1280 PC: 0x0a34 REG: 3 VALUE: 0x0000 ADDR: 0x7f60
INUM:     1281 PC: 0x0a36
INUM:     1282 PC: 0x0a38 REG: 5 VALUE: 0x7f69 ADDR: 0x7fc4
INUM:     1283 PC: 0x0a3a
INUM:     1284 PC: 0x0a3c REG: 2 VALUE: 0x7f69 ADDR: 0x7fc4
INUM:     1285 PC: 0x0a3e
INUM:     1286 PC: 0x0a40 REG: 4 VALUE: 0xfe11 ADDR: 0x7fbe
INUM:     1287 PC: 0x0a42
INUM:     1288 PC: 0x0a44 ADDR: 0x7f72 VALUE: 0x7f69
INUM:     1289 PC: 0x0a46
INUM:     1290 PC: 0x0a48 REG: 6 VALUE: 0xfe11 ADDR: 0x7fc2
INUM:     1291 PC: 0x0a4a
INUM:     1292 PC: 0x0a4c ADDR: 0x7fba VALUE: 0x0000
INUM:     1293 PC: 0x0a4e
INUM:     1294 PC: 0x0a50 REG: 4 VALUE: 0x0000 ADDR: 0x7fbc
INUM:     1295 PC: 0x0a52
INUM:     1296 PC: 0x0a54 ADDR: 0x7f62 VALUE: 0x7f69
INUM:     1297 PC: 0x0a56
INUM:     1298 PC: 0x0a58 REG: 6 VALUE: 0x0000 ADDR: 0x7fb4
INUM:     1299 PC: 0x0a5a
INUM:     1300 PC: 0x0a5c ADDR: 0x7f5a VALUE: 0x0000
INUM:     1301 PC: 0x0a5e
INUM:     1302 PC: 0x0a60 REG: 4 VALUE: 0x0000 ADDR: 0x7f68
INUM:     1303 PC: 0x0a62
INUM:     1304 PC: 0x0a64 REG: 4 VALUE: 0x0000 ADDR: 0x7f6c
INUM:     1305 PC: 0x0a66
INUM:     1306 PC: 0x0a68 REG: 0 VALUE: 0x7fbc ADDR: 0x7fbc VALUE: 0x0000
INUM:     1307 PC: 0x0a6a
INUM:     1308 PC: 0x0a6c ADDR: 0x7f5a VALUE: 0x7f69
INUM:     1309 PC: 0x0a6e
INUM:     1310 PC: 0x0a70 REG: 3 VALUE: 0x7f69 ADDR: 0x7f72
INUM:     1311 PC: 0x0a72
INUM:     1312 PC: 0x0a74 REG: 4 VALUE: 0x0000 ADDR: 0x7f78
INUM:     1313 PC: 0x0a76
INUM:     1314 PC: 0x0a78 ADDR: 0x7f62 VALUE: 0x7f69
INUM:     1315 PC: 0x0a7a
INUM:     1316 PC: 0x0a7c REG: 3 VALUE: 0x7f69 ADDR: 0x7f62
INUM:     1317 PC: 0x0a7e
INUM:     1318 PC: 0x0a80 REG: 4 VALUE: 0x7f69 ADDR: 0x7f62
INUM:     1319 PC: 0x0a82
INUM:     1320 PC: 0x0a84 REG: 1 VALUE: 0x7f5c ADDR: 0x7f5c VALUE: 0x7f69
INUM:     1321 PC: 0x0a86
INUM:     1322 PC: 0x0a88 REG: 1 VALUE: 0x7f5e ADDR: 0x7f5e VALUE: 0x0000
INUM:     1323 PC: 0x0a8a
INUM:     1324 PC: 0x0a8c REG: 4 VALUE: 0x0000 ADDR: 0x7f68
INUM:     1325 PC: 0x0a8e
INUM:     1326 PC: 0x0a90 REG: 1 VALUE: 0x7f52 ADDR: 0x7f52 VALUE: 0x7f69
INUM:     1327 PC: 0x0a92
INUM:     1328 PC: 0x0a94 REG: 0 VALUE: 0x7fc8 ADDR: 0x7fc8 VALUE: 0x0000
INUM:     1329 PC: 0x0a96
INUM:     1330 PC: 0x0a98 ADDR: 0x7f4a VALUE: 0x7f69
INUM:     1331 PC: 0x0a9a REG: 3 VALUE: 0x0000 ADDR: 0x7f46
INUM:     1332 PC: 0x0a9c REG: 2 VALUE: 0x0000
INUM:     1333 PC: 0x0a9e REG: 2 VALUE: 0x0000
INUM:     1334 PC: 0x0aa0
INUM:     1335 PC: 0x0aa2
INUM:     1336 PC: 0x0aa4 REG: 6 VALUE: 0xff20
INUM:     1337 PC: 0x0aa6 REG: 6 VALUE: 0x00a1
INUM:     1338 PC: 0x0aa8 REG: 6 VALUE: 0x00a0
INUM:     1339 PC: 0x0aaa ADDR: 0x00a8 VALUE: 0x0000
INUM:     1340 PC: 0x0aac REG: 3 VALUE: 0x0000
INUM:     1341 PC: 0x0aae REG: 4 VALUE: 0x0000
INUM:     1342 PC: 0x0ab0 REG: 6 VALUE: 0x7fc8
INUM:     1343 PC: 0x0ab2 REG: 2 VALUE: 0x9fea
INUM:     1344 PC: 0x0ab4 REG: 5 VALUE: 0xf900
INUM:     1345 PC: 0x0ab6 REG: 6 VALUE: 0x7fcd
INUM:     1346 PC: 0x0ab8 REG: 6 VALUE: 0xaa7f
INUM:     1347 PC: 0x0aba REG: 3 VALUE: 0x0008
INUM:     1348 PC: 0x0abc REG: 5 VALUE: 0x21ff
INUM:     1349 PC: 0x0abe REG: 4 VALUE: 0x7f5a
INUM:     1350 PC: 0x0ac0 REG: 7 VALUE: 0xff90
INUM:     1351 PC: 0x0ac2 REG: 5 VALUE: 0x0012
INUM:     1352 PC: 0x0ac4 REG: 6 VALUE: 0x2001
INUM:     1353 PC: 0x0ac6
INUM:     1354 PC: 0x0ac8 ADDR: 0x7fd0 VALUE: 0x7f5a
INUM:     1355 PC: 0x0aca
INUM:     1356 PC: 0x0acc REG: 6 VALUE: 0x0000 ADDR: 0x7f60
INUM:     1357 PC: 0x0ace
INUM:     1358 PC: 0x0ad0 REG: 5 VALUE: 0x7f69 ADDR: 0x7fd4
INUM:     1359 PC: 0x0ad2
INUM:     1360 PC: 0x0ad4 REG: 6 VALUE: 0x0000 ADDR: 0x7f4e
INUM:     1361 PC: 0x0ad6
INUM:     1362 PC: 0x0ad8 REG: 3 VALUE: 0x0000 ADDR: 0x7f5e
INUM:     1363 PC: 0x0ada
INUM:     1364 PC: 0x0adc ADDR: 0x7f5e VALUE: 0x9fea
INUM:     1365 PC: 0x0ade
INUM:     1366 PC: 0x0ae0 ADDR: 0x7f5a VALUE: 0x7f69
INUM:     1367 PC: 0x0ae2 REG: 0 VALUE: 0x7fce ADDR: 0x7fce VALUE: 0x0000
INUM:     1368 PC: 0x0ae4 REG: 4 VALUE: 0x7f5a
INUM:     1369 PC: 0x0ae6
INUM:     1370 PC: 0x0ae8 ADDR: 0x7f68 VALUE: 0x7f5a
INUM:     1371 PC: 0x0aea
INUM:     1372 PC: 0x0aec REG: 1 VALUE: 0x7f54 ADDR: 0x7f54 VALUE: 0x9fea
INUM:     1373 PC: 0x0aee
INUM:     1374 PC: 0x0af0 ADDR: 0x7fd4 VALUE: 0x9fea
INUM:     1375 PC: 0x0af2
INUM:     1376 PC: 0x0af4 REG: 3 VALUE: 0x0000 ADDR: 0x7f44
INUM:     1377 PC: 0x0af6
INUM:     1378 PC: 0x0af8 REG: 0 VALUE: 0x7fc0 ADDR: 0x7fc0 VALUE: 0x0000
INUM:     1379 PC: 0x0afa
INUM:     1380 PC: 0x0afc REG: 5 VALUE: 0xfe11 ADDR: 0x7fc2
INUM:     1381 PC: 0x0afe
INUM:     1382 PC: 0x0b00 REG: 5 VALUE: 0x0000 ADDR: 0x7fc0
INUM:     1383 PC: 0x0b02
INUM:     1384 PC: 0x0b04 REG: 3 VALUE: 0x0000 ADDR: 0x7fbc
INUM:     1385 PC: 0x0b06
INUM:     1386 PC: 0x0b08 ADDR: 0x7fcc VALUE: 0x0000
INUM:     1387 PC: 0x0b0a
INUM:     1388 PC: 0x0b0c ADDR: 0x7f5e VALUE: 0x0000
INUM:     1389 PC: 0x0b0e
INUM:     1390 PC: 0x0b10 REG: 1 VALUE: 0x7f54 ADDR: 0x7f54 VALUE: 0x0000
INUM:     1391 PC: 0x0b12
INUM:     1392 PC: 0x0b14 REG: 6 VALUE: 0x0000 ADDR: 0x7fc8
INUM:     1393 PC: 0x0b16
INUM:     1394 PC: 0x0b18 ADDR: 0x7fcc VALUE: 0x0000
INUM:     1395 PC: 0x0b1a
INUM:     1396 PC: 0x0b1c ADDR: 0x7f48 VALUE: 0x7f5a
INUM:     1397 PC: 0x0b1e
INUM:     1398 PC: 0x0b20 REG: 2 VALUE: 0xfe11 ADDR: 0x7fbe
INUM:     1399 PC: 0x0b22
INUM:     1400 PC: 0x0b24 REG: 5 VALUE: 0x7f69 ADDR: 0x7f52
INUM:     1401 PC: 0x0b26
INUM:     1402 PC: 0x0b28 REG: 6 VALUE: 0x0000 ADDR: 0x7fc8
INUM:     1403 PC: 0x0b2a
INUM:     1404 PC: 0x0b2c REG: 2 VALUE: 0x0000 ADDR: 0x7fcc
INUM:     1405 PC: 0x0b2e
INUM:     1406 PC: 0x0b30 REG: 1 VALUE: 0x7f48 ADDR: 0x7f48 VALUE: 0x0000
INUM:     1407 PC: 0x0b32
INUM:     1408 PC: 0x0b34 REG: 6 VALUE: 0x7f69 ADDR: 0x7f4a
INUM:     1409 PC: 0x0b36
INUM:     1410 PC: 0x0b38 ADDR: 0x7fb8 VALUE: 0x0000
INUM:     1411 PC: 0x0b3a
INUM:     1412 PC: 0x0b3c REG: 4 VALUE: 0x0000 ADDR: 0x7f54
INUM:     1413 PC: 0x0b3e
INUM:     1414 PC: 0x0b40 ADDR: 0x7f4a VALUE: 0x7f69
INUM:     1415 PC: 0x0b42
INUM:     1416 PC: 0x0b44 REG: 4 VALUE: 0xfe11 ADDR: 0x7fbe
INUM:     1417 PC: 0x0b46
INUM:     1418 PC: 0x0b48 ADDR: 0x7f42 VALUE: 0xfe11
INUM:     1419 PC: 0x0b4a
INUM:     1420 PC: 0x0b4c ADDR: 0x7f56 VALUE: 0x7f69
INUM:     1421 PC: 0x0b4e
INUM:     1422 PC: 0x0b50 REG: 1 VALUE: 0x7f4e ADDR: 0x7f4e VALUE: 0x0000
INUM:     1423 PC: 0x0b52
INUM:     1424 PC: 0x0b54 ADDR: 0x7f5a VALUE: 0x0000
INUM:     1425 PC: 0x0b56
INUM:     1426 PC: 0x0b58 ADDR: 0x7fb6 VALUE: 0x0000
INUM:     1427 PC: 0x0b5a
INUM:     1428 PC: 0x0b5c REG: 3 VALUE: 0x0000 ADDR: 0x7fc8
INUM:     1429 PC: 0x0b5e
INUM:     1430 PC: 0x0b60 REG: 4 VALUE: 0x7f69 ADDR: 0x7f5c
INUM:     1431 PC: 0x0b62
INUM:     1432 PC: 0x0b64 REG: 0 VALUE: 0x7fc4 ADDR: 0x7fc4 VALUE: 0x7f69
INUM:     1433 PC: 0x0b66
INUM:     1434 PC: 0x0b68 ADDR: 0x7f44 VALUE: 0x7f69
INUM:     1435 PC: 0x0b6a
INUM:     1436 PC: 0x0b6c ADDR: 0x7fc0 VALUE: 0x0000
INUM:     1437 PC: 0x0b6e
INUM:     1438 PC: 0x0b70 REG: 5 VALUE: 0x7f69 ADDR: 0x7f4a
INUM:     1439 PC: 0x0b72
INUM:     1440 PC: 0x0b74 REG: 0 VALUE: 0x7fc4 ADDR: 0x7fc4 VALUE: 0x7f69
INUM:     1441 PC: 0x0b76
INUM:     1442 PC: 0x0b78 ADDR: 0x7f54 VALUE: 0x7f69
INUM:     1443 PC: 0x0b7a
INUM:     1444 PC: 0x0b7c REG: 4 VALUE: 0x0000 ADDR: 0x7fd2
INUM:     1445 PC: 0x0b7e
INUM:     1446 PC: 0x0b80 REG: 6 VALUE: 0x7fa6 ADDR: 0x7fca
INUM:     1447 PC: 0x0b82
INUM:     1448 PC: 0x0b84 REG: 0 VALUE: 0x7fd2 ADDR: 0x7fd2 VALUE: 0x0000
INUM:     1449 PC: 0x0b86
INUM:     1450 PC: 0x0b88 REG: 1 VALUE: 0x7f40 ADDR: 0x7f40 VALUE: 0x0000
INUM:     1451 PC: 0x0b8a
INUM:     1452 PC: 0x0b8c REG: 6 VALUE: 0x9fea ADDR: 0x7fd4
INUM:     1453 PC: 0x0b8e
INUM:     1454 PC: 0x0b90 ADDR: 0x7fd2 VALUE: 0x0000
INUM:     1455 PC: 0x0b92
INUM:     1456 PC: 0x0b94 REG: 6 VALUE: 0x0000 ADDR: 0x7f40
INUM:     1457 PC: 0x0b96
INUM:     1458 PC: 0x0b98 REG: 0 VALUE: 0x7fd8 ADDR: 0x7fd8 VALUE: 0x0000
INUM:     1459 PC: 0x0b9a
INUM:     1460 PC: 0x0b9c ADDR: 0x7f32 VALUE: 0x0000
INUM:     1461 PC: 0x0b9e
INUM:     1462 PC: 0x0ba0 REG: 3 VALUE: 0x0000 ADDR: 0x7f3c
INUM:     1463 PC: 0x0ba2
INUM:     1464 PC: 0x0ba4 REG: 0 VALUE: 0x7fe6 ADDR: 0x7fe6 VALUE: 0x0000
INUM:     1465 PC: 0x0ba6
INUM:     1466 PC: 0x0ba8 REG: 0 VALUE: 0x7fe8 ADDR: 0x7fe8 VALUE: 0x7f69
INUM:     1467 PC: 0x0baa
INUM:     1468 PC: 0x0bac ADDR: 0x7f44 VALUE: 0x0000
INUM:     1469 PC: 0x0bae
INUM:     1470 PC: 0x0bb0 REG: 3 VALUE: 0x8000 ADDR: 0x7fe4
INUM:     1471 PC: 0x0bb2
INUM:     1472 PC: 0x0bb4 REG: 6 VALUE: 0x0000 ADDR: 0x7f36
INUM:     1473 PC: 0x0bb6
INUM:     1474 PC: 0x0bb8 REG: 6 VALUE: 0x0000 ADDR: 0x7f40
INUM:     1475 PC: 0x0bba
INUM:     1476 PC: 0x0bbc REG: 4 VALUE: 0x0000 ADDR: 0x7ff6
INUM:     1477 PC: 0x0bbe
INUM:     1478 PC: 0x0bc0 REG: 2 VALUE: 0x8000 ADDR: 0x7fe4
INUM:     1479 PC: 0x0bc2
INUM:     1480 PC: 0x0bc4 REG: 1 VALUE: 0x7f34 ADDR: 0x7f34 VALUE: 0x0000
INUM:     1481 PC: 0x0bc6
INUM:     1482 PC: 0x0bc8 REG: 5 VALUE: 0x0001 ADDR: 0x7fda
INUM:     1483 PC: 0x0bca
INUM:     1484 PC: 0x0bcc REG: 4 VALUE: 0x0000 ADDR: 0x7f30
INUM:     1485 PC: 0x0bce
INUM:     1486 PC: 0x0bd0 ADDR: 0x7f24 VALUE: 0x0001
INUM:     1487 PC: 0x0bd2
INUM:     1488 PC: 0x0bd4 REG: 5 VALUE: 0x0000 ADDR: 0x7f3a
INUM:     1489 PC: 0x0bd6
INUM:     1490 PC: 0x0bd8 REG: 2 VALUE: 0x0000 ADDR: 0x7f2a
INUM:     1491 PC: 0x0bda
INUM:     1492 PC: 0x0bdc REG: 3 VALUE: 0x7f69 ADDR: 0x7fe8
INUM:     1493 PC: 0x0bde
INUM:     1494 PC: 0x0be0 REG: 0 VALUE: 0x7fe8 ADDR: 0x7fe8 VALUE: 0x0000
INUM:     1495 PC: 0x0be2
INUM:     1496 PC: 0x0be4 REG: 1 VALUE: 0x7f2c ADDR: 0x7f2c VALUE: 0x0000
INUM:     1497 PC: 0x0be6
INUM:     1498 PC: 0x0be8 REG: 5 VALUE: 0x0000 ADDR: 0x7f20
INUM:     1499 PC: 0x0bea
INUM:     1500 PC: 0x0bec REG: 5 VALUE: 0x7f69 ADDR: 0x7fe0
INUM:     1501 PC: 0x0bee
INUM:     1502 PC: 0x0bf0 ADDR: 0x7fe2 VALUE: 0x0000
INUM:     1503 PC: 0x0bf2
INUM:     1504 PC: 0x0bf4 REG: 5 VALUE: 0x0000 ADDR: 0x7ff4
INUM:     1505 PC: 0x0bf6 REG: 0 VALUE: 0x7fdc ADDR: 0x7fdc VALUE: 0x7f69
INUM:     1506 PC: 0x0bf8 REG: 6 VALUE: 0x0000
INUM:     1507 PC: 0x0bfa REG: 3 VALUE: 0x0000
INUM:     1508 PC: 0x0bfc
INUM:     1509 PC: 0x0bfe
INUM:     1510 PC: 0x0c08 REG: 6 VALUE: 0xff90
INUM:     1511 PC: 0x0c0a REG: 7 VALUE: 0x0001
INUM:     1512 PC: 0x0c0c REG: 7 VALUE: 0x7fdd
INUM:     1513 PC: 0x0c0e
INUM:     1514 PC: 0x0c10 REG: 7 VALUE: 0x0000
INUM:     1515 PC: 0x0c12
INUM:     1516 PC: 0x0c14 REG: 5 VALUE: 0x7fa6 ADDR: 0x7fd6
INUM:     1517 PC: 0x0c16
INUM:     1518 PC: 0x0c18 REG: 0 VALUE: 0x7fcc ADDR: 0x7fcc VALUE: 0x0000
INUM:     1519 PC: 0x0c1a
INUM:     1520 PC: 0x0c1c REG: 2 VALUE: 0x0000 ADDR: 0x7f34
INUM:     1521 PC: 0x0c1e
INUM:     1522 PC: 0x0c20 REG: 5 VALUE: 0x0000 ADDR: 0x7fbc
INUM:     1523 PC: 0x0c22
INUM:     1524 PC: 0x0c24 ADDR: 0x7f2c VALUE: 0x0000
INUM:     1525 PC: 0x0c26
INUM:     1526 PC: 0x0c28 ADDR: 0x7fbe VALUE: 0x0000
INUM:     1527 PC: 0x0c2a
INUM:     1528 PC: 0x0c2c REG: 4 VALUE: 0x0000 ADDR: 0x7f2c
INUM:     1529 PC: 0x0c2e
INUM:     1530 PC: 0x0c30 REG: 6 VALUE: 0xfe11 ADDR: 0x7fc2
INUM:     1531 PC: 0x0c32
INUM:     1532 PC: 0x0c34 ADDR: 0x7fbe VALUE: 0x0000
INUM:     1533 PC: 0x0c36
INUM:     1534 PC: 0x0c38 REG: 6 VALUE: 0x7f5a ADDR: 0x7fd0
INUM:     1535 PC: 0x0c3a
INUM:     1536 PC: 0x0c3c REG: 2 VALUE: 0x0000 ADDR: 0x7f38
INUM:     1537 PC: 0x0c3e
INUM:     1538 PC: 0x0c40 REG: 0 VALUE: 0x7fd0 ADDR: 0x7fd0 VALUE: 0x0000
INUM:     1539 PC: 0x0c42
INUM:     1540 PC: 0x0c44 REG: 3 VALUE: 0x0000 ADDR: 0x7f2a
INUM:     1541 PC: 0x0c46
INUM:     1542 PC: 0x0c48 REG: 5 VALUE: 0x8000 ADDR: 0x7fde
INUM:     1543 PC: 0x0c4a
INUM:     1544 PC: 0x0c4c REG: 0 VALUE: 0x7fda ADDR: 0x7fda VALUE: 0x0000
INUM:     1545 PC: 0x0c4e
INUM:     1546 PC: 0x0c50 REG: 6 VALUE: 0x0000 ADDR: 0x7fda
INUM:     1547 PC: 0x0c52
INUM:     1548 PC: 0x0c54 REG: 6 VALUE: 0x0000 ADDR: 0x7f32
INUM:     1549 PC: 0x0c56
INUM:     1550 PC: 0x0c58 REG: 0 VALUE: 0x7fe2 ADDR: 0x7fe2 VALUE: 0x8000
INUM:     1551 PC: 0x0c5a
INUM:     1552 PC: 0x0c5c ADDR: 0x7f22 VALUE: 0x0000
INUM:     1553 PC: 0x0c5e REG: 6 VALUE: 0x0001 ADDR: 0x7f24
INUM:     1554 PC: 0x0c60 REG: 0 VALUE: 0x7fee
INUM:     1555 PC: 0x0c62
INUM:     1556 PC: 0x0c64 REG: 6 VALUE: 0x8000 ADDR: 0x7fe4
INUM:     1557 PC: 0x0c66
INUM:     1558 PC: 0x0c68 REG: 4 VALUE: 0x0000 ADDR: 0x7f2e
INUM:     1559 PC: 0x0c6a
INUM:     1560 PC: 0x0c6c REG: 5 VALUE: 0x0000 ADDR: 0x7f34
INUM:     1561 PC: 0x0c6e
INUM:     1562 PC: 0x0c70 REG: 5 VALUE: 0x0000 ADDR: 0x7f2c
INUM:     1563 PC: 0x0c72
INUM:     1564 PC: 0x0c74 ADDR: 0x7f24 VALUE: 0x8000
INUM:     1565 PC: 0x0c76
INUM:     1566 PC: 0x0c78 REG: 2 VALUE: 0x0000 ADDR: 0x7f38
INUM:     1567 PC: 0x0c7a
INUM:     1568 PC: 0x0c7c REG: 3 VALUE: 0x0000 ADDR: 0x7f26
INUM:     1569 PC: 0x0c7e
INUM:     1570 PC: 0x0c80 REG: 1 VALUE: 0x7f2c ADDR: 0x7f2c VALUE: 0x8000
INUM:     1571 PC: 0x0c82
INUM:     1572 PC: 0x0c84 ADDR: 0x7fe2 VALUE: 0x8000
INUM:     1573 PC: 0x0c86
INUM:     1574 PC: 0x0c88 REG: 0 VALUE: 0x7ffc ADDR: 0x7ffc VALUE: 0x0000
INUM:     1575 PC: 0x0c8a
INUM:     1576 PC: 0x0c8c REG: 0 VALUE: 0x800a ADDR: 0x800a VALUE: 0x8000
INUM:     1577 PC: 0x0c8e
INUM:     1578 PC: 0x0c90 REG: 3 VALUE: 0x0000 ADDR: 0x7f1e
INUM:     1579 PC: 0x0c92
INUM:     1580 PC: 0x0c94 REG: 1 VALUE: 0x7f2e ADDR: 0x7f2e VALUE: 0x0000
INUM:     1581 PC: 0x0c96
INUM:     1582 PC: 0x0c98 REG: 5 VALUE: 0x0000 ADDR: 0x7f22
INUM:     1583 PC: 0x0c9a
INUM:     1584 PC: 0x0c9c ADDR: 0x7f32 VALUE: 0x0000
INUM:     1585 PC: 0x0c9e
INUM:     1586 PC: 0x0ca0 ADDR: 0x8000 VALUE: 0x0000
INUM:     1587 PC: 0x0ca2
INUM:     1588 PC: 0x0ca4 ADDR: 0x8002 VALUE: 0x0000
INUM:     1589 PC: 0x0ca6
INUM:     1590 PC: 0x0ca8 REG: 2 VALUE: 0xc080 ADDR: 0x8010
INUM:     1591 PC: 0x0caa REG: 6 VALUE: 0x0000 ADDR: 0x7f2a
INUM:     1592 PC: 0x0cac REG: 7 VALUE: 0x0000
INUM:     1593 PC: 0x0cae REG: 6 VALUE: 0x0000
INUM:     1594 PC: 0x0cb0
INUM:     1595 PC: 0x0cb2
INUM:     1596 PC: 0x0cb4 REG: 5 VALUE: 0x0005
INUM:     1597 PC: 0x0cb6 REG: 5 VALUE: 0x0001
INUM:     1598 PC: 0x0cb8 REG: 7 VALUE: 0xcb9f
INUM:     1599 PC: 0x0cba
INUM:     1600 PC: 0x0cbc REG: 3 VALUE: 0x0000
INUM:     1601 PC: 0x0cbe ADDR: 0x0008 VALUE: 0xc080
INUM:     1602 PC: 0x0cc0 REG: 3 VALUE: 0x0007
INUM:     1603 PC: 0x0cc2 REG: 7 VALUE: 0xa002
INUM:     1604 PC: 0x0cc4 REG: 5 VALUE: 0x0000
INUM:     1605 PC: 0x0cc6 REG: 5 VALUE: 0x000a ADDR: 0x000a VALUE: 0x0000
INUM:     1606 PC: 0x0cc8 REG: 5 VALUE: 0x0030
INUM:     1607 PC: 0x0cca
INUM:     1608 PC: 0x0ccc ADDR: 0x8002 VALUE: 0x0000
INUM:     1609 PC: 0x0cce
INUM:     1610 PC: 0x0cd0 REG: 3 VALUE: 0x0000 ADDR: 0x8018
INUM:     1611 PC: 0x0cd2
INUM:     1612 PC: 0x0cd4 REG: 4 VALUE: 0x0000 ADDR: 0x7f2a
INUM:     1613 PC: 0x0cd6
INUM:     1614 PC: 0x0cd8 REG: 0 VALUE: 0x7ffc ADDR: 0x7ffc VALUE: 0x0030
INUM:     1615 PC: 0x0cda
INUM:     1616 PC: 0x0cdc REG: 6 VALUE: 0x0000 ADDR: 0x7ff4
INUM:     1617 PC: 0x0cde
INUM:     1618 PC: 0x0ce0 REG: 3 VALUE: 0x8000 ADDR: 0x800a
INUM:     1619 PC: 0x0ce2
INUM:     1620 PC: 0x0ce4 ADDR: 0x7ffa VALUE: 0xc080
INUM:     1621 PC: 0x0ce6
INUM:     1622 PC: 0x0ce8 REG: 4 VALUE: 0x0000 ADDR: 0x7f1e
INUM:     1623 PC: 0x0cea
INUM:     1624 PC: 0x0cec ADDR: 0x7ffe VALUE: 0x0000
INUM:     1625 PC: 0x0cee
INUM:     1626 PC: 0x0cf0 ADDR: 0x7fec VALUE: 0xc080
INUM:     1627 PC: 0x0cf2
INUM:     1628 PC: 0x0cf4 REG: 0 VALUE: 0x7ffa ADDR: 0x7ffa VALUE: 0xc080
INUM:     1629 PC: 0x0cf6
INUM:     1630 PC: 0x0cf8 REG: 0 VALUE: 0x8002 ADDR: 0x8002 VALUE: 0x0000
INUM:     1631 PC: 0x0cfa
INUM:     1632 PC: 0x0cfc REG: 4 VALUE: 0x0000 ADDR: 0x8006
INUM:     1633 PC: 0x0cfe
INUM:     1634 PC: 0x0d00 REG: 1 VALUE: 0x7f2a ADDR: 0x7f2a VALUE: 0x0000
INUM:     1635 PC: 0x0d02
INUM:     1636 PC: 0x0d04 REG: 4 VALUE: 0x0000 ADDR: 0x7f34
INUM:     1637 PC: 0x0d06
INUM:     1638 PC: 0x0d08 ADDR: 0x7f2c VALUE: 0xc080
INUM:     1639 PC: 0x0d0a
INUM:     1640 PC: 0x0d0c REG: 0 VALUE: 0x7ff2 ADDR: 0x7ff2 VALUE: 0x8000
INUM:     1641 PC: 0x0d0e
INUM:     1642 PC: 0x0d10 ADDR: 0x7f2a VALUE: 0xc080
INUM:     1643 PC: 0x0d12
INUM:     1644 PC: 0x0d14 REG: 5 VALUE: 0x8000 ADDR: 0x7fe4
INUM:     1645 PC: 0x0d16
INUM:     1646 PC: 0x0d18 ADDR: 0x7f34 VALUE: 0xc080
INUM:     1647 PC: 0x0d1a
INUM:     1648 PC: 0x0d1c REG: 6 VALUE: 0xc080 ADDR: 0x7f34
INUM:     1649 PC: 0x0d1e
INUM:     1650 PC: 0x0d20 REG: 3 VALUE: 0x0000 ADDR: 0x7f28
INUM:     1651 PC: 0x0d22
INUM:     1652 PC: 0x0d24 REG: 5 VALUE: 0x0000 ADDR: 0x7f36
INUM:     1653 PC: 0x0d26
INUM:     1654 PC: 0x0d28 REG: 0 VALUE: 0x7fe2 ADDR: 0x7fe2 VALUE: 0x0000
INUM:     1655 PC: 0x0d2a
INUM:     1656 PC: 0x0d2c REG: 4 VALUE: 0x0000 ADDR: 0x7fe8
INUM:     1657 PC: 0x0d2e
INUM:     1658 PC: 0x0d30 REG: 3 VALUE: 0x8000 ADDR: 0x7fde
INUM:     1659 PC: 0x0d32
INUM:     1660 PC: 0x0d34 ADDR: 0x7fe6 VALUE: 0xc080
INUM:     1661 PC: 0x0d36
INUM:     1662 PC: 0x0d38 REG: 6 VALUE: 0x0000 ADDR: 0x7f1a
INUM:     1663 PC: 0x0d3a
INUM:     1664 PC: 0x0d3c REG: 0 VALUE: 0x7fec ADDR: 0x7fec VALUE: 0x8000
INUM:     1665 PC: 0x0d3e
INUM:     1666 PC: 0x0d40 REG: 3 VALUE: 0x7f69 ADDR: 0x7fe0
INUM:     1667 PC: 0x0d42
INUM:     1668 PC: 0x0d44 REG: 1 VALUE: 0x7f36 ADDR: 0x7f36 VALUE: 0x7f69
INUM:     1669 PC: 0x0d46
INUM:     1670 PC: 0x0d48 REG: 0 VALUE: 0x7fdc ADDR: 0x7fdc VALUE: 0x7f69
INUM:     1671 PC: 0x0d4a
INUM:     1672 PC: 0x0d4c ADDR: 0x7fd2 VALUE: 0xc080
INUM:     1673 PC: 0x0d4e
INUM:     1674 PC: 0x0d50 REG: 1 VALUE: 0x7f3a ADDR: 0x7f3a VALUE: 0x0000
INUM:     1675 PC: 0x0d52
INUM:     1676 PC: 0x0d54 REG: 2 VALUE: 0x7f69 ADDR: 0x7fdc
INUM:     1677 PC: 0x0d56
INUM:     1678 PC: 0x0d58 REG: 0 VALUE: 0x7fe8 ADDR: 0x7fe8 VALUE: 0x0000
INUM:     1679 PC: 0x0d5a
INUM:     1680 PC: 0x0d5c REG: 1 VALUE: 0x7f36 ADDR: 0x7f36 VALUE: 0x7f69
INUM:     1681 PC: 0x0d5e
INUM:     1682 PC: 0x0d60 REG: 2 VALUE: 0x0000 ADDR: 0x7f28
INUM:     1683 PC: 0x0d62
INUM:     1684 PC: 0x0d64 REG: 4 VALUE: 0x7f69 ADDR: 0x7fe0
INUM:     1685 PC: 0x0d66
INUM:     1686 PC: 0x0d68 REG: 0 VALUE: 0x7fe4 ADDR: 0x7fe4 VALUE: 0x0000
INUM:     1687 PC: 0x0d6a
INUM:     1688 PC: 0x0d6c REG: 5 VALUE: 0xc080 ADDR: 0x7fe6
INUM:     1689 PC: 0x0d6e
INUM:     1690 PC: 0x0d70 REG: 5 VALUE: 0x0000 ADDR: 0x7fee
INUM:     1691 PC: 0x0d72
INUM:     1692 PC: 0x0d74 REG: 2 VALUE: 0x0000 ADDR: 0x7f2e
INUM:     1693 PC: 0x0d76
INUM:     1694 PC: 0x0d78 REG: 4 VALUE: 0x8000 ADDR: 0x7fde
INUM:     1695 PC: 0x0d7a ADDR: 0x7fd8 VALUE: 0x0000
INUM:     1696 PC: 0x0d7c REG: 4 VALUE: 0x000c
INUM:     1697 PC: 0x0d7e
INUM:     1698 PC: 0x0d80 REG: 4 VALUE: 0x7f69 ADDR: 0x7fdc
INUM:     1699 PC: 0x0d82
INUM:     1700 PC: 0x0d84 ADDR: 0x7fe4 VALUE: 0x0000
INUM:     1701 PC: 0x0d86
INUM:     1702 PC: 0x0d88 ADDR: 0x7f36 VALUE: 0x0000
INUM:     1703 PC: 0x0d8a
INUM:     1704 PC: 0x0d8c REG: 3 VALUE: 0x0000 ADDR: 0x7f26
INUM:     1705 PC: 0x0d8e
INUM:     1706 PC: 0x0d90 ADDR: 0x7f32 VALUE: 0x0000
INUM:     1707 PC: 0x0d92
INUM:     1708 PC: 0x0d94 REG: 1 VALUE: 0x7f44 ADDR: 0x7f44 VALUE: 0x0000
INUM:     1709 PC: 0x0d96
INUM:     1710 PC: 0x0d98 REG: 0 VALUE: 0x7ff0 ADDR: 0x7ff0 VALUE: 0x0000
INUM:     1711 PC: 0x0d9a
INUM:     1712 PC: 0x0d9c ADDR: 0x7f44 VALUE: 0x7f69
INUM:     1713 PC: 0x0d9e
INUM:     1714 PC: 0x0da0 ADDR: 0x7ff0 VALUE: 0x7f69
INUM:     1715 PC: 0x0da2
INUM:     1716 PC: 0x0da4 REG: 4 VALUE: 0x0000 ADDR: 0x7fe4
INUM:     1717 PC: 0x0da6
INUM:     1718 PC: 0x0da8 REG: 4 VALUE: 0x0000 ADDR: 0x7f38
INUM:     1719 PC: 0x0daa
INUM:     1720 PC: 0x0dac REG: 1 VALUE: 0x7f4a ADDR: 0x7f4a VALUE: 0x0000
INUM:     1721 PC: 0x0dae
INUM:     1722 PC: 0x0db0 ADDR: 0x7ff0 VALUE: 0x0000
INUM:     1723 PC: 0x0db2
INUM:     1724 PC: 0x0db4 REG: 2 VALUE: 0x0000 ADDR: 0x7f48
INUM:     1725 PC: 0x0db6
INUM:     1726 PC: 0x0db8 REG: 4 VALUE: 0x7f69 ADDR: 0x7f54
INUM:     1727 PC: 0x0dba REG: 5 VALUE: 0x0000 ADDR: 0x7ff6
INUM:     1728 PC: 0x0dbc REG: 0 VALUE: 0x7fea
INUM:     1729 PC: 0x0dbe
INUM:     1730 PC: 0x0dc0 REG: 5 VALUE: 0x8000 ADDR: 0x7fea
INUM:     1731 PC: 0x0dc2
INUM:     1732 PC: 0x0dc4 REG: 3 VALUE: 0x0000 ADDR: 0x7f46
INUM:     1733 PC: 0x0dc6
INUM:     1734 PC: 0x0dc8 REG: 3 VALUE: 0x7f69 ADDR: 0x7f44
INUM:     1735 PC: 0x0dca
INUM:     1736 PC: 0x0dcc REG: 1 VALUE: 0x7f3a ADDR: 0x7f3a VALUE: 0x7f69
INUM:     1737 PC: 0x0dce
INUM:     1738 PC: 0x0dd0 ADDR: 0x7f30 VALUE: 0x8000
INUM:     1739 PC: 0x0dd2
INUM:     1740 PC: 0x0dd4 REG: 6 VALUE: 0x8000 ADDR: 0x7f30
INUM:     1741 PC: 0x0dd6
INUM:     1742 PC: 0x0dd8 REG: 6 VALUE: 0x0000 ADDR: 0x7f2e
INUM:     1743 PC: 0x0dda
INUM:     1744 PC: 0x0ddc REG: 2 VALUE: 0xc080 ADDR: 0x7f34
INUM:     1745 PC: 0x0dde
INUM:     1746 PC: 0x0de0 ADDR: 0x7ff2 VALUE: 0x7f69
INUM:     1747 PC: 0x0de2
INUM:     1748 PC: 0x0de4 REG: 1 VALUE: 0x7f2e ADDR: 0x7f2e VALUE: 0x0000
INUM:     1749 PC: 0x0de6
INUM:     1750 PC: 0x0de8 REG: 0 VALUE: 0x7ff0 ADDR: 0x7ff0 VALUE: 0x7f69
INUM:     1751 PC: 0x0dea
INUM:     1752 PC: 0x0dec REG: 3 VALUE: 0x0000 ADDR: 0x7ffe
INUM:     1753 PC: 0x0dee
INUM:     1754 PC: 0x0df0 REG: 0 VALUE: 0x7ffa ADDR: 0x7ffa VALUE: 0x8000
INUM:     1755 PC: 0x0df2
INUM:     1756 PC: 0x0df4 ADDR: 0x7f38 VALUE: 0x0000
INUM:     1757 PC: 0x0df6
INUM:     1758 PC: 0x0df8 ADDR: 0x7ff6 VALUE: 0x0000
INUM:     1759 PC: 0x0dfa
INUM:     1760 PC: 0x0dfc REG: 4 VALUE: 0x0000 ADDR: 0x8004
INUM:     1761 PC: 0x0dfe
INUM:     1762 PC: 0x0e00 ADDR: 0x7f1e VALUE: 0x0000
INUM:     1763 PC: 0x0e02
INUM:     1764 PC: 0x0e04 REG: 3 VALUE: 0x7f69 ADDR: 0x7f3a
INUM:     1765 PC: 0x0e06
INUM:     1766 PC: 0x0e08 REG: 0 VALUE: 0x7fea ADDR: 0x7fea VALUE: 0x0000
INUM:     1767 PC: 0x0e0a
INUM:     1768 PC: 0x0e0c REG: 1 VALUE: 0x7f20 ADDR: 0x7f20 VALUE: 0x7f69
INUM:     1769 PC: 0x0e0e
INUM:     1770 PC: 0x0e10 ADDR: 0x7f26 VALUE: 0x0000
INUM:     1771 PC: 0x0e12
INUM:     1772 PC: 0x0e14 REG: 5 VALUE: 0x0000 ADDR: 0x7fe2
INUM:     1773 PC: 0x0e16
INUM:     1774 PC: 0x0e18 REG: 1 VALUE: 0x7f14 ADDR: 0x7f14 VALUE: 0x0000
INUM:     1775 PC: 0x0e1a
INUM:     1776 PC: 0x0e1c REG: 1 VALUE: 0x7f10 ADDR: 0x7f10 VALUE: 0xc080
INUM:     1777 PC: 0x0e1e
INUM:     1778 PC: 0x0e20 REG: 2 VALUE: 0x8000 ADDR: 0x7fde
INUM:     1779 PC: 0x0e22
INUM:     1780 PC: 0x0e24 ADDR: 0x7ff2 VALUE: 0x8000
INUM:     1781 PC: 0x0e26
INUM:     1782 PC: 0x0e28 REG: 4 VALUE: 0x0000 ADDR: 0x7f1a
INUM:     1783 PC: 0x0e2a
INUM:     1784 PC: 0x0e2c REG: 5 VALUE: 0x0000 ADDR: 0x7f16
INUM:     1785 PC: 0x0e2e
INUM:     1786 PC: 0x0e30 REG: 6 VALUE: 0x0000 ADDR: 0x7f18
INUM:     1787 PC: 0x0e32
INUM:     1788 PC: 0x0e34 REG: 1 VALUE: 0x7f1c ADDR: 0x7f1c VALUE: 0x0000
INUM:     1789 PC: 0x0e36
INUM:     1790 PC: 0x0e38 REG: 5 VALUE: 0x0000 ADDR: 0x7f28
INUM:     1791 PC: 0x0e3a
INUM:     1792 PC: 0x0e3c REG: 3 VALUE: 0x0000 ADDR: 0x7fe4
INUM:     1793 PC: 0x0e3e
INUM:     1794 PC: 0x0e40 ADDR: 0x7f2a VALUE: 0x0000
INUM:     1795 PC: 0x0e42
INUM:     1796 PC: 0x0e44 REG: 3 VALUE: 0x0000 ADDR: 0x7fee
INUM:     1797 PC: 0x0e46 ADDR: 0x7f20 VALUE: 0x0000
INUM:     1798 PC: 0x0e48 REG: 6 VALUE: 0x0000
INUM:     1799 PC: 0x0e4a REG: 4 VALUE: 0x0000
INUM:     1800 PC: 0x0e4c
INUM:     1801 PC: 0x0e4e
INUM:     1802 PC: 0x0e68 REG: 3 VALUE: 0x0000
INUM:     1803 PC: 0x0e6a REG: 4 VALUE: 0x0000
INUM:     1804 PC: 0x0e6c REG: 7 VALUE: 0x0000
INUM:     1805 PC: 0x0e6e REG: 6 VALUE: 0x800b
INUM:     1806 PC: 0x0e70 REG: 4 VALUE: 0x0000
INUM:     1807 PC: 0x0e72 REG: 6 VALUE: 0x0001
INUM:     1808 PC: 0x0e74 REG: 2 VALUE: 0x0000
INUM:     1809 PC: 0x0e76 REG: 2 VALUE: 0x38fe
INUM:     1810 PC: 0x0e78 REG: 3 VALUE: 0x0000
INUM:     1811 PC: 0x0e7a REG: 7 VALUE: 0x4ffd
INUM:     1812 PC: 0x0e7c REG: 2 VALUE: 0xa7fe
INUM:     1813 PC: 0x0e7e REG: 5 VALUE: 0x0000
INUM:     1814 PC: 0x0e80 REG: 6 VALUE: 0x0000
INUM:     1815 PC: 0x0e82 REG: 4 VALUE: 0xa7fe
INUM:     1816 PC: 0x0e84 REG: 3 VALUE: 0x0004
INUM:     1817 PC: 0x0e86
INUM:     1818 PC: 0x0e88 ADDR: 0x7fec VALUE: 0x0004
INUM:     1819 PC: 0x0e8a
INUM:     1820 PC: 0x0e8c ADDR: 0x7f0c VALUE: 0x0004
INUM:     1821 PC: 0x0e8e
INUM:     1822 PC: 0x0e90 ADDR: 0x7ff8 VALUE: 0xa7fe
INUM:     1823 PC: 0x0e92
INUM:     1824 PC: 0x0e94 ADDR: 0x7fe8 VALUE: 0x0000
INUM:     1825 PC: 0x0e96
INUM:     1826 PC: 0x0e98 REG: 0 VALUE: 0x7fea ADDR: 0x7fea VALUE: 0xa7fe
INUM:     1827 PC: 0x0e9a
INUM:     1828 PC: 0x0e9c REG: 1 VALUE: 0x7f12 ADDR: 0x7f12 VALUE: 0x0004
INUM:     1829 PC: 0x0e9e
INUM:     1830 PC: 0x0ea0 REG: 0 VALUE: 0x7ff0 ADDR: 0x7ff0 VALUE: 0xa7fe
INUM:     1831 PC: 0x0ea2
INUM:     1832 PC: 0x0ea4 REG: 1 VALUE: 0x7f0e ADDR: 0x7f0e VALUE: 0x0000
INUM:     1833 PC: 0x0ea6
INUM:     1834 PC: 0x0ea8 REG: 3 VALUE: 0x0000 ADDR: 0x7ffe
INUM:     1835 PC: 0x0eaa
INUM:     1836 PC: 0x0eac REG: 5 VALUE: 0xc080 ADDR: 0x7f10
INUM:     1837 PC: 0x0eae
INUM:     1838 PC: 0x0eb0 REG: 4 VALUE: 0x0000 ADDR: 0x7f14
INUM:     1839 PC: 0x0eb2
INUM:     1840 PC: 0x0eb4 REG: 1 VALUE: 0x7f12 ADDR: 0x7f12 VALUE: 0xa7fe
INUM:     1841 PC: 0x0eb6
INUM:     1842 PC: 0x0eb8 REG: 1 VALUE: 0x7f10 ADDR: 0x7f10 VALUE: 0x0000
INUM:     1843 PC: 0x0eba
INUM:     1844 PC: 0x0ebc REG: 1 VALUE: 0x7f0c ADDR: 0x7f0c VALUE: 0xa7fe
INUM:     1845 PC: 0x0ebe REG: 1 VALUE: 0x7f0e ADDR: 0x7f0e VALUE: 0xa7fe
INUM:     1846 PC: 0x0ec0 REG: 3 VALUE: 0xa7fe
INUM:     1847 PC: 0x0ec2
INUM:     1848 PC: 0x0ec4 REG: 5 VALUE: 0x0030 ADDR: 0x7ffc
INUM:     1849 PC: 0x0ec6
INUM:     1850 PC: 0x0ec8 REG: 1 VALUE: 0x7f12 ADDR: 0x7f12 VALUE: 0xa7fe
INUM:     1851 PC: 0x0eca
INUM:     1852 PC: 0x0ecc REG: 2 VALUE: 0xa7fe ADDR: 0x7ff8
INUM:     1853 PC: 0x0ece
INUM:     1854 PC: 0x0ed0 REG: 4 VALUE: 0x0000 ADDR: 0x7f04
INUM:     1855 PC: 0x0ed2
INUM:     1856 PC: 0x0ed4 ADDR: 0x7f12 VALUE: 0x0030
INUM:     1857 PC: 0x0ed6
INUM:     1858 PC: 0x0ed8 REG: 1 VALUE: 0x7f0a ADDR: 0x7f0a VALUE: 0x0030
INUM:     1859 PC: 0x0eda
INUM:     1860 PC: 0x0edc REG: 2 VALUE: 0x0000 ADDR: 0x7f18
INUM:     1861 PC: 0x0ede
INUM:     1862 PC: 0x0ee0 REG: 3 VALUE: 0x0000 ADDR: 0x7f06
INUM:     1863 PC: 0x0ee2
INUM:     1864 PC: 0x0ee4 ADDR: 0x7f0c VALUE: 0x0030
INUM:     1865 PC: 0x0ee6
INUM:     1866 PC: 0x0ee8 REG: 0 VALUE: 0x7fe4 ADDR: 0x7fe4 VALUE: 0x0000
INUM:     1867 PC: 0x0eea
INUM:     1868 PC: 0x0eec REG: 4 VALUE: 0x0000 ADDR: 0x7fee
INUM:     1869 PC: 0x0eee
INUM:     1870 PC: 0x0ef0 REG: 3 VALUE: 0x0000 ADDR: 0x7f02
INUM:     1871 PC: 0x0ef2
INUM:     1872 PC: 0x0ef4 ADDR: 0x7fe4 VALUE: 0x0000
INUM:     1873 PC: 0x0ef6 REG: 3 VALUE: 0xa7fe ADDR: 0x7ff0
INUM:     1874 PC: 0x0ef8 REG: 7 VALUE: 0x0001
INUM:     1875 PC: 0x0efa
INUM:     1876 PC: 0x0efc ADDR: 0x7f08 VALUE: 0x0000
INUM:     1877 PC: 0x0efe
INUM:     1878 PC: 0x0f00 ADDR: 0x7fe0 VALUE: 0x0000
INUM:     1879 PC: 0x0f02
INUM:     1880 PC: 0x0f04 REG: 4 VALUE: 0x0030 ADDR: 0x7f0c
INUM:     1881 PC: 0x0f06
INUM:     1882 PC: 0x0f08 REG: 1 VALUE: 0x7f0a ADDR: 0x7f0a VALUE: 0x0030
INUM:     1883 PC: 0x0f0a
INUM:     1884 PC: 0x0f0c REG: 4 VALUE: 0x0000 ADDR: 0x7f16
INUM:     1885 PC: 0x0f0e
INUM:     1886 PC: 0x0f10 REG: 1 VALUE: 0x7f0e ADDR: 0x7f0e VALUE: 0x0000
INUM:     1887 PC: 0x0f12
INUM:     1888 PC: 0x0f14 REG: 0 VALUE: 0x7fdc ADDR: 0x7fdc VALUE: 0x0000
INUM:     1889 PC: 0x0f16
INUM:     1890 PC: 0x0f18 ADDR: 0x7fcc VALUE: 0x0000
INUM:     1891 PC: 0x0f1a
INUM:     1892 PC: 0x0f1c ADDR: 0x7f1a VALUE: 0x0000
INUM:     1893 PC: 0x0f1e
INUM:     1894 PC: 0x0f20 ADDR: 0x7f0c VALUE: 0x0000
INUM:     1895 PC: 0x0f22
INUM:     1896 PC: 0x0f24 REG: 2 VALUE: 0x0000 ADDR: 0x7fe0
INUM:     1897 PC: 0x0f26
INUM:     1898 PC: 0x0f28 ADDR: 0x7f12 VALUE: 0x0000
INUM:     1899 PC: 0x0f2a
INUM:     1900 PC: 0x0f2c REG: 5 VALUE: 0x0000 ADDR: 0x7f18
INUM:     1901 PC: 0x0f2e
INUM:     1902 PC: 0x0f30 REG: 6 VALUE: 0x0000 ADDR: 0x7efe
INUM:     1903 PC: 0x0f32
INUM:     1904 PC: 0x0f34 REG: 6 VALUE: 0x0000 ADDR: 0x7fe8
INUM:     1905 PC: 0x0f36
INUM:     1906 PC: 0x0f38 REG: 0 VALUE: 0x7fea ADDR: 0x7fea VALUE: 0x0000
INUM:     1907 PC: 0x0f3a
INUM:     1908 PC: 0x0f3c REG: 6 VALUE: 0x0004 ADDR: 0x7fec
INUM:     1909 PC: 0x0f3e
INUM:     1910 PC: 0x0f40 ADDR: 0x7ff0 VALUE: 0x0000
INUM:     1911 PC: 0x0f42
INUM:     1912 PC: 0x0f44 ADDR: 0x7fe6 VALUE: 0x0000
INUM:     1913 PC: 0x0f46
INUM:     1914 PC: 0x0f48 REG: 3 VALUE: 0x0000 ADDR: 0x7f1c
INUM:     1915 PC: 0x0f4a
INUM:     1916 PC: 0x0f4c ADDR: 0x7f0a VALUE: 0x0000
INUM:     1917 PC: 0x0f4e
INUM:     1918 PC: 0x0f50 REG: 2 VALUE: 0x0000 ADDR: 0x7f14
INUM:     1919 PC: 0x0f52
INUM:     1920 PC: 0x0f54 REG: 2 VALUE: 0x0000 ADDR: 0x7f0e
INUM:     1921 PC: 0x0f56
INUM:     1922 PC: 0x0f58 REG: 0 VALUE: 0x7ff4 ADDR: 0x7ff4 VALUE: 0x0000
INUM:     1923 PC: 0x0f5a
INUM:     1924 PC: 0x0f5c REG: 0 VALUE: 0x7ff4 ADDR: 0x7ff4 VALUE: 0x0000
INUM:     1925 PC: 0x0f5e
INUM:     1926 PC: 0x0f60 REG: 5 VALUE: 0x0000 ADDR: 0x7f00
INUM:     1927 PC: 0x0f62
INUM:     1928 PC: 0x0f64 REG: 2 VALUE: 0x0000 ADDR: 0x7ff4
INUM:     1929 PC: 0x0f66
INUM:     1930 PC: 0x0f68 REG: 5 VALUE: 0x0000 ADDR: 0x7f08
INUM:     1931 PC: 0x0f6a
INUM:     1932 PC: 0x0f6c REG: 3 VALUE: 0x0000 ADDR: 0x7f10
INUM:     1933 PC: 0x0f6e
INUM:     1934 PC: 0x0f70 ADDR: 0x7efe VALUE: 0x0000
INUM:     1935 PC: 0x0f72 REG: 5 VALUE: 0x0000 ADDR: 0x7ff0
INUM:     1936 PC: 0x0f74 REG: 0 VALUE: 0x7fee
INUM:     1937 PC: 0x0f76
INUM:     1938 PC: 0x0f78 REG: 2 VALUE: 0x0000 ADDR: 0x7f18
INUM:     1939 PC: 0x0f7a
INUM:     1940 PC: 0x0f7c REG: 1 VALUE: 0x7f02 ADDR: 0x7f02 VALUE: 0x0000
INUM:     1941 PC: 0x0f7e
INUM:     1942 PC: 0x0f80 REG: 1 VALUE: 0x7f00 ADDR: 0x7f00 VALUE: 0x0000
INUM:     1943 PC: 0x0f82
INUM:     1944 PC: 0x0f84 REG: 0 VALUE: 0x7fe8 ADDR: 0x7fe8 VALUE: 0x0000
INUM:     1945 PC: 0x0f86
INUM:     1946 PC: 0x0f88 REG: 4 VALUE: 0x0000 ADDR: 0x7ff0
INUM:     1947 PC: 0x0f8a
INUM:     1948 PC: 0x0f8c REG: 0 VALUE: 0x7fe6 ADDR: 0x7fe6 VALUE: 0x0000
INUM:     1949 PC: 0x0f8e
INUM:     1950 PC: 0x0f90 REG: 0 VALUE: 0x7fe2 ADDR: 0x7fe2 VALUE: 0x0000
INUM:     1951 PC: 0x0f92
INUM:     1952 PC: 0x0f94 REG: 4 VALUE: 0x0000 ADDR: 0x7ef4
INUM:     1953 PC: 0x0f96
INUM:     1954 PC: 0x0f98 ADDR: 0x7ff0 VALUE: 0x0000
INUM:     1955 PC: 0x0f9a
INUM:     1956 PC: 0x0f9c ADDR: 0x7f0c VALUE: 0x0004
INUM:     1957 PC: 0x0f9e
INUM:     1958 PC: 0x0fa0 REG: 5 VALUE: 0x0000 ADDR: 0x7fe0
INUM:     1959 PC: 0x0fa2
INUM:     1960 PC: 0x0fa4 REG: 3 VALUE: 0x0000 ADDR: 0x7fe6
INUM:     1961 PC: 0x0fa6
INUM:     1962 PC: 0x0fa8 REG: 2 VALUE: 0x0000 ADDR: 0x7ef8
INUM:     1963 PC: 0x0faa
INUM:     1964 PC: 0x0fac REG: 2 VALUE: 0xc080 ADDR: 0x7fd2
INUM:     1965 PC: 0x0fae
INUM:     1966 PC: 0x0fb0 REG: 5 VALUE: 0x0000 ADDR: 0x7fee
INUM:     1967 PC: 0x0fb2 REG: 0 VALUE: 0x7fe4 ADDR: 0x7fe4 VALUE: 0x0000
INUM:     1968 PC: 0x0fb4 REG: 0 VALUE: 0x7fd6
INUM:     1969 PC: 0x0fb6
INUM:     1970 PC: 0x0fb8 REG: 2 VALUE: 0x0000 ADDR: 0x7fcc
INUM:     1971 PC: 0x0fba
INUM:     1972 PC: 0x0fbc ADDR: 0x7fc8 VALUE: 0x0000
INUM:     1973 PC: 0x0fbe REG: 1 VALUE: 0x7efa ADDR: 0x7efa VALUE: 0x0000
INUM:     1974 PC: 0x0fc0 REG: 1 VALUE: 0x7f04
INUM:     1975 PC: 0x0fc2
INUM:     1976 PC: 0x0fc4 ADDR: 0x7fce VALUE: 0x0000
INUM:     1977 PC: 0x0fc6
INUM:     1978 PC: 0x0fc8 REG: 5 VALUE: 0x9fea ADDR: 0x7fd4
INUM:     1979 PC: 0x0fca
INUM:     1980 PC: 0x0fcc ADDR: 0x7fdc VALUE: 0x0000
INUM:     1981 PC: 0x0fce
INUM:     1982 PC: 0x0fd0 ADDR: 0x7fd8 VALUE: 0x0000
INUM:     1983 PC: 0x0fd2
INUM:     1984 PC: 0x0fd4 REG: 3 VALUE: 0x0000 ADDR: 0x7fe4
INUM:     1985 PC: 0x0fd6
INUM:     1986 PC: 0x0fd8 REG: 2 VALUE: 0x0000 ADDR: 0x7ef4
INUM:     1987 PC: 0x0fda REG: 6 VALUE: 0x0000 ADDR: 0x7f02
INUM:     1988 PC: 0x0fdc REG: 0 VALUE: 0x7fd4
INUM:     1989 PC: 0x0fde ADDR: 0x7efe VALUE: 0x0000
INUM:     1990 PC: 0x0fe0 REG: 7 VALUE: 0x8ffa
INUM:     1991 PC: 0x0fe2
INUM:     1992 PC: 0x0fe4 REG: 4 VALUE: 0x8000 ADDR: 0x7fde
INUM:     1993 PC: 0x0fe6
INUM:     1994 PC: 0x0fe8 REG: 0 VALUE: 0x7fd4 ADDR: 0x7fd4 VALUE: 0x8000
INUM:     1995 PC: 0x0fea
INUM:     1996 PC: 0x0fec REG: 4 VALUE: 0xc080 ADDR: 0x7fd2
INUM:     1997 PC: 0x0fee
INUM:     1998 PC: 0x0ff0 REG: 2 VALUE: 0x0000 ADDR: 0x7f04
INUM:     1999 PC: 0x0ff2
INUM:     2000 PC: 0x0ff4 REG: 5 VALUE: 0x0000 ADDR: 0x7f0e
INUM:     2001 PC: 0x0ff6 REG: 2 VALUE: 0x0000 ADDR: 0x7fda
INUM:     2002 PC: 0x0ff8 REG: 4 VALUE: 0x0000
INUM:     2003 PC: 0x0ffa
INUM:     2004 PC: 0x0ffc REG: 3 VALUE: 0x0000 ADDR: 0x7ef8
INUM:     2005 PC: 0x0ffe
INUM:     2006 PC: 0x1000 REG: 0 VALUE: 0x7fd4 ADDR: 0x7fd4 VALUE: 0x0000
INUM:     2007 PC: 0x1002
INUM:     2008 PC: 0x1004 REG: 1 VALUE: 0x7ef4 ADDR: 0x7ef4 VALUE: 0x0000
INUM:     2009 PC: 0x1006
INUM:     2010 PC: 0x1008 REG: 5 VALUE: 0x0000 ADDR: 0x7efa
INUM:     2011 PC: 0x100a
INUM:     2012 PC: 0x100c REG: 4 VALUE: 0x0000 ADDR: 0x7ef8
INUM:     2013 PC: 0x100e
INUM:     2014 PC: 0x1010 ADDR: 0x7ef4 VALUE: 0x0000
INUM:     2015 PC: 0x1012
INUM:     2016 PC: 0x1014 REG: 4 VALUE: 0x7fa6 ADDR: 0x7fd6
INUM:     2017 PC: 0x1016
INUM:     2018 PC: 0x1018 REG: 0 VALUE: 0x7fda ADDR: 0x7fda VALUE: 0x0000
INUM:     2019 PC: 0x101a
INUM:     2020 PC: 0x101c REG: 3 VALUE: 0x0000 ADDR: 0x7ef2
INUM:     2021 PC: 0x101e
INUM:     2022 PC: 0x1020 REG: 3 VALUE: 0xc080 ADDR: 0x7fd2
INUM:     2023 PC: 0x1022
INUM:     2024 PC: 0x1024 REG: 2 VALUE: 0x0000 ADDR: 0x7ef4
INUM:     2025 PC: 0x1026
INUM:     2026 PC: 0x1028 REG: 6 VALUE: 0x0000 ADDR: 0x7fd4
INUM:     2027 PC: 0x102a
INUM:     2028 PC: 0x102c ADDR: 0x7ef0 VALUE: 0x7fa6
INUM:     2029 PC: 0x102e
INUM:     2030 PC: 0x1030 REG: 2 VALUE: 0x0000 ADDR: 0x7fd8
INUM:     2031 PC: 0x1032
INUM:     2032 PC: 0x1034 ADDR: 0x7eea VALUE: 0x0000
INUM:     2033 PC: 0x1036
INUM:     2034 PC: 0x1038 REG: 4 VALUE: 0x0000 ADDR: 0x7fe2
INUM:     2035 PC: 0x103a
INUM:     2036 PC: 0x103c REG: 2 VALUE: 0x0000 ADDR: 0x7ee6
INUM:     2037 PC: 0x103e
INUM:     2038 PC: 0x1040 REG: 3 VALUE: 0x0000 ADDR: 0x7f00
INUM:     2039 PC: 0x1042
INUM:     2040 PC: 0x1044 REG: 2 VALUE: 0x7fa6 ADDR: 0x7ef0
INUM:     2041 PC: 0x1046
INUM:     2042 PC: 0x1048 REG: 1 VALUE: 0x7ef6 ADDR: 0x7ef6 VALUE: 0x0000
INUM:     2043 PC: 0x104a
INUM:     2044 PC: 0x104c ADDR: 0x7efe VALUE: 0x7fa6
INUM:     2045 PC: 0x104e
INUM:     2046 PC: 0x1050 REG: 6 VALUE: 0xc080 ADDR: 0x7fd2
INUM:     2047 PC: 0x1052
INUM:     2048 PC: 0x1054 REG: 5 VALUE: 0x0000 ADDR: 0x7f00
INUM:     2049 PC: 0x1056 REG: 1 VALUE: 0x7efe ADDR: 0x7efe VALUE: 0xc080
INUM:     2050 PC: 0x1058 REG: 5 VALUE: 0x0000
INUM:     2051 PC: 0x105a
INUM:     2052 PC: 0x105c REG: 4 VALUE: 0xc080 ADDR: 0x0008
INUM:     2053 PC: 0x105e
INUM:     2054 PC: 0x1060 REG: 6 VALUE: 0x0000 ADDR: 0x7f00
INUM:     2055 PC: 0x1062
INUM:     2056 PC: 0x1064 REG: 2 VALUE: 0x0000 ADDR: 0x7eee
INUM:     2057 PC: 0x1066
INUM:     2058 PC: 0x1068 REG: 4 VALUE: 0x0000 ADDR: 0x7fe2
INUM:     2059 PC: 0x106a
INUM:     2060 PC: 0x106c REG: 0 VALUE: 0x7fce ADDR: 0x7fce VALUE: 0x0000
INUM:     2061 PC: 0x106e
INUM:     2062 PC: 0x1070 REG: 5 VALUE: 0x0000 ADDR: 0x7fdc
INUM:     2063 PC: 0x1072
INUM:     2064 PC: 0x1074 REG: 1 VALUE: 0x7ef8 ADDR: 0x7ef8 VALUE: 0x0000
INUM:     2065 PC: 0x1076
INUM:     2066 PC: 0x1078 ADDR: 0x7f02 VALUE: 0x0000
INUM:     2067 PC: 0x107a
INUM:     2068 PC: 0x107c REG: 0 VALUE: 0x7fd6 ADDR: 0x7fd6 VALUE: 0x0000
INUM:     2069 PC: 0x107e
INUM:     2070 PC: 0x1080 ADDR: 0x7f00 VALUE: 0x0000
INUM:     2071 PC: 0x1082
INUM:     2072 PC: 0x1084 REG: 6 VALUE: 0x0000 ADDR: 0x7efa
INUM:     2073 PC: 0x1086
INUM:     2074 PC: 0x1088 ADDR: 0x7fc6 VALUE: 0x0000
INUM:     2075 PC: 0x108a
INUM:     2076 PC: 0x108c REG: 2 VALUE: 0x0000 ADDR: 0x7fd0
INUM:     2077 PC: 0x108e
INUM:     2078 PC: 0x1090 ADDR: 0x7fd2 VALUE: 0x0000
INUM:     2079 PC: 0x1092
INUM:     2080 PC: 0x1094 REG: 4 VALUE: 0x0000 ADDR: 0x7fd4
INUM:     2081 PC: 0x1096
INUM:     2082 PC: 0x1098 REG: 5 VALUE: 0x0000 ADDR: 0x7ef8
INUM:     2083 PC: 0x109a
INUM:     2084 PC: 0x109c ADDR: 0x7fc6 VALUE: 0x0000
INUM:     2085 PC: 0x109e
INUM:     2086 PC: 0x10a0 REG: 0 VALUE: 0x7fde ADDR: 0x7fde VALUE: 0x0000
INUM:     2087 PC: 0x10a2 REG: 0 VALUE: 0x7fe6 ADDR: 0x7fe6 VALUE: 0x0000
INUM:     2088 PC: 0x10a4 REG: 5 VALUE: 0x0000
INUM:     2089 PC: 0x10a6 REG: 7 VALUE: 0x0000
INUM:     2090 PC: 0x10a8
INUM:     2091 PC: 0x10aa
INUM:     2092 PC: 0x10ac REG: 2 VALUE: 0x0000
INUM:     2093 PC: 0x10ae ADDR: 0x0004 VALUE: 0x0000
INUM:     2094 PC: 0x10b0 REG: 5 VALUE: 0x000d
INUM:     2095 PC: 0x10b2 REG: 2 VALUE: 0x0000
INUM:     2096 PC: 0x10b4 REG: 4 VALUE: 0x0001
INUM:     2097 PC: 0x10b6
INUM:     2098 PC: 0x10b8 REG: 6 VALUE: 0x0000 ADDR: 0x7ee8
INUM:     2099 PC: 0x10ba
INUM:     2100 PC: 0x10bc REG: 3 VALUE: 0x0000 ADDR: 0x7fee
INUM:     2101 PC: 0x10be
INUM:     2102 PC: 0x10c0 ADDR: 0x7ef4 VALUE: 0x000d
INUM:     2103 PC: 0x10c2
INUM:     2104 PC: 0x10c4 REG: 0 VALUE: 0x7fda ADDR: 0x7fda VALUE: 0x0000
INUM:     2105 PC: 0x10c6
INUM:     2106 PC: 0x10c8 REG: 0 VALUE: 0x7fd0 ADDR: 0x7fd0 VALUE: 0x0000
INUM:     2107 PC: 0x10ca
INUM:     2108 PC: 0x10cc ADDR: 0x7f06 VALUE: 0x0000
INUM:     2109 PC: 0x10ce
INUM:     2110 PC: 0x10d0 ADDR: 0x7fd8 VALUE: 0x0000
INUM:     2111 PC: 0x10d2
INUM:     2112 PC: 0x10d4 REG: 4 VALUE: 0x0000 ADDR: 0x7fd0
INUM:     2113 PC: 0x10d6
INUM:     2114 PC: 0x10d8 REG: 2 VALUE: 0x0000 ADDR: 0x7f04
INUM:     2115 PC: 0x10da
INUM:     2116 PC: 0x10dc REG: 5 VALUE: 0x0000 ADDR: 0x7efa
INUM:     2117 PC: 0x10de
INUM:     2118 PC: 0x10e0 REG: 4 VALUE: 0x0000 ADDR: 0x7f02
INUM:     2119 PC: 0x10e2
INUM:     2120 PC: 0x10e4 ADDR: 0x7fd4 VALUE: 0x0000
INUM:     2121 PC: 0x10e6
INUM:     2122 PC: 0x10e8 ADDR: 0x7efa VALUE: 0x0000
INUM:     2123 PC: 0x10ea
INUM:     2124 PC: 0x10ec REG: 0 VALUE: 0x7fc8 ADDR: 0x7fc8 VALUE: 0x0000
INUM:     2125 PC: 0x10ee
INUM:     2126 PC: 0x10f0 REG: 6 VALUE: 0x0000 ADDR: 0x7fba
INUM:     2127 PC: 0x10f2
INUM:     2128 PC: 0x10f4 REG: 6 VALUE: 0x0000 ADDR: 0x7fcc
INUM:     2129 PC: 0x10f6
INUM:     2130 PC: 0x10f8 REG: 1 VALUE: 0x7ee8 ADDR: 0x7ee8 VALUE: 0x0000
INUM:     2131 PC: 0x10fa
INUM:     2132 PC: 0x10fc REG: 0 VALUE: 0x7fd6 ADDR: 0x7fd6 VALUE: 0x0000
INUM:     2133 PC: 0x10fe
INUM:     2134 PC: 0x1100 REG: 0 VALUE: 0x7fc6 ADDR: 0x7fc6 VALUE: 0x0000
INUM:     2135 PC: 0x1102
INUM:     2136 PC: 0x1104 ADDR: 0x7ee6 VALUE: 0x0000
INUM:     2137 PC: 0x1106
INUM:     2138 PC: 0x1108 REG: 4 VALUE: 0x0000 ADDR: 0x7fc8
INUM:     2139 PC: 0x110a
INUM:     2140 PC: 0x110c REG: 2 VALUE: 0x0000 ADDR: 0x7eea
INUM:     2141 PC: 0x110e
INUM:     2142 PC: 0x1110 REG: 6 VALUE: 0x0000 ADDR: 0x7eda
INUM:     2143 PC: 0x1112
INUM:     2144 PC: 0x1114 REG: 2 VALUE: 0x7fa6 ADDR: 0x7fca
INUM:     2145 PC: 0x1116
INUM:     2146 PC: 0x1118 REG: 0 VALUE: 0x7fb6 ADDR: 0x7fb6 VALUE: 0x7fa6
INUM:     2147 PC: 0x111a
INUM:     2148 PC: 0x111c ADDR: 0x7fa6 VALUE: 0x0000
INUM:     2149 PC: 0x111e
INUM:     2150 PC: 0x1120 REG: 6 VALUE: 0x0000 ADDR: 0x7ee2
INUM:     2151 PC: 0x1122 ADDR: 0x7fb0 VALUE: 0x0000
INUM:     2152 PC: 0x1124
