INST:    1100 0000 0000 0000 lbi r0, U.Here  
ARCH:    INUM:        0 PC: 0x0000 REG: 0 VALUE: 0x0000
VERILOG: INUM:        0 PC: 0x0000 REG: 0 VALUE: 0x0000
INST:    1001 0000 0100 1100 slbi r0, L.Here  
ARCH:    INUM:        1 PC: 0x0002 REG: 0 VALUE: 0x004c
VERILOG: INUM:        1 PC: 0x0002 REG: 0 VALUE: 0x004c
INST:    1100 0001 0000 0000 lbi r1, U.There  
ARCH:    INUM:        2 PC: 0x0004 REG: 1 VALUE: 0x0000
VERILOG: INUM:        2 PC: 0x0004 REG: 1 VALUE: 0x0000
INST:    1001 0001 0101 0100 slbi r1, L.There  
ARCH:    INUM:        3 PC: 0x0006 REG: 1 VALUE: 0x0054
VERILOG: INUM:        3 PC: 0x0006 REG: 1 VALUE: 0x0054
INST:    1100 0010 0000 0111 lbi r2, 7  
ARCH:    INUM:        4 PC: 0x0008 REG: 2 VALUE: 0x0007
VERILOG: INUM:        4 PC: 0x0008 REG: 2 VALUE: 0x0007
INST:    1000 0000 0100 0000 st r2, r0, 0  
ARCH:    INUM:        5 PC: 0x000a ADDR: 0x004c VALUE: 0x0007
VERILOG: INUM:        5 PC: 0x000a ADDR: 0x004c VALUE: 0x0007
INST:    1000 1000 0110 0000 ld r3, r0, 0  
ARCH:    INUM:        6 PC: 0x000c REG: 3 VALUE: 0x0007 ADDR: 0x004c
VERILOG: INUM:        6 PC: 0x000c REG: 3 VALUE: 0x0007 ADDR: 0x004c
INST:    1100 0100 1111 1001 lbi r4, -7  
ARCH:    INUM:        7 PC: 0x000e REG: 4 VALUE: 0xfff9
VERILOG: INUM:        7 PC: 0x000e REG: 4 VALUE: 0xfff9
INST:    1000 0000 1000 0100 st r4, r0, 4  
ARCH:    INUM:        8 PC: 0x0010 ADDR: 0x0050 VALUE: 0xfff9
VERILOG: INUM:        8 PC: 0x0010 ADDR: 0x0050 VALUE: 0xfff9
INST:    0100 0000 0000 0100 addi r0, r0, 4  
ARCH:    INUM:        9 PC: 0x0012 REG: 0 VALUE: 0x0050
VERILOG: INUM:        9 PC: 0x0012 REG: 0 VALUE: 0x0050
INST:    1000 1000 1010 0000 ld r5, r0, 0  
ARCH:    INUM:       10 PC: 0x0014 REG: 5 VALUE: 0xfff9 ADDR: 0x0050
VERILOG: INUM:       10 PC: 0x0014 REG: 5 VALUE: 0xfff9 ADDR: 0x0050
INST:    0100 0010 0100 1000 addi r2, r2, 8  
ARCH:    INUM:       11 PC: 0x0016 REG: 2 VALUE: 0x000f
VERILOG: INUM:       11 PC: 0x0016 REG: 2 VALUE: 0x000f
INST:    1000 0000 0101 1110 st r2, r0, -2  
ARCH:    INUM:       12 PC: 0x0018 ADDR: 0x004e VALUE: 0x000f
VERILOG: INUM:       12 PC: 0x0018 ADDR: 0x004e VALUE: 0x000f
INST:    0100 0000 0001 1101 addi r0, r0, -3  
ARCH:    INUM:       13 PC: 0x001a REG: 0 VALUE: 0x004d
VERILOG: INUM:       13 PC: 0x001a REG: 0 VALUE: 0x004d
INST:    1000 1000 1100 0001 ld r6, r0, 1  
ARCH:    INUM:       14 PC: 0x001c REG: 6 VALUE: 0x000f ADDR: 0x004e
VERILOG: INUM:       14 PC: 0x001c REG: 6 VALUE: 0x000f ADDR: 0x004e
INST:    1100 0010 0101 0110 lbi r2, 0x56  
ARCH:    INUM:       15 PC: 0x001e REG: 2 VALUE: 0x0056
VERILOG: INUM:       15 PC: 0x001e REG: 2 VALUE: 0x0056
INST:    1001 0010 0111 1000 slbi r2, 0x78  
ARCH:    INUM:       16 PC: 0x0020 REG: 2 VALUE: 0x5678
VERILOG: INUM:       16 PC: 0x0020 REG: 2 VALUE: 0x5678
INST:    0100 0010 0110 0001 addi r3, r2, 1  
ARCH:    INUM:       17 PC: 0x0022 REG: 3 VALUE: 0x5679
VERILOG: INUM:       17 PC: 0x0022 REG: 3 VALUE: 0x5679
INST:    0100 0010 1000 0010 addi r4, r2, 2  
ARCH:    INUM:       18 PC: 0x0024 REG: 4 VALUE: 0x567a
VERILOG: INUM:       18 PC: 0x0024 REG: 4 VALUE: 0x567a
INST:    1001 1001 0100 0010 stu r2, r1, 2  
ARCH:    INUM:       19 PC: 0x0026 REG: 1 VALUE: 0x0056 ADDR: 0x0056 VALUE: 0x5678
VERILOG: INUM:       19 PC: 0x0026 REG: 1 VALUE: 0x0056 ADDR: 0x0056 VALUE: 0x5678
INST:    1001 1001 0110 0010 stu r3, r1, 2  
ARCH:    INUM:       20 PC: 0x0028 REG: 1 VALUE: 0x0058 ADDR: 0x0058 VALUE: 0x5679
VERILOG: INUM:       20 PC: 0x0028 REG: 1 VALUE: 0x0058 ADDR: 0x0058 VALUE: 0x5679
INST:    1001 1001 1000 0110 stu r4, r1, 6  
ARCH:    INUM:       21 PC: 0x002a REG: 1 VALUE: 0x005e ADDR: 0x005e VALUE: 0x567a
VERILOG: INUM:       21 PC: 0x002a REG: 1 VALUE: 0x005e ADDR: 0x005e VALUE: 0x567a
INST:    1000 1001 1001 1000 ld r4, r1, -8  
ARCH:    INUM:       22 PC: 0x002c REG: 4 VALUE: 0x5678 ADDR: 0x0056
VERILOG: INUM:       22 PC: 0x002c REG: 4 VALUE: 0x5678 ADDR: 0x0056
INST:    1000 1001 0111 1010 ld r3, r1, -6  
ARCH:    INUM:       23 PC: 0x002e REG: 3 VALUE: 0x5679 ADDR: 0x0058
VERILOG: INUM:       23 PC: 0x002e REG: 3 VALUE: 0x5679 ADDR: 0x0058
INST:    1000 1001 0100 0000 ld r2, r1, 0  
ARCH:    INUM:       24 PC: 0x0030 REG: 2 VALUE: 0x567a ADDR: 0x005e
VERILOG: INUM:       24 PC: 0x0030 REG: 2 VALUE: 0x567a ADDR: 0x005e
INST:    1000 1000 0010 0011 ld r1, r0, 3  
ARCH:    INUM:       25 PC: 0x0032 REG: 1 VALUE: 0xfff9 ADDR: 0x0050
VERILOG: INUM:       25 PC: 0x0032 REG: 1 VALUE: 0xfff9 ADDR: 0x0050
INST:    1010 0100 1000 0001 roli r4, r4, 1  
ARCH:    INUM:       26 PC: 0x0034 REG: 4 VALUE: 0xacf0
VERILOG: INUM:       26 PC: 0x0034 REG: 4 VALUE: 0xacf0
INST:    1010 0011 0110 0100 roli r3, r3, 4  
ARCH:    INUM:       27 PC: 0x0036 REG: 3 VALUE: 0x6795
VERILOG: INUM:       27 PC: 0x0036 REG: 3 VALUE: 0x6795
INST:    1101 1011 1001 1100 add r7, r3, r4  
ARCH:    INUM:       28 PC: 0x0038 REG: 7 VALUE: 0x1485
VERILOG: INUM:       28 PC: 0x0038 REG: 7 VALUE: 0x1485
INST:    1101 1111 0101 1100 add r7, r7, r2  
ARCH:    INUM:       29 PC: 0x003a REG: 7 VALUE: 0x6aff
VERILOG: INUM:       29 PC: 0x003a REG: 7 VALUE: 0x6aff
INST:    1101 1111 0011 1100 add r7, r7, r1  
ARCH:    INUM:       30 PC: 0x003c REG: 7 VALUE: 0x6af8
VERILOG: INUM:       30 PC: 0x003c REG: 7 VALUE: 0x6af8
INST:    1101 1111 1101 1100 add r7, r7, r6  
ARCH:    INUM:       31 PC: 0x003e REG: 7 VALUE: 0x6b07
VERILOG: INUM:       31 PC: 0x003e REG: 7 VALUE: 0x6b07
INST:    1000 0000 1110 0101 st r7, r0, 5  
ARCH:    INUM:       32 PC: 0x0040 ADDR: 0x0052 VALUE: 0x6b07
VERILOG: INUM:       32 PC: 0x0040 ADDR: 0x0052 VALUE: 0x6b07
INST:    0000 0000 0000 0000 halt  
ARCH:    INUM:       33 PC: 0x0042
VERILOG: INUM:       33 PC: 0x0042
