INUM:        0 PC: 0x0000 REG: 0 VALUE: 0x0000
INUM:        1 PC: 0x0002 REG: 0 VALUE: 0x004c
INUM:        2 PC: 0x0004 REG: 1 VALUE: 0x0000
INUM:        3 PC: 0x0006 REG: 1 VALUE: 0x0054
INUM:        4 PC: 0x0008 REG: 2 VALUE: 0x0007
INUM:        5 PC: 0x000a ADDR: 0x004c VALUE: 0x0007
INUM:        6 PC: 0x000c REG: 3 VALUE: 0x0007 ADDR: 0x004c
INUM:        7 PC: 0x000e REG: 4 VALUE: 0xfff9
INUM:        8 PC: 0x0010 ADDR: 0x0050 VALUE: 0xfff9
INUM:        9 PC: 0x0012 REG: 0 VALUE: 0x0050
INUM:       10 PC: 0x0014 REG: 5 VALUE: 0xfff9 ADDR: 0x0050
INUM:       11 PC: 0x0016 REG: 2 VALUE: 0x000f
INUM:       12 PC: 0x0018 ADDR: 0x004e VALUE: 0x000f
INUM:       13 PC: 0x001a REG: 0 VALUE: 0x004d
INUM:       14 PC: 0x001c REG: 6 VALUE: 0x000f ADDR: 0x004e
INUM:       15 PC: 0x001e REG: 2 VALUE: 0x0056
INUM:       16 PC: 0x0020 REG: 2 VALUE: 0x5678
INUM:       17 PC: 0x0022 REG: 3 VALUE: 0x5679
INUM:       18 PC: 0x0024 REG: 4 VALUE: 0x567a
INUM:       19 PC: 0x0026 REG: 1 VALUE: 0x0056 ADDR: 0x0056 VALUE: 0x5678
INUM:       20 PC: 0x0028 REG: 1 VALUE: 0x0058 ADDR: 0x0058 VALUE: 0x5679
INUM:       21 PC: 0x002a REG: 1 VALUE: 0x005e ADDR: 0x005e VALUE: 0x567a
INUM:       22 PC: 0x002c REG: 4 VALUE: 0x5678 ADDR: 0x0056
INUM:       23 PC: 0x002e REG: 3 VALUE: 0x5679 ADDR: 0x0058
INUM:       24 PC: 0x0030 REG: 2 VALUE: 0x567a ADDR: 0x005e
INUM:       25 PC: 0x0032 REG: 1 VALUE: 0xfff9 ADDR: 0x0050
INUM:       26 PC: 0x0034 REG: 4 VALUE: 0xacf0
INUM:       27 PC: 0x0036 REG: 3 VALUE: 0x6795
INUM:       28 PC: 0x0038 REG: 7 VALUE: 0x1485
INUM:       29 PC: 0x003a REG: 7 VALUE: 0x6aff
INUM:       30 PC: 0x003c REG: 7 VALUE: 0x6af8
INUM:       31 PC: 0x003e REG: 7 VALUE: 0x6b07
INUM:       32 PC: 0x0040 ADDR: 0x0052 VALUE: 0x6b07
INUM:       33 PC: 0x0042
