INUM:        0 PC: 0x0000 REG: 0 VALUE: 0x0000
INUM:        1 PC: 0x0002 REG: 1 VALUE: 0x0001
INUM:        2 PC: 0x0004 REG: 2 VALUE: 0xffff
INUM:        3 PC: 0x0006 REG: 4 VALUE: 0x000a
INUM:        4 PC: 0x0008
INUM:        5 PC: 0x004a REG: 7 VALUE: 0x004c
INUM:        6 PC: 0x0134
INUM:        7 PC: 0x0136 REG: 7 VALUE: 0x0138
INUM:        8 PC: 0x01f0
INUM:        9 PC: 0x02ac
INUM:       10 PC: 0x02ca
INUM:       11 PC: 0x03ba
INUM:       12 PC: 0x03be
INUM:       13 PC: 0x03de
INUM:       14 PC: 0x03fc
INUM:       15 PC: 0x0402
INUM:       16 PC: 0x0418 REG: 7 VALUE: 0x041a
INUM:       17 PC: 0x0454
INUM:       18 PC: 0x046a
INUM:       19 PC: 0x04b0
INUM:       20 PC: 0x04bc
INUM:       21 PC: 0x04e6
INUM:       22 PC: 0x0502
INUM:       23 PC: 0x051c
INUM:       24 PC: 0x0530
INUM:       25 PC: 0x061c
INUM:       26 PC: 0x061e
INUM:       27 PC: 0x063a
INUM:       28 PC: 0x0648
INUM:       29 PC: 0x0650
INUM:       30 PC: 0x0668
INUM:       31 PC: 0x074c
INUM:       32 PC: 0x0810 REG: 7 VALUE: 0x0812
INUM:       33 PC: 0x0886
INUM:       34 PC: 0x08fe
INUM:       35 PC: 0x0902
INUM:       36 PC: 0x0922
INUM:       37 PC: 0x0936
INUM:       38 PC: 0x0948
INUM:       39 PC: 0x095a
INUM:       40 PC: 0x0a18 REG: 7 VALUE: 0x0a1a
INUM:       41 PC: 0x0ae6
INUM:       42 PC: 0x0af0
INUM:       43 PC: 0x0b02
INUM:       44 PC: 0x0b4e
INUM:       45 PC: 0x0b6a REG: 7 VALUE: 0x0b6c
INUM:       46 PC: 0x0c50
INUM:       47 PC: 0x0c5c
INUM:       48 PC: 0x0c5e
INUM:       49 PC: 0x0c78
INUM:       50 PC: 0x0cc2
INUM:       51 PC: 0x0cd6
INUM:       52 PC: 0x0cee
INUM:       53 PC: 0x0d08
INUM:       54 PC: 0x0d2e
INUM:       55 PC: 0x0d4a
INUM:       56 PC: 0x0d4c
INUM:       57 PC: 0x0d6c
INUM:       58 PC: 0x0d8a
INUM:       59 PC: 0x0e1e REG: 7 VALUE: 0x0e20
INUM:       60 PC: 0x0e9e
INUM:       61 PC: 0x0eba
INUM:       62 PC: 0x0ec6
INUM:       63 PC: 0x0f8a
INUM:       64 PC: 0x0fa8
INUM:       65 PC: 0x0fc2 REG: 7 VALUE: 0x0fc4
INUM:       66 PC: 0x1072
INUM:       67 PC: 0x1076 REG: 7 VALUE: 0x1078
INUM:       68 PC: 0x110e
INUM:       69 PC: 0x1110
INUM:       70 PC: 0x1118
INUM:       71 PC: 0x1206
INUM:       72 PC: 0x12ca
INUM:       73 PC: 0x12e2
INUM:       74 PC: 0x13a8
INUM:       75 PC: 0x1402
INUM:       76 PC: 0x1422
INUM:       77 PC: 0x14f6
INUM:       78 PC: 0x150a
INUM:       79 PC: 0x1512
INUM:       80 PC: 0x1526
INUM:       81 PC: 0x159c
INUM:       82 PC: 0x15a6
INUM:       83 PC: 0x15d0 REG: 7 VALUE: 0x15d2
INUM:       84 PC: 0x15d6
INUM:       85 PC: 0x1664
INUM:       86 PC: 0x168e
INUM:       87 PC: 0x1704
INUM:       88 PC: 0x1722
INUM:       89 PC: 0x1734
INUM:       90 PC: 0x17c0 REG: 7 VALUE: 0x17c2
INUM:       91 PC: 0x184e
INUM:       92 PC: 0x185e REG: 7 VALUE: 0x1860
INUM:       93 PC: 0x18bc
INUM:       94 PC: 0x18c2
INUM:       95 PC: 0x18de
INUM:       96 PC: 0x18e2
INUM:       97 PC: 0x18e8
INUM:       98 PC: 0x1900
INUM:       99 PC: 0x1962
INUM:      100 PC: 0x1966
INUM:      101 PC: 0x199a
INUM:      102 PC: 0x19cc
INUM:      103 PC: 0x19e6
INUM:      104 PC: 0x19f2
INUM:      105 PC: 0x1a02
INUM:      106 PC: 0x1a06
INUM:      107 PC: 0x1a0e
INUM:      108 PC: 0x1a18
INUM:      109 PC: 0x1af6
INUM:      110 PC: 0x1b12
INUM:      111 PC: 0x1b24
INUM:      112 PC: 0x1b36
INUM:      113 PC: 0x1b4e
INUM:      114 PC: 0x1b6c
INUM:      115 PC: 0x1b82
INUM:      116 PC: 0x1ba2
INUM:      117 PC: 0x1c58 REG: 7 VALUE: 0x1c5a
INUM:      118 PC: 0x1cbe
INUM:      119 PC: 0x1cd0
INUM:      120 PC: 0x1d64
INUM:      121 PC: 0x1d7c
INUM:      122 PC: 0x1d82 REG: 7 VALUE: 0x1d84
INUM:      123 PC: 0x1db6
INUM:      124 PC: 0x1df8
INUM:      125 PC: 0x1e06
INUM:      126 PC: 0x1e1e
INUM:      127 PC: 0x1ef4
INUM:      128 PC: 0x1f9e
INUM:      129 PC: 0x1fa4 REG: 7 VALUE: 0x1fa6
INUM:      130 PC: 0x200e REG: 7 VALUE: 0x2010
INUM:      131 PC: 0x2104
INUM:      132 PC: 0x211c
INUM:      133 PC: 0x2122
INUM:      134 PC: 0x2142
INUM:      135 PC: 0x21ea REG: 7 VALUE: 0x21ec
INUM:      136 PC: 0x2204
INUM:      137 PC: 0x2220
INUM:      138 PC: 0x2230
INUM:      139 PC: 0x2300
INUM:      140 PC: 0x2342
INUM:      141 PC: 0x234a
INUM:      142 PC: 0x2360
INUM:      143 PC: 0x2370
INUM:      144 PC: 0x23b8 REG: 7 VALUE: 0x23ba
INUM:      145 PC: 0x23c0
INUM:      146 PC: 0x23de
INUM:      147 PC: 0x23e2
INUM:      148 PC: 0x23e4
INUM:      149 PC: 0x2404
INUM:      150 PC: 0x2418
INUM:      151 PC: 0x2434
INUM:      152 PC: 0x24cc
INUM:      153 PC: 0x2542
INUM:      154 PC: 0x2558
INUM:      155 PC: 0x2572
INUM:      156 PC: 0x2576
INUM:      157 PC: 0x2656
INUM:      158 PC: 0x2672
INUM:      159 PC: 0x2690
INUM:      160 PC: 0x26a4
INUM:      161 PC: 0x270e REG: 7 VALUE: 0x2710
INUM:      162 PC: 0x2744
INUM:      163 PC: 0x282a
INUM:      164 PC: 0x2878
INUM:      165 PC: 0x2884
INUM:      166 PC: 0x294c
INUM:      167 PC: 0x2968
INUM:      168 PC: 0x2970
INUM:      169 PC: 0x2990
INUM:      170 PC: 0x29de
INUM:      171 PC: 0x29e0
INUM:      172 PC: 0x2abe
INUM:      173 PC: 0x2aee
INUM:      174 PC: 0x2bc4
INUM:      175 PC: 0x2bdc REG: 7 VALUE: 0x2bde
INUM:      176 PC: 0x2c7c
INUM:      177 PC: 0x2c98
INUM:      178 PC: 0x2cb8
INUM:      179 PC: 0x2cf8
INUM:      180 PC: 0x2dee
INUM:      181 PC: 0x2e3a REG: 7 VALUE: 0x2e3c
INUM:      182 PC: 0x2eca
INUM:      183 PC: 0x2f26
INUM:      184 PC: 0x2f3a
INUM:      185 PC: 0x2f56
INUM:      186 PC: 0x2f58 REG: 7 VALUE: 0x2f5a
INUM:      187 PC: 0x2f6a
INUM:      188 PC: 0x3060
INUM:      189 PC: 0x307e
INUM:      190 PC: 0x30d2
INUM:      191 PC: 0x30d4
INUM:      192 PC: 0x30dc
INUM:      193 PC: 0x311a
INUM:      194 PC: 0x3128
INUM:      195 PC: 0x317e
INUM:      196 PC: 0x3190
INUM:      197 PC: 0x319c
INUM:      198 PC: 0x31aa
INUM:      199 PC: 0x31f4
INUM:      200 PC: 0x328a
INUM:      201 PC: 0x32aa
INUM:      202 PC: 0x32c4
INUM:      203 PC: 0x32d4
INUM:      204 PC: 0x32e0 REG: 7 VALUE: 0x32e2
INUM:      205 PC: 0x32e8
INUM:      206 PC: 0x3302
INUM:      207 PC: 0x3322
INUM:      208 PC: 0x3340
INUM:      209 PC: 0x33e4
INUM:      210 PC: 0x34b8 REG: 7 VALUE: 0x34ba
INUM:      211 PC: 0x3570
INUM:      212 PC: 0x3576
INUM:      213 PC: 0x3580
INUM:      214 PC: 0x3590
INUM:      215 PC: 0x35fe REG: 7 VALUE: 0x3600
INUM:      216 PC: 0x3674
INUM:      217 PC: 0x36ea
INUM:      218 PC: 0x3704
INUM:      219 PC: 0x3722
INUM:      220 PC: 0x372a
INUM:      221 PC: 0x373e
INUM:      222 PC: 0x3760
INUM:      223 PC: 0x3762
INUM:      224 PC: 0x37ae
INUM:      225 PC: 0x37c2 REG: 7 VALUE: 0x37c4
INUM:      226 PC: 0x3832
INUM:      227 PC: 0x3848
INUM:      228 PC: 0x391e
INUM:      229 PC: 0x3936
INUM:      230 PC: 0x3a2c REG: 7 VALUE: 0x3a2e
INUM:      231 PC: 0x3a52
INUM:      232 PC: 0x3a70
INUM:      233 PC: 0x3aa6 REG: 7 VALUE: 0x3aa8
INUM:      234 PC: 0x3ae8
INUM:      235 PC: 0x3af6
INUM:      236 PC: 0x3b12
INUM:      237 PC: 0x3b28
INUM:      238 PC: 0x3bd8
INUM:      239 PC: 0x3bf2 REG: 7 VALUE: 0x3bf4
INUM:      240 PC: 0x3c32
INUM:      241 PC: 0x3c48
INUM:      242 PC: 0x3c5e
INUM:      243 PC: 0x3c6c
INUM:      244 PC: 0x3c92
INUM:      245 PC: 0x3cdc
INUM:      246 PC: 0x3d5a
INUM:      247 PC: 0x3d64
INUM:      248 PC: 0x3dd2
INUM:      249 PC: 0x3de0
INUM:      250 PC: 0x3e00
INUM:      251 PC: 0x3e96 REG: 7 VALUE: 0x3e98
INUM:      252 PC: 0x3f88
INUM:      253 PC: 0x3f90
INUM:      254 PC: 0x407a
INUM:      255 PC: 0x408c
INUM:      256 PC: 0x4122
INUM:      257 PC: 0x4132
INUM:      258 PC: 0x414e
INUM:      259 PC: 0x4192
INUM:      260 PC: 0x422e
INUM:      261 PC: 0x424e
INUM:      262 PC: 0x4266
INUM:      263 PC: 0x426c
INUM:      264 PC: 0x4278
INUM:      265 PC: 0x42dc
INUM:      266 PC: 0x4314
INUM:      267 PC: 0x4330
INUM:      268 PC: 0x438c
INUM:      269 PC: 0x438e
INUM:      270 PC: 0x4394 REG: 7 VALUE: 0x4396
INUM:      271 PC: 0x43da
INUM:      272 PC: 0x43fa
INUM:      273 PC: 0x441a
INUM:      274 PC: 0x443a
INUM:      275 PC: 0x4526
INUM:      276 PC: 0x4530
INUM:      277 PC: 0x4546
INUM:      278 PC: 0x4550
INUM:      279 PC: 0x456c
INUM:      280 PC: 0x4626
INUM:      281 PC: 0x4630
INUM:      282 PC: 0x4636
INUM:      283 PC: 0x463a REG: 7 VALUE: 0x463c
INUM:      284 PC: 0x46ee
INUM:      285 PC: 0x47ba
INUM:      286 PC: 0x47d8
INUM:      287 PC: 0x47e6
INUM:      288 PC: 0x4864
INUM:      289 PC: 0x487c
INUM:      290 PC: 0x4882
INUM:      291 PC: 0x4886
INUM:      292 PC: 0x4892 REG: 7 VALUE: 0x4894
INUM:      293 PC: 0x48ea
INUM:      294 PC: 0x4914
INUM:      295 PC: 0x4938
INUM:      296 PC: 0x4942
INUM:      297 PC: 0x494c REG: 7 VALUE: 0x494e
INUM:      298 PC: 0x4a02
INUM:      299 PC: 0x4ad4
INUM:      300 PC: 0x4ae8
INUM:      301 PC: 0x4afc
INUM:      302 PC: 0x4b96
INUM:      303 PC: 0x4bb2
INUM:      304 PC: 0x4bcc
INUM:      305 PC: 0x4bce
INUM:      306 PC: 0x4be4
INUM:      307 PC: 0x4bee
INUM:      308 PC: 0x4bf4
INUM:      309 PC: 0x4bf6
INUM:      310 PC: 0x4bfa
INUM:      311 PC: 0x4c06
INUM:      312 PC: 0x4c1c REG: 7 VALUE: 0x4c1e
INUM:      313 PC: 0x4c68
INUM:      314 PC: 0x4c88
INUM:      315 PC: 0x4ca0
INUM:      316 PC: 0x4d0a
INUM:      317 PC: 0x4dec
INUM:      318 PC: 0x4e74
INUM:      319 PC: 0x4e8a
INUM:      320 PC: 0x4f88
INUM:      321 PC: 0x4fa2
INUM:      322 PC: 0x5054
INUM:      323 PC: 0x506e
INUM:      324 PC: 0x507a
INUM:      325 PC: 0x5084 REG: 7 VALUE: 0x5086
INUM:      326 PC: 0x5164
INUM:      327 PC: 0x5208
INUM:      328 PC: 0x525e
INUM:      329 PC: 0x5272
INUM:      330 PC: 0x528e
INUM:      331 PC: 0x5290
INUM:      332 PC: 0x529c
INUM:      333 PC: 0x52ae
INUM:      334 PC: 0x52ca
INUM:      335 PC: 0x52cc
INUM:      336 PC: 0x52e6
INUM:      337 PC: 0x5308
INUM:      338 PC: 0x5326
INUM:      339 PC: 0x5328
INUM:      340 PC: 0x5338
INUM:      341 PC: 0x5352
INUM:      342 PC: 0x5444
INUM:      343 PC: 0x544a REG: 7 VALUE: 0x544c
INUM:      344 PC: 0x553a
INUM:      345 PC: 0x5552
INUM:      346 PC: 0x5568
INUM:      347 PC: 0x5576
INUM:      348 PC: 0x558c
INUM:      349 PC: 0x559a REG: 7 VALUE: 0x559c
INUM:      350 PC: 0x5692
INUM:      351 PC: 0x56ac
INUM:      352 PC: 0x56c2
INUM:      353 PC: 0x56e2
INUM:      354 PC: 0x56fc
INUM:      355 PC: 0x5704
INUM:      356 PC: 0x5716
INUM:      357 PC: 0x5760
INUM:      358 PC: 0x576a
INUM:      359 PC: 0x57da
INUM:      360 PC: 0x58ae
INUM:      361 PC: 0x593a
INUM:      362 PC: 0x5942
INUM:      363 PC: 0x5954 REG: 7 VALUE: 0x5956
INUM:      364 PC: 0x5982
INUM:      365 PC: 0x5990
INUM:      366 PC: 0x59a8 REG: 7 VALUE: 0x59aa
INUM:      367 PC: 0x5a08
INUM:      368 PC: 0x5a12
INUM:      369 PC: 0x5a1c
INUM:      370 PC: 0x5a9e
INUM:      371 PC: 0x5ab2
INUM:      372 PC: 0x5ae6
INUM:      373 PC: 0x5ba6
INUM:      374 PC: 0x5bc4
INUM:      375 PC: 0x5cbc
INUM:      376 PC: 0x5cea REG: 7 VALUE: 0x5cec
INUM:      377 PC: 0x5d38
INUM:      378 PC: 0x5d3c
INUM:      379 PC: 0x5d3e
INUM:      380 PC: 0x5e10
INUM:      381 PC: 0x5e2a
INUM:      382 PC: 0x5e6a
INUM:      383 PC: 0x5e7c
INUM:      384 PC: 0x5e84
INUM:      385 PC: 0x5f6c
INUM:      386 PC: 0x6000
INUM:      387 PC: 0x6004
INUM:      388 PC: 0x60f8 REG: 7 VALUE: 0x60fa
INUM:      389 PC: 0x61ee
INUM:      390 PC: 0x62ee
INUM:      391 PC: 0x630c
INUM:      392 PC: 0x63ae
INUM:      393 PC: 0x63ce
INUM:      394 PC: 0x63d0
INUM:      395 PC: 0x63e2
INUM:      396 PC: 0x63f0 REG: 7 VALUE: 0x63f2
INUM:      397 PC: 0x64ec
INUM:      398 PC: 0x64fe REG: 7 VALUE: 0x6500
INUM:      399 PC: 0x652c
INUM:      400 PC: 0x653e
INUM:      401 PC: 0x65b2
INUM:      402 PC: 0x6692
INUM:      403 PC: 0x66b2
INUM:      404 PC: 0x6706
