
WISCalculator v1.0
Author Derek Hower (drh5@cs.wisc.edu)
Type "help" for more information

Loading program...
Executing...
lbi r0, 0
INUM:        0 PC: 0x0000 REG: 0 VALUE: 0x0000
lbi r1, 1
INUM:        1 PC: 0x0002 REG: 1 VALUE: 0x0001
lbi r2, -1
INUM:        2 PC: 0x0004 REG: 2 VALUE: 0xffff
lbi r4, 10
INUM:        3 PC: 0x0006 REG: 4 VALUE: 0x000a
j 64
INUM:        4 PC: 0x0008
jal 232
INUM:        5 PC: 0x004a REG: 7 VALUE: 0x004c
bnez r1, 0
INUM:        6 PC: 0x0134
jal 184
INUM:        7 PC: 0x0136 REG: 7 VALUE: 0x0138
j 186
INUM:        8 PC: 0x01f0
bgez r3, 28
INUM:        9 PC: 0x02ac
j 238
INUM:       10 PC: 0x02ca
bgez r3, 2
INUM:       11 PC: 0x03ba
beqz r0, 30
INUM:       12 PC: 0x03be
bgez r3, 28
INUM:       13 PC: 0x03de
beqz r0, 4
INUM:       14 PC: 0x03fc
bltz r2, 20
INUM:       15 PC: 0x0402
jal 58
INUM:       16 PC: 0x0418 REG: 7 VALUE: 0x041a
bgez r3, 20
INUM:       17 PC: 0x0454
j 68
INUM:       18 PC: 0x046a
bgez r3, 10
INUM:       19 PC: 0x04b0
j 40
INUM:       20 PC: 0x04bc
bgez r3, 26
INUM:       21 PC: 0x04e6
bnez r1, 24
INUM:       22 PC: 0x0502
beqz r0, 18
INUM:       23 PC: 0x051c
j 234
INUM:       24 PC: 0x0530
j 0
INUM:       25 PC: 0x061c
bltz r2, 26
INUM:       26 PC: 0x061e
bgez r3, 12
INUM:       27 PC: 0x063a
bnez r1, 6
INUM:       28 PC: 0x0648
bnez r1, 22
INUM:       29 PC: 0x0650
j 226
INUM:       30 PC: 0x0668
j 194
INUM:       31 PC: 0x074c
jal 116
INUM:       32 PC: 0x0810 REG: 7 VALUE: 0x0812
j 118
INUM:       33 PC: 0x0886
bnez r1, 2
INUM:       34 PC: 0x08fe
bgez r3, 30
INUM:       35 PC: 0x0902
bgez r3, 18
INUM:       36 PC: 0x0922
bgez r3, 16
INUM:       37 PC: 0x0936
bgez r3, 16
INUM:       38 PC: 0x0948
j 188
INUM:       39 PC: 0x095a
jal 204
INUM:       40 PC: 0x0a18 REG: 7 VALUE: 0x0a1a
beqz r0, 8
INUM:       41 PC: 0x0ae6
bnez r1, 16
INUM:       42 PC: 0x0af0
j 74
INUM:       43 PC: 0x0b02
bnez r1, 26
INUM:       44 PC: 0x0b4e
jal 228
INUM:       45 PC: 0x0b6a REG: 7 VALUE: 0x0b6c
bnez r1, 10
INUM:       46 PC: 0x0c50
beqz r0, 0
INUM:       47 PC: 0x0c5c
bltz r2, 24
INUM:       48 PC: 0x0c5e
j 72
INUM:       49 PC: 0x0c78
bgez r3, 18
INUM:       50 PC: 0x0cc2
bnez r1, 22
INUM:       51 PC: 0x0cd6
bnez r1, 24
INUM:       52 PC: 0x0cee
j 36
INUM:       53 PC: 0x0d08
bgez r3, 26
INUM:       54 PC: 0x0d2e
bltz r2, 0
INUM:       55 PC: 0x0d4a
bnez r1, 30
INUM:       56 PC: 0x0d4c
beqz r0, 28
INUM:       57 PC: 0x0d6c
j 146
INUM:       58 PC: 0x0d8a
jal 126
INUM:       59 PC: 0x0e1e REG: 7 VALUE: 0x0e20
bltz r2, 26
INUM:       60 PC: 0x0e9e
bgez r3, 10
INUM:       61 PC: 0x0eba
j 194
INUM:       62 PC: 0x0ec6
beqz r0, 28
INUM:       63 PC: 0x0f8a
bltz r2, 24
INUM:       64 PC: 0x0fa8
jal 174
INUM:       65 PC: 0x0fc2 REG: 7 VALUE: 0x0fc4
bnez r1, 2
INUM:       66 PC: 0x1072
jal 150
INUM:       67 PC: 0x1076 REG: 7 VALUE: 0x1078
bnez r1, 0
INUM:       68 PC: 0x110e
bltz r2, 6
INUM:       69 PC: 0x1110
j 236
INUM:       70 PC: 0x1118
j 194
INUM:       71 PC: 0x1206
beqz r0, 22
INUM:       72 PC: 0x12ca
j 196
INUM:       73 PC: 0x12e2
j 88
INUM:       74 PC: 0x13a8
beqz r0, 30
INUM:       75 PC: 0x1402
j 210
INUM:       76 PC: 0x1422
bltz r2, 18
INUM:       77 PC: 0x14f6
bnez r1, 6
INUM:       78 PC: 0x150a
bnez r1, 18
INUM:       79 PC: 0x1512
j 116
INUM:       80 PC: 0x1526
bgez r3, 8
INUM:       81 PC: 0x159c
j 40
INUM:       82 PC: 0x15a6
jal 4
INUM:       83 PC: 0x15d0 REG: 7 VALUE: 0x15d2
j 140
INUM:       84 PC: 0x15d6
j 40
INUM:       85 PC: 0x1664
j 116
INUM:       86 PC: 0x168e
bltz r2, 28
INUM:       87 PC: 0x1704
bltz r2, 16
INUM:       88 PC: 0x1722
j 138
INUM:       89 PC: 0x1734
jal 140
INUM:       90 PC: 0x17c0 REG: 7 VALUE: 0x17c2
bnez r1, 14
INUM:       91 PC: 0x184e
jal 92
INUM:       92 PC: 0x185e REG: 7 VALUE: 0x1860
bgez r3, 4
INUM:       93 PC: 0x18bc
bnez r1, 26
INUM:       94 PC: 0x18c2
bgez r3, 2
INUM:       95 PC: 0x18de
beqz r0, 4
INUM:       96 PC: 0x18e2
bltz r2, 22
INUM:       97 PC: 0x18e8
j 96
INUM:       98 PC: 0x1900
beqz r0, 2
INUM:       99 PC: 0x1962
j 50
INUM:      100 PC: 0x1966
j 48
INUM:      101 PC: 0x199a
bgez r3, 24
INUM:      102 PC: 0x19cc
beqz r0, 10
INUM:      103 PC: 0x19e6
bgez r3, 14
INUM:      104 PC: 0x19f2
bgez r3, 2
INUM:      105 PC: 0x1a02
bgez r3, 6
INUM:      106 PC: 0x1a06
bltz r2, 8
INUM:      107 PC: 0x1a0e
j 220
INUM:      108 PC: 0x1a18
beqz r0, 26
INUM:      109 PC: 0x1af6
bgez r3, 16
INUM:      110 PC: 0x1b12
bgez r3, 16
INUM:      111 PC: 0x1b24
bltz r2, 22
INUM:      112 PC: 0x1b36
bltz r2, 28
INUM:      113 PC: 0x1b4e
bnez r1, 20
INUM:      114 PC: 0x1b6c
bltz r2, 30
INUM:      115 PC: 0x1b82
j 180
INUM:      116 PC: 0x1ba2
jal 100
INUM:      117 PC: 0x1c58 REG: 7 VALUE: 0x1c5a
beqz r0, 16
INUM:      118 PC: 0x1cbe
j 146
INUM:      119 PC: 0x1cd0
beqz r0, 22
INUM:      120 PC: 0x1d64
bnez r1, 4
INUM:      121 PC: 0x1d7c
jal 50
INUM:      122 PC: 0x1d82 REG: 7 VALUE: 0x1d84
j 64
INUM:      123 PC: 0x1db6
bgez r3, 12
INUM:      124 PC: 0x1df8
beqz r0, 22
INUM:      125 PC: 0x1e06
j 212
INUM:      126 PC: 0x1e1e
j 168
INUM:      127 PC: 0x1ef4
bgez r3, 4
INUM:      128 PC: 0x1f9e
jal 104
INUM:      129 PC: 0x1fa4 REG: 7 VALUE: 0x1fa6
jal 244
INUM:      130 PC: 0x200e REG: 7 VALUE: 0x2010
bgez r3, 22
INUM:      131 PC: 0x2104
bnez r1, 4
INUM:      132 PC: 0x211c
j 30
INUM:      133 PC: 0x2122
j 166
INUM:      134 PC: 0x2142
jal 24
INUM:      135 PC: 0x21ea REG: 7 VALUE: 0x21ec
bltz r2, 26
INUM:      136 PC: 0x2204
bgez r3, 14
INUM:      137 PC: 0x2220
j 206
INUM:      138 PC: 0x2230
j 64
INUM:      139 PC: 0x2300
bgez r3, 6
INUM:      140 PC: 0x2342
beqz r0, 20
INUM:      141 PC: 0x234a
bnez r1, 14
INUM:      142 PC: 0x2360
j 70
INUM:      143 PC: 0x2370
jal 6
INUM:      144 PC: 0x23b8 REG: 7 VALUE: 0x23ba
bgez r3, 28
INUM:      145 PC: 0x23c0
bltz r2, 2
INUM:      146 PC: 0x23de
bgez r3, 0
INUM:      147 PC: 0x23e2
beqz r0, 30
INUM:      148 PC: 0x23e4
bnez r1, 18
INUM:      149 PC: 0x2404
bltz r2, 26
INUM:      150 PC: 0x2418
j 150
INUM:      151 PC: 0x2434
j 116
INUM:      152 PC: 0x24cc
beqz r0, 20
INUM:      153 PC: 0x2542
bgez r3, 24
INUM:      154 PC: 0x2558
bltz r2, 2
INUM:      155 PC: 0x2572
j 222
INUM:      156 PC: 0x2576
bltz r2, 26
INUM:      157 PC: 0x2656
bltz r2, 28
INUM:      158 PC: 0x2672
bgez r3, 18
INUM:      159 PC: 0x2690
j 104
INUM:      160 PC: 0x26a4
jal 52
INUM:      161 PC: 0x270e REG: 7 VALUE: 0x2710
j 228
INUM:      162 PC: 0x2744
j 76
INUM:      163 PC: 0x282a
bnez r1, 10
INUM:      164 PC: 0x2878
j 198
INUM:      165 PC: 0x2884
j 26
INUM:      166 PC: 0x294c
j 6
INUM:      167 PC: 0x2968
bltz r2, 30
INUM:      168 PC: 0x2970
j 76
INUM:      169 PC: 0x2990
beqz r0, 0
INUM:      170 PC: 0x29de
j 220
INUM:      171 PC: 0x29e0
j 46
INUM:      172 PC: 0x2abe
j 212
INUM:      173 PC: 0x2aee
bnez r1, 22
INUM:      174 PC: 0x2bc4
jal 158
INUM:      175 PC: 0x2bdc REG: 7 VALUE: 0x2bde
bnez r1, 26
INUM:      176 PC: 0x2c7c
beqz r0, 30
INUM:      177 PC: 0x2c98
j 62
INUM:      178 PC: 0x2cb8
j 244
INUM:      179 PC: 0x2cf8
j 74
INUM:      180 PC: 0x2dee
jal 142
INUM:      181 PC: 0x2e3a REG: 7 VALUE: 0x2e3c
j 90
INUM:      182 PC: 0x2eca
beqz r0, 18
INUM:      183 PC: 0x2f26
bgez r3, 26
INUM:      184 PC: 0x2f3a
bgez r3, 0
INUM:      185 PC: 0x2f56
jal 16
INUM:      186 PC: 0x2f58 REG: 7 VALUE: 0x2f5a
j 244
INUM:      187 PC: 0x2f6a
bltz r2, 28
INUM:      188 PC: 0x3060
j 82
INUM:      189 PC: 0x307e
bltz r2, 0
INUM:      190 PC: 0x30d2
bgez r3, 6
INUM:      191 PC: 0x30d4
j 60
INUM:      192 PC: 0x30dc
bgez r3, 12
INUM:      193 PC: 0x311a
j 84
INUM:      194 PC: 0x3128
bgez r3, 16
INUM:      195 PC: 0x317e
bgez r3, 10
INUM:      196 PC: 0x3190
beqz r0, 12
INUM:      197 PC: 0x319c
j 72
INUM:      198 PC: 0x31aa
j 148
INUM:      199 PC: 0x31f4
beqz r0, 30
INUM:      200 PC: 0x328a
bgez r3, 24
INUM:      201 PC: 0x32aa
bgez r3, 14
INUM:      202 PC: 0x32c4
beqz r0, 10
INUM:      203 PC: 0x32d4
jal 6
INUM:      204 PC: 0x32e0 REG: 7 VALUE: 0x32e2
bgez r3, 24
INUM:      205 PC: 0x32e8
beqz r0, 30
INUM:      206 PC: 0x3302
beqz r0, 28
INUM:      207 PC: 0x3322
j 162
INUM:      208 PC: 0x3340
j 210
INUM:      209 PC: 0x33e4
jal 182
INUM:      210 PC: 0x34b8 REG: 7 VALUE: 0x34ba
bltz r2, 4
INUM:      211 PC: 0x3570
bltz r2, 8
INUM:      212 PC: 0x3576
bltz r2, 14
INUM:      213 PC: 0x3580
j 108
INUM:      214 PC: 0x3590
jal 116
INUM:      215 PC: 0x35fe REG: 7 VALUE: 0x3600
j 116
INUM:      216 PC: 0x3674
bnez r1, 24
INUM:      217 PC: 0x36ea
bltz r2, 28
INUM:      218 PC: 0x3704
bnez r1, 6
INUM:      219 PC: 0x3722
bgez r3, 18
INUM:      220 PC: 0x372a
j 32
INUM:      221 PC: 0x373e
bnez r1, 0
INUM:      222 PC: 0x3760
j 74
INUM:      223 PC: 0x3762
beqz r0, 18
INUM:      224 PC: 0x37ae
jal 110
INUM:      225 PC: 0x37c2 REG: 7 VALUE: 0x37c4
beqz r0, 20
INUM:      226 PC: 0x3832
j 212
INUM:      227 PC: 0x3848
j 22
INUM:      228 PC: 0x391e
j 244
INUM:      229 PC: 0x3936
jal 36
INUM:      230 PC: 0x3a2c REG: 7 VALUE: 0x3a2e
bnez r1, 28
INUM:      231 PC: 0x3a52
j 52
INUM:      232 PC: 0x3a70
jal 64
INUM:      233 PC: 0x3aa6 REG: 7 VALUE: 0x3aa8
beqz r0, 12
INUM:      234 PC: 0x3ae8
j 26
INUM:      235 PC: 0x3af6
bnez r1, 20
INUM:      236 PC: 0x3b12
j 174
INUM:      237 PC: 0x3b28
j 24
INUM:      238 PC: 0x3bd8
jal 62
INUM:      239 PC: 0x3bf2 REG: 7 VALUE: 0x3bf4
bltz r2, 20
INUM:      240 PC: 0x3c32
bgez r3, 20
INUM:      241 PC: 0x3c48
beqz r0, 12
INUM:      242 PC: 0x3c5e
j 36
INUM:      243 PC: 0x3c6c
j 72
INUM:      244 PC: 0x3c92
j 124
INUM:      245 PC: 0x3cdc
beqz r0, 8
INUM:      246 PC: 0x3d5a
j 108
INUM:      247 PC: 0x3d64
bltz r2, 12
INUM:      248 PC: 0x3dd2
bgez r3, 30
INUM:      249 PC: 0x3de0
j 148
INUM:      250 PC: 0x3e00
jal 240
INUM:      251 PC: 0x3e96 REG: 7 VALUE: 0x3e98
bnez r1, 6
INUM:      252 PC: 0x3f88
j 232
INUM:      253 PC: 0x3f90
bgez r3, 16
INUM:      254 PC: 0x407a
j 148
INUM:      255 PC: 0x408c
bgez r3, 14
INUM:      256 PC: 0x4122
beqz r0, 26
INUM:      257 PC: 0x4132
j 66
INUM:      258 PC: 0x414e
j 154
INUM:      259 PC: 0x4192
bnez r1, 30
INUM:      260 PC: 0x422e
bnez r1, 22
INUM:      261 PC: 0x424e
beqz r0, 4
INUM:      262 PC: 0x4266
bnez r1, 10
INUM:      263 PC: 0x426c
j 98
INUM:      264 PC: 0x4278
j 54
INUM:      265 PC: 0x42dc
bnez r1, 26
INUM:      266 PC: 0x4314
j 90
INUM:      267 PC: 0x4330
bnez r1, 0
INUM:      268 PC: 0x438c
bltz r2, 4
INUM:      269 PC: 0x438e
jal 68
INUM:      270 PC: 0x4394 REG: 7 VALUE: 0x4396
beqz r0, 30
INUM:      271 PC: 0x43da
bnez r1, 30
INUM:      272 PC: 0x43fa
bgez r3, 30
INUM:      273 PC: 0x441a
j 234
INUM:      274 PC: 0x443a
beqz r0, 8
INUM:      275 PC: 0x4526
j 20
INUM:      276 PC: 0x4530
bgez r3, 8
INUM:      277 PC: 0x4546
bgez r3, 26
INUM:      278 PC: 0x4550
j 184
INUM:      279 PC: 0x456c
bltz r2, 8
INUM:      280 PC: 0x4626
bgez r3, 4
INUM:      281 PC: 0x4630
bgez r3, 2
INUM:      282 PC: 0x4636
jal 178
INUM:      283 PC: 0x463a REG: 7 VALUE: 0x463c
j 202
INUM:      284 PC: 0x46ee
j 28
INUM:      285 PC: 0x47ba
bnez r1, 12
INUM:      286 PC: 0x47d8
j 124
INUM:      287 PC: 0x47e6
bgez r3, 22
INUM:      288 PC: 0x4864
bltz r2, 4
INUM:      289 PC: 0x487c
beqz r0, 2
INUM:      290 PC: 0x4882
bnez r1, 10
INUM:      291 PC: 0x4886
jal 86
INUM:      292 PC: 0x4892 REG: 7 VALUE: 0x4894
j 40
INUM:      293 PC: 0x48ea
j 34
INUM:      294 PC: 0x4914
bnez r1, 8
INUM:      295 PC: 0x4938
beqz r0, 8
INUM:      296 PC: 0x4942
jal 180
INUM:      297 PC: 0x494c REG: 7 VALUE: 0x494e
j 208
INUM:      298 PC: 0x4a02
bgez r3, 18
INUM:      299 PC: 0x4ad4
beqz r0, 18
INUM:      300 PC: 0x4ae8
j 152
INUM:      301 PC: 0x4afc
bgez r3, 26
INUM:      302 PC: 0x4b96
bgez r3, 24
INUM:      303 PC: 0x4bb2
bgez r3, 0
INUM:      304 PC: 0x4bcc
beqz r0, 20
INUM:      305 PC: 0x4bce
bnez r1, 8
INUM:      306 PC: 0x4be4
bnez r1, 4
INUM:      307 PC: 0x4bee
beqz r0, 0
INUM:      308 PC: 0x4bf4
bltz r2, 2
INUM:      309 PC: 0x4bf6
bltz r2, 10
INUM:      310 PC: 0x4bfa
beqz r0, 20
INUM:      311 PC: 0x4c06
jal 74
INUM:      312 PC: 0x4c1c REG: 7 VALUE: 0x4c1e
j 30
INUM:      313 PC: 0x4c68
bgez r3, 22
INUM:      314 PC: 0x4c88
j 104
INUM:      315 PC: 0x4ca0
j 224
INUM:      316 PC: 0x4d0a
j 134
INUM:      317 PC: 0x4dec
beqz r0, 20
INUM:      318 PC: 0x4e74
j 252
INUM:      319 PC: 0x4e8a
beqz r0, 24
INUM:      320 PC: 0x4f88
j 176
INUM:      321 PC: 0x4fa2
beqz r0, 24
INUM:      322 PC: 0x5054
beqz r0, 10
INUM:      323 PC: 0x506e
bgez r3, 8
INUM:      324 PC: 0x507a
jal 222
INUM:      325 PC: 0x5084 REG: 7 VALUE: 0x5086
j 162
INUM:      326 PC: 0x5164
j 84
INUM:      327 PC: 0x5208
bltz r2, 18
INUM:      328 PC: 0x525e
beqz r0, 26
INUM:      329 PC: 0x5272
bgez r3, 0
INUM:      330 PC: 0x528e
bltz r2, 10
INUM:      331 PC: 0x5290
j 16
INUM:      332 PC: 0x529c
bnez r1, 26
INUM:      333 PC: 0x52ae
bgez r3, 0
INUM:      334 PC: 0x52ca
bgez r3, 24
INUM:      335 PC: 0x52cc
j 32
INUM:      336 PC: 0x52e6
bltz r2, 28
INUM:      337 PC: 0x5308
bltz r2, 0
INUM:      338 PC: 0x5326
beqz r0, 14
INUM:      339 PC: 0x5328
bltz r2, 24
INUM:      340 PC: 0x5338
j 240
INUM:      341 PC: 0x5352
j 4
INUM:      342 PC: 0x5444
jal 238
INUM:      343 PC: 0x544a REG: 7 VALUE: 0x544c
beqz r0, 22
INUM:      344 PC: 0x553a
bnez r1, 20
INUM:      345 PC: 0x5552
bnez r1, 12
INUM:      346 PC: 0x5568
bgez r3, 20
INUM:      347 PC: 0x5576
beqz r0, 12
INUM:      348 PC: 0x558c
jal 246
INUM:      349 PC: 0x559a REG: 7 VALUE: 0x559c
beqz r0, 24
INUM:      350 PC: 0x5692
beqz r0, 20
INUM:      351 PC: 0x56ac
bnez r1, 30
INUM:      352 PC: 0x56c2
beqz r0, 24
INUM:      353 PC: 0x56e2
bnez r1, 6
INUM:      354 PC: 0x56fc
bltz r2, 16
INUM:      355 PC: 0x5704
j 72
INUM:      356 PC: 0x5716
bgez r3, 8
INUM:      357 PC: 0x5760
j 110
INUM:      358 PC: 0x576a
j 210
INUM:      359 PC: 0x57da
j 138
INUM:      360 PC: 0x58ae
bgez r3, 6
INUM:      361 PC: 0x593a
bgez r3, 16
INUM:      362 PC: 0x5942
jal 44
INUM:      363 PC: 0x5954 REG: 7 VALUE: 0x5956
bgez r3, 12
INUM:      364 PC: 0x5982
beqz r0, 22
INUM:      365 PC: 0x5990
jal 94
INUM:      366 PC: 0x59a8 REG: 7 VALUE: 0x59aa
bltz r2, 8
INUM:      367 PC: 0x5a08
bgez r3, 8
INUM:      368 PC: 0x5a12
j 128
INUM:      369 PC: 0x5a1c
bnez r1, 18
INUM:      370 PC: 0x5a9e
j 50
INUM:      371 PC: 0x5ab2
j 190
INUM:      372 PC: 0x5ae6
bgez r3, 28
INUM:      373 PC: 0x5ba6
j 246
INUM:      374 PC: 0x5bc4
j 44
INUM:      375 PC: 0x5cbc
jal 76
INUM:      376 PC: 0x5cea REG: 7 VALUE: 0x5cec
bgez r3, 2
INUM:      377 PC: 0x5d38
bnez r1, 0
INUM:      378 PC: 0x5d3c
j 208
INUM:      379 PC: 0x5d3e
beqz r0, 24
INUM:      380 PC: 0x5e10
j 62
INUM:      381 PC: 0x5e2a
bgez r3, 16
INUM:      382 PC: 0x5e6a
bnez r1, 6
INUM:      383 PC: 0x5e7c
j 230
INUM:      384 PC: 0x5e84
j 146
INUM:      385 PC: 0x5f6c
beqz r0, 2
INUM:      386 PC: 0x6000
j 242
INUM:      387 PC: 0x6004
jal 244
INUM:      388 PC: 0x60f8 REG: 7 VALUE: 0x60fa
j 254
INUM:      389 PC: 0x61ee
bnez r1, 28
INUM:      390 PC: 0x62ee
j 160
INUM:      391 PC: 0x630c
beqz r0, 30
INUM:      392 PC: 0x63ae
bgez r3, 0
INUM:      393 PC: 0x63ce
bltz r2, 16
INUM:      394 PC: 0x63d0
bltz r2, 12
INUM:      395 PC: 0x63e2
jal 250
INUM:      396 PC: 0x63f0 REG: 7 VALUE: 0x63f2
bltz r2, 16
INUM:      397 PC: 0x64ec
jal 44
INUM:      398 PC: 0x64fe REG: 7 VALUE: 0x6500
bltz r2, 16
INUM:      399 PC: 0x652c
j 114
INUM:      400 PC: 0x653e
j 222
INUM:      401 PC: 0x65b2
beqz r0, 30
INUM:      402 PC: 0x6692
j 82
INUM:      403 PC: 0x66b2
halt
program halted
INUM:      404 PC: 0x6706
Program Finished
