SIMLOG:: Cycle           4 PC: 00000000 I: 00000800 R: 0   0 00000000 M: 0 0 00000000 00000000
SIMLOG:: Cycle           5 PC: 00000000 I: 00000800 R: 0   0 00000000 M: 0 0 0000xxxx 00000000
SIMLOG:: Cycle           6 PC: 00000000 I: 00000800 R: 0   0 0000xxxx M: 0 0 0000xxxx 00000000
SIMLOG:: Cycle           7 PC: 00000000 I: 00000800 R: 0   x 0000xxxx M: 0 0 0000xxxx 00000000
SIMLOG:: Cycle           8 PC: 00000000 I: 00000800 R: 0   0 0000xxxx M: 0 0 0000xxxx 00000000
SIMLOG:: Cycle           9 PC: 00000000 I: 00000800 R: 0   0 0000xxxx M: 0 0 0000xxxx 00000000
SIMLOG:: Cycle          10 PC: 00000000 I: 00000800 R: 0   0 0000xxxx M: 0 0 0000xxxx 00000000
SIMLOG:: Cycle          11 PC: 00000000 I: 00000800 R: 0   0 0000xxxx M: 0 0 0000xxxx 00000000
SIMLOG:: Cycle          12 PC: 00000000 I: 00000800 R: 0   0 0000xxxx M: 0 0 0000xxxx 00000000
SIMLOG:: Cycle          13 PC: 00000000 I: 00000800 R: 0   0 0000xxxx M: 0 0 0000xxxx 00000000
SIMLOG:: Cycle          14 PC: 00000000 I: 0000c118 R: 0   0 0000xxxx M: 0 0 0000xxxx 00000000
SIMLOG:: Cycle          15 PC: 00000002 I: 00000800 R: 0   0 0000xxxx M: 0 0 0000xxxx 00000000
SIMLOG:: Cycle          16 PC: 00000002 I: 00005147 R: 0   0 0000xxxx M: 0 0 0000xxxx 00000000
SIMLOG:: Cycle          17 PC: 00000004 I: 00000800 R: 0   0 0000xxxx M: 0 0 00000018 00000000
SIMLOG:: Cycle          18 PC: 00000004 I: 00000000 R: 1   1 00000018 M: 0 0 0000xxxx 00000000
SIMLOG:: Cycle          19 PC: 00000006 I: 00000800 R: 0   0 0000xxxx M: 0 0 0000001f 00000000
SIMLOG:: Cycle          20 PC: 00000006 I: 00000000 R: 1   2 0000001f M: 0 0 0000xxxx 00000000
SIMLOG:: Cycle          21 PC: 00000008 I: 00000800 R: 0   0 0000xxxx M: 0 0 0000xxxx 00000000
SIMLOG:: Cycle          22 PC: 00000008 I: 00000800 R: 0   0 0000xxxx M: 0 0 0000xxxx 00000000
SIMLOG:: Processor halted

SIMLOG:: sim_cycles          22

SIMLOG:: inst_count           3

SIMLOG:: dcachehit_count           0

SIMLOG:: icachehit_count           3

SIMLOG:: dcachereq_count           0

SIMLOG:: icachereq_count           4

