INUM:        0 PC: 0x0000 REG: 0 VALUE: 0x0005
INUM:        1 PC: 0x0002 REG: 0 VALUE: 0x0000
INUM:        2 PC: 0x0004
INUM:        3 PC: 0x000a REG: 1 VALUE: 0xffff
INUM:        4 PC: 0x000c REG: 2 VALUE: 0x0001
INUM:        5 PC: 0x000e
INUM:        6 PC: 0x0014 REG: 3 VALUE: 0x0000
INUM:        7 PC: 0x0016 REG: 3 VALUE: 0x0056
INUM:        8 PC: 0x0018 REG: 4 VALUE: 0x0000
INUM:        9 PC: 0x001a REG: 4 VALUE: 0x005a
INUM:       10 PC: 0x001c ADDR: 0x0056 VALUE: 0x005a
INUM:       11 PC: 0x001e REG: 5 VALUE: 0x0055
INUM:       12 PC: 0x0020 REG: 5 VALUE: 0xaa00
INUM:       13 PC: 0x0022 ADDR: 0x005a VALUE: 0xaa00
INUM:       14 PC: 0x0024 REG: 3 VALUE: 0x0055
INUM:       15 PC: 0x0026 REG: 6 VALUE: 0x005a ADDR: 0x0056
INUM:       16 PC: 0x0028 REG: 7 VALUE: 0xaa00 ADDR: 0x005a
INUM:       17 PC: 0x002a REG: 6 VALUE: 0x005c ADDR: 0x005c VALUE: 0xaa00
INUM:       18 PC: 0x002c REG: 6 VALUE: 0x005e
INUM:       19 PC: 0x002e REG: 6 VALUE: 0x0060 ADDR: 0x0060 VALUE: 0xaa00
INUM:       20 PC: 0x0030 REG: 0 VALUE: 0x0000
INUM:       21 PC: 0x0032 REG: 7 VALUE: 0x0034
INUM:       22 PC: 0x0048 REG: 7 VALUE: 0x004a
INUM:       23 PC: 0x0036 REG: 7 VALUE: 0x0038
INUM:       24 PC: 0x004e
