SIMLOG:: Cycle           4 PC: 00000000 I: 0000c005 R: 0   0 00000000 M: 0 0 00000000 00000000
SIMLOG:: Cycle           5 PC: 00000002 I: 0000401b R: 0   0 00000000 M: 0 0 0000xxxx 00000000
SIMLOG:: Cycle           6 PC: 00000004 I: 00006004 R: 0   0 0000xxxx M: 0 0 0000xxxx 00000000
SIMLOG:: Cycle           7 PC: 00000004 I: 00006004 R: 0   x 0000xxxx M: 0 0 00000005 00000000
SIMLOG:: Cycle           8 PC: 00000004 I: 00006004 R: 1   0 00000005 M: 0 0 0000xxxx 00000000
SIMLOG:: Cycle           9 PC: 00000004 I: 00006004 R: 0   0 0000xxxx M: 0 0 0000xxxx 00000000
SIMLOG:: Cycle          10 PC: 00000006 I: 00000000 R: 0   0 0000xxxx M: 0 0 0000xxxx 00000005
SIMLOG:: Cycle          11 PC: 00000006 I: 00000000 R: 0   0 0000xxxx M: 0 0 00000000 00000005
SIMLOG:: Cycle          12 PC: 00000006 I: 00000000 R: 1   0 00000000 M: 0 0 0000xxxx 00000005
SIMLOG:: Cycle          13 PC: 00000006 I: 00000000 R: 0   0 0000xxxx M: 0 0 0000xxxx 00000005
SIMLOG:: Cycle          14 PC: 00000008 I: 00000000 R: 0   0 0000xxxx M: 0 0 0000xxxx 00000000
SIMLOG:: Cycle          15 PC: 00000008 I: 00000000 R: 0   0 0000xxxx M: 0 0 00000000 00000000
SIMLOG:: Cycle          16 PC: 0000000a I: 0000c1ff R: 0   0 00000000 M: 0 0 0000xxxx 00000000
SIMLOG:: Cycle          17 PC: 0000000c I: 0000e908 R: 0   0 0000xxxx M: 0 0 0000xxxx 00000000
SIMLOG:: Cycle          18 PC: 0000000e I: 00006a04 R: 0   0 0000xxxx M: 0 0 0000xxxx 00000000
SIMLOG:: Cycle          19 PC: 0000000e I: 00006a04 R: 0   0 0000xxxx M: 0 0 0000ffff 00000000
SIMLOG:: Cycle          20 PC: 0000000e I: 00006a04 R: 1   1 0000ffff M: 0 0 0000xxxx 00000000
SIMLOG:: Cycle          21 PC: 0000000e I: 00006a04 R: 0   0 0000xxxx M: 0 0 0000xxxx 00000000
SIMLOG:: Cycle          22 PC: 00000010 I: 00008000 R: 0   0 0000xxxx M: 0 0 0000xxxx 00000000
SIMLOG:: Cycle          23 PC: 00000010 I: 00008000 R: 0   0 0000xxxx M: 0 0 00000001 00000000
SIMLOG:: Cycle          24 PC: 00000010 I: 00008000 R: 1   2 00000001 M: 0 0 0000xxxx 00000000
SIMLOG:: Cycle          25 PC: 00000010 I: 00008000 R: 0   0 0000xxxx M: 0 0 0000xxxx 00000000
SIMLOG:: Cycle          26 PC: 00000012 I: 00000000 R: 0   0 0000xxxx M: 0 0 0000xxxx 00000000
SIMLOG:: Cycle          27 PC: 00000012 I: 00000000 R: 0   0 0000xxxx M: 0 0 00000001 00000000
SIMLOG:: Cycle          28 PC: 00000014 I: 0000c300 R: 0   2 00000001 M: 0 0 0000xxxx 00000000
SIMLOG:: Cycle          29 PC: 00000016 I: 00009356 R: 0   0 0000xxxx M: 0 0 0000xxxx 00000000
SIMLOG:: Cycle          30 PC: 00000018 I: 0000c400 R: 0   0 0000xxxx M: 0 0 0000xxxx 00000000
SIMLOG:: Cycle          31 PC: 00000018 I: 0000c400 R: 0   0 0000xxxx M: 0 0 00000000 00000000
SIMLOG:: Cycle          32 PC: 00000018 I: 0000c400 R: 1   3 00000000 M: 0 0 0000xxxx 00000001
SIMLOG:: Cycle          33 PC: 00000018 I: 0000c400 R: 0   0 0000xxxx M: 0 0 0000xxxx 00000001
SIMLOG:: Cycle          34 PC: 0000001a I: 0000945a R: 0   0 0000xxxx M: 0 0 0000xxxx 00000001
SIMLOG:: Cycle          35 PC: 0000001c I: 00008380 R: 0   0 0000xxxx M: 0 0 00000056 00000001
SIMLOG:: Cycle          36 PC: 0000001c I: 00008380 R: 1   3 00000056 M: 0 0 00000000 00000000
SIMLOG:: Cycle          37 PC: 0000001c I: 00008380 R: 1   4 00000000 M: 0 0 0000xxxx 00000001
SIMLOG:: Cycle          38 PC: 0000001c I: 00008380 R: 0   0 0000xxxx M: 0 0 0000xxxx 00000001
SIMLOG:: Cycle          39 PC: 0000001e I: 0000c555 R: 0   0 0000xxxx M: 0 0 0000xxxx 00000001
SIMLOG:: Cycle          40 PC: 0000001e I: 0000c555 R: 0   0 0000xxxx M: 0 0 0000005a 00000001
SIMLOG:: Cycle          41 PC: 0000001e I: 0000c555 R: 1   4 0000005a M: 0 0 0000xxxx 00000000
SIMLOG:: Cycle          42 PC: 0000001e I: 0000c555 R: 0   0 0000xxxx M: 0 0 0000xxxx 00000000
SIMLOG:: Cycle          43 PC: 00000020 I: 0000ada9 R: 0   0 0000xxxx M: 0 0 0000xxxx 0000005a
SIMLOG:: Cycle          44 PC: 00000022 I: 000084a0 R: 0   0 0000xxxx M: 0 1 00000056 0000005a
SIMLOG:: Cycle          45 PC: 00000022 I: 000084a0 R: 0   3 00000056 M: 0 0 00000055 00000001
SIMLOG:: Cycle          46 PC: 00000022 I: 000084a0 R: 1   5 00000055 M: 0 0 0000xxxx 00000000
SIMLOG:: Cycle          47 PC: 00000022 I: 000084a0 R: 0   0 0000xxxx M: 0 0 0000xxxx 00000000
SIMLOG:: Cycle          48 PC: 00000024 I: 0000437f R: 0   0 0000xxxx M: 0 0 0000xxxx 00000055
SIMLOG:: Cycle          49 PC: 00000024 I: 0000437f R: 0   0 0000xxxx M: 0 0 0000aa00 00000055
SIMLOG:: Cycle          50 PC: 00000024 I: 0000437f R: 1   5 0000aa00 M: 0 0 0000xxxx 00000055
SIMLOG:: Cycle          51 PC: 00000024 I: 0000437f R: 0   0 0000xxxx M: 0 0 0000xxxx 00000055
SIMLOG:: Cycle          52 PC: 00000026 I: 00008bc1 R: 0   0 0000xxxx M: 0 0 0000xxxx 0000aa00
SIMLOG:: Cycle          53 PC: 00000028 I: 00008ee0 R: 0   0 0000xxxx M: 0 1 0000005a 0000aa00
SIMLOG:: Cycle          54 PC: 00000028 I: 00008ee0 R: 0   4 0000005a M: 0 0 00000055 00000056
SIMLOG:: Cycle          55 PC: 00000028 I: 00008ee0 R: 1   3 00000055 M: 0 0 0000xxxx 00000000
SIMLOG:: Cycle          56 PC: 00000028 I: 00008ee0 R: 0   0 0000xxxx M: 0 0 0000xxxx 00000000
SIMLOG:: Cycle          57 PC: 0000002a I: 00009ee2 R: 0   0 0000xxxx M: 0 0 0000xxxx 00000000
SIMLOG:: Cycle          58 PC: 0000002a I: 00009ee2 R: 0   0 0000xxxx M: 1 0 00000056 00000000
SIMLOG:: Cycle          59 PC: 0000002a I: 00009ee2 R: 1   6 0000005a M: 0 0 0000xxxx 00000000
SIMLOG:: Cycle          60 PC: 0000002a I: 00009ee2 R: 0   0 0000xxxx M: 0 0 0000xxxx 00000000
SIMLOG:: Cycle          61 PC: 0000002c I: 000046c2 R: 0   0 0000xxxx M: 0 0 0000xxxx 00000000
SIMLOG:: Cycle          62 PC: 0000002c I: 000046c2 R: 0   0 0000xxxx M: 1 0 0000005a 00000000
SIMLOG:: Cycle          63 PC: 0000002c I: 000046c2 R: 1   7 0000aa00 M: 0 0 0000xxxx 00000000
SIMLOG:: Cycle          64 PC: 0000002c I: 000046c2 R: 0   0 0000xxxx M: 0 0 0000xxxx 00000000
SIMLOG:: Cycle          65 PC: 0000002e I: 00009ee2 R: 0   0 0000xxxx M: 0 0 0000xxxx 0000aa00
SIMLOG:: Cycle          66 PC: 0000002e I: 00009ee2 R: 0   0 0000xxxx M: 0 1 0000005c 0000aa00
SIMLOG:: Cycle          67 PC: 0000002e I: 00009ee2 R: 1   6 0000005c M: 0 0 0000xxxx 0000005a
SIMLOG:: Cycle          68 PC: 0000002e I: 00009ee2 R: 0   0 0000xxxx M: 0 0 0000xxxx 0000005a
SIMLOG:: Cycle          69 PC: 00000030 I: 0000c000 R: 0   0 0000xxxx M: 0 0 0000xxxx 0000005c
SIMLOG:: Cycle          70 PC: 00000030 I: 0000c000 R: 0   0 0000xxxx M: 0 0 0000005e 0000005c
SIMLOG:: Cycle          71 PC: 00000030 I: 0000c000 R: 1   6 0000005e M: 0 0 0000xxxx 0000aa00
SIMLOG:: Cycle          72 PC: 00000030 I: 0000c000 R: 0   0 0000xxxx M: 0 0 0000xxxx 0000aa00
SIMLOG:: Cycle          73 PC: 00000032 I: 00003014 R: 0   0 0000xxxx M: 0 0 0000xxxx 0000aa00
SIMLOG:: Cycle          74 PC: 00000034 I: 00000000 R: 0   0 0000xxxx M: 0 1 00000060 0000aa00
SIMLOG:: Cycle          75 PC: 00000036 I: 00003f04 R: 1   6 00000060 M: 0 0 00000000 00000000
SIMLOG:: Cycle          76 PC: 00000036 I: 00003f04 R: 1   0 00000000 M: 0 0 00000000 00000000
SIMLOG:: Cycle          77 PC: 00000048 I: 00003f02 R: 1   7 00000034 M: 0 0 0000xxxx 00000000
SIMLOG:: Cycle          78 PC: 00000048 I: 00003f02 R: 0   0 0000xxxx M: 0 0 0000xxxx 00000000
SIMLOG:: Cycle          79 PC: 0000004a I: 000080e0 R: 0   0 0000xxxx M: 0 0 0000xxxx 00000000
SIMLOG:: Cycle          80 PC: 0000004c I: 00000000 R: 0   0 0000xxxx M: 0 0 0000xxxx 00000000
SIMLOG:: Cycle          81 PC: 0000004c I: 00000000 R: 0   0 0000xxxx M: 0 0 00000034 00000000
SIMLOG:: Cycle          82 PC: 0000004c I: 00000000 R: 1   7 0000004a M: 0 0 0000xxxx 00000000
SIMLOG:: Cycle          83 PC: 00000036 I: 00003f04 R: 0   0 0000xxxx M: 0 0 0000xxxx 00000000
SIMLOG:: Cycle          84 PC: 00000038 I: 00000000 R: 0   0 0000xxxx M: 0 0 0000xxxx 00000000
SIMLOG:: Cycle          85 PC: 0000003a I: 00000000 R: 0   0 0000xxxx M: 0 0 0000xxxx 00000000
SIMLOG:: Cycle          86 PC: 0000003a I: 00000000 R: 0   0 0000xxxx M: 0 0 0000004a 00000000
SIMLOG:: Cycle          87 PC: 0000003a I: 00000000 R: 1   7 00000038 M: 0 0 0000xxxx 00000000
SIMLOG:: Cycle          88 PC: 0000004e I: 00000000 R: 0   0 0000xxxx M: 0 0 0000xxxx 00000000
SIMLOG:: Cycle          89 PC: 00000050 I: 00009ee2 R: 0   0 0000xxxx M: 0 0 0000xxxx 00000000
SIMLOG:: Cycle          90 PC: 00000052 I: 00000000 R: 0   0 0000xxxx M: 0 0 0000xxxx 00000000
SIMLOG:: Cycle          91 PC: 00000054 I: 00000000 R: 0   0 0000xxxx M: 0 0 0000xxxx 00000000
SIMLOG:: Cycle          92 PC: 00000056 I: 00000000 R: 0   0 0000xxxx M: 0 0 00000062 00000038
SIMLOG:: Processor halted

SIMLOG:: sim_cycles          92

SIMLOG:: inst_count          25

SIMLOG:: dcachehit_count           0

SIMLOG:: icachehit_count           0

SIMLOG:: dcachereq_count           0

SIMLOG:: icachereq_count           0

