/u/k/a/karu//courses/cs552/spring2013/handouts/testprograms/public/inst_tests/add_0.asm SUCCESS CPI:3.6 CYCLES:29 ICOUNT:8 IHITRATE: 0 DHITRATE: 0
/u/k/a/karu//courses/cs552/spring2013/handouts/testprograms/public/inst_tests/add_1.asm SUCCESS CPI:4.3 CYCLES:13 ICOUNT:3 IHITRATE: 0 DHITRATE: 0
/u/k/a/karu//courses/cs552/spring2013/handouts/testprograms/public/inst_tests/add_2.asm SUCCESS CPI:4.3 CYCLES:13 ICOUNT:3 IHITRATE: 0 DHITRATE: 0
/u/k/a/karu//courses/cs552/spring2013/handouts/testprograms/public/inst_tests/addi_0.asm SUCCESS CPI:6.0 CYCLES:12 ICOUNT:2 IHITRATE: 0 DHITRATE: 0
/u/k/a/karu//courses/cs552/spring2013/handouts/testprograms/public/inst_tests/addi_1.asm SUCCESS CPI:6.0 CYCLES:12 ICOUNT:2 IHITRATE: 0 DHITRATE: 0
/u/k/a/karu//courses/cs552/spring2013/handouts/testprograms/public/inst_tests/addi_2.asm SUCCESS CPI:6.0 CYCLES:12 ICOUNT:2 IHITRATE: 0 DHITRATE: 0
/u/k/a/karu//courses/cs552/spring2013/handouts/testprograms/public/inst_tests/addi_3.asm SUCCESS CPI:5.3 CYCLES:16 ICOUNT:3 IHITRATE: 0 DHITRATE: 0
/u/k/a/karu//courses/cs552/spring2013/handouts/testprograms/public/inst_tests/andn_0.asm SUCCESS CPI:4.2 CYCLES:21 ICOUNT:5 IHITRATE: 0 DHITRATE: 0
/u/k/a/karu//courses/cs552/spring2013/handouts/testprograms/public/inst_tests/andn_1.asm SUCCESS CPI:4.2 CYCLES:21 ICOUNT:5 IHITRATE: 0 DHITRATE: 0
/u/k/a/karu//courses/cs552/spring2013/handouts/testprograms/public/inst_tests/andn_2.asm SUCCESS CPI:6.0 CYCLES:12 ICOUNT:2 IHITRATE: 0 DHITRATE: 0
/u/k/a/karu//courses/cs552/spring2013/handouts/testprograms/public/inst_tests/andni_0.asm SUCCESS CPI:6.0 CYCLES:12 ICOUNT:2 IHITRATE: 0 DHITRATE: 0
/u/k/a/karu//courses/cs552/spring2013/handouts/testprograms/public/inst_tests/andni_1.asm SUCCESS CPI:6.0 CYCLES:12 ICOUNT:2 IHITRATE: 0 DHITRATE: 0
/u/k/a/karu//courses/cs552/spring2013/handouts/testprograms/public/inst_tests/andni_2.asm SUCCESS CPI:6.0 CYCLES:12 ICOUNT:2 IHITRATE: 0 DHITRATE: 0
/u/k/a/karu//courses/cs552/spring2013/handouts/testprograms/public/inst_tests/andni_3.asm SUCCESS CPI:6.0 CYCLES:12 ICOUNT:2 IHITRATE: 0 DHITRATE: 0
/u/k/a/karu//courses/cs552/spring2013/handouts/testprograms/public/inst_tests/andni_4.asm SUCCESS CPI:6.0 CYCLES:12 ICOUNT:2 IHITRATE: 0 DHITRATE: 0
/u/k/a/karu//courses/cs552/spring2013/handouts/testprograms/public/inst_tests/beqz_0.asm SUCCESS CPI:4.1 CYCLES:37 ICOUNT:9 IHITRATE: 0 DHITRATE: 0
/u/k/a/karu//courses/cs552/spring2013/handouts/testprograms/public/inst_tests/bltz_0.asm SUCCESS CPI:8.5 CYCLES:17 ICOUNT:2 IHITRATE: 0 DHITRATE: 0
/u/k/a/karu//courses/cs552/spring2013/handouts/testprograms/public/inst_tests/bltz_1.asm SUCCESS CPI:5.6 CYCLES:17 ICOUNT:3 IHITRATE: 0 DHITRATE: 0
/u/k/a/karu//courses/cs552/spring2013/handouts/testprograms/public/inst_tests/bltz_2.asm SUCCESS CPI:5.6 CYCLES:17 ICOUNT:3 IHITRATE: 0 DHITRATE: 0
/u/k/a/karu//courses/cs552/spring2013/handouts/testprograms/public/inst_tests/bltz_3.asm SUCCESS CPI:10.9 CYCLES:22 ICOUNT:2 IHITRATE: 0 DHITRATE: 0
/u/k/a/karu//courses/cs552/spring2013/handouts/testprograms/public/inst_tests/bnez_0.asm SUCCESS CPI:8.0 CYCLES:16 ICOUNT:2 IHITRATE: 0 DHITRATE: 0
/u/k/a/karu//courses/cs552/spring2013/handouts/testprograms/public/inst_tests/bnez_2.asm SUCCESS CPI:8.0 CYCLES:16 ICOUNT:2 IHITRATE: 0 DHITRATE: 0
/u/k/a/karu//courses/cs552/spring2013/handouts/testprograms/public/inst_tests/bnez_3.asm SUCCESS CPI:8.0 CYCLES:16 ICOUNT:2 IHITRATE: 0 DHITRATE: 0
/u/k/a/karu//courses/cs552/spring2013/handouts/testprograms/public/inst_tests/bnez_4.asm SUCCESS CPI:8.0 CYCLES:16 ICOUNT:2 IHITRATE: 0 DHITRATE: 0
/u/k/a/karu//courses/cs552/spring2013/handouts/testprograms/public/inst_tests/bnez_5.asm SUCCESS CPI:7.3 CYCLES:22 ICOUNT:3 IHITRATE: 0 DHITRATE: 0
/u/k/a/karu//courses/cs552/spring2013/handouts/testprograms/public/inst_tests/bnez_6.asm SUCCESS CPI:8.5 CYCLES:17 ICOUNT:2 IHITRATE: 0 DHITRATE: 0
/u/k/a/karu//courses/cs552/spring2013/handouts/testprograms/public/inst_tests/btr_0.asm SUCCESS CPI:5.3 CYCLES:16 ICOUNT:3 IHITRATE: 0 DHITRATE: 0
/u/k/a/karu//courses/cs552/spring2013/handouts/testprograms/public/inst_tests/btr_1.asm SUCCESS CPI:5.3 CYCLES:16 ICOUNT:3 IHITRATE: 0 DHITRATE: 0
/u/k/a/karu//courses/cs552/spring2013/handouts/testprograms/public/inst_tests/btr_2.asm SUCCESS CPI:5.3 CYCLES:16 ICOUNT:3 IHITRATE: 0 DHITRATE: 0
/u/k/a/karu//courses/cs552/spring2013/handouts/testprograms/public/inst_tests/btr_3.asm SUCCESS CPI:5.3 CYCLES:16 ICOUNT:3 IHITRATE: 0 DHITRATE: 0
/u/k/a/karu//courses/cs552/spring2013/handouts/testprograms/public/inst_tests/btr_4.asm SUCCESS CPI:5.3 CYCLES:16 ICOUNT:3 IHITRATE: 0 DHITRATE: 0
/u/k/a/karu//courses/cs552/spring2013/handouts/testprograms/public/inst_tests/btr_5.asm SUCCESS CPI:5.3 CYCLES:16 ICOUNT:3 IHITRATE: 0 DHITRATE: 0
/u/k/a/karu//courses/cs552/spring2013/handouts/testprograms/public/inst_tests/btr_6.asm SUCCESS CPI:5.3 CYCLES:16 ICOUNT:3 IHITRATE: 0 DHITRATE: 0
/u/k/a/karu//courses/cs552/spring2013/handouts/testprograms/public/inst_tests/btr_7.asm SUCCESS CPI:5.3 CYCLES:16 ICOUNT:3 IHITRATE: 0 DHITRATE: 0
/u/k/a/karu//courses/cs552/spring2013/handouts/testprograms/public/inst_tests/btr_8.asm SUCCESS CPI:5.3 CYCLES:16 ICOUNT:3 IHITRATE: 0 DHITRATE: 0
/u/k/a/karu//courses/cs552/spring2013/handouts/testprograms/public/inst_tests/j_0.asm SUCCESS CPI:6.6 CYCLES:20 ICOUNT:3 IHITRATE: 0 DHITRATE: 0
/u/k/a/karu//courses/cs552/spring2013/handouts/testprograms/public/inst_tests/j_1.asm SUCCESS CPI:6.6 CYCLES:20 ICOUNT:3 IHITRATE: 0 DHITRATE: 0
/u/k/a/karu//courses/cs552/spring2013/handouts/testprograms/public/inst_tests/j_2.asm SUCCESS CPI:12.9 CYCLES:13 ICOUNT:1 IHITRATE: 0 DHITRATE: 0
/u/k/a/karu//courses/cs552/spring2013/handouts/testprograms/public/inst_tests/j_3.asm SUCCESS CPI:11.9 CYCLES:12 ICOUNT:1 IHITRATE: 0 DHITRATE: 0
/u/k/a/karu//courses/cs552/spring2013/handouts/testprograms/public/inst_tests/j_4.asm SUCCESS CPI:9.6 CYCLES:48 ICOUNT:5 IHITRATE: 0 DHITRATE: 0
/u/k/a/karu//courses/cs552/spring2013/handouts/testprograms/public/inst_tests/jal_0.asm SUCCESS CPI:6.5 CYCLES:13 ICOUNT:2 IHITRATE: 0 DHITRATE: 0
/u/k/a/karu//courses/cs552/spring2013/handouts/testprograms/public/inst_tests/jal_1.asm SUCCESS CPI:6.6 CYCLES:20 ICOUNT:3 IHITRATE: 0 DHITRATE: 0
/u/k/a/karu//courses/cs552/spring2013/handouts/testprograms/public/inst_tests/jal_10.asm SUCCESS CPI:6.0 CYCLES:12 ICOUNT:2 IHITRATE: 0 DHITRATE: 0
/u/k/a/karu//courses/cs552/spring2013/handouts/testprograms/public/inst_tests/jal_11.asm SUCCESS CPI:3.8 CYCLES:23 ICOUNT:6 IHITRATE: 0 DHITRATE: 0
/u/k/a/karu//courses/cs552/spring2013/handouts/testprograms/public/inst_tests/jal_12.asm SUCCESS CPI:5.5 CYCLES:22 ICOUNT:4 IHITRATE: 0 DHITRATE: 0
/u/k/a/karu//courses/cs552/spring2013/handouts/testprograms/public/inst_tests/jal_15.asm SUCCESS CPI:6.0 CYCLES:12 ICOUNT:2 IHITRATE: 0 DHITRATE: 0
/u/k/a/karu//courses/cs552/spring2013/handouts/testprograms/public/inst_tests/jal_16.asm SUCCESS CPI:6.0 CYCLES:12 ICOUNT:2 IHITRATE: 0 DHITRATE: 0
/u/k/a/karu//courses/cs552/spring2013/handouts/testprograms/public/inst_tests/jal_17.asm SUCCESS CPI:5.6 CYCLES:17 ICOUNT:3 IHITRATE: 0 DHITRATE: 0
/u/k/a/karu//courses/cs552/spring2013/handouts/testprograms/public/inst_tests/jal_19.asm SUCCESS CPI:3.8 CYCLES:19 ICOUNT:5 IHITRATE: 0 DHITRATE: 0
/u/k/a/karu//courses/cs552/spring2013/handouts/testprograms/public/inst_tests/jal_2.asm SUCCESS CPI:6.5 CYCLES:13 ICOUNT:2 IHITRATE: 0 DHITRATE: 0
/u/k/a/karu//courses/cs552/spring2013/handouts/testprograms/public/inst_tests/jal_22.asm SUCCESS CPI:6.0 CYCLES:12 ICOUNT:2 IHITRATE: 0 DHITRATE: 0
/u/k/a/karu//courses/cs552/spring2013/handouts/testprograms/public/inst_tests/jal_24.asm SUCCESS CPI:6.0 CYCLES:12 ICOUNT:2 IHITRATE: 0 DHITRATE: 0
/u/k/a/karu//courses/cs552/spring2013/handouts/testprograms/public/inst_tests/jal_25.asm SUCCESS CPI:6.0 CYCLES:12 ICOUNT:2 IHITRATE: 0 DHITRATE: 0
/u/k/a/karu//courses/cs552/spring2013/handouts/testprograms/public/inst_tests/jal_26.asm SUCCESS CPI:4.2 CYCLES:25 ICOUNT:6 IHITRATE: 0 DHITRATE: 0
/u/k/a/karu//courses/cs552/spring2013/handouts/testprograms/public/inst_tests/jal_27.asm SUCCESS CPI:4.7 CYCLES:19 ICOUNT:4 IHITRATE: 0 DHITRATE: 0
/u/k/a/karu//courses/cs552/spring2013/handouts/testprograms/public/inst_tests/jal_28.asm SUCCESS CPI:6.0 CYCLES:12 ICOUNT:2 IHITRATE: 0 DHITRATE: 0
/u/k/a/karu//courses/cs552/spring2013/handouts/testprograms/public/inst_tests/jal_29.asm SUCCESS CPI:6.0 CYCLES:12 ICOUNT:2 IHITRATE: 0 DHITRATE: 0
/u/k/a/karu//courses/cs552/spring2013/handouts/testprograms/public/inst_tests/jal_3.asm SUCCESS CPI:6.5 CYCLES:13 ICOUNT:2 IHITRATE: 0 DHITRATE: 0
/u/k/a/karu//courses/cs552/spring2013/handouts/testprograms/public/inst_tests/jal_30.asm SUCCESS CPI:6.8 CYCLES:48 ICOUNT:7 IHITRATE: 0 DHITRATE: 0
/u/k/a/karu//courses/cs552/spring2013/handouts/testprograms/public/inst_tests/jal_31.asm SUCCESS CPI:5.5 CYCLES:22 ICOUNT:4 IHITRATE: 0 DHITRATE: 0
/u/k/a/karu//courses/cs552/spring2013/handouts/testprograms/public/inst_tests/jal_32.asm SUCCESS CPI:6.0 CYCLES:12 ICOUNT:2 IHITRATE: 0 DHITRATE: 0
/u/k/a/karu//courses/cs552/spring2013/handouts/testprograms/public/inst_tests/jal_33.asm SUCCESS CPI:6.0 CYCLES:12 ICOUNT:2 IHITRATE: 0 DHITRATE: 0
/u/k/a/karu//courses/cs552/spring2013/handouts/testprograms/public/inst_tests/jal_35.asm SUCCESS CPI:3.7 CYCLES:15 ICOUNT:4 IHITRATE: 0 DHITRATE: 0
/u/k/a/karu//courses/cs552/spring2013/handouts/testprograms/public/inst_tests/jal_36.asm SUCCESS CPI:3.2 CYCLES:26 ICOUNT:8 IHITRATE: 0 DHITRATE: 0
/u/k/a/karu//courses/cs552/spring2013/handouts/testprograms/public/inst_tests/jal_4.asm SUCCESS CPI:4.7 CYCLES:14 ICOUNT:3 IHITRATE: 0 DHITRATE: 0
/u/k/a/karu//courses/cs552/spring2013/handouts/testprograms/public/inst_tests/jal_5.asm SUCCESS CPI:6.2 CYCLES:25 ICOUNT:4 IHITRATE: 0 DHITRATE: 0
/u/k/a/karu//courses/cs552/spring2013/handouts/testprograms/public/inst_tests/jal_6.asm SUCCESS CPI:4.6 CYCLES:23 ICOUNT:5 IHITRATE: 0 DHITRATE: 0
/u/k/a/karu//courses/cs552/spring2013/handouts/testprograms/public/inst_tests/jal_8.asm SUCCESS CPI:6.5 CYCLES:13 ICOUNT:2 IHITRATE: 0 DHITRATE: 0
/u/k/a/karu//courses/cs552/spring2013/handouts/testprograms/public/inst_tests/jalr_0.asm SUCCESS CPI:6.6 CYCLES:20 ICOUNT:3 IHITRATE: 0 DHITRATE: 0
/u/k/a/karu//courses/cs552/spring2013/handouts/testprograms/public/inst_tests/jalr_1.asm SUCCESS CPI:6.0 CYCLES:18 ICOUNT:3 IHITRATE: 0 DHITRATE: 0
/u/k/a/karu//courses/cs552/spring2013/handouts/testprograms/public/inst_tests/jalr_11.asm SUCCESS CPI:3.1 CYCLES:25 ICOUNT:8 IHITRATE: 0 DHITRATE: 0
/u/k/a/karu//courses/cs552/spring2013/handouts/testprograms/public/inst_tests/jalr_12.asm SUCCESS CPI:5.5 CYCLES:22 ICOUNT:4 IHITRATE: 0 DHITRATE: 0
/u/k/a/karu//courses/cs552/spring2013/handouts/testprograms/public/inst_tests/jalr_13.asm SUCCESS CPI:5.5 CYCLES:22 ICOUNT:4 IHITRATE: 0 DHITRATE: 0
/u/k/a/karu//courses/cs552/spring2013/handouts/testprograms/public/inst_tests/jalr_14.asm SUCCESS CPI:5.5 CYCLES:22 ICOUNT:4 IHITRATE: 0 DHITRATE: 0
/u/k/a/karu//courses/cs552/spring2013/handouts/testprograms/public/inst_tests/jalr_15.asm SUCCESS CPI:5.2 CYCLES:21 ICOUNT:4 IHITRATE: 0 DHITRATE: 0
/u/k/a/karu//courses/cs552/spring2013/handouts/testprograms/public/inst_tests/jalr_16.asm SUCCESS CPI:5.2 CYCLES:21 ICOUNT:4 IHITRATE: 0 DHITRATE: 0
/u/k/a/karu//courses/cs552/spring2013/handouts/testprograms/public/inst_tests/jalr_17.asm SUCCESS CPI:3.3 CYCLES:23 ICOUNT:7 IHITRATE: 0 DHITRATE: 0
/u/k/a/karu//courses/cs552/spring2013/handouts/testprograms/public/inst_tests/jalr_18.asm SUCCESS CPI:4.5 CYCLES:18 ICOUNT:4 IHITRATE: 0 DHITRATE: 0
/u/k/a/karu//courses/cs552/spring2013/handouts/testprograms/public/inst_tests/jalr_19.asm SUCCESS CPI:4.0 CYCLES:28 ICOUNT:7 IHITRATE: 0 DHITRATE: 0
/u/k/a/karu//courses/cs552/spring2013/handouts/testprograms/public/inst_tests/jalr_2.asm SUCCESS CPI:6.3 CYCLES:19 ICOUNT:3 IHITRATE: 0 DHITRATE: 0
/u/k/a/karu//courses/cs552/spring2013/handouts/testprograms/public/inst_tests/jalr_27.asm SUCCESS CPI:3.9 CYCLES:35 ICOUNT:9 IHITRATE: 0 DHITRATE: 0
/u/k/a/karu//courses/cs552/spring2013/handouts/testprograms/public/inst_tests/jalr_28.asm SUCCESS CPI:5.5 CYCLES:22 ICOUNT:4 IHITRATE: 0 DHITRATE: 0
/u/k/a/karu//courses/cs552/spring2013/handouts/testprograms/public/inst_tests/jalr_29.asm SUCCESS CPI:5.3 CYCLES:16 ICOUNT:3 IHITRATE: 0 DHITRATE: 0
/u/k/a/karu//courses/cs552/spring2013/handouts/testprograms/public/inst_tests/jalr_3.asm SUCCESS CPI:6.2 CYCLES:25 ICOUNT:4 IHITRATE: 0 DHITRATE: 0
/u/k/a/karu//courses/cs552/spring2013/handouts/testprograms/public/inst_tests/jalr_30.asm SUCCESS CPI:5.3 CYCLES:16 ICOUNT:3 IHITRATE: 0 DHITRATE: 0
/u/k/a/karu//courses/cs552/spring2013/handouts/testprograms/public/inst_tests/jalr_31.asm SUCCESS CPI:6.1 CYCLES:49 ICOUNT:8 IHITRATE: 0 DHITRATE: 0
/u/k/a/karu//courses/cs552/spring2013/handouts/testprograms/public/inst_tests/jalr_32.asm SUCCESS CPI:5.0 CYCLES:30 ICOUNT:6 IHITRATE: 0 DHITRATE: 0
/u/k/a/karu//courses/cs552/spring2013/handouts/testprograms/public/inst_tests/jalr_33.asm SUCCESS CPI:5.3 CYCLES:16 ICOUNT:3 IHITRATE: 0 DHITRATE: 0
/u/k/a/karu//courses/cs552/spring2013/handouts/testprograms/public/inst_tests/jalr_34.asm SUCCESS CPI:5.3 CYCLES:16 ICOUNT:3 IHITRATE: 0 DHITRATE: 0
/u/k/a/karu//courses/cs552/spring2013/handouts/testprograms/public/inst_tests/jalr_36.asm SUCCESS CPI:5.3 CYCLES:16 ICOUNT:3 IHITRATE: 0 DHITRATE: 0
/u/k/a/karu//courses/cs552/spring2013/handouts/testprograms/public/inst_tests/jalr_4.asm SUCCESS CPI:5.1 CYCLES:36 ICOUNT:7 IHITRATE: 0 DHITRATE: 0
/u/k/a/karu//courses/cs552/spring2013/handouts/testprograms/public/inst_tests/jalr_5.asm SUCCESS CPI:4.8 CYCLES:24 ICOUNT:5 IHITRATE: 0 DHITRATE: 0
/u/k/a/karu//courses/cs552/spring2013/handouts/testprograms/public/inst_tests/jalr_6.asm SUCCESS CPI:4.7 CYCLES:19 ICOUNT:4 IHITRATE: 0 DHITRATE: 0
/u/k/a/karu//courses/cs552/spring2013/handouts/testprograms/public/inst_tests/jalr_7.asm SUCCESS CPI:5.0 CYCLES:30 ICOUNT:6 IHITRATE: 0 DHITRATE: 0
/u/k/a/karu//courses/cs552/spring2013/handouts/testprograms/public/inst_tests/jr_0.asm SUCCESS CPI:5.3 CYCLES:16 ICOUNT:3 IHITRATE: 0 DHITRATE: 0
/u/k/a/karu//courses/cs552/spring2013/handouts/testprograms/public/inst_tests/lbi_0.asm SUCCESS CPI:4.8 CYCLES:24 ICOUNT:5 IHITRATE: 0 DHITRATE: 0
/u/k/a/karu//courses/cs552/spring2013/handouts/testprograms/public/inst_tests/lbi_1.asm SUCCESS CPI:1.9 CYCLES:15 ICOUNT:8 IHITRATE: 0 DHITRATE: 0
/u/k/a/karu//courses/cs552/spring2013/handouts/testprograms/public/inst_tests/ld_0.asm SUCCESS CPI:2.8 CYCLES:14 ICOUNT:5 IHITRATE: 0 DHITRATE: 0
/u/k/a/karu//courses/cs552/spring2013/handouts/testprograms/public/inst_tests/ld_1.asm SUCCESS CPI:2.8 CYCLES:14 ICOUNT:5 IHITRATE: 0 DHITRATE: 0
/u/k/a/karu//courses/cs552/spring2013/handouts/testprograms/public/inst_tests/ld_2.asm SUCCESS CPI:2.8 CYCLES:14 ICOUNT:5 IHITRATE: 0 DHITRATE: 0
/u/k/a/karu//courses/cs552/spring2013/handouts/testprograms/public/inst_tests/ld_3.asm SUCCESS CPI:1.8 CYCLES:18 ICOUNT:10 IHITRATE: 0 DHITRATE: 0
/u/k/a/karu//courses/cs552/spring2013/handouts/testprograms/public/inst_tests/rol_0.asm SUCCESS CPI:3.2 CYCLES:32 ICOUNT:10 IHITRATE: 0 DHITRATE: 0
/u/k/a/karu//courses/cs552/spring2013/handouts/testprograms/public/inst_tests/rol_1.asm SUCCESS CPI:2.7 CYCLES:92 ICOUNT:34 IHITRATE: 0 DHITRATE: 0
/u/k/a/karu//courses/cs552/spring2013/handouts/testprograms/public/inst_tests/roli_0.asm SUCCESS CPI:6.0 CYCLES:12 ICOUNT:2 IHITRATE: 0 DHITRATE: 0
/u/k/a/karu//courses/cs552/spring2013/handouts/testprograms/public/inst_tests/roli_1.asm SUCCESS CPI:6.0 CYCLES:12 ICOUNT:2 IHITRATE: 0 DHITRATE: 0
/u/k/a/karu//courses/cs552/spring2013/handouts/testprograms/public/inst_tests/roli_2.asm SUCCESS CPI:6.0 CYCLES:12 ICOUNT:2 IHITRATE: 0 DHITRATE: 0
/u/k/a/karu//courses/cs552/spring2013/handouts/testprograms/public/inst_tests/roli_3.asm SUCCESS CPI:6.0 CYCLES:12 ICOUNT:2 IHITRATE: 0 DHITRATE: 0
/u/k/a/karu//courses/cs552/spring2013/handouts/testprograms/public/inst_tests/roli_4.asm SUCCESS CPI:6.0 CYCLES:12 ICOUNT:2 IHITRATE: 0 DHITRATE: 0
/u/k/a/karu//courses/cs552/spring2013/handouts/testprograms/public/inst_tests/ror_0.asm SUCCESS CPI:4.3 CYCLES:13 ICOUNT:3 IHITRATE: 0 DHITRATE: 0
/u/k/a/karu//courses/cs552/spring2013/handouts/testprograms/public/inst_tests/ror_1.asm SUCCESS CPI:4.3 CYCLES:13 ICOUNT:3 IHITRATE: 0 DHITRATE: 0
/u/k/a/karu//courses/cs552/spring2013/handouts/testprograms/public/inst_tests/ror_2.asm SUCCESS CPI:4.3 CYCLES:13 ICOUNT:3 IHITRATE: 0 DHITRATE: 0
/u/k/a/karu//courses/cs552/spring2013/handouts/testprograms/public/inst_tests/ror_3.asm SUCCESS CPI:4.3 CYCLES:13 ICOUNT:3 IHITRATE: 0 DHITRATE: 0
/u/k/a/karu//courses/cs552/spring2013/handouts/testprograms/public/inst_tests/ror_4.asm SUCCESS CPI:4.3 CYCLES:13 ICOUNT:3 IHITRATE: 0 DHITRATE: 0
/u/k/a/karu//courses/cs552/spring2013/handouts/testprograms/public/inst_tests/ror_6.asm SUCCESS CPI:4.3 CYCLES:13 ICOUNT:3 IHITRATE: 0 DHITRATE: 0
/u/k/a/karu//courses/cs552/spring2013/handouts/testprograms/public/inst_tests/rori_0.asm SUCCESS CPI:4.1 CYCLES:140 ICOUNT:34 IHITRATE: 0 DHITRATE: 0
/u/k/a/karu//courses/cs552/spring2013/handouts/testprograms/public/inst_tests/sco_0.asm SUCCESS CPI:4.3 CYCLES:13 ICOUNT:3 IHITRATE: 0 DHITRATE: 0
/u/k/a/karu//courses/cs552/spring2013/handouts/testprograms/public/inst_tests/sco_1.asm SUCCESS CPI:4.3 CYCLES:13 ICOUNT:3 IHITRATE: 0 DHITRATE: 0
/u/k/a/karu//courses/cs552/spring2013/handouts/testprograms/public/inst_tests/sco_2.asm SUCCESS CPI:4.2 CYCLES:21 ICOUNT:5 IHITRATE: 0 DHITRATE: 0
/u/k/a/karu//courses/cs552/spring2013/handouts/testprograms/public/inst_tests/seq_0.asm SUCCESS CPI:3.5 CYCLES:242 ICOUNT:70 IHITRATE: 0 DHITRATE: 0
/u/k/a/karu//courses/cs552/spring2013/handouts/testprograms/public/inst_tests/seq_1.asm SUCCESS CPI:4.3 CYCLES:13 ICOUNT:3 IHITRATE: 0 DHITRATE: 0
/u/k/a/karu//courses/cs552/spring2013/handouts/testprograms/public/inst_tests/seq_2.asm SUCCESS CPI:4.3 CYCLES:13 ICOUNT:3 IHITRATE: 0 DHITRATE: 0
/u/k/a/karu//courses/cs552/spring2013/handouts/testprograms/public/inst_tests/seq_3.asm SUCCESS CPI:4.3 CYCLES:13 ICOUNT:3 IHITRATE: 0 DHITRATE: 0
/u/k/a/karu//courses/cs552/spring2013/handouts/testprograms/public/inst_tests/seq_4.asm SUCCESS CPI:4.3 CYCLES:13 ICOUNT:3 IHITRATE: 0 DHITRATE: 0
/u/k/a/karu//courses/cs552/spring2013/handouts/testprograms/public/inst_tests/seq_5.asm SUCCESS CPI:4.3 CYCLES:13 ICOUNT:3 IHITRATE: 0 DHITRATE: 0
/u/k/a/karu//courses/cs552/spring2013/handouts/testprograms/public/inst_tests/seq_6.asm SUCCESS CPI:4.3 CYCLES:13 ICOUNT:3 IHITRATE: 0 DHITRATE: 0
/u/k/a/karu//courses/cs552/spring2013/handouts/testprograms/public/inst_tests/seq_7.asm SUCCESS CPI:4.0 CYCLES:12 ICOUNT:3 IHITRATE: 0 DHITRATE: 0
/u/k/a/karu//courses/cs552/spring2013/handouts/testprograms/public/inst_tests/seq_8.asm SUCCESS CPI:4.0 CYCLES:12 ICOUNT:3 IHITRATE: 0 DHITRATE: 0
/u/k/a/karu//courses/cs552/spring2013/handouts/testprograms/public/inst_tests/seq_9.asm SUCCESS CPI:4.3 CYCLES:13 ICOUNT:3 IHITRATE: 0 DHITRATE: 0
/u/k/a/karu//courses/cs552/spring2013/handouts/testprograms/public/inst_tests/siic_0.asm RELAX-PASS
/u/k/a/karu//courses/cs552/spring2013/handouts/testprograms/public/inst_tests/slbi_0.asm SUCCESS CPI:6.0 CYCLES:12 ICOUNT:2 IHITRATE: 0 DHITRATE: 0
/u/k/a/karu//courses/cs552/spring2013/handouts/testprograms/public/inst_tests/slbi_1.asm SUCCESS CPI:6.0 CYCLES:12 ICOUNT:2 IHITRATE: 0 DHITRATE: 0
/u/k/a/karu//courses/cs552/spring2013/handouts/testprograms/public/inst_tests/slbi_2.asm SUCCESS CPI:6.0 CYCLES:12 ICOUNT:2 IHITRATE: 0 DHITRATE: 0
/u/k/a/karu//courses/cs552/spring2013/handouts/testprograms/public/inst_tests/sle_0.asm SUCCESS CPI:2.7 CYCLES:97 ICOUNT:36 IHITRATE: 0 DHITRATE: 0
/u/k/a/karu//courses/cs552/spring2013/handouts/testprograms/public/inst_tests/sle_1.asm SUCCESS CPI:3.5 CYCLES:14 ICOUNT:4 IHITRATE: 0 DHITRATE: 0
/u/k/a/karu//courses/cs552/spring2013/handouts/testprograms/public/inst_tests/sle_2.asm SUCCESS CPI:3.5 CYCLES:14 ICOUNT:4 IHITRATE: 0 DHITRATE: 0
/u/k/a/karu//courses/cs552/spring2013/handouts/testprograms/public/inst_tests/sle_3.asm SUCCESS CPI:3.5 CYCLES:14 ICOUNT:4 IHITRATE: 0 DHITRATE: 0
/u/k/a/karu//courses/cs552/spring2013/handouts/testprograms/public/inst_tests/sle_4.asm SUCCESS CPI:3.5 CYCLES:14 ICOUNT:4 IHITRATE: 0 DHITRATE: 0
/u/k/a/karu//courses/cs552/spring2013/handouts/testprograms/public/inst_tests/sle_5.asm SUCCESS CPI:3.5 CYCLES:14 ICOUNT:4 IHITRATE: 0 DHITRATE: 0
/u/k/a/karu//courses/cs552/spring2013/handouts/testprograms/public/inst_tests/sle_6.asm SUCCESS CPI:3.5 CYCLES:14 ICOUNT:4 IHITRATE: 0 DHITRATE: 0
/u/k/a/karu//courses/cs552/spring2013/handouts/testprograms/public/inst_tests/sll_0.asm SUCCESS CPI:4.3 CYCLES:13 ICOUNT:3 IHITRATE: 0 DHITRATE: 0
/u/k/a/karu//courses/cs552/spring2013/handouts/testprograms/public/inst_tests/sll_1.asm SUCCESS CPI:4.3 CYCLES:13 ICOUNT:3 IHITRATE: 0 DHITRATE: 0
/u/k/a/karu//courses/cs552/spring2013/handouts/testprograms/public/inst_tests/sll_2.asm SUCCESS CPI:4.3 CYCLES:13 ICOUNT:3 IHITRATE: 0 DHITRATE: 0
/u/k/a/karu//courses/cs552/spring2013/handouts/testprograms/public/inst_tests/sll_3.asm SUCCESS CPI:4.3 CYCLES:13 ICOUNT:3 IHITRATE: 0 DHITRATE: 0
/u/k/a/karu//courses/cs552/spring2013/handouts/testprograms/public/inst_tests/sll_4.asm SUCCESS CPI:4.3 CYCLES:13 ICOUNT:3 IHITRATE: 0 DHITRATE: 0
/u/k/a/karu//courses/cs552/spring2013/handouts/testprograms/public/inst_tests/slli_0.asm SUCCESS CPI:2.2 CYCLES:18 ICOUNT:8 IHITRATE: 0 DHITRATE: 0
/u/k/a/karu//courses/cs552/spring2013/handouts/testprograms/public/inst_tests/slli_1.asm SUCCESS CPI:3.0 CYCLES:15 ICOUNT:5 IHITRATE: 0 DHITRATE: 0
/u/k/a/karu//courses/cs552/spring2013/handouts/testprograms/public/inst_tests/slli_2.asm SUCCESS CPI:4.2 CYCLES:17 ICOUNT:4 IHITRATE: 0 DHITRATE: 0
/u/k/a/karu//courses/cs552/spring2013/handouts/testprograms/public/inst_tests/slt_0.asm SUCCESS CPI:4.3 CYCLES:13 ICOUNT:3 IHITRATE: 0 DHITRATE: 0
/u/k/a/karu//courses/cs552/spring2013/handouts/testprograms/public/inst_tests/slt_1.asm SUCCESS CPI:4.3 CYCLES:13 ICOUNT:3 IHITRATE: 0 DHITRATE: 0
/u/k/a/karu//courses/cs552/spring2013/handouts/testprograms/public/inst_tests/slt_2.asm SUCCESS CPI:6.0 CYCLES:12 ICOUNT:2 IHITRATE: 0 DHITRATE: 0
/u/k/a/karu//courses/cs552/spring2013/handouts/testprograms/public/inst_tests/slt_5.asm SUCCESS CPI:2.0 CYCLES:18 ICOUNT:9 IHITRATE: 0 DHITRATE: 0
/u/k/a/karu//courses/cs552/spring2013/handouts/testprograms/public/inst_tests/srli_0.asm SUCCESS CPI:6.0 CYCLES:12 ICOUNT:2 IHITRATE: 0 DHITRATE: 0
/u/k/a/karu//courses/cs552/spring2013/handouts/testprograms/public/inst_tests/srli_1.asm SUCCESS CPI:6.0 CYCLES:12 ICOUNT:2 IHITRATE: 0 DHITRATE: 0
/u/k/a/karu//courses/cs552/spring2013/handouts/testprograms/public/inst_tests/srli_2.asm SUCCESS CPI:6.0 CYCLES:12 ICOUNT:2 IHITRATE: 0 DHITRATE: 0
/u/k/a/karu//courses/cs552/spring2013/handouts/testprograms/public/inst_tests/st_0.asm SUCCESS CPI:3.6 CYCLES:18 ICOUNT:5 IHITRATE: 0 DHITRATE: 0
/u/k/a/karu//courses/cs552/spring2013/handouts/testprograms/public/inst_tests/st_1.asm SUCCESS CPI:3.6 CYCLES:18 ICOUNT:5 IHITRATE: 0 DHITRATE: 0
/u/k/a/karu//courses/cs552/spring2013/handouts/testprograms/public/inst_tests/st_10.asm SUCCESS CPI:3.2 CYCLES:13 ICOUNT:4 IHITRATE: 0 DHITRATE: 0
/u/k/a/karu//courses/cs552/spring2013/handouts/testprograms/public/inst_tests/st_2.asm SUCCESS CPI:3.6 CYCLES:18 ICOUNT:5 IHITRATE: 0 DHITRATE: 0
/u/k/a/karu//courses/cs552/spring2013/handouts/testprograms/public/inst_tests/st_3.asm SUCCESS CPI:3.7 CYCLES:22 ICOUNT:6 IHITRATE: 0 DHITRATE: 0
/u/k/a/karu//courses/cs552/spring2013/handouts/testprograms/public/inst_tests/st_4.asm SUCCESS CPI:3.2 CYCLES:13 ICOUNT:4 IHITRATE: 0 DHITRATE: 0
/u/k/a/karu//courses/cs552/spring2013/handouts/testprograms/public/inst_tests/st_5.asm SUCCESS CPI:3.2 CYCLES:13 ICOUNT:4 IHITRATE: 0 DHITRATE: 0
/u/k/a/karu//courses/cs552/spring2013/handouts/testprograms/public/inst_tests/st_6.asm SUCCESS CPI:3.2 CYCLES:13 ICOUNT:4 IHITRATE: 0 DHITRATE: 0
/u/k/a/karu//courses/cs552/spring2013/handouts/testprograms/public/inst_tests/st_7.asm SUCCESS CPI:3.2 CYCLES:13 ICOUNT:4 IHITRATE: 0 DHITRATE: 0
/u/k/a/karu//courses/cs552/spring2013/handouts/testprograms/public/inst_tests/st_8.asm SUCCESS CPI:3.2 CYCLES:13 ICOUNT:4 IHITRATE: 0 DHITRATE: 0
/u/k/a/karu//courses/cs552/spring2013/handouts/testprograms/public/inst_tests/st_9.asm SUCCESS CPI:3.2 CYCLES:13 ICOUNT:4 IHITRATE: 0 DHITRATE: 0
/u/k/a/karu//courses/cs552/spring2013/handouts/testprograms/public/inst_tests/stu_0.asm SUCCESS CPI:3.4 CYCLES:17 ICOUNT:5 IHITRATE: 0 DHITRATE: 0
/u/k/a/karu//courses/cs552/spring2013/handouts/testprograms/public/inst_tests/stu_1.asm SUCCESS CPI:3.4 CYCLES:17 ICOUNT:5 IHITRATE: 0 DHITRATE: 0
/u/k/a/karu//courses/cs552/spring2013/handouts/testprograms/public/inst_tests/stu_2.asm SUCCESS CPI:3.4 CYCLES:17 ICOUNT:5 IHITRATE: 0 DHITRATE: 0
/u/k/a/karu//courses/cs552/spring2013/handouts/testprograms/public/inst_tests/sub_0.asm SUCCESS CPI:3.2 CYCLES:13 ICOUNT:4 IHITRATE: 0 DHITRATE: 0
/u/k/a/karu//courses/cs552/spring2013/handouts/testprograms/public/inst_tests/sub_1.asm SUCCESS CPI:3.6 CYCLES:18 ICOUNT:5 IHITRATE: 0 DHITRATE: 0
/u/k/a/karu//courses/cs552/spring2013/handouts/testprograms/public/inst_tests/sub_2.asm SUCCESS CPI:4.3 CYCLES:13 ICOUNT:3 IHITRATE: 0 DHITRATE: 0
/u/k/a/karu//courses/cs552/spring2013/handouts/testprograms/public/inst_tests/sub_3.asm SUCCESS CPI:4.3 CYCLES:13 ICOUNT:3 IHITRATE: 0 DHITRATE: 0
/u/k/a/karu//courses/cs552/spring2013/handouts/testprograms/public/inst_tests/sub_4.asm SUCCESS CPI:4.3 CYCLES:13 ICOUNT:3 IHITRATE: 0 DHITRATE: 0
/u/k/a/karu//courses/cs552/spring2013/handouts/testprograms/public/inst_tests/sub_5.asm SUCCESS CPI:4.3 CYCLES:13 ICOUNT:3 IHITRATE: 0 DHITRATE: 0
/u/k/a/karu//courses/cs552/spring2013/handouts/testprograms/public/inst_tests/sub_6.asm SUCCESS CPI:6.0 CYCLES:12 ICOUNT:2 IHITRATE: 0 DHITRATE: 0
/u/k/a/karu//courses/cs552/spring2013/handouts/testprograms/public/inst_tests/sub_7.asm SUCCESS CPI:6.0 CYCLES:12 ICOUNT:2 IHITRATE: 0 DHITRATE: 0
/u/k/a/karu//courses/cs552/spring2013/handouts/testprograms/public/inst_tests/subi_0.asm SUCCESS CPI:6.0 CYCLES:12 ICOUNT:2 IHITRATE: 0 DHITRATE: 0
/u/k/a/karu//courses/cs552/spring2013/handouts/testprograms/public/inst_tests/subi_1.asm SUCCESS CPI:6.0 CYCLES:12 ICOUNT:2 IHITRATE: 0 DHITRATE: 0
/u/k/a/karu//courses/cs552/spring2013/handouts/testprograms/public/inst_tests/subi_2.asm SUCCESS CPI:6.0 CYCLES:12 ICOUNT:2 IHITRATE: 0 DHITRATE: 0
/u/k/a/karu//courses/cs552/spring2013/handouts/testprograms/public/inst_tests/xor_0.asm SUCCESS CPI:6.0 CYCLES:12 ICOUNT:2 IHITRATE: 0 DHITRATE: 0
/u/k/a/karu//courses/cs552/spring2013/handouts/testprograms/public/inst_tests/xor_1.asm SUCCESS CPI:4.3 CYCLES:13 ICOUNT:3 IHITRATE: 0 DHITRATE: 0
/u/k/a/karu//courses/cs552/spring2013/handouts/testprograms/public/inst_tests/xor_2.asm SUCCESS CPI:4.3 CYCLES:13 ICOUNT:3 IHITRATE: 0 DHITRATE: 0
/u/k/a/karu//courses/cs552/spring2013/handouts/testprograms/public/inst_tests/xor_3.asm SUCCESS CPI:4.3 CYCLES:13 ICOUNT:3 IHITRATE: 0 DHITRATE: 0
/u/k/a/karu//courses/cs552/spring2013/handouts/testprograms/public/inst_tests/xor_4.asm SUCCESS CPI:4.3 CYCLES:13 ICOUNT:3 IHITRATE: 0 DHITRATE: 0
/u/k/a/karu//courses/cs552/spring2013/handouts/testprograms/public/inst_tests/xor_5.asm SUCCESS CPI:6.0 CYCLES:12 ICOUNT:2 IHITRATE: 0 DHITRATE: 0
/u/k/a/karu//courses/cs552/spring2013/handouts/testprograms/public/inst_tests/xor_6.asm SUCCESS CPI:4.2 CYCLES:17 ICOUNT:4 IHITRATE: 0 DHITRATE: 0
/u/k/a/karu//courses/cs552/spring2013/handouts/testprograms/public/inst_tests/xori_0.asm SUCCESS CPI:6.0 CYCLES:12 ICOUNT:2 IHITRATE: 0 DHITRATE: 0
/u/k/a/karu//courses/cs552/spring2013/handouts/testprograms/public/inst_tests/xori_1.asm SUCCESS CPI:6.0 CYCLES:12 ICOUNT:2 IHITRATE: 0 DHITRATE: 0
/u/k/a/karu//courses/cs552/spring2013/handouts/testprograms/public/inst_tests/xori_10.asm SUCCESS CPI:6.0 CYCLES:12 ICOUNT:2 IHITRATE: 0 DHITRATE: 0
/u/k/a/karu//courses/cs552/spring2013/handouts/testprograms/public/inst_tests/xori_11.asm SUCCESS CPI:6.0 CYCLES:12 ICOUNT:2 IHITRATE: 0 DHITRATE: 0
/u/k/a/karu//courses/cs552/spring2013/handouts/testprograms/public/inst_tests/xori_12.asm SUCCESS CPI:6.0 CYCLES:12 ICOUNT:2 IHITRATE: 0 DHITRATE: 0
/u/k/a/karu//courses/cs552/spring2013/handouts/testprograms/public/inst_tests/xori_13.asm SUCCESS CPI:6.0 CYCLES:12 ICOUNT:2 IHITRATE: 0 DHITRATE: 0
/u/k/a/karu//courses/cs552/spring2013/handouts/testprograms/public/inst_tests/xori_2.asm SUCCESS CPI:6.0 CYCLES:12 ICOUNT:2 IHITRATE: 0 DHITRATE: 0
/u/k/a/karu//courses/cs552/spring2013/handouts/testprograms/public/inst_tests/xori_3.asm SUCCESS CPI:6.0 CYCLES:12 ICOUNT:2 IHITRATE: 0 DHITRATE: 0
/u/k/a/karu//courses/cs552/spring2013/handouts/testprograms/public/inst_tests/xori_4.asm SUCCESS CPI:6.0 CYCLES:12 ICOUNT:2 IHITRATE: 0 DHITRATE: 0
/u/k/a/karu//courses/cs552/spring2013/handouts/testprograms/public/inst_tests/xori_5.asm SUCCESS CPI:6.0 CYCLES:12 ICOUNT:2 IHITRATE: 0 DHITRATE: 0
/u/k/a/karu//courses/cs552/spring2013/handouts/testprograms/public/inst_tests/xori_6.asm SUCCESS CPI:6.0 CYCLES:12 ICOUNT:2 IHITRATE: 0 DHITRATE: 0
/u/k/a/karu//courses/cs552/spring2013/handouts/testprograms/public/inst_tests/xori_7.asm SUCCESS CPI:6.0 CYCLES:12 ICOUNT:2 IHITRATE: 0 DHITRATE: 0
/u/k/a/karu//courses/cs552/spring2013/handouts/testprograms/public/inst_tests/xori_8.asm SUCCESS CPI:6.0 CYCLES:12 ICOUNT:2 IHITRATE: 0 DHITRATE: 0
/u/k/a/karu//courses/cs552/spring2013/handouts/testprograms/public/inst_tests/xori_9.asm SUCCESS CPI:6.0 CYCLES:12 ICOUNT:2 IHITRATE: 0 DHITRATE: 0
