/u/k/a/karu/courses/cs552/spring2013/handouts/testprograms/public/rand_final/ldld_rand_large.asm SUCCESS CPI:4.8 CYCLES:4978 ICOUNT:1035 IHITRATE: 99.8 DHITRATE: 96.8
/u/k/a/karu/courses/cs552/spring2013/handouts/testprograms/public/rand_final/ldld_rand_small.asm SUCCESS CPI:4.8 CYCLES:4978 ICOUNT:1035 IHITRATE: 99.8 DHITRATE: 96.8
/u/k/a/karu/courses/cs552/spring2013/handouts/testprograms/public/rand_final/ldst_rand_large.asm SUCCESS CPI:4.0 CYCLES:5732 ICOUNT:1417 IHITRATE: 99.7 DHITRATE: 91.4
/u/k/a/karu/courses/cs552/spring2013/handouts/testprograms/public/rand_final/ldst_rand_small.asm SUCCESS CPI:3.9 CYCLES:5476 ICOUNT:1417 IHITRATE: 99.7 DHITRATE: 95.0
/u/k/a/karu/courses/cs552/spring2013/handouts/testprograms/public/rand_final/t_100_all.asm SUCCESS CPI:6.1 CYCLES:2042 ICOUNT:334 IHITRATE: 73.3 DHITRATE: 70.4
/u/k/a/karu/courses/cs552/spring2013/handouts/testprograms/public/rand_final/t_100_ctrl.asm SUCCESS CPI:6.1 CYCLES:3966 ICOUNT:647 IHITRATE: 72.5 DHITRATE: 78.0
/u/k/a/karu/courses/cs552/spring2013/handouts/testprograms/public/rand_final/t_100_icache.asm SUCCESS CPI:96.4 CYCLES:5498 ICOUNT:57 IHITRATE: 46.1 DHITRATE: 0
/u/k/a/karu/courses/cs552/spring2013/handouts/testprograms/public/rand_final/t_100_idcache.asm SUCCESS CPI:11.7 CYCLES:4692 ICOUNT:401 IHITRATE: 90.5 DHITRATE: 35.2
/u/k/a/karu/courses/cs552/spring2013/handouts/testprograms/public/rand_final/t_100_mem.asm SUCCESS CPI:7.0 CYCLES:9958 ICOUNT:1427 IHITRATE: 80.7 DHITRATE: 94.4
/u/k/a/karu/courses/cs552/spring2013/handouts/testprograms/public/rand_final/t_101_all.asm SUCCESS CPI:5.9 CYCLES:2666 ICOUNT:449 IHITRATE: 74.1 DHITRATE: 71.4
/u/k/a/karu/courses/cs552/spring2013/handouts/testprograms/public/rand_final/t_101_ctrl.asm SUCCESS CPI:5.7 CYCLES:4860 ICOUNT:850 IHITRATE: 74.0 DHITRATE: 80.5
/u/k/a/karu/courses/cs552/spring2013/handouts/testprograms/public/rand_final/t_101_icache.asm SUCCESS CPI:103.3 CYCLES:5474 ICOUNT:53 IHITRATE: 45.9 DHITRATE: 0
/u/k/a/karu/courses/cs552/spring2013/handouts/testprograms/public/rand_final/t_101_idcache.asm SUCCESS CPI:11.3 CYCLES:4654 ICOUNT:413 IHITRATE: 91.6 DHITRATE: 35.1
/u/k/a/karu/courses/cs552/spring2013/handouts/testprograms/public/rand_final/t_101_mem.asm SUCCESS CPI:7.0 CYCLES:10022 ICOUNT:1422 IHITRATE: 80.7 DHITRATE: 94.7
/u/k/a/karu/courses/cs552/spring2013/handouts/testprograms/public/rand_final/t_102_all.asm SUCCESS CPI:6.1 CYCLES:2215 ICOUNT:365 IHITRATE: 74.1 DHITRATE: 61.3
/u/k/a/karu/courses/cs552/spring2013/handouts/testprograms/public/rand_final/t_102_ctrl.asm SUCCESS CPI:5.7 CYCLES:4890 ICOUNT:856 IHITRATE: 74.0 DHITRATE: 74.0
/u/k/a/karu/courses/cs552/spring2013/handouts/testprograms/public/rand_final/t_102_icache.asm SUCCESS CPI:111.9 CYCLES:5482 ICOUNT:49 IHITRATE: 46.4 DHITRATE: 0
/u/k/a/karu/courses/cs552/spring2013/handouts/testprograms/public/rand_final/t_102_idcache.asm SUCCESS CPI:12.9 CYCLES:4318 ICOUNT:335 IHITRATE: 90.2 DHITRATE: 31.1
/u/k/a/karu/courses/cs552/spring2013/handouts/testprograms/public/rand_final/t_102_mem.asm SUCCESS CPI:6.7 CYCLES:10218 ICOUNT:1529 IHITRATE: 80.1 DHITRATE: 96.5
/u/k/a/karu/courses/cs552/spring2013/handouts/testprograms/public/rand_final/t_103_all.asm SUCCESS CPI:5.5 CYCLES:2506 ICOUNT:453 IHITRATE: 73.8 DHITRATE: 57.7
/u/k/a/karu/courses/cs552/spring2013/handouts/testprograms/public/rand_final/t_103_ctrl.asm SUCCESS CPI:5.9 CYCLES:4780 ICOUNT:815 IHITRATE: 74.1 DHITRATE: 75.0
/u/k/a/karu/courses/cs552/spring2013/handouts/testprograms/public/rand_final/t_103_icache.asm SUCCESS CPI:97.9 CYCLES:5482 ICOUNT:56 IHITRATE: 45.1 DHITRATE: 0
/u/k/a/karu/courses/cs552/spring2013/handouts/testprograms/public/rand_final/t_103_idcache.asm SUCCESS CPI:11.8 CYCLES:4418 ICOUNT:374 IHITRATE: 90.6 DHITRATE: 36.7
/u/k/a/karu/courses/cs552/spring2013/handouts/testprograms/public/rand_final/t_103_mem.asm SUCCESS CPI:6.8 CYCLES:9998 ICOUNT:1468 IHITRATE: 80.0 DHITRATE: 97.3
/u/k/a/karu/courses/cs552/spring2013/handouts/testprograms/public/rand_final/t_104_all.asm SUCCESS CPI:5.7 CYCLES:2610 ICOUNT:456 IHITRATE: 73.6 DHITRATE: 63.0
/u/k/a/karu/courses/cs552/spring2013/handouts/testprograms/public/rand_final/t_104_ctrl.asm SUCCESS CPI:5.9 CYCLES:4505 ICOUNT:766 IHITRATE: 73.5 DHITRATE: 72.1
/u/k/a/karu/courses/cs552/spring2013/handouts/testprograms/public/rand_final/t_104_icache.asm SUCCESS CPI:92.6 CYCLES:5466 ICOUNT:59 IHITRATE: 45.6 DHITRATE: 0
/u/k/a/karu/courses/cs552/spring2013/handouts/testprograms/public/rand_final/t_104_idcache.asm SUCCESS CPI:13.6 CYCLES:4234 ICOUNT:311 IHITRATE: 90.7 DHITRATE: 21.1
/u/k/a/karu/courses/cs552/spring2013/handouts/testprograms/public/rand_final/t_104_mem.asm SUCCESS CPI:6.7 CYCLES:10362 ICOUNT:1550 IHITRATE: 80.3 DHITRATE: 96.1
/u/k/a/karu/courses/cs552/spring2013/handouts/testprograms/public/rand_final/t_105_all.asm SUCCESS CPI:5.8 CYCLES:2627 ICOUNT:453 IHITRATE: 74.3 DHITRATE: 60.7
/u/k/a/karu/courses/cs552/spring2013/handouts/testprograms/public/rand_final/t_105_ctrl.asm SUCCESS CPI:5.9 CYCLES:4703 ICOUNT:798 IHITRATE: 73.7 DHITRATE: 70.7
/u/k/a/karu/courses/cs552/spring2013/handouts/testprograms/public/rand_final/t_105_icache.asm SUCCESS CPI:111.4 CYCLES:5458 ICOUNT:49 IHITRATE: 46.6 DHITRATE: 0
/u/k/a/karu/courses/cs552/spring2013/handouts/testprograms/public/rand_final/t_105_idcache.asm SUCCESS CPI:12.8 CYCLES:4304 ICOUNT:335 IHITRATE: 90.6 DHITRATE: 22.5
/u/k/a/karu/courses/cs552/spring2013/handouts/testprograms/public/rand_final/t_105_mem.asm SUCCESS CPI:6.9 CYCLES:9908 ICOUNT:1440 IHITRATE: 80.4 DHITRATE: 95.7
/u/k/a/karu/courses/cs552/spring2013/handouts/testprograms/public/rand_final/t_106_all.asm SUCCESS CPI:5.8 CYCLES:2727 ICOUNT:472 IHITRATE: 73.5 DHITRATE: 70.7
/u/k/a/karu/courses/cs552/spring2013/handouts/testprograms/public/rand_final/t_106_ctrl.asm SUCCESS CPI:5.7 CYCLES:4634 ICOUNT:812 IHITRATE: 74.4 DHITRATE: 73.2
/u/k/a/karu/courses/cs552/spring2013/handouts/testprograms/public/rand_final/t_106_icache.asm SUCCESS CPI:97.6 CYCLES:5466 ICOUNT:56 IHITRATE: 45.4 DHITRATE: 0
/u/k/a/karu/courses/cs552/spring2013/handouts/testprograms/public/rand_final/t_106_idcache.asm SUCCESS CPI:13.5 CYCLES:4398 ICOUNT:326 IHITRATE: 89.8 DHITRATE: 26.7
/u/k/a/karu/courses/cs552/spring2013/handouts/testprograms/public/rand_final/t_106_mem.asm SUCCESS CPI:7.0 CYCLES:9956 ICOUNT:1427 IHITRATE: 80.7 DHITRATE: 94.8
/u/k/a/karu/courses/cs552/spring2013/handouts/testprograms/public/rand_final/t_107_all.asm SUCCESS CPI:5.8 CYCLES:2464 ICOUNT:428 IHITRATE: 73.6 DHITRATE: 65.6
/u/k/a/karu/courses/cs552/spring2013/handouts/testprograms/public/rand_final/t_107_ctrl.asm SUCCESS CPI:5.8 CYCLES:4593 ICOUNT:792 IHITRATE: 73.7 DHITRATE: 75.0
/u/k/a/karu/courses/cs552/spring2013/handouts/testprograms/public/rand_final/t_107_icache.asm SUCCESS CPI:104.5 CYCLES:5434 ICOUNT:52 IHITRATE: 45.1 DHITRATE: 0
/u/k/a/karu/courses/cs552/spring2013/handouts/testprograms/public/rand_final/t_107_idcache.asm SUCCESS CPI:13.7 CYCLES:4468 ICOUNT:326 IHITRATE: 89.6 DHITRATE: 25.9
/u/k/a/karu/courses/cs552/spring2013/handouts/testprograms/public/rand_final/t_107_mem.asm SUCCESS CPI:6.9 CYCLES:9826 ICOUNT:1417 IHITRATE: 80.4 DHITRATE: 95.2
/u/k/a/karu/courses/cs552/spring2013/handouts/testprograms/public/rand_final/t_108_all.asm SUCCESS CPI:5.5 CYCLES:2531 ICOUNT:464 IHITRATE: 74.9 DHITRATE: 64.9
/u/k/a/karu/courses/cs552/spring2013/handouts/testprograms/public/rand_final/t_108_ctrl.asm SUCCESS CPI:5.7 CYCLES:4761 ICOUNT:836 IHITRATE: 73.6 DHITRATE: 77.5
/u/k/a/karu/courses/cs552/spring2013/handouts/testprograms/public/rand_final/t_108_icache.asm SUCCESS CPI:89.5 CYCLES:5458 ICOUNT:61 IHITRATE: 45.7 DHITRATE: 0
/u/k/a/karu/courses/cs552/spring2013/handouts/testprograms/public/rand_final/t_108_idcache.asm SUCCESS CPI:13.1 CYCLES:4458 ICOUNT:341 IHITRATE: 90.2 DHITRATE: 31.2
/u/k/a/karu/courses/cs552/spring2013/handouts/testprograms/public/rand_final/t_108_mem.asm SUCCESS CPI:6.6 CYCLES:10336 ICOUNT:1562 IHITRATE: 80.5 DHITRATE: 94.8
/u/k/a/karu/courses/cs552/spring2013/handouts/testprograms/public/rand_final/t_109_all.asm SUCCESS CPI:6.0 CYCLES:2032 ICOUNT:339 IHITRATE: 73.5 DHITRATE: 83.3
/u/k/a/karu/courses/cs552/spring2013/handouts/testprograms/public/rand_final/t_109_ctrl.asm SUCCESS CPI:5.7 CYCLES:4814 ICOUNT:840 IHITRATE: 73.2 DHITRATE: 86.4
/u/k/a/karu/courses/cs552/spring2013/handouts/testprograms/public/rand_final/t_109_icache.asm SUCCESS CPI:109.0 CYCLES:5450 ICOUNT:50 IHITRATE: 45.8 DHITRATE: 0
/u/k/a/karu/courses/cs552/spring2013/handouts/testprograms/public/rand_final/t_109_idcache.asm SUCCESS CPI:12.9 CYCLES:4476 ICOUNT:347 IHITRATE: 91.0 DHITRATE: 17.4
/u/k/a/karu/courses/cs552/spring2013/handouts/testprograms/public/rand_final/t_109_mem.asm SUCCESS CPI:7.1 CYCLES:9772 ICOUNT:1385 IHITRATE: 80.5 DHITRATE: 95.5
/u/k/a/karu/courses/cs552/spring2013/handouts/testprograms/public/rand_final/t_10_mem.asm SUCCESS CPI:6.6 CYCLES:10468 ICOUNT:1576 IHITRATE: 80.1 DHITRATE: 96.3
/u/k/a/karu/courses/cs552/spring2013/handouts/testprograms/public/rand_final/t_110_all.asm SUCCESS CPI:5.5 CYCLES:2536 ICOUNT:457 IHITRATE: 73.5 DHITRATE: 84.6
/u/k/a/karu/courses/cs552/spring2013/handouts/testprograms/public/rand_final/t_110_ctrl.asm SUCCESS CPI:5.5 CYCLES:5052 ICOUNT:915 IHITRATE: 74.2 DHITRATE: 80.0
/u/k/a/karu/courses/cs552/spring2013/handouts/testprograms/public/rand_final/t_110_icache.asm SUCCESS CPI:111.2 CYCLES:5450 ICOUNT:49 IHITRATE: 46.3 DHITRATE: 0
/u/k/a/karu/courses/cs552/spring2013/handouts/testprograms/public/rand_final/t_110_idcache.asm SUCCESS CPI:12.3 CYCLES:4756 ICOUNT:386 IHITRATE: 90.6 DHITRATE: 27.2
/u/k/a/karu/courses/cs552/spring2013/handouts/testprograms/public/rand_final/t_110_mem.asm SUCCESS CPI:6.7 CYCLES:10052 ICOUNT:1502 IHITRATE: 80.3 DHITRATE: 95.4
/u/k/a/karu/courses/cs552/spring2013/handouts/testprograms/public/rand_final/t_111_all.asm SUCCESS CPI:6.2 CYCLES:2470 ICOUNT:396 IHITRATE: 73.0 DHITRATE: 73.7
/u/k/a/karu/courses/cs552/spring2013/handouts/testprograms/public/rand_final/t_111_ctrl.asm SUCCESS CPI:5.7 CYCLES:5154 ICOUNT:912 IHITRATE: 73.7 DHITRATE: 74.1
/u/k/a/karu/courses/cs552/spring2013/handouts/testprograms/public/rand_final/t_111_icache.asm SUCCESS CPI:96.2 CYCLES:5482 ICOUNT:57 IHITRATE: 45.8 DHITRATE: 0
/u/k/a/karu/courses/cs552/spring2013/handouts/testprograms/public/rand_final/t_111_idcache.asm SUCCESS CPI:12.4 CYCLES:4862 ICOUNT:392 IHITRATE: 91.8 DHITRATE: 17.9
/u/k/a/karu/courses/cs552/spring2013/handouts/testprograms/public/rand_final/t_111_mem.asm SUCCESS CPI:7.0 CYCLES:9800 ICOUNT:1405 IHITRATE: 80.9 DHITRATE: 93.9
/u/k/a/karu/courses/cs552/spring2013/handouts/testprograms/public/rand_final/t_112_all.asm SUCCESS CPI:6.1 CYCLES:2270 ICOUNT:375 IHITRATE: 73.5 DHITRATE: 62.1
/u/k/a/karu/courses/cs552/spring2013/handouts/testprograms/public/rand_final/t_112_ctrl.asm SUCCESS CPI:5.8 CYCLES:4377 ICOUNT:751 IHITRATE: 73.3 DHITRATE: 71.7
/u/k/a/karu/courses/cs552/spring2013/handouts/testprograms/public/rand_final/t_112_icache.asm SUCCESS CPI:92.9 CYCLES:5482 ICOUNT:59 IHITRATE: 46.1 DHITRATE: 0
/u/k/a/karu/courses/cs552/spring2013/handouts/testprograms/public/rand_final/t_112_idcache.asm SUCCESS CPI:12.1 CYCLES:4928 ICOUNT:407 IHITRATE: 91.1 DHITRATE: 24.1
/u/k/a/karu/courses/cs552/spring2013/handouts/testprograms/public/rand_final/t_112_mem.asm SUCCESS CPI:7.1 CYCLES:9256 ICOUNT:1310 IHITRATE: 80.3 DHITRATE: 97.5
/u/k/a/karu/courses/cs552/spring2013/handouts/testprograms/public/rand_final/t_113_all.asm SUCCESS CPI:5.9 CYCLES:2054 ICOUNT:347 IHITRATE: 74.2 DHITRATE: 77.1
/u/k/a/karu/courses/cs552/spring2013/handouts/testprograms/public/rand_final/t_113_ctrl.asm SUCCESS CPI:6.0 CYCLES:4574 ICOUNT:762 IHITRATE: 74.4 DHITRATE: 71.6
/u/k/a/karu/courses/cs552/spring2013/handouts/testprograms/public/rand_final/t_113_icache.asm SUCCESS CPI:109.5 CYCLES:5474 ICOUNT:50 IHITRATE: 44.3 DHITRATE: 0
/u/k/a/karu/courses/cs552/spring2013/handouts/testprograms/public/rand_final/t_113_idcache.asm SUCCESS CPI:11.4 CYCLES:4590 ICOUNT:404 IHITRATE: 90.4 DHITRATE: 30.1
/u/k/a/karu/courses/cs552/spring2013/handouts/testprograms/public/rand_final/t_113_mem.asm SUCCESS CPI:6.8 CYCLES:10110 ICOUNT:1496 IHITRATE: 80.3 DHITRATE: 96.2
/u/k/a/karu/courses/cs552/spring2013/handouts/testprograms/public/rand_final/t_114_all.asm SUCCESS CPI:5.1 CYCLES:3102 ICOUNT:605 IHITRATE: 74.5 DHITRATE: 72.5
/u/k/a/karu/courses/cs552/spring2013/handouts/testprograms/public/rand_final/t_114_ctrl.asm SUCCESS CPI:5.6 CYCLES:4934 ICOUNT:887 IHITRATE: 73.7 DHITRATE: 88.5
/u/k/a/karu/courses/cs552/spring2013/handouts/testprograms/public/rand_final/t_114_icache.asm SUCCESS CPI:89.3 CYCLES:5450 ICOUNT:61 IHITRATE: 47.2 DHITRATE: 0
/u/k/a/karu/courses/cs552/spring2013/handouts/testprograms/public/rand_final/t_114_idcache.asm SUCCESS CPI:12.3 CYCLES:4378 ICOUNT:356 IHITRATE: 90.2 DHITRATE: 30.4
/u/k/a/karu/courses/cs552/spring2013/handouts/testprograms/public/rand_final/t_114_mem.asm SUCCESS CPI:6.8 CYCLES:9786 ICOUNT:1449 IHITRATE: 80.2 DHITRATE: 96.2
/u/k/a/karu/courses/cs552/spring2013/handouts/testprograms/public/rand_final/t_115_all.asm SUCCESS CPI:5.6 CYCLES:2564 ICOUNT:455 IHITRATE: 73.4 DHITRATE: 77.8
/u/k/a/karu/courses/cs552/spring2013/handouts/testprograms/public/rand_final/t_115_ctrl.asm SUCCESS CPI:5.7 CYCLES:5033 ICOUNT:881 IHITRATE: 74.6 DHITRATE: 73.3
/u/k/a/karu/courses/cs552/spring2013/handouts/testprograms/public/rand_final/t_115_icache.asm SUCCESS CPI:111.0 CYCLES:5442 ICOUNT:49 IHITRATE: 46.2 DHITRATE: 0
/u/k/a/karu/courses/cs552/spring2013/handouts/testprograms/public/rand_final/t_115_idcache.asm SUCCESS CPI:11.3 CYCLES:4830 ICOUNT:428 IHITRATE: 90.6 DHITRATE: 37.2
/u/k/a/karu/courses/cs552/spring2013/handouts/testprograms/public/rand_final/t_115_mem.asm SUCCESS CPI:6.9 CYCLES:9744 ICOUNT:1414 IHITRATE: 80.3 DHITRATE: 97.4
/u/k/a/karu/courses/cs552/spring2013/handouts/testprograms/public/rand_final/t_116_all.asm SUCCESS CPI:5.3 CYCLES:3100 ICOUNT:587 IHITRATE: 74.9 DHITRATE: 75.0
/u/k/a/karu/courses/cs552/spring2013/handouts/testprograms/public/rand_final/t_116_ctrl.asm SUCCESS CPI:5.2 CYCLES:5770 ICOUNT:1102 IHITRATE: 74.5 DHITRATE: 81.4
/u/k/a/karu/courses/cs552/spring2013/handouts/testprograms/public/rand_final/t_116_icache.asm SUCCESS CPI:117.6 CYCLES:5530 ICOUNT:47 IHITRATE: 45.0 DHITRATE: 0
/u/k/a/karu/courses/cs552/spring2013/handouts/testprograms/public/rand_final/t_116_idcache.asm SUCCESS CPI:12.8 CYCLES:4468 ICOUNT:350 IHITRATE: 90.5 DHITRATE: 32.0
/u/k/a/karu/courses/cs552/spring2013/handouts/testprograms/public/rand_final/t_116_mem.asm SUCCESS CPI:6.9 CYCLES:10268 ICOUNT:1492 IHITRATE: 80.8 DHITRATE: 93.9
/u/k/a/karu/courses/cs552/spring2013/handouts/testprograms/public/rand_final/t_117_all.asm SUCCESS CPI:5.7 CYCLES:2706 ICOUNT:475 IHITRATE: 75.5 DHITRATE: 66.0
/u/k/a/karu/courses/cs552/spring2013/handouts/testprograms/public/rand_final/t_117_ctrl.asm SUCCESS CPI:5.7 CYCLES:5162 ICOUNT:898 IHITRATE: 74.7 DHITRATE: 68.1
/u/k/a/karu/courses/cs552/spring2013/handouts/testprograms/public/rand_final/t_117_icache.asm SUCCESS CPI:95.9 CYCLES:5466 ICOUNT:57 IHITRATE: 47.0 DHITRATE: 0
/u/k/a/karu/courses/cs552/spring2013/handouts/testprograms/public/rand_final/t_117_idcache.asm SUCCESS CPI:11.5 CYCLES:4776 ICOUNT:416 IHITRATE: 89.9 DHITRATE: 33.9
/u/k/a/karu/courses/cs552/spring2013/handouts/testprograms/public/rand_final/t_117_mem.asm SUCCESS CPI:6.7 CYCLES:10522 ICOUNT:1572 IHITRATE: 80.2 DHITRATE: 95.8
/u/k/a/karu/courses/cs552/spring2013/handouts/testprograms/public/rand_final/t_118_all.asm SUCCESS CPI:5.6 CYCLES:2964 ICOUNT:531 IHITRATE: 74.5 DHITRATE: 70.2
/u/k/a/karu/courses/cs552/spring2013/handouts/testprograms/public/rand_final/t_118_ctrl.asm SUCCESS CPI:5.7 CYCLES:4542 ICOUNT:793 IHITRATE: 74.0 DHITRATE: 72.1
/u/k/a/karu/courses/cs552/spring2013/handouts/testprograms/public/rand_final/t_118_icache.asm SUCCESS CPI:99.7 CYCLES:5482 ICOUNT:55 IHITRATE: 46.4 DHITRATE: 0
/u/k/a/karu/courses/cs552/spring2013/handouts/testprograms/public/rand_final/t_118_idcache.asm SUCCESS CPI:12.9 CYCLES:4180 ICOUNT:323 IHITRATE: 90.8 DHITRATE: 22.5
/u/k/a/karu/courses/cs552/spring2013/handouts/testprograms/public/rand_final/t_118_mem.asm SUCCESS CPI:7.1 CYCLES:9594 ICOUNT:1359 IHITRATE: 80.4 DHITRATE: 96.8
/u/k/a/karu/courses/cs552/spring2013/handouts/testprograms/public/rand_final/t_119_all.asm SUCCESS CPI:5.7 CYCLES:2420 ICOUNT:427 IHITRATE: 74.1 DHITRATE: 69.4
/u/k/a/karu/courses/cs552/spring2013/handouts/testprograms/public/rand_final/t_119_ctrl.asm SUCCESS CPI:5.8 CYCLES:4404 ICOUNT:760 IHITRATE: 73.5 DHITRATE: 74.5
/u/k/a/karu/courses/cs552/spring2013/handouts/testprograms/public/rand_final/t_119_icache.asm SUCCESS CPI:88.3 CYCLES:5474 ICOUNT:62 IHITRATE: 46.1 DHITRATE: 0
/u/k/a/karu/courses/cs552/spring2013/handouts/testprograms/public/rand_final/t_119_idcache.asm SUCCESS CPI:12.3 CYCLES:4532 ICOUNT:368 IHITRATE: 90.9 DHITRATE: 23.1
/u/k/a/karu/courses/cs552/spring2013/handouts/testprograms/public/rand_final/t_119_mem.asm SUCCESS CPI:6.7 CYCLES:10438 ICOUNT:1567 IHITRATE: 80.6 DHITRATE: 94.0
/u/k/a/karu/courses/cs552/spring2013/handouts/testprograms/public/rand_final/t_11_mem.asm SUCCESS CPI:6.8 CYCLES:10638 ICOUNT:1571 IHITRATE: 80.6 DHITRATE: 93.2
/u/k/a/karu/courses/cs552/spring2013/handouts/testprograms/public/rand_final/t_120_all.asm SUCCESS CPI:6.1 CYCLES:2407 ICOUNT:395 IHITRATE: 72.2 DHITRATE: 80.8
/u/k/a/karu/courses/cs552/spring2013/handouts/testprograms/public/rand_final/t_120_ctrl.asm SUCCESS CPI:5.6 CYCLES:5015 ICOUNT:903 IHITRATE: 73.8 DHITRATE: 77.5
/u/k/a/karu/courses/cs552/spring2013/handouts/testprograms/public/rand_final/t_120_icache.asm SUCCESS CPI:97.3 CYCLES:5450 ICOUNT:56 IHITRATE: 45.5 DHITRATE: 0
/u/k/a/karu/courses/cs552/spring2013/handouts/testprograms/public/rand_final/t_120_idcache.asm SUCCESS CPI:12.3 CYCLES:4534 ICOUNT:368 IHITRATE: 90.0 DHITRATE: 32.7
/u/k/a/karu/courses/cs552/spring2013/handouts/testprograms/public/rand_final/t_120_mem.asm SUCCESS CPI:6.8 CYCLES:10066 ICOUNT:1474 IHITRATE: 80.2 DHITRATE: 96.4
/u/k/a/karu/courses/cs552/spring2013/handouts/testprograms/public/rand_final/t_121_all.asm SUCCESS CPI:6.2 CYCLES:2040 ICOUNT:327 IHITRATE: 73.4 DHITRATE: 65.2
/u/k/a/karu/courses/cs552/spring2013/handouts/testprograms/public/rand_final/t_122_all.asm SUCCESS CPI:6.0 CYCLES:2004 ICOUNT:335 IHITRATE: 73.7 DHITRATE: 69.2
/u/k/a/karu/courses/cs552/spring2013/handouts/testprograms/public/rand_final/t_123_all.asm SUCCESS CPI:5.6 CYCLES:2876 ICOUNT:515 IHITRATE: 74.2 DHITRATE: 63.2
/u/k/a/karu/courses/cs552/spring2013/handouts/testprograms/public/rand_final/t_124_all.asm SUCCESS CPI:5.5 CYCLES:2032 ICOUNT:371 IHITRATE: 74.9 DHITRATE: 65.4
/u/k/a/karu/courses/cs552/spring2013/handouts/testprograms/public/rand_final/t_125_all.asm SUCCESS CPI:5.9 CYCLES:3038 ICOUNT:514 IHITRATE: 75.7 DHITRATE: 55.2
/u/k/a/karu/courses/cs552/spring2013/handouts/testprograms/public/rand_final/t_126_all.asm SUCCESS CPI:5.4 CYCLES:3374 ICOUNT:623 IHITRATE: 75.7 DHITRATE: 55.8
/u/k/a/karu/courses/cs552/spring2013/handouts/testprograms/public/rand_final/t_127_all.asm SUCCESS CPI:5.5 CYCLES:2588 ICOUNT:473 IHITRATE: 74.2 DHITRATE: 72.7
/u/k/a/karu/courses/cs552/spring2013/handouts/testprograms/public/rand_final/t_128_all.asm SUCCESS CPI:6.0 CYCLES:2650 ICOUNT:440 IHITRATE: 72.9 DHITRATE: 64.5
/u/k/a/karu/courses/cs552/spring2013/handouts/testprograms/public/rand_final/t_129_all.asm SUCCESS CPI:5.7 CYCLES:2580 ICOUNT:450 IHITRATE: 75.1 DHITRATE: 70.8
/u/k/a/karu/courses/cs552/spring2013/handouts/testprograms/public/rand_final/t_12_mem.asm SUCCESS CPI:7.0 CYCLES:9980 ICOUNT:1426 IHITRATE: 80.4 DHITRATE: 96.5
/u/k/a/karu/courses/cs552/spring2013/handouts/testprograms/public/rand_final/t_130_all.asm SUCCESS CPI:5.2 CYCLES:3476 ICOUNT:667 IHITRATE: 76.3 DHITRATE: 70.9
/u/k/a/karu/courses/cs552/spring2013/handouts/testprograms/public/rand_final/t_131_all.asm SUCCESS CPI:5.3 CYCLES:3028 ICOUNT:570 IHITRATE: 74.7 DHITRATE: 83.3
/u/k/a/karu/courses/cs552/spring2013/handouts/testprograms/public/rand_final/t_132_all.asm SUCCESS CPI:5.5 CYCLES:2678 ICOUNT:489 IHITRATE: 74.8 DHITRATE: 63.9
/u/k/a/karu/courses/cs552/spring2013/handouts/testprograms/public/rand_final/t_133_all.asm SUCCESS CPI:5.5 CYCLES:2527 ICOUNT:462 IHITRATE: 75.8 DHITRATE: 61.5
/u/k/a/karu/courses/cs552/spring2013/handouts/testprograms/public/rand_final/t_134_all.asm SUCCESS CPI:5.4 CYCLES:2691 ICOUNT:495 IHITRATE: 76.3 DHITRATE: 68.2
/u/k/a/karu/courses/cs552/spring2013/handouts/testprograms/public/rand_final/t_135_all.asm SUCCESS CPI:5.3 CYCLES:3316 ICOUNT:625 IHITRATE: 75.9 DHITRATE: 65.4
/u/k/a/karu/courses/cs552/spring2013/handouts/testprograms/public/rand_final/t_136_all.asm SUCCESS CPI:5.7 CYCLES:2477 ICOUNT:433 IHITRATE: 74.2 DHITRATE: 69.2
/u/k/a/karu/courses/cs552/spring2013/handouts/testprograms/public/rand_final/t_137_all.asm SUCCESS CPI:5.3 CYCLES:2960 ICOUNT:555 IHITRATE: 75.3 DHITRATE: 65.8
/u/k/a/karu/courses/cs552/spring2013/handouts/testprograms/public/rand_final/t_138_all.asm SUCCESS CPI:5.4 CYCLES:3427 ICOUNT:637 IHITRATE: 75.2 DHITRATE: 73.7
/u/k/a/karu/courses/cs552/spring2013/handouts/testprograms/public/rand_final/t_139_all.asm SUCCESS CPI:6.1 CYCLES:2318 ICOUNT:379 IHITRATE: 73.0 DHITRATE: 52.2
/u/k/a/karu/courses/cs552/spring2013/handouts/testprograms/public/rand_final/t_13_mem.asm SUCCESS CPI:6.8 CYCLES:9940 ICOUNT:1455 IHITRATE: 80.4 DHITRATE: 95.8
/u/k/a/karu/courses/cs552/spring2013/handouts/testprograms/public/rand_final/t_140_all.asm SUCCESS CPI:5.5 CYCLES:2307 ICOUNT:418 IHITRATE: 74.5 DHITRATE: 64.5
/u/k/a/karu/courses/cs552/spring2013/handouts/testprograms/public/rand_final/t_141_all.asm SUCCESS CPI:5.2 CYCLES:2638 ICOUNT:511 IHITRATE: 74.9 DHITRATE: 84.4
/u/k/a/karu/courses/cs552/spring2013/handouts/testprograms/public/rand_final/t_142_all.asm SUCCESS CPI:5.6 CYCLES:2252 ICOUNT:404 IHITRATE: 74.5 DHITRATE: 73.3
/u/k/a/karu/courses/cs552/spring2013/handouts/testprograms/public/rand_final/t_143_all.asm SUCCESS CPI:5.2 CYCLES:2732 ICOUNT:526 IHITRATE: 75.0 DHITRATE: 70.6
/u/k/a/karu/courses/cs552/spring2013/handouts/testprograms/public/rand_final/t_144_all.asm SUCCESS CPI:6.0 CYCLES:2630 ICOUNT:442 IHITRATE: 73.7 DHITRATE: 56.7
/u/k/a/karu/courses/cs552/spring2013/handouts/testprograms/public/rand_final/t_145_all.asm SUCCESS CPI:5.5 CYCLES:2503 ICOUNT:456 IHITRATE: 74.8 DHITRATE: 63.9
/u/k/a/karu/courses/cs552/spring2013/handouts/testprograms/public/rand_final/t_146_all.asm SUCCESS CPI:5.4 CYCLES:3386 ICOUNT:630 IHITRATE: 75.5 DHITRATE: 73.7
/u/k/a/karu/courses/cs552/spring2013/handouts/testprograms/public/rand_final/t_147_all.asm SUCCESS CPI:5.4 CYCLES:2490 ICOUNT:458 IHITRATE: 74.2 DHITRATE: 73.3
/u/k/a/karu/courses/cs552/spring2013/handouts/testprograms/public/rand_final/t_148_all.asm SUCCESS CPI:5.6 CYCLES:2628 ICOUNT:471 IHITRATE: 74.9 DHITRATE: 73.2
/u/k/a/karu/courses/cs552/spring2013/handouts/testprograms/public/rand_final/t_149_all.asm SUCCESS CPI:5.4 CYCLES:2516 ICOUNT:465 IHITRATE: 74.9 DHITRATE: 64.3
/u/k/a/karu/courses/cs552/spring2013/handouts/testprograms/public/rand_final/t_14_mem.asm SUCCESS CPI:7.1 CYCLES:9828 ICOUNT:1385 IHITRATE: 80.7 DHITRATE: 94.2
/u/k/a/karu/courses/cs552/spring2013/handouts/testprograms/public/rand_final/t_150_all.asm SUCCESS CPI:5.6 CYCLES:2932 ICOUNT:524 IHITRATE: 74.2 DHITRATE: 75.0
/u/k/a/karu/courses/cs552/spring2013/handouts/testprograms/public/rand_final/t_15_mem.asm SUCCESS CPI:6.9 CYCLES:10040 ICOUNT:1459 IHITRATE: 80.2 DHITRATE: 97.0
/u/k/a/karu/courses/cs552/spring2013/handouts/testprograms/public/rand_final/t_16_mem.asm SUCCESS CPI:6.8 CYCLES:10030 ICOUNT:1466 IHITRATE: 80.2 DHITRATE: 97.1
/u/k/a/karu/courses/cs552/spring2013/handouts/testprograms/public/rand_final/t_17_mem.asm SUCCESS CPI:6.7 CYCLES:10188 ICOUNT:1515 IHITRATE: 80.3 DHITRATE: 95.6
/u/k/a/karu/courses/cs552/spring2013/handouts/testprograms/public/rand_final/t_18_mem.asm SUCCESS CPI:6.9 CYCLES:9798 ICOUNT:1423 IHITRATE: 80.6 DHITRATE: 95.1
/u/k/a/karu/courses/cs552/spring2013/handouts/testprograms/public/rand_final/t_19_mem.asm SUCCESS CPI:6.9 CYCLES:9710 ICOUNT:1400 IHITRATE: 80.4 DHITRATE: 96.0
