/u/k/a/karu/courses/cs552/spring2013/handouts/testprograms/public/rand_simple/t_1_add.asm SUCCESS CPI:3.3 CYCLES:109 ICOUNT:33 IHITRATE: 0.0 DHITRATE: 0
/u/k/a/karu/courses/cs552/spring2013/handouts/testprograms/public/rand_simple/t_1_addi.asm SUCCESS CPI:3.5 CYCLES:114 ICOUNT:33 IHITRATE: 0.0 DHITRATE: 0
/u/k/a/karu/courses/cs552/spring2013/handouts/testprograms/public/rand_simple/t_1_andn.asm SUCCESS CPI:3.5 CYCLES:116 ICOUNT:33 IHITRATE: 0.0 DHITRATE: 0
/u/k/a/karu/courses/cs552/spring2013/handouts/testprograms/public/rand_simple/t_1_andni.asm SUCCESS CPI:3.4 CYCLES:112 ICOUNT:33 IHITRATE: 0.0 DHITRATE: 0
/u/k/a/karu/courses/cs552/spring2013/handouts/testprograms/public/rand_simple/t_1_beqz.asm SUCCESS CPI:51.3 CYCLES:976 ICOUNT:19 IHITRATE: 0.0 DHITRATE: 0
/u/k/a/karu/courses/cs552/spring2013/handouts/testprograms/public/rand_simple/t_1_bgez.asm SUCCESS CPI:42.6 CYCLES:810 ICOUNT:19 IHITRATE: 0.0 DHITRATE: 0
/u/k/a/karu/courses/cs552/spring2013/handouts/testprograms/public/rand_simple/t_1_bltz.asm SUCCESS CPI:49.9 CYCLES:948 ICOUNT:19 IHITRATE: 0.0 DHITRATE: 0
/u/k/a/karu/courses/cs552/spring2013/handouts/testprograms/public/rand_simple/t_1_bnez.asm SUCCESS CPI:49.7 CYCLES:944 ICOUNT:19 IHITRATE: 0.0 DHITRATE: 0
/u/k/a/karu/courses/cs552/spring2013/handouts/testprograms/public/rand_simple/t_1_btr.asm SUCCESS CPI:4.6 CYCLES:152 ICOUNT:33 IHITRATE: 0.0 DHITRATE: 0
/u/k/a/karu/courses/cs552/spring2013/handouts/testprograms/public/rand_simple/t_1_j.asm SUCCESS CPI:390.1 CYCLES:394 ICOUNT:1 IHITRATE: 0.0 DHITRATE: 0
/u/k/a/karu/courses/cs552/spring2013/handouts/testprograms/public/rand_simple/t_1_jal.asm SUCCESS CPI:23.8 CYCLES:404 ICOUNT:17 IHITRATE: 0.0 DHITRATE: 0
/u/k/a/karu/courses/cs552/spring2013/handouts/testprograms/public/rand_simple/t_1_jalr.asm SUCCESS CPI:8.4 CYCLES:548 ICOUNT:65 IHITRATE: 0.0 DHITRATE: 0
/u/k/a/karu/courses/cs552/spring2013/handouts/testprograms/public/rand_simple/t_1_jr.asm SUCCESS CPI:8.3 CYCLES:538 ICOUNT:65 IHITRATE: 0.0 DHITRATE: 0
/u/k/a/karu/courses/cs552/spring2013/handouts/testprograms/public/rand_simple/t_1_lbi.asm SUCCESS CPI:3.4 CYCLES:112 ICOUNT:33 IHITRATE: 0.0 DHITRATE: 0
/u/k/a/karu/courses/cs552/spring2013/handouts/testprograms/public/rand_simple/t_1_ld.asm FAILED
/u/k/a/karu/courses/cs552/spring2013/handouts/testprograms/public/rand_simple/t_1_rol.asm SUCCESS CPI:3.5 CYCLES:116 ICOUNT:33 IHITRATE: 0.0 DHITRATE: 0
/u/k/a/karu/courses/cs552/spring2013/handouts/testprograms/public/rand_simple/t_1_roli.asm SUCCESS CPI:3.4 CYCLES:112 ICOUNT:33 IHITRATE: 0.0 DHITRATE: 0
/u/k/a/karu/courses/cs552/spring2013/handouts/testprograms/public/rand_simple/t_1_ror.asm SUCCESS CPI:3.5 CYCLES:116 ICOUNT:33 IHITRATE: 0.0 DHITRATE: 0
/u/k/a/karu/courses/cs552/spring2013/handouts/testprograms/public/rand_simple/t_1_rori.asm SUCCESS CPI:3.3 CYCLES:109 ICOUNT:33 IHITRATE: 0.0 DHITRATE: 0
/u/k/a/karu/courses/cs552/spring2013/handouts/testprograms/public/rand_simple/t_1_sco.asm SUCCESS CPI:3.3 CYCLES:109 ICOUNT:33 IHITRATE: 0.0 DHITRATE: 0
/u/k/a/karu/courses/cs552/spring2013/handouts/testprograms/public/rand_simple/t_1_seq.asm SUCCESS CPI:3.3 CYCLES:109 ICOUNT:33 IHITRATE: 0.0 DHITRATE: 0
/u/k/a/karu/courses/cs552/spring2013/handouts/testprograms/public/rand_simple/t_1_slbi.asm SUCCESS CPI:3.3 CYCLES:109 ICOUNT:33 IHITRATE: 0.0 DHITRATE: 0
/u/k/a/karu/courses/cs552/spring2013/handouts/testprograms/public/rand_simple/t_1_sle.asm SUCCESS CPI:3.4 CYCLES:112 ICOUNT:33 IHITRATE: 0.0 DHITRATE: 0
/u/k/a/karu/courses/cs552/spring2013/handouts/testprograms/public/rand_simple/t_1_sll.asm SUCCESS CPI:3.4 CYCLES:112 ICOUNT:33 IHITRATE: 0.0 DHITRATE: 0
/u/k/a/karu/courses/cs552/spring2013/handouts/testprograms/public/rand_simple/t_1_slli.asm SUCCESS CPI:3.3 CYCLES:109 ICOUNT:33 IHITRATE: 0.0 DHITRATE: 0
/u/k/a/karu/courses/cs552/spring2013/handouts/testprograms/public/rand_simple/t_1_slt.asm SUCCESS CPI:3.5 CYCLES:114 ICOUNT:33 IHITRATE: 0.0 DHITRATE: 0
/u/k/a/karu/courses/cs552/spring2013/handouts/testprograms/public/rand_simple/t_1_srl.asm SUCCESS CPI:3.5 CYCLES:114 ICOUNT:33 IHITRATE: 0.0 DHITRATE: 0
/u/k/a/karu/courses/cs552/spring2013/handouts/testprograms/public/rand_simple/t_1_srli.asm SUCCESS CPI:3.3 CYCLES:109 ICOUNT:33 IHITRATE: 0.0 DHITRATE: 0
/u/k/a/karu/courses/cs552/spring2013/handouts/testprograms/public/rand_simple/t_1_st.asm RELAX-PASS
/u/k/a/karu/courses/cs552/spring2013/handouts/testprograms/public/rand_simple/t_1_stu.asm RELAX-PASS
/u/k/a/karu/courses/cs552/spring2013/handouts/testprograms/public/rand_simple/t_1_sub.asm SUCCESS CPI:3.4 CYCLES:112 ICOUNT:33 IHITRATE: 0.0 DHITRATE: 0
/u/k/a/karu/courses/cs552/spring2013/handouts/testprograms/public/rand_simple/t_1_subi.asm SUCCESS CPI:3.5 CYCLES:114 ICOUNT:33 IHITRATE: 0.0 DHITRATE: 0
/u/k/a/karu/courses/cs552/spring2013/handouts/testprograms/public/rand_simple/t_1_xor.asm SUCCESS CPI:3.4 CYCLES:112 ICOUNT:33 IHITRATE: 0.0 DHITRATE: 0
/u/k/a/karu/courses/cs552/spring2013/handouts/testprograms/public/rand_simple/t_1_xori.asm SUCCESS CPI:3.5 CYCLES:116 ICOUNT:33 IHITRATE: 0.0 DHITRATE: 0
/u/k/a/karu/courses/cs552/spring2013/handouts/testprograms/public/rand_simple/t_2_add.asm SUCCESS CPI:3.5 CYCLES:114 ICOUNT:33 IHITRATE: 0.0 DHITRATE: 0
/u/k/a/karu/courses/cs552/spring2013/handouts/testprograms/public/rand_simple/t_2_addi.asm SUCCESS CPI:3.3 CYCLES:109 ICOUNT:33 IHITRATE: 0.0 DHITRATE: 0
/u/k/a/karu/courses/cs552/spring2013/handouts/testprograms/public/rand_simple/t_2_andn.asm SUCCESS CPI:3.4 CYCLES:112 ICOUNT:33 IHITRATE: 0.0 DHITRATE: 0
/u/k/a/karu/courses/cs552/spring2013/handouts/testprograms/public/rand_simple/t_2_andni.asm SUCCESS CPI:3.4 CYCLES:112 ICOUNT:33 IHITRATE: 0.0 DHITRATE: 0
/u/k/a/karu/courses/cs552/spring2013/handouts/testprograms/public/rand_simple/t_2_beqz.asm SUCCESS CPI:48.0 CYCLES:912 ICOUNT:19 IHITRATE: 0.0 DHITRATE: 0
/u/k/a/karu/courses/cs552/spring2013/handouts/testprograms/public/rand_simple/t_2_bgez.asm SUCCESS CPI:47.3 CYCLES:900 ICOUNT:19 IHITRATE: 0.0 DHITRATE: 0
/u/k/a/karu/courses/cs552/spring2013/handouts/testprograms/public/rand_simple/t_2_bltz.asm SUCCESS CPI:51.6 CYCLES:980 ICOUNT:19 IHITRATE: 0.0 DHITRATE: 0
/u/k/a/karu/courses/cs552/spring2013/handouts/testprograms/public/rand_simple/t_2_bnez.asm SUCCESS CPI:51.6 CYCLES:981 ICOUNT:19 IHITRATE: 0.0 DHITRATE: 0
/u/k/a/karu/courses/cs552/spring2013/handouts/testprograms/public/rand_simple/t_2_btr.asm SUCCESS CPI:4.6 CYCLES:152 ICOUNT:33 IHITRATE: 0.0 DHITRATE: 0
/u/k/a/karu/courses/cs552/spring2013/handouts/testprograms/public/rand_simple/t_2_j.asm SUCCESS CPI:407.9 CYCLES:412 ICOUNT:1 IHITRATE: 0.0 DHITRATE: 0
/u/k/a/karu/courses/cs552/spring2013/handouts/testprograms/public/rand_simple/t_2_jal.asm SUCCESS CPI:20.3 CYCLES:346 ICOUNT:17 IHITRATE: 0.0 DHITRATE: 0
/u/k/a/karu/courses/cs552/spring2013/handouts/testprograms/public/rand_simple/t_2_jalr.asm SUCCESS CPI:8.3 CYCLES:540 ICOUNT:65 IHITRATE: 0.0 DHITRATE: 0
/u/k/a/karu/courses/cs552/spring2013/handouts/testprograms/public/rand_simple/t_2_jr.asm SUCCESS CPI:10.7 CYCLES:693 ICOUNT:65 IHITRATE: 0.0 DHITRATE: 0
/u/k/a/karu/courses/cs552/spring2013/handouts/testprograms/public/rand_simple/t_2_lbi.asm SUCCESS CPI:3.4 CYCLES:112 ICOUNT:33 IHITRATE: 0.0 DHITRATE: 0
/u/k/a/karu/courses/cs552/spring2013/handouts/testprograms/public/rand_simple/t_2_ld.asm FAILED
/u/k/a/karu/courses/cs552/spring2013/handouts/testprograms/public/rand_simple/t_2_rol.asm SUCCESS CPI:3.3 CYCLES:109 ICOUNT:33 IHITRATE: 0.0 DHITRATE: 0
/u/k/a/karu/courses/cs552/spring2013/handouts/testprograms/public/rand_simple/t_2_roli.asm SUCCESS CPI:3.3 CYCLES:109 ICOUNT:33 IHITRATE: 0.0 DHITRATE: 0
/u/k/a/karu/courses/cs552/spring2013/handouts/testprograms/public/rand_simple/t_2_ror.asm SUCCESS CPI:3.3 CYCLES:109 ICOUNT:33 IHITRATE: 0.0 DHITRATE: 0
/u/k/a/karu/courses/cs552/spring2013/handouts/testprograms/public/rand_simple/t_2_rori.asm SUCCESS CPI:3.5 CYCLES:114 ICOUNT:33 IHITRATE: 0.0 DHITRATE: 0
/u/k/a/karu/courses/cs552/spring2013/handouts/testprograms/public/rand_simple/t_2_sco.asm SUCCESS CPI:3.4 CYCLES:112 ICOUNT:33 IHITRATE: 0.0 DHITRATE: 0
/u/k/a/karu/courses/cs552/spring2013/handouts/testprograms/public/rand_simple/t_2_seq.asm SUCCESS CPI:3.5 CYCLES:117 ICOUNT:33 IHITRATE: 0.0 DHITRATE: 0
/u/k/a/karu/courses/cs552/spring2013/handouts/testprograms/public/rand_simple/t_2_slbi.asm SUCCESS CPI:3.4 CYCLES:112 ICOUNT:33 IHITRATE: 0.0 DHITRATE: 0
/u/k/a/karu/courses/cs552/spring2013/handouts/testprograms/public/rand_simple/t_2_sle.asm SUCCESS CPI:3.3 CYCLES:109 ICOUNT:33 IHITRATE: 0.0 DHITRATE: 0
/u/k/a/karu/courses/cs552/spring2013/handouts/testprograms/public/rand_simple/t_2_sll.asm SUCCESS CPI:3.5 CYCLES:114 ICOUNT:33 IHITRATE: 0.0 DHITRATE: 0
/u/k/a/karu/courses/cs552/spring2013/handouts/testprograms/public/rand_simple/t_2_slli.asm SUCCESS CPI:3.5 CYCLES:114 ICOUNT:33 IHITRATE: 0.0 DHITRATE: 0
/u/k/a/karu/courses/cs552/spring2013/handouts/testprograms/public/rand_simple/t_2_slt.asm SUCCESS CPI:3.3 CYCLES:109 ICOUNT:33 IHITRATE: 0.0 DHITRATE: 0
/u/k/a/karu/courses/cs552/spring2013/handouts/testprograms/public/rand_simple/t_2_srl.asm SUCCESS CPI:3.3 CYCLES:109 ICOUNT:33 IHITRATE: 0.0 DHITRATE: 0
/u/k/a/karu/courses/cs552/spring2013/handouts/testprograms/public/rand_simple/t_2_srli.asm SUCCESS CPI:3.4 CYCLES:112 ICOUNT:33 IHITRATE: 0.0 DHITRATE: 0
/u/k/a/karu/courses/cs552/spring2013/handouts/testprograms/public/rand_simple/t_2_st.asm RELAX-PASS
/u/k/a/karu/courses/cs552/spring2013/handouts/testprograms/public/rand_simple/t_2_stu.asm RELAX-PASS
/u/k/a/karu/courses/cs552/spring2013/handouts/testprograms/public/rand_simple/t_2_sub.asm SUCCESS CPI:3.4 CYCLES:112 ICOUNT:33 IHITRATE: 0.0 DHITRATE: 0
/u/k/a/karu/courses/cs552/spring2013/handouts/testprograms/public/rand_simple/t_2_subi.asm SUCCESS CPI:3.5 CYCLES:114 ICOUNT:33 IHITRATE: 0.0 DHITRATE: 0
/u/k/a/karu/courses/cs552/spring2013/handouts/testprograms/public/rand_simple/t_2_xor.asm SUCCESS CPI:3.3 CYCLES:109 ICOUNT:33 IHITRATE: 0.0 DHITRATE: 0
/u/k/a/karu/courses/cs552/spring2013/handouts/testprograms/public/rand_simple/t_2_xori.asm SUCCESS CPI:3.4 CYCLES:112 ICOUNT:33 IHITRATE: 0.0 DHITRATE: 0
/u/k/a/karu/courses/cs552/spring2013/handouts/testprograms/public/rand_simple/t_3_add.asm SUCCESS CPI:3.4 CYCLES:112 ICOUNT:33 IHITRATE: 0.0 DHITRATE: 0
/u/k/a/karu/courses/cs552/spring2013/handouts/testprograms/public/rand_simple/t_3_addi.asm SUCCESS CPI:3.4 CYCLES:112 ICOUNT:33 IHITRATE: 0.0 DHITRATE: 0
/u/k/a/karu/courses/cs552/spring2013/handouts/testprograms/public/rand_simple/t_3_andn.asm SUCCESS CPI:3.5 CYCLES:114 ICOUNT:33 IHITRATE: 0.0 DHITRATE: 0
/u/k/a/karu/courses/cs552/spring2013/handouts/testprograms/public/rand_simple/t_3_andni.asm SUCCESS CPI:3.3 CYCLES:109 ICOUNT:33 IHITRATE: 0.0 DHITRATE: 0
/u/k/a/karu/courses/cs552/spring2013/handouts/testprograms/public/rand_simple/t_3_beqz.asm SUCCESS CPI:51.8 CYCLES:984 ICOUNT:19 IHITRATE: 0.0 DHITRATE: 0
/u/k/a/karu/courses/cs552/spring2013/handouts/testprograms/public/rand_simple/t_3_bgez.asm SUCCESS CPI:46.8 CYCLES:890 ICOUNT:19 IHITRATE: 0.0 DHITRATE: 0
/u/k/a/karu/courses/cs552/spring2013/handouts/testprograms/public/rand_simple/t_3_bltz.asm SUCCESS CPI:32.8 CYCLES:624 ICOUNT:19 IHITRATE: 0.0 DHITRATE: 0
/u/k/a/karu/courses/cs552/spring2013/handouts/testprograms/public/rand_simple/t_3_bnez.asm SUCCESS CPI:45.5 CYCLES:865 ICOUNT:19 IHITRATE: 0.0 DHITRATE: 0
/u/k/a/karu/courses/cs552/spring2013/handouts/testprograms/public/rand_simple/t_3_btr.asm SUCCESS CPI:4.6 CYCLES:152 ICOUNT:33 IHITRATE: 0.0 DHITRATE: 0
/u/k/a/karu/courses/cs552/spring2013/handouts/testprograms/public/rand_simple/t_3_j.asm SUCCESS CPI:401.0 CYCLES:405 ICOUNT:1 IHITRATE: 0.0 DHITRATE: 0
/u/k/a/karu/courses/cs552/spring2013/handouts/testprograms/public/rand_simple/t_3_jal.asm SUCCESS CPI:20.3 CYCLES:346 ICOUNT:17 IHITRATE: 0.0 DHITRATE: 0
/u/k/a/karu/courses/cs552/spring2013/handouts/testprograms/public/rand_simple/t_3_jalr.asm SUCCESS CPI:9.8 CYCLES:636 ICOUNT:65 IHITRATE: 0.0 DHITRATE: 0
/u/k/a/karu/courses/cs552/spring2013/handouts/testprograms/public/rand_simple/t_3_jr.asm SUCCESS CPI:8.3 CYCLES:540 ICOUNT:65 IHITRATE: 0.0 DHITRATE: 0
/u/k/a/karu/courses/cs552/spring2013/handouts/testprograms/public/rand_simple/t_3_lbi.asm SUCCESS CPI:3.4 CYCLES:112 ICOUNT:33 IHITRATE: 0.0 DHITRATE: 0
/u/k/a/karu/courses/cs552/spring2013/handouts/testprograms/public/rand_simple/t_3_ld.asm FAILED
/u/k/a/karu/courses/cs552/spring2013/handouts/testprograms/public/rand_simple/t_3_rol.asm SUCCESS CPI:3.4 CYCLES:112 ICOUNT:33 IHITRATE: 0.0 DHITRATE: 0
/u/k/a/karu/courses/cs552/spring2013/handouts/testprograms/public/rand_simple/t_3_roli.asm SUCCESS CPI:3.4 CYCLES:112 ICOUNT:33 IHITRATE: 0.0 DHITRATE: 0
/u/k/a/karu/courses/cs552/spring2013/handouts/testprograms/public/rand_simple/t_3_ror.asm SUCCESS CPI:3.3 CYCLES:109 ICOUNT:33 IHITRATE: 0.0 DHITRATE: 0
/u/k/a/karu/courses/cs552/spring2013/handouts/testprograms/public/rand_simple/t_3_rori.asm SUCCESS CPI:3.3 CYCLES:109 ICOUNT:33 IHITRATE: 0.0 DHITRATE: 0
/u/k/a/karu/courses/cs552/spring2013/handouts/testprograms/public/rand_simple/t_3_sco.asm SUCCESS CPI:3.5 CYCLES:114 ICOUNT:33 IHITRATE: 0.0 DHITRATE: 0
/u/k/a/karu/courses/cs552/spring2013/handouts/testprograms/public/rand_simple/t_3_seq.asm SUCCESS CPI:3.4 CYCLES:112 ICOUNT:33 IHITRATE: 0.0 DHITRATE: 0
/u/k/a/karu/courses/cs552/spring2013/handouts/testprograms/public/rand_simple/t_3_slbi.asm SUCCESS CPI:3.3 CYCLES:109 ICOUNT:33 IHITRATE: 0.0 DHITRATE: 0
/u/k/a/karu/courses/cs552/spring2013/handouts/testprograms/public/rand_simple/t_3_sle.asm SUCCESS CPI:3.4 CYCLES:112 ICOUNT:33 IHITRATE: 0.0 DHITRATE: 0
/u/k/a/karu/courses/cs552/spring2013/handouts/testprograms/public/rand_simple/t_3_sll.asm SUCCESS CPI:3.5 CYCLES:116 ICOUNT:33 IHITRATE: 0.0 DHITRATE: 0
/u/k/a/karu/courses/cs552/spring2013/handouts/testprograms/public/rand_simple/t_3_slli.asm SUCCESS CPI:3.3 CYCLES:109 ICOUNT:33 IHITRATE: 0.0 DHITRATE: 0
/u/k/a/karu/courses/cs552/spring2013/handouts/testprograms/public/rand_simple/t_3_slt.asm SUCCESS CPI:3.5 CYCLES:114 ICOUNT:33 IHITRATE: 0.0 DHITRATE: 0
/u/k/a/karu/courses/cs552/spring2013/handouts/testprograms/public/rand_simple/t_3_srl.asm SUCCESS CPI:3.4 CYCLES:112 ICOUNT:33 IHITRATE: 0.0 DHITRATE: 0
/u/k/a/karu/courses/cs552/spring2013/handouts/testprograms/public/rand_simple/t_3_srli.asm SUCCESS CPI:3.4 CYCLES:112 ICOUNT:33 IHITRATE: 0.0 DHITRATE: 0
/u/k/a/karu/courses/cs552/spring2013/handouts/testprograms/public/rand_simple/t_3_st.asm RELAX-PASS
/u/k/a/karu/courses/cs552/spring2013/handouts/testprograms/public/rand_simple/t_3_stu.asm RELAX-PASS
/u/k/a/karu/courses/cs552/spring2013/handouts/testprograms/public/rand_simple/t_3_sub.asm SUCCESS CPI:3.4 CYCLES:112 ICOUNT:33 IHITRATE: 0.0 DHITRATE: 0
/u/k/a/karu/courses/cs552/spring2013/handouts/testprograms/public/rand_simple/t_3_subi.asm SUCCESS CPI:3.4 CYCLES:112 ICOUNT:33 IHITRATE: 0.0 DHITRATE: 0
/u/k/a/karu/courses/cs552/spring2013/handouts/testprograms/public/rand_simple/t_3_xor.asm SUCCESS CPI:3.5 CYCLES:114 ICOUNT:33 IHITRATE: 0.0 DHITRATE: 0
/u/k/a/karu/courses/cs552/spring2013/handouts/testprograms/public/rand_simple/t_3_xori.asm SUCCESS CPI:3.3 CYCLES:109 ICOUNT:33 IHITRATE: 0.0 DHITRATE: 0
/u/k/a/karu/courses/cs552/spring2013/handouts/testprograms/public/rand_simple/t_4_add.asm SUCCESS CPI:3.5 CYCLES:114 ICOUNT:33 IHITRATE: 0.0 DHITRATE: 0
/u/k/a/karu/courses/cs552/spring2013/handouts/testprograms/public/rand_simple/t_4_addi.asm SUCCESS CPI:3.4 CYCLES:112 ICOUNT:33 IHITRATE: 0.0 DHITRATE: 0
/u/k/a/karu/courses/cs552/spring2013/handouts/testprograms/public/rand_simple/t_4_andn.asm SUCCESS CPI:3.3 CYCLES:109 ICOUNT:33 IHITRATE: 0.0 DHITRATE: 0
/u/k/a/karu/courses/cs552/spring2013/handouts/testprograms/public/rand_simple/t_4_andni.asm SUCCESS CPI:3.4 CYCLES:112 ICOUNT:33 IHITRATE: 0.0 DHITRATE: 0
/u/k/a/karu/courses/cs552/spring2013/handouts/testprograms/public/rand_simple/t_4_beqz.asm SUCCESS CPI:47.7 CYCLES:906 ICOUNT:19 IHITRATE: 0.0 DHITRATE: 0
/u/k/a/karu/courses/cs552/spring2013/handouts/testprograms/public/rand_simple/t_4_bgez.asm SUCCESS CPI:44.0 CYCLES:836 ICOUNT:19 IHITRATE: 0.0 DHITRATE: 0
/u/k/a/karu/courses/cs552/spring2013/handouts/testprograms/public/rand_simple/t_4_bltz.asm SUCCESS CPI:46.7 CYCLES:888 ICOUNT:19 IHITRATE: 0.0 DHITRATE: 0
/u/k/a/karu/courses/cs552/spring2013/handouts/testprograms/public/rand_simple/t_4_bnez.asm SUCCESS CPI:49.8 CYCLES:946 ICOUNT:19 IHITRATE: 0.0 DHITRATE: 0
/u/k/a/karu/courses/cs552/spring2013/handouts/testprograms/public/rand_simple/t_4_btr.asm SUCCESS CPI:4.6 CYCLES:152 ICOUNT:33 IHITRATE: 0.0 DHITRATE: 0
/u/k/a/karu/courses/cs552/spring2013/handouts/testprograms/public/rand_simple/t_4_j.asm SUCCESS CPI:424.8 CYCLES:429 ICOUNT:1 IHITRATE: 0.0 DHITRATE: 0
/u/k/a/karu/courses/cs552/spring2013/handouts/testprograms/public/rand_simple/t_4_jal.asm SUCCESS CPI:22.2 CYCLES:378 ICOUNT:17 IHITRATE: 0.0 DHITRATE: 0
/u/k/a/karu/courses/cs552/spring2013/handouts/testprograms/public/rand_simple/t_4_jalr.asm SUCCESS CPI:9.7 CYCLES:632 ICOUNT:65 IHITRATE: 0.0 DHITRATE: 0
/u/k/a/karu/courses/cs552/spring2013/handouts/testprograms/public/rand_simple/t_4_jr.asm SUCCESS CPI:9.8 CYCLES:634 ICOUNT:65 IHITRATE: 0.0 DHITRATE: 0
/u/k/a/karu/courses/cs552/spring2013/handouts/testprograms/public/rand_simple/t_4_lbi.asm SUCCESS CPI:3.4 CYCLES:112 ICOUNT:33 IHITRATE: 0.0 DHITRATE: 0
/u/k/a/karu/courses/cs552/spring2013/handouts/testprograms/public/rand_simple/t_4_ld.asm FAILED
/u/k/a/karu/courses/cs552/spring2013/handouts/testprograms/public/rand_simple/t_4_rol.asm SUCCESS CPI:3.4 CYCLES:112 ICOUNT:33 IHITRATE: 0.0 DHITRATE: 0
/u/k/a/karu/courses/cs552/spring2013/handouts/testprograms/public/rand_simple/t_4_roli.asm SUCCESS CPI:3.3 CYCLES:109 ICOUNT:33 IHITRATE: 0.0 DHITRATE: 0
/u/k/a/karu/courses/cs552/spring2013/handouts/testprograms/public/rand_simple/t_4_ror.asm SUCCESS CPI:3.5 CYCLES:114 ICOUNT:33 IHITRATE: 0.0 DHITRATE: 0
/u/k/a/karu/courses/cs552/spring2013/handouts/testprograms/public/rand_simple/t_4_rori.asm SUCCESS CPI:3.3 CYCLES:109 ICOUNT:33 IHITRATE: 0.0 DHITRATE: 0
/u/k/a/karu/courses/cs552/spring2013/handouts/testprograms/public/rand_simple/t_4_sco.asm SUCCESS CPI:3.3 CYCLES:109 ICOUNT:33 IHITRATE: 0.0 DHITRATE: 0
/u/k/a/karu/courses/cs552/spring2013/handouts/testprograms/public/rand_simple/t_4_seq.asm SUCCESS CPI:3.4 CYCLES:112 ICOUNT:33 IHITRATE: 0.0 DHITRATE: 0
/u/k/a/karu/courses/cs552/spring2013/handouts/testprograms/public/rand_simple/t_4_slbi.asm SUCCESS CPI:3.3 CYCLES:109 ICOUNT:33 IHITRATE: 0.0 DHITRATE: 0
/u/k/a/karu/courses/cs552/spring2013/handouts/testprograms/public/rand_simple/t_4_sle.asm SUCCESS CPI:3.4 CYCLES:112 ICOUNT:33 IHITRATE: 0.0 DHITRATE: 0
/u/k/a/karu/courses/cs552/spring2013/handouts/testprograms/public/rand_simple/t_4_sll.asm SUCCESS CPI:3.4 CYCLES:112 ICOUNT:33 IHITRATE: 0.0 DHITRATE: 0
/u/k/a/karu/courses/cs552/spring2013/handouts/testprograms/public/rand_simple/t_4_slli.asm SUCCESS CPI:3.3 CYCLES:109 ICOUNT:33 IHITRATE: 0.0 DHITRATE: 0
/u/k/a/karu/courses/cs552/spring2013/handouts/testprograms/public/rand_simple/t_4_slt.asm SUCCESS CPI:3.3 CYCLES:109 ICOUNT:33 IHITRATE: 0.0 DHITRATE: 0
/u/k/a/karu/courses/cs552/spring2013/handouts/testprograms/public/rand_simple/t_4_srl.asm SUCCESS CPI:3.3 CYCLES:109 ICOUNT:33 IHITRATE: 0.0 DHITRATE: 0
/u/k/a/karu/courses/cs552/spring2013/handouts/testprograms/public/rand_simple/t_4_srli.asm SUCCESS CPI:3.3 CYCLES:109 ICOUNT:33 IHITRATE: 0.0 DHITRATE: 0
/u/k/a/karu/courses/cs552/spring2013/handouts/testprograms/public/rand_simple/t_4_st.asm RELAX-PASS
/u/k/a/karu/courses/cs552/spring2013/handouts/testprograms/public/rand_simple/t_4_stu.asm RELAX-PASS
/u/k/a/karu/courses/cs552/spring2013/handouts/testprograms/public/rand_simple/t_4_sub.asm SUCCESS CPI:3.4 CYCLES:112 ICOUNT:33 IHITRATE: 0.0 DHITRATE: 0
/u/k/a/karu/courses/cs552/spring2013/handouts/testprograms/public/rand_simple/t_4_subi.asm SUCCESS CPI:3.3 CYCLES:109 ICOUNT:33 IHITRATE: 0.0 DHITRATE: 0
/u/k/a/karu/courses/cs552/spring2013/handouts/testprograms/public/rand_simple/t_4_xor.asm SUCCESS CPI:3.4 CYCLES:112 ICOUNT:33 IHITRATE: 0.0 DHITRATE: 0
/u/k/a/karu/courses/cs552/spring2013/handouts/testprograms/public/rand_simple/t_4_xori.asm SUCCESS CPI:3.4 CYCLES:112 ICOUNT:33 IHITRATE: 0.0 DHITRATE: 0
