SIMLOG:: DecA: 0x0000 A: 0x0000 B: 0x0000 REGA: x REGB: x REG_EXE: 0 REG_EXMEM: 0 REG_MEMWB: 0 Cycle           4 PC: 00000000 ALU: 0000xxxx PC Curr: 00000002 decINS: 00000Xxx VALUE: 0x0000 BR_COND: 0 STALL: 0 I: 0000c001 R: 0   0 00000000 M: 0 0 00000000 00000000
SIMLOG:: DecA: 0x0000 A: 0x0000 B: 0x0000 REGA: 0 REGB: 0 REG_EXE: x REG_EXMEM: 0 REG_MEMWB: 0 Cycle           5 PC: 00000002 ALU: 0000xxxx PC Curr: 00000004 decINS: 0000c001 VALUE: 0x0000 BR_COND: 0 STALL: 0 I: 0000a821 R: 0   0 00000000 M: 0 0 0000xxxx 00000000
SIMLOG:: DecA: 0x0000 A: 0x0000 B: 0x0000 REGA: 0 REGB: 1 REG_EXE: 0 REG_EXMEM: x REG_MEMWB: 0 Cycle           6 PC: 00000004 ALU: 00000001 PC Curr: 00000004 decINS: 0000a821 VALUE: 0xxxxx BR_COND: 0 STALL: 1 I: 0000a983 R: 0   0 0000xxxx M: 0 0 0000xxxx 00000000
SIMLOG:: DecA: 0x0000 A: 0x0000 B: 0x0000 REGA: 0 REGB: 1 REG_EXE: 0 REG_EXMEM: 0 REG_MEMWB: x Cycle           7 PC: 00000004 ALU: 0000xxxx PC Curr: 00000004 decINS: 0000a821 VALUE: 0xxxxx BR_COND: 0 STALL: 1 I: 0000a983 R: 0   x 0000xxxx M: 0 0 00000001 00000000
SIMLOG:: DecA: 0x0000 A: 0x0000 B: 0x0000 REGA: 0 REGB: 1 REG_EXE: 0 REG_EXMEM: 0 REG_MEMWB: 0 Cycle           8 PC: 00000004 ALU: 0000xxxx PC Curr: 00000004 decINS: 0000a821 VALUE: 0x0001 BR_COND: 0 STALL: 1 I: 0000a983 R: 1   0 00000001 M: 0 0 0000xxxx 00000000
SIMLOG:: DecA: 0x0001 A: 0x0000 B: 0x0000 REGA: 0 REGB: 1 REG_EXE: 0 REG_EXMEM: 0 REG_MEMWB: 0 Cycle           9 PC: 00000004 ALU: 0000xxxx PC Curr: 00000006 decINS: 0000a821 VALUE: 0xxxxx BR_COND: 0 STALL: 0 I: 0000a983 R: 0   0 0000xxxx M: 0 0 0000xxxx 00000000
SIMLOG:: DecA: 0x0000 A: 0x0001 B: 0x0000 REGA: 1 REGB: 4 REG_EXE: 1 REG_EXMEM: 0 REG_MEMWB: 0 Cycle          10 PC: 00000006 ALU: 00000002 PC Curr: 00000006 decINS: 0000a983 VALUE: 0xxxxx BR_COND: 0 STALL: 1 I: 0000d431 R: 0   0 0000xxxx M: 0 0 0000xxxx 00000000
SIMLOG:: DecA: 0x0000 A: 0x0000 B: 0x0000 REGA: 1 REGB: 4 REG_EXE: 0 REG_EXMEM: 1 REG_MEMWB: 0 Cycle          11 PC: 00000006 ALU: 0000xxxx PC Curr: 00000006 decINS: 0000a983 VALUE: 0xxxxx BR_COND: 0 STALL: 1 I: 0000d431 R: 0   0 0000xxxx M: 0 0 00000002 00000000
SIMLOG:: DecA: 0x0000 A: 0x0000 B: 0x0000 REGA: 1 REGB: 4 REG_EXE: 0 REG_EXMEM: 0 REG_MEMWB: 1 Cycle          12 PC: 00000006 ALU: 0000xxxx PC Curr: 00000006 decINS: 0000a983 VALUE: 0x0002 BR_COND: 0 STALL: 1 I: 0000d431 R: 1   1 00000002 M: 0 0 0000xxxx 00000000
SIMLOG:: DecA: 0x0002 A: 0x0000 B: 0x0000 REGA: 1 REGB: 4 REG_EXE: 0 REG_EXMEM: 0 REG_MEMWB: 0 Cycle          13 PC: 00000006 ALU: 0000xxxx PC Curr: 00000008 decINS: 0000a983 VALUE: 0xxxxx BR_COND: 0 STALL: 0 I: 0000d431 R: 0   0 0000xxxx M: 0 0 0000xxxx 00000000
SIMLOG:: DecA: 0x0000 A: 0x0002 B: 0x0000 REGA: 4 REGB: 1 REG_EXE: 4 REG_EXMEM: 0 REG_MEMWB: 0 Cycle          14 PC: 00000008 ALU: 00000010 PC Curr: 00000008 decINS: 0000d431 VALUE: 0xxxxx BR_COND: 0 STALL: 1 I: 0000dc34 R: 0   0 0000xxxx M: 0 0 0000xxxx 00000000
SIMLOG:: DecA: 0x0000 A: 0x0000 B: 0x0002 REGA: 4 REGB: 1 REG_EXE: 0 REG_EXMEM: 4 REG_MEMWB: 0 Cycle          15 PC: 00000008 ALU: 0000xxxx PC Curr: 00000008 decINS: 0000d431 VALUE: 0xxxxx BR_COND: 0 STALL: 1 I: 0000dc34 R: 0   0 0000xxxx M: 0 0 00000010 00000000
SIMLOG:: DecA: 0x0000 A: 0x0000 B: 0x0002 REGA: 4 REGB: 1 REG_EXE: 0 REG_EXMEM: 0 REG_MEMWB: 4 Cycle          16 PC: 00000008 ALU: 0000xxxx PC Curr: 00000008 decINS: 0000d431 VALUE: 0x0010 BR_COND: 0 STALL: 1 I: 0000dc34 R: 1   4 00000010 M: 0 0 0000xxxx 00000002
SIMLOG:: DecA: 0x0010 A: 0x0000 B: 0x0002 REGA: 4 REGB: 1 REG_EXE: 0 REG_EXMEM: 0 REG_MEMWB: 0 Cycle          17 PC: 00000008 ALU: 0000xxxx PC Curr: 0000000a decINS: 0000d431 VALUE: 0xxxxx BR_COND: 0 STALL: 0 I: 0000dc34 R: 0   0 0000xxxx M: 0 0 0000xxxx 00000002
SIMLOG:: DecA: 0x0010 A: 0x0010 B: 0x0002 REGA: 4 REGB: 1 REG_EXE: 4 REG_EXMEM: 0 REG_MEMWB: 0 Cycle          18 PC: 0000000a ALU: 00000040 PC Curr: 0000000a decINS: 0000dc34 VALUE: 0xxxxx BR_COND: 0 STALL: 1 I: 0000d5b9 R: 0   0 0000xxxx M: 0 0 0000xxxx 00000002
SIMLOG:: DecA: 0x0010 A: 0x0010 B: 0x0002 REGA: 4 REGB: 1 REG_EXE: 0 REG_EXMEM: 4 REG_MEMWB: 0 Cycle          19 PC: 0000000a ALU: 0000xxxx PC Curr: 0000000a decINS: 0000dc34 VALUE: 0xxxxx BR_COND: 0 STALL: 1 I: 0000d5b9 R: 0   0 0000xxxx M: 0 0 00000040 00000002
SIMLOG:: DecA: 0x0010 A: 0x0010 B: 0x0002 REGA: 4 REGB: 1 REG_EXE: 0 REG_EXMEM: 0 REG_MEMWB: 4 Cycle          20 PC: 0000000a ALU: 0000xxxx PC Curr: 0000000a decINS: 0000dc34 VALUE: 0x0040 BR_COND: 0 STALL: 1 I: 0000d5b9 R: 1   4 00000040 M: 0 0 0000xxxx 00000002
SIMLOG:: DecA: 0x0040 A: 0x0010 B: 0x0002 REGA: 4 REGB: 1 REG_EXE: 0 REG_EXMEM: 0 REG_MEMWB: 0 Cycle          21 PC: 0000000a ALU: 0000xxxx PC Curr: 0000000c decINS: 0000dc34 VALUE: 0xxxxx BR_COND: 0 STALL: 0 I: 0000d5b9 R: 0   0 0000xxxx M: 0 0 0000xxxx 00000002
SIMLOG:: DecA: 0x0000 A: 0x0040 B: 0x0002 REGA: 5 REGB: 5 REG_EXE: 5 REG_EXMEM: 0 REG_MEMWB: 0 Cycle          22 PC: 0000000c ALU: 00000042 PC Curr: 0000000c decINS: 0000d5b9 VALUE: 0xxxxx BR_COND: 0 STALL: 1 I: 0000debc R: 0   0 0000xxxx M: 0 0 0000xxxx 00000002
SIMLOG:: DecA: 0x0000 A: 0x0000 B: 0x0000 REGA: 5 REGB: 5 REG_EXE: 0 REG_EXMEM: 5 REG_MEMWB: 0 Cycle          23 PC: 0000000c ALU: 0000xxxx PC Curr: 0000000c decINS: 0000d5b9 VALUE: 0xxxxx BR_COND: 0 STALL: 1 I: 0000debc R: 0   0 0000xxxx M: 0 0 00000042 00000002
SIMLOG:: DecA: 0x0000 A: 0x0000 B: 0x0000 REGA: 5 REGB: 5 REG_EXE: 0 REG_EXMEM: 0 REG_MEMWB: 5 Cycle          24 PC: 0000000c ALU: 0000xxxx PC Curr: 0000000c decINS: 0000d5b9 VALUE: 0x0042 BR_COND: 0 STALL: 1 I: 0000debc R: 1   5 00000042 M: 0 0 0000xxxx 00000000
SIMLOG:: DecA: 0x0042 A: 0x0000 B: 0x0000 REGA: 5 REGB: 5 REG_EXE: 0 REG_EXMEM: 0 REG_MEMWB: 0 Cycle          25 PC: 0000000c ALU: 0000xxxx PC Curr: 0000000e decINS: 0000d5b9 VALUE: 0xxxxx BR_COND: 0 STALL: 0 I: 0000debc R: 0   0 0000xxxx M: 0 0 0000xxxx 00000000
SIMLOG:: DecA: 0x0000 A: 0x0042 B: 0x0042 REGA: 6 REGB: 5 REG_EXE: 6 REG_EXMEM: 0 REG_MEMWB: 0 Cycle          26 PC: 0000000e ALU: 00000108 PC Curr: 0000000e decINS: 0000debc VALUE: 0xxxxx BR_COND: 0 STALL: 1 I: 0000af04 R: 0   0 0000xxxx M: 0 0 0000xxxx 00000000
SIMLOG:: DecA: 0x0000 A: 0x0000 B: 0x0042 REGA: 6 REGB: 5 REG_EXE: 0 REG_EXMEM: 6 REG_MEMWB: 0 Cycle          27 PC: 0000000e ALU: 0000xxxx PC Curr: 0000000e decINS: 0000debc VALUE: 0xxxxx BR_COND: 0 STALL: 1 I: 0000af04 R: 0   0 0000xxxx M: 0 0 00000108 00000042
SIMLOG:: DecA: 0x0000 A: 0x0000 B: 0x0042 REGA: 6 REGB: 5 REG_EXE: 0 REG_EXMEM: 0 REG_MEMWB: 6 Cycle          28 PC: 0000000e ALU: 0000xxxx PC Curr: 0000000e decINS: 0000debc VALUE: 0x0108 BR_COND: 0 STALL: 1 I: 0000af04 R: 1   6 00000108 M: 0 0 0000xxxx 00000042
SIMLOG:: DecA: 0x0108 A: 0x0000 B: 0x0042 REGA: 6 REGB: 5 REG_EXE: 0 REG_EXMEM: 0 REG_MEMWB: 0 Cycle          29 PC: 0000000e ALU: 0000xxxx PC Curr: 00000010 decINS: 0000debc VALUE: 0xxxxx BR_COND: 0 STALL: 0 I: 0000af04 R: 0   0 0000xxxx M: 0 0 0000xxxx 00000042
SIMLOG:: DecA: 0x0000 A: 0x0108 B: 0x0042 REGA: 7 REGB: 0 REG_EXE: 7 REG_EXMEM: 0 REG_MEMWB: 0 Cycle          30 PC: 00000010 ALU: 0000014a PC Curr: 00000010 decINS: 0000af04 VALUE: 0xxxxx BR_COND: 0 STALL: 1 I: 0000a828 R: 0   0 0000xxxx M: 0 0 0000xxxx 00000042
SIMLOG:: DecA: 0x0000 A: 0x0000 B: 0x0001 REGA: 7 REGB: 0 REG_EXE: 0 REG_EXMEM: 7 REG_MEMWB: 0 Cycle          31 PC: 00000010 ALU: 0000xxxx PC Curr: 00000010 decINS: 0000af04 VALUE: 0xxxxx BR_COND: 0 STALL: 1 I: 0000a828 R: 0   0 0000xxxx M: 0 0 0000014a 00000042
SIMLOG:: DecA: 0x0000 A: 0x0000 B: 0x0001 REGA: 7 REGB: 0 REG_EXE: 0 REG_EXMEM: 0 REG_MEMWB: 7 Cycle          32 PC: 00000010 ALU: 0000xxxx PC Curr: 00000010 decINS: 0000af04 VALUE: 0x014a BR_COND: 0 STALL: 1 I: 0000a828 R: 1   7 0000014a M: 0 0 0000xxxx 00000001
SIMLOG:: DecA: 0x014a A: 0x0000 B: 0x0001 REGA: 7 REGB: 0 REG_EXE: 0 REG_EXMEM: 0 REG_MEMWB: 0 Cycle          33 PC: 00000010 ALU: 0000xxxx PC Curr: 00000012 decINS: 0000af04 VALUE: 0xxxxx BR_COND: 0 STALL: 0 I: 0000a828 R: 0   0 0000xxxx M: 0 0 0000xxxx 00000001
SIMLOG:: DecA: 0x0001 A: 0x014a B: 0x0001 REGA: 0 REGB: 1 REG_EXE: 0 REG_EXMEM: 0 REG_MEMWB: 0 Cycle          34 PC: 00000012 ALU: 000014a0 PC Curr: 00000012 decINS: 0000a828 VALUE: 0xxxxx BR_COND: 0 STALL: 1 I: 0000d7e9 R: 0   0 0000xxxx M: 0 0 0000xxxx 00000001
SIMLOG:: DecA: 0x0001 A: 0x0001 B: 0x0002 REGA: 0 REGB: 1 REG_EXE: 0 REG_EXMEM: 0 REG_MEMWB: 0 Cycle          35 PC: 00000012 ALU: 0000xxxx PC Curr: 00000012 decINS: 0000a828 VALUE: 0xxxxx BR_COND: 0 STALL: 1 I: 0000d7e9 R: 0   0 0000xxxx M: 0 0 000014a0 00000001
SIMLOG:: DecA: 0x0001 A: 0x0001 B: 0x0002 REGA: 0 REGB: 1 REG_EXE: 0 REG_EXMEM: 0 REG_MEMWB: 0 Cycle          36 PC: 00000012 ALU: 0000xxxx PC Curr: 00000012 decINS: 0000a828 VALUE: 0x14a0 BR_COND: 0 STALL: 1 I: 0000d7e9 R: 1   0 000014a0 M: 0 0 0000xxxx 00000002
SIMLOG:: DecA: 0x14a0 A: 0x0001 B: 0x0002 REGA: 0 REGB: 1 REG_EXE: 0 REG_EXMEM: 0 REG_MEMWB: 0 Cycle          37 PC: 00000012 ALU: 0000xxxx PC Curr: 00000014 decINS: 0000a828 VALUE: 0xxxxx BR_COND: 0 STALL: 0 I: 0000d7e9 R: 0   0 0000xxxx M: 0 0 0000xxxx 00000002
SIMLOG:: DecA: 0x014a A: 0x14a0 B: 0x0002 REGA: 7 REGB: 7 REG_EXE: 1 REG_EXMEM: 0 REG_MEMWB: 0 Cycle          38 PC: 00000014 ALU: 0000a000 PC Curr: 00000016 decINS: 0000d7e9 VALUE: 0xxxxx BR_COND: 0 STALL: 0 I: 0000d95c R: 0   0 0000xxxx M: 0 0 0000xxxx 00000002
SIMLOG:: DecA: 0x0002 A: 0x014a B: 0x014a REGA: 1 REGB: 2 REG_EXE: 2 REG_EXMEM: 1 REG_MEMWB: 0 Cycle          39 PC: 00000016 ALU: 00002800 PC Curr: 00000016 decINS: 0000d95c VALUE: 0xxxxx BR_COND: 0 STALL: 1 I: 0000c002 R: 0   0 0000xxxx M: 0 0 0000a000 00000002
SIMLOG:: DecA: 0x0002 A: 0x0002 B: 0x0000 REGA: 1 REGB: 2 REG_EXE: 0 REG_EXMEM: 2 REG_MEMWB: 1 Cycle          40 PC: 00000016 ALU: 0000xxxx PC Curr: 00000016 decINS: 0000d95c VALUE: 0xa000 BR_COND: 0 STALL: 1 I: 0000c002 R: 1   1 0000a000 M: 0 0 00002800 0000014a
SIMLOG:: DecA: 0xa000 A: 0x0002 B: 0x0000 REGA: 1 REGB: 2 REG_EXE: 0 REG_EXMEM: 0 REG_MEMWB: 2 Cycle          41 PC: 00000016 ALU: 0000xxxx PC Curr: 00000016 decINS: 0000d95c VALUE: 0x2800 BR_COND: 0 STALL: 1 I: 0000c002 R: 1   2 00002800 M: 0 0 0000xxxx 00000000
SIMLOG:: DecA: 0xa000 A: 0xa000 B: 0x0000 REGA: 1 REGB: 2 REG_EXE: 0 REG_EXMEM: 0 REG_MEMWB: 0 Cycle          42 PC: 00000016 ALU: 0000xxxx PC Curr: 00000018 decINS: 0000d95c VALUE: 0xxxxx BR_COND: 0 STALL: 0 I: 0000c002 R: 0   0 0000xxxx M: 0 0 0000xxxx 00000000
SIMLOG:: DecA: 0x14a0 A: 0xa000 B: 0x2800 REGA: 0 REGB: 0 REG_EXE: 7 REG_EXMEM: 0 REG_MEMWB: 0 Cycle          43 PC: 00000018 ALU: 0000c800 PC Curr: 0000001a decINS: 0000c002 VALUE: 0xxxxx BR_COND: 0 STALL: 0 I: 0000a021 R: 0   0 0000xxxx M: 0 0 0000xxxx 00000000
SIMLOG:: DecA: 0x14a0 A: 0x14a0 B: 0x14a0 REGA: 0 REGB: 1 REG_EXE: 0 REG_EXMEM: 7 REG_MEMWB: 0 Cycle          44 PC: 0000001a ALU: 00000002 PC Curr: 0000001a decINS: 0000a021 VALUE: 0xxxxx BR_COND: 0 STALL: 1 I: 0000a143 R: 0   0 0000xxxx M: 0 0 0000c800 00002800
SIMLOG:: DecA: 0x14a0 A: 0x14a0 B: 0xa000 REGA: 0 REGB: 1 REG_EXE: 0 REG_EXMEM: 0 REG_MEMWB: 7 Cycle          45 PC: 0000001a ALU: 0000xxxx PC Curr: 0000001a decINS: 0000a021 VALUE: 0xc800 BR_COND: 0 STALL: 1 I: 0000a143 R: 1   7 0000c800 M: 0 0 00000002 000014a0
SIMLOG:: DecA: 0x14a0 A: 0x14a0 B: 0xa000 REGA: 0 REGB: 1 REG_EXE: 0 REG_EXMEM: 0 REG_MEMWB: 0 Cycle          46 PC: 0000001a ALU: 0000xxxx PC Curr: 0000001a decINS: 0000a021 VALUE: 0x0002 BR_COND: 0 STALL: 1 I: 0000a143 R: 1   0 00000002 M: 0 0 0000xxxx 0000a000
SIMLOG:: DecA: 0x0002 A: 0x14a0 B: 0xa000 REGA: 0 REGB: 1 REG_EXE: 0 REG_EXMEM: 0 REG_MEMWB: 0 Cycle          47 PC: 0000001a ALU: 0000xxxx PC Curr: 0000001c decINS: 0000a021 VALUE: 0xxxxx BR_COND: 0 STALL: 0 I: 0000a143 R: 0   0 0000xxxx M: 0 0 0000xxxx 0000a000
SIMLOG:: DecA: 0xa000 A: 0x0002 B: 0xa000 REGA: 1 REGB: 2 REG_EXE: 1 REG_EXMEM: 0 REG_MEMWB: 0 Cycle          48 PC: 0000001c ALU: 00000004 PC Curr: 0000001c decINS: 0000a143 VALUE: 0xxxxx BR_COND: 0 STALL: 1 I: 0000d20c R: 0   0 0000xxxx M: 0 0 0000xxxx 0000a000
SIMLOG:: DecA: 0xa000 A: 0xa000 B: 0x2800 REGA: 1 REGB: 2 REG_EXE: 0 REG_EXMEM: 1 REG_MEMWB: 0 Cycle          49 PC: 0000001c ALU: 0000xxxx PC Curr: 0000001c decINS: 0000a143 VALUE: 0xxxxx BR_COND: 0 STALL: 1 I: 0000d20c R: 0   0 0000xxxx M: 0 0 00000004 0000a000
SIMLOG:: DecA: 0xa000 A: 0xa000 B: 0x2800 REGA: 1 REGB: 2 REG_EXE: 0 REG_EXMEM: 0 REG_MEMWB: 1 Cycle          50 PC: 0000001c ALU: 0000xxxx PC Curr: 0000001c decINS: 0000a143 VALUE: 0x0004 BR_COND: 0 STALL: 1 I: 0000d20c R: 1   1 00000004 M: 0 0 0000xxxx 00002800
SIMLOG:: DecA: 0x0004 A: 0xa000 B: 0x2800 REGA: 1 REGB: 2 REG_EXE: 0 REG_EXMEM: 0 REG_MEMWB: 0 Cycle          51 PC: 0000001c ALU: 0000xxxx PC Curr: 0000001e decINS: 0000a143 VALUE: 0xxxxx BR_COND: 0 STALL: 0 I: 0000d20c R: 0   0 0000xxxx M: 0 0 0000xxxx 00002800
SIMLOG:: DecA: 0x2800 A: 0x0004 B: 0x2800 REGA: 2 REGB: 0 REG_EXE: 2 REG_EXMEM: 0 REG_MEMWB: 0 Cycle          52 PC: 0000001e ALU: 00000020 PC Curr: 0000001e decINS: 0000d20c VALUE: 0xxxxx BR_COND: 0 STALL: 1 I: 0000db30 R: 0   0 0000xxxx M: 0 0 0000xxxx 00002800
SIMLOG:: DecA: 0x2800 A: 0x2800 B: 0x0002 REGA: 2 REGB: 0 REG_EXE: 0 REG_EXMEM: 2 REG_MEMWB: 0 Cycle          53 PC: 0000001e ALU: 0000xxxx PC Curr: 0000001e decINS: 0000d20c VALUE: 0xxxxx BR_COND: 0 STALL: 1 I: 0000db30 R: 0   0 0000xxxx M: 0 0 00000020 00002800
SIMLOG:: DecA: 0x2800 A: 0x2800 B: 0x0002 REGA: 2 REGB: 0 REG_EXE: 0 REG_EXMEM: 0 REG_MEMWB: 2 Cycle          54 PC: 0000001e ALU: 0000xxxx PC Curr: 0000001e decINS: 0000d20c VALUE: 0x0020 BR_COND: 0 STALL: 1 I: 0000db30 R: 1   2 00000020 M: 0 0 0000xxxx 00000002
SIMLOG:: DecA: 0x0020 A: 0x2800 B: 0x0002 REGA: 2 REGB: 0 REG_EXE: 0 REG_EXMEM: 0 REG_MEMWB: 0 Cycle          55 PC: 0000001e ALU: 0000xxxx PC Curr: 00000020 decINS: 0000d20c VALUE: 0xxxxx BR_COND: 0 STALL: 0 I: 0000db30 R: 0   0 0000xxxx M: 0 0 0000xxxx 00000002
SIMLOG:: DecA: 0x0000 A: 0x0020 B: 0x0002 REGA: 3 REGB: 1 REG_EXE: 3 REG_EXMEM: 0 REG_MEMWB: 0 Cycle          56 PC: 00000020 ALU: 00000080 PC Curr: 00000020 decINS: 0000db30 VALUE: 0xxxxx BR_COND: 0 STALL: 1 I: 0000d494 R: 0   0 0000xxxx M: 0 0 0000xxxx 00000002
SIMLOG:: DecA: 0x0000 A: 0x0000 B: 0x0004 REGA: 3 REGB: 1 REG_EXE: 0 REG_EXMEM: 3 REG_MEMWB: 0 Cycle          57 PC: 00000020 ALU: 0000xxxx PC Curr: 00000020 decINS: 0000db30 VALUE: 0xxxxx BR_COND: 0 STALL: 1 I: 0000d494 R: 0   0 0000xxxx M: 0 0 00000080 00000002
SIMLOG:: DecA: 0x0000 A: 0x0000 B: 0x0004 REGA: 3 REGB: 1 REG_EXE: 0 REG_EXMEM: 0 REG_MEMWB: 3 Cycle          58 PC: 00000020 ALU: 0000xxxx PC Curr: 00000020 decINS: 0000db30 VALUE: 0x0080 BR_COND: 0 STALL: 1 I: 0000d494 R: 1   3 00000080 M: 0 0 0000xxxx 00000004
SIMLOG:: DecA: 0x0080 A: 0x0000 B: 0x0004 REGA: 3 REGB: 1 REG_EXE: 0 REG_EXMEM: 0 REG_MEMWB: 0 Cycle          59 PC: 00000020 ALU: 0000xxxx PC Curr: 00000022 decINS: 0000db30 VALUE: 0xxxxx BR_COND: 0 STALL: 0 I: 0000d494 R: 0   0 0000xxxx M: 0 0 0000xxxx 00000004
SIMLOG:: DecA: 0x0040 A: 0x0080 B: 0x0004 REGA: 4 REGB: 4 REG_EXE: 4 REG_EXMEM: 0 REG_MEMWB: 0 Cycle          60 PC: 00000022 ALU: 00000084 PC Curr: 00000022 decINS: 0000d494 VALUE: 0xxxxx BR_COND: 0 STALL: 1 I: 0000dd98 R: 0   0 0000xxxx M: 0 0 0000xxxx 00000004
SIMLOG:: DecA: 0x0040 A: 0x0040 B: 0x0040 REGA: 4 REGB: 4 REG_EXE: 0 REG_EXMEM: 4 REG_MEMWB: 0 Cycle          61 PC: 00000022 ALU: 0000xxxx PC Curr: 00000022 decINS: 0000d494 VALUE: 0xxxxx BR_COND: 0 STALL: 1 I: 0000dd98 R: 0   0 0000xxxx M: 0 0 00000084 00000004
SIMLOG:: DecA: 0x0040 A: 0x0040 B: 0x0040 REGA: 4 REGB: 4 REG_EXE: 0 REG_EXMEM: 0 REG_MEMWB: 4 Cycle          62 PC: 00000022 ALU: 0000xxxx PC Curr: 00000022 decINS: 0000d494 VALUE: 0x0084 BR_COND: 0 STALL: 1 I: 0000dd98 R: 1   4 00000084 M: 0 0 0000xxxx 00000040
SIMLOG:: DecA: 0x0084 A: 0x0040 B: 0x0040 REGA: 4 REGB: 4 REG_EXE: 0 REG_EXMEM: 0 REG_MEMWB: 0 Cycle          63 PC: 00000022 ALU: 0000xxxx PC Curr: 00000024 decINS: 0000d494 VALUE: 0xxxxx BR_COND: 0 STALL: 0 I: 0000dd98 R: 0   0 0000xxxx M: 0 0 0000xxxx 00000040
SIMLOG:: DecA: 0x0042 A: 0x0084 B: 0x0084 REGA: 5 REGB: 4 REG_EXE: 5 REG_EXMEM: 0 REG_MEMWB: 0 Cycle          64 PC: 00000024 ALU: 00000840 PC Curr: 00000024 decINS: 0000dd98 VALUE: 0xxxxx BR_COND: 0 STALL: 1 I: 0000a607 R: 0   0 0000xxxx M: 0 0 0000xxxx 00000040
SIMLOG:: DecA: 0x0042 A: 0x0042 B: 0x0084 REGA: 5 REGB: 4 REG_EXE: 0 REG_EXMEM: 5 REG_MEMWB: 0 Cycle          65 PC: 00000024 ALU: 0000xxxx PC Curr: 00000024 decINS: 0000dd98 VALUE: 0xxxxx BR_COND: 0 STALL: 1 I: 0000a607 R: 0   0 0000xxxx M: 0 0 00000840 00000084
SIMLOG:: DecA: 0x0042 A: 0x0042 B: 0x0084 REGA: 5 REGB: 4 REG_EXE: 0 REG_EXMEM: 0 REG_MEMWB: 5 Cycle          66 PC: 00000024 ALU: 0000xxxx PC Curr: 00000024 decINS: 0000dd98 VALUE: 0x0840 BR_COND: 0 STALL: 1 I: 0000a607 R: 1   5 00000840 M: 0 0 0000xxxx 00000084
SIMLOG:: DecA: 0x0840 A: 0x0042 B: 0x0084 REGA: 5 REGB: 4 REG_EXE: 0 REG_EXMEM: 0 REG_MEMWB: 0 Cycle          67 PC: 00000024 ALU: 0000xxxx PC Curr: 00000026 decINS: 0000dd98 VALUE: 0xxxxx BR_COND: 0 STALL: 0 I: 0000a607 R: 0   0 0000xxxx M: 0 0 0000xxxx 00000084
SIMLOG:: DecA: 0x0108 A: 0x0840 B: 0x0084 REGA: 6 REGB: 0 REG_EXE: 6 REG_EXMEM: 0 REG_MEMWB: 0 Cycle          68 PC: 00000026 ALU: 000008c4 PC Curr: 00000026 decINS: 0000a607 VALUE: 0xxxxx BR_COND: 0 STALL: 1 I: 0000a028 R: 0   0 0000xxxx M: 0 0 0000xxxx 00000084
SIMLOG:: DecA: 0x0108 A: 0x0108 B: 0x0002 REGA: 6 REGB: 0 REG_EXE: 0 REG_EXMEM: 6 REG_MEMWB: 0 Cycle          69 PC: 00000026 ALU: 0000xxxx PC Curr: 00000026 decINS: 0000a607 VALUE: 0xxxxx BR_COND: 0 STALL: 1 I: 0000a028 R: 0   0 0000xxxx M: 0 0 000008c4 00000084
SIMLOG:: DecA: 0x0108 A: 0x0108 B: 0x0002 REGA: 6 REGB: 0 REG_EXE: 0 REG_EXMEM: 0 REG_MEMWB: 6 Cycle          70 PC: 00000026 ALU: 0000xxxx PC Curr: 00000026 decINS: 0000a607 VALUE: 0x08c4 BR_COND: 0 STALL: 1 I: 0000a028 R: 1   6 000008c4 M: 0 0 0000xxxx 00000002
SIMLOG:: DecA: 0x08c4 A: 0x0108 B: 0x0002 REGA: 6 REGB: 0 REG_EXE: 0 REG_EXMEM: 0 REG_MEMWB: 0 Cycle          71 PC: 00000026 ALU: 0000xxxx PC Curr: 00000028 decINS: 0000a607 VALUE: 0xxxxx BR_COND: 0 STALL: 0 I: 0000a028 R: 0   0 0000xxxx M: 0 0 0000xxxx 00000002
SIMLOG:: DecA: 0x0002 A: 0x08c4 B: 0x0002 REGA: 0 REGB: 1 REG_EXE: 0 REG_EXMEM: 0 REG_MEMWB: 0 Cycle          72 PC: 00000028 ALU: 00006204 PC Curr: 00000028 decINS: 0000a028 VALUE: 0xxxxx BR_COND: 0 STALL: 1 I: 0000a64d R: 0   0 0000xxxx M: 0 0 0000xxxx 00000002
SIMLOG:: DecA: 0x0002 A: 0x0002 B: 0x0004 REGA: 0 REGB: 1 REG_EXE: 0 REG_EXMEM: 0 REG_MEMWB: 0 Cycle          73 PC: 00000028 ALU: 0000xxxx PC Curr: 00000028 decINS: 0000a028 VALUE: 0xxxxx BR_COND: 0 STALL: 1 I: 0000a64d R: 0   0 0000xxxx M: 0 0 00006204 00000002
SIMLOG:: DecA: 0x0002 A: 0x0002 B: 0x0004 REGA: 0 REGB: 1 REG_EXE: 0 REG_EXMEM: 0 REG_MEMWB: 0 Cycle          74 PC: 00000028 ALU: 0000xxxx PC Curr: 00000028 decINS: 0000a028 VALUE: 0x6204 BR_COND: 0 STALL: 1 I: 0000a64d R: 1   0 00006204 M: 0 0 0000xxxx 00000004
SIMLOG:: DecA: 0x6204 A: 0x0002 B: 0x0004 REGA: 0 REGB: 1 REG_EXE: 0 REG_EXMEM: 0 REG_MEMWB: 0 Cycle          75 PC: 00000028 ALU: 0000xxxx PC Curr: 0000002a decINS: 0000a028 VALUE: 0xxxxx BR_COND: 0 STALL: 0 I: 0000a64d R: 0   0 0000xxxx M: 0 0 0000xxxx 00000004
SIMLOG:: DecA: 0x08c4 A: 0x6204 B: 0x0004 REGA: 6 REGB: 2 REG_EXE: 1 REG_EXMEM: 0 REG_MEMWB: 0 Cycle          76 PC: 0000002a ALU: 00000462 PC Curr: 0000002c decINS: 0000a64d VALUE: 0xxxxx BR_COND: 0 STALL: 0 I: 0000d944 R: 0   0 0000xxxx M: 0 0 0000xxxx 00000004
SIMLOG:: DecA: 0x0004 A: 0x08c4 B: 0x0020 REGA: 1 REGB: 2 REG_EXE: 2 REG_EXMEM: 1 REG_MEMWB: 0 Cycle          77 PC: 0000002c ALU: 00008118 PC Curr: 0000002c decINS: 0000d944 VALUE: 0xxxxx BR_COND: 0 STALL: 1 I: 0000df3c R: 0   0 0000xxxx M: 0 0 00000462 00000004
SIMLOG:: DecA: 0x0004 A: 0x0004 B: 0x0020 REGA: 1 REGB: 2 REG_EXE: 0 REG_EXMEM: 2 REG_MEMWB: 1 Cycle          78 PC: 0000002c ALU: 0000xxxx PC Curr: 0000002c decINS: 0000d944 VALUE: 0x0462 BR_COND: 0 STALL: 1 I: 0000df3c R: 1   1 00000462 M: 0 0 00008118 00000020
SIMLOG:: DecA: 0x0462 A: 0x0004 B: 0x0020 REGA: 1 REGB: 2 REG_EXE: 0 REG_EXMEM: 0 REG_MEMWB: 2 Cycle          79 PC: 0000002c ALU: 0000xxxx PC Curr: 0000002c decINS: 0000d944 VALUE: 0x8118 BR_COND: 0 STALL: 1 I: 0000df3c R: 1   2 00008118 M: 0 0 0000xxxx 00000020
SIMLOG:: DecA: 0x0462 A: 0x0462 B: 0x0020 REGA: 1 REGB: 2 REG_EXE: 0 REG_EXMEM: 0 REG_MEMWB: 0 Cycle          80 PC: 0000002c ALU: 0000xxxx PC Curr: 0000002e decINS: 0000d944 VALUE: 0xxxxx BR_COND: 0 STALL: 0 I: 0000df3c R: 0   0 0000xxxx M: 0 0 0000xxxx 00000020
SIMLOG:: DecA: 0xc800 A: 0x0462 B: 0x8118 REGA: 7 REGB: 1 REG_EXE: 1 REG_EXMEM: 0 REG_MEMWB: 0 Cycle          81 PC: 0000002e ALU: 0000857a PC Curr: 0000002e decINS: 0000df3c VALUE: 0xxxxx BR_COND: 0 STALL: 1 I: 0000c040 R: 0   0 0000xxxx M: 0 0 0000xxxx 00000020
SIMLOG:: DecA: 0xc800 A: 0xc800 B: 0x0462 REGA: 7 REGB: 1 REG_EXE: 0 REG_EXMEM: 1 REG_MEMWB: 0 Cycle          82 PC: 0000002e ALU: 0000xxxx PC Curr: 0000002e decINS: 0000df3c VALUE: 0xxxxx BR_COND: 0 STALL: 1 I: 0000c040 R: 0   0 0000xxxx M: 0 0 0000857a 00008118
SIMLOG:: DecA: 0xc800 A: 0xc800 B: 0x0462 REGA: 7 REGB: 1 REG_EXE: 0 REG_EXMEM: 0 REG_MEMWB: 1 Cycle          83 PC: 0000002e ALU: 0000xxxx PC Curr: 0000002e decINS: 0000df3c VALUE: 0x857a BR_COND: 0 STALL: 1 I: 0000c040 R: 1   1 0000857a M: 0 0 0000xxxx 00000462
SIMLOG:: DecA: 0xc800 A: 0xc800 B: 0x0462 REGA: 7 REGB: 1 REG_EXE: 0 REG_EXMEM: 0 REG_MEMWB: 0 Cycle          84 PC: 0000002e ALU: 0000xxxx PC Curr: 00000030 decINS: 0000df3c VALUE: 0xxxxx BR_COND: 0 STALL: 0 I: 0000c040 R: 0   0 0000xxxx M: 0 0 0000xxxx 00000462
SIMLOG:: DecA: 0x6204 A: 0xc800 B: 0x857a REGA: 0 REGB: 2 REG_EXE: 7 REG_EXMEM: 0 REG_MEMWB: 0 Cycle          85 PC: 00000030 ALU: 00004d7a PC Curr: 00000032 decINS: 0000c040 VALUE: 0xxxxx BR_COND: 0 STALL: 0 I: 00009050 R: 0   0 0000xxxx M: 0 0 0000xxxx 00000462
SIMLOG:: DecA: 0x6204 A: 0x6204 B: 0x8118 REGA: 0 REGB: 2 REG_EXE: 0 REG_EXMEM: 7 REG_MEMWB: 0 Cycle          86 PC: 00000032 ALU: 00000040 PC Curr: 00000032 decINS: 00009050 VALUE: 0xxxxx BR_COND: 0 STALL: 1 I: 0000b021 R: 0   0 0000xxxx M: 0 0 00004d7a 0000857a
SIMLOG:: DecA: 0x6204 A: 0x6204 B: 0x8118 REGA: 0 REGB: 2 REG_EXE: 0 REG_EXMEM: 0 REG_MEMWB: 7 Cycle          87 PC: 00000032 ALU: 0000xxxx PC Curr: 00000032 decINS: 00009050 VALUE: 0x4d7a BR_COND: 0 STALL: 1 I: 0000b021 R: 1   7 00004d7a M: 0 0 00000040 00008118
SIMLOG:: DecA: 0x6204 A: 0x6204 B: 0x8118 REGA: 0 REGB: 2 REG_EXE: 0 REG_EXMEM: 0 REG_MEMWB: 0 Cycle          88 PC: 00000032 ALU: 0000xxxx PC Curr: 00000032 decINS: 00009050 VALUE: 0x0040 BR_COND: 0 STALL: 1 I: 0000b021 R: 1   0 00000040 M: 0 0 0000xxxx 00008118
SIMLOG:: DecA: 0x0040 A: 0x6204 B: 0x8118 REGA: 0 REGB: 2 REG_EXE: 0 REG_EXMEM: 0 REG_MEMWB: 0 Cycle          89 PC: 00000032 ALU: 0000xxxx PC Curr: 00000034 decINS: 00009050 VALUE: 0xxxxx BR_COND: 0 STALL: 0 I: 0000b021 R: 0   0 0000xxxx M: 0 0 0000xxxx 00008118
SIMLOG:: DecA: 0x0040 A: 0x0040 B: 0x8118 REGA: 0 REGB: 1 REG_EXE: 0 REG_EXMEM: 0 REG_MEMWB: 0 Cycle          90 PC: 00000034 ALU: 00004050 PC Curr: 00000034 decINS: 0000b021 VALUE: 0xxxxx BR_COND: 0 STALL: 1 I: 0000b145 R: 0   0 0000xxxx M: 0 0 0000xxxx 00008118
SIMLOG:: DecA: 0x0040 A: 0x0040 B: 0x857a REGA: 0 REGB: 1 REG_EXE: 0 REG_EXMEM: 0 REG_MEMWB: 0 Cycle          91 PC: 00000034 ALU: 0000xxxx PC Curr: 00000034 decINS: 0000b021 VALUE: 0xxxxx BR_COND: 0 STALL: 1 I: 0000b145 R: 0   0 0000xxxx M: 0 0 00004050 00008118
SIMLOG:: DecA: 0x0040 A: 0x0040 B: 0x857a REGA: 0 REGB: 1 REG_EXE: 0 REG_EXMEM: 0 REG_MEMWB: 0 Cycle          92 PC: 00000034 ALU: 0000xxxx PC Curr: 00000034 decINS: 0000b021 VALUE: 0x4050 BR_COND: 0 STALL: 1 I: 0000b145 R: 1   0 00004050 M: 0 0 0000xxxx 0000857a
SIMLOG:: DecA: 0x4050 A: 0x0040 B: 0x857a REGA: 0 REGB: 1 REG_EXE: 0 REG_EXMEM: 0 REG_MEMWB: 0 Cycle          93 PC: 00000034 ALU: 0000xxxx PC Curr: 00000036 decINS: 0000b021 VALUE: 0xxxxx BR_COND: 0 STALL: 0 I: 0000b145 R: 0   0 0000xxxx M: 0 0 0000xxxx 0000857a
SIMLOG:: DecA: 0x857a A: 0x4050 B: 0x857a REGA: 1 REGB: 2 REG_EXE: 1 REG_EXMEM: 0 REG_MEMWB: 0 Cycle          94 PC: 00000036 ALU: 00002028 PC Curr: 00000036 decINS: 0000b145 VALUE: 0xxxxx BR_COND: 0 STALL: 1 I: 0000a16c R: 0   0 0000xxxx M: 0 0 0000xxxx 0000857a
SIMLOG:: DecA: 0x857a A: 0x857a B: 0x8118 REGA: 1 REGB: 2 REG_EXE: 0 REG_EXMEM: 1 REG_MEMWB: 0 Cycle          95 PC: 00000036 ALU: 0000xxxx PC Curr: 00000036 decINS: 0000b145 VALUE: 0xxxxx BR_COND: 0 STALL: 1 I: 0000a16c R: 0   0 0000xxxx M: 0 0 00002028 0000857a
SIMLOG:: DecA: 0x857a A: 0x857a B: 0x8118 REGA: 1 REGB: 2 REG_EXE: 0 REG_EXMEM: 0 REG_MEMWB: 1 Cycle          96 PC: 00000036 ALU: 0000xxxx PC Curr: 00000036 decINS: 0000b145 VALUE: 0x2028 BR_COND: 0 STALL: 1 I: 0000a16c R: 1   1 00002028 M: 0 0 0000xxxx 00008118
SIMLOG:: DecA: 0x2028 A: 0x857a B: 0x8118 REGA: 1 REGB: 2 REG_EXE: 0 REG_EXMEM: 0 REG_MEMWB: 0 Cycle          97 PC: 00000036 ALU: 0000xxxx PC Curr: 00000038 decINS: 0000b145 VALUE: 0xxxxx BR_COND: 0 STALL: 0 I: 0000a16c R: 0   0 0000xxxx M: 0 0 0000xxxx 00008118
SIMLOG:: DecA: 0x2028 A: 0x2028 B: 0x8118 REGA: 1 REGB: 3 REG_EXE: 2 REG_EXMEM: 0 REG_MEMWB: 0 Cycle          98 PC: 00000038 ALU: 00004101 PC Curr: 0000003a decINS: 0000a16c VALUE: 0xxxxx BR_COND: 0 STALL: 0 I: 0000db2c R: 0   0 0000xxxx M: 0 0 0000xxxx 00008118
SIMLOG:: DecA: 0x0080 A: 0x2028 B: 0x0080 REGA: 3 REGB: 1 REG_EXE: 3 REG_EXMEM: 2 REG_MEMWB: 0 Cycle          99 PC: 0000003a ALU: 00008202 PC Curr: 0000003a decINS: 0000db2c VALUE: 0xxxxx BR_COND: 0 STALL: 1 I: 0000b381 R: 0   0 0000xxxx M: 0 0 00004101 00008118
SIMLOG:: DecA: 0x0080 A: 0x0080 B: 0x2028 REGA: 3 REGB: 1 REG_EXE: 0 REG_EXMEM: 3 REG_MEMWB: 2 Cycle         100 PC: 0000003a ALU: 0000xxxx PC Curr: 0000003a decINS: 0000db2c VALUE: 0x4101 BR_COND: 0 STALL: 1 I: 0000b381 R: 1   2 00004101 M: 0 0 00008202 00000080
SIMLOG:: DecA: 0x0080 A: 0x0080 B: 0x2028 REGA: 3 REGB: 1 REG_EXE: 0 REG_EXMEM: 0 REG_MEMWB: 3 Cycle         101 PC: 0000003a ALU: 0000xxxx PC Curr: 0000003a decINS: 0000db2c VALUE: 0x8202 BR_COND: 0 STALL: 1 I: 0000b381 R: 1   3 00008202 M: 0 0 0000xxxx 00002028
SIMLOG:: DecA: 0x8202 A: 0x0080 B: 0x2028 REGA: 3 REGB: 1 REG_EXE: 0 REG_EXMEM: 0 REG_MEMWB: 0 Cycle         102 PC: 0000003a ALU: 0000xxxx PC Curr: 0000003c decINS: 0000db2c VALUE: 0xxxxx BR_COND: 0 STALL: 0 I: 0000b381 R: 0   0 0000xxxx M: 0 0 0000xxxx 00002028
SIMLOG:: DecA: 0x8202 A: 0x8202 B: 0x2028 REGA: 3 REGB: 4 REG_EXE: 3 REG_EXMEM: 0 REG_MEMWB: 0 Cycle         103 PC: 0000003c ALU: 0000a22a PC Curr: 0000003c decINS: 0000b381 VALUE: 0xxxxx BR_COND: 0 STALL: 1 I: 0000b3a2 R: 0   0 0000xxxx M: 0 0 0000xxxx 00002028
SIMLOG:: DecA: 0x8202 A: 0x8202 B: 0x0084 REGA: 3 REGB: 4 REG_EXE: 0 REG_EXMEM: 3 REG_MEMWB: 0 Cycle         104 PC: 0000003c ALU: 0000xxxx PC Curr: 0000003c decINS: 0000b381 VALUE: 0xxxxx BR_COND: 0 STALL: 1 I: 0000b3a2 R: 0   0 0000xxxx M: 0 0 0000a22a 00002028
SIMLOG:: DecA: 0x8202 A: 0x8202 B: 0x0084 REGA: 3 REGB: 4 REG_EXE: 0 REG_EXMEM: 0 REG_MEMWB: 3 Cycle         105 PC: 0000003c ALU: 0000xxxx PC Curr: 0000003c decINS: 0000b381 VALUE: 0xa22a BR_COND: 0 STALL: 1 I: 0000b3a2 R: 1   3 0000a22a M: 0 0 0000xxxx 00000084
SIMLOG:: DecA: 0xa22a A: 0x8202 B: 0x0084 REGA: 3 REGB: 4 REG_EXE: 0 REG_EXMEM: 0 REG_MEMWB: 0 Cycle         106 PC: 0000003c ALU: 0000xxxx PC Curr: 0000003e decINS: 0000b381 VALUE: 0xxxxx BR_COND: 0 STALL: 0 I: 0000b3a2 R: 0   0 0000xxxx M: 0 0 0000xxxx 00000084
SIMLOG:: DecA: 0xa22a A: 0xa22a B: 0x0084 REGA: 3 REGB: 5 REG_EXE: 4 REG_EXMEM: 0 REG_MEMWB: 0 Cycle         107 PC: 0000003e ALU: 00005115 PC Curr: 00000040 decINS: 0000b3a2 VALUE: 0xxxxx BR_COND: 0 STALL: 0 I: 0000b3c4 R: 0   0 0000xxxx M: 0 0 0000xxxx 00000084
SIMLOG:: DecA: 0xa22a A: 0xa22a B: 0x0840 REGA: 3 REGB: 6 REG_EXE: 5 REG_EXMEM: 4 REG_MEMWB: 0 Cycle         108 PC: 00000040 ALU: 0000a88a PC Curr: 00000042 decINS: 0000b3c4 VALUE: 0xxxxx BR_COND: 0 STALL: 0 I: 0000b305 R: 0   0 0000xxxx M: 0 0 00005115 00000084
SIMLOG:: DecA: 0xa22a A: 0xa22a B: 0x08c4 REGA: 3 REGB: 0 REG_EXE: 6 REG_EXMEM: 5 REG_MEMWB: 4 Cycle         109 PC: 00000042 ALU: 0000aa22 PC Curr: 00000044 decINS: 0000b305 VALUE: 0x5115 BR_COND: 0 STALL: 0 I: 0000b328 R: 1   4 00005115 M: 0 0 0000a88a 00000840
SIMLOG:: DecA: 0xa22a A: 0xa22a B: 0x4050 REGA: 3 REGB: 1 REG_EXE: 0 REG_EXMEM: 6 REG_MEMWB: 5 Cycle         110 PC: 00000044 ALU: 00005511 PC Curr: 00000046 decINS: 0000b328 VALUE: 0xa88a BR_COND: 0 STALL: 0 I: 0000b34d R: 1   5 0000a88a M: 0 0 0000aa22 000008c4
SIMLOG:: DecA: 0xa22a A: 0xa22a B: 0x2028 REGA: 3 REGB: 2 REG_EXE: 1 REG_EXMEM: 0 REG_MEMWB: 6 Cycle         111 PC: 00000046 ALU: 00002aa2 PC Curr: 00000048 decINS: 0000b34d VALUE: 0xaa22 BR_COND: 0 STALL: 0 I: 0000da28 R: 1   6 0000aa22 M: 0 0 00005511 00004050
SIMLOG:: DecA: 0x4101 A: 0xa22a B: 0x4101 REGA: 2 REGB: 1 REG_EXE: 2 REG_EXMEM: 1 REG_MEMWB: 0 Cycle         112 PC: 00000048 ALU: 00001155 PC Curr: 00000048 decINS: 0000da28 VALUE: 0x5511 BR_COND: 0 STALL: 1 I: 0000da08 R: 1   0 00005511 M: 0 0 00002aa2 00002028
SIMLOG:: DecA: 0x4101 A: 0x4101 B: 0x2028 REGA: 2 REGB: 1 REG_EXE: 0 REG_EXMEM: 2 REG_MEMWB: 1 Cycle         113 PC: 00000048 ALU: 0000xxxx PC Curr: 00000048 decINS: 0000da28 VALUE: 0x2aa2 BR_COND: 0 STALL: 1 I: 0000da08 R: 1   1 00002aa2 M: 0 0 00001155 00004101
SIMLOG:: DecA: 0x4101 A: 0x4101 B: 0x2028 REGA: 2 REGB: 1 REG_EXE: 0 REG_EXMEM: 0 REG_MEMWB: 2 Cycle         114 PC: 00000048 ALU: 0000xxxx PC Curr: 00000048 decINS: 0000da28 VALUE: 0x1155 BR_COND: 0 STALL: 1 I: 0000da08 R: 1   2 00001155 M: 0 0 0000xxxx 00002028
SIMLOG:: DecA: 0x1155 A: 0x4101 B: 0x2aa2 REGA: 2 REGB: 1 REG_EXE: 0 REG_EXMEM: 0 REG_MEMWB: 0 Cycle         115 PC: 00000048 ALU: 0000xxxx PC Curr: 0000004a decINS: 0000da28 VALUE: 0xxxxx BR_COND: 0 STALL: 0 I: 0000da08 R: 0   0 0000xxxx M: 0 0 0000xxxx 00002028
SIMLOG:: DecA: 0x1155 A: 0x1155 B: 0x2aa2 REGA: 2 REGB: 0 REG_EXE: 2 REG_EXMEM: 0 REG_MEMWB: 0 Cycle         116 PC: 0000004a ALU: 00003bf7 PC Curr: 0000004a decINS: 0000da08 VALUE: 0xxxxx BR_COND: 0 STALL: 1 I: 0000dac8 R: 0   0 0000xxxx M: 0 0 0000xxxx 00002aa2
SIMLOG:: DecA: 0x1155 A: 0x1155 B: 0x5511 REGA: 2 REGB: 0 REG_EXE: 0 REG_EXMEM: 2 REG_MEMWB: 0 Cycle         117 PC: 0000004a ALU: 0000xxxx PC Curr: 0000004a decINS: 0000da08 VALUE: 0xxxxx BR_COND: 0 STALL: 1 I: 0000dac8 R: 0   0 0000xxxx M: 0 0 00003bf7 00002aa2
SIMLOG:: DecA: 0x1155 A: 0x1155 B: 0x5511 REGA: 2 REGB: 0 REG_EXE: 0 REG_EXMEM: 0 REG_MEMWB: 2 Cycle         118 PC: 0000004a ALU: 0000xxxx PC Curr: 0000004a decINS: 0000da08 VALUE: 0x3bf7 BR_COND: 0 STALL: 1 I: 0000dac8 R: 1   2 00003bf7 M: 0 0 0000xxxx 00005511
SIMLOG:: DecA: 0x3bf7 A: 0x1155 B: 0x5511 REGA: 2 REGB: 0 REG_EXE: 0 REG_EXMEM: 0 REG_MEMWB: 0 Cycle         119 PC: 0000004a ALU: 0000xxxx PC Curr: 0000004c decINS: 0000da08 VALUE: 0xxxxx BR_COND: 0 STALL: 0 I: 0000dac8 R: 0   0 0000xxxx M: 0 0 0000xxxx 00005511
SIMLOG:: DecA: 0x3bf7 A: 0x3bf7 B: 0x5511 REGA: 2 REGB: 6 REG_EXE: 2 REG_EXMEM: 0 REG_MEMWB: 0 Cycle         120 PC: 0000004c ALU: 00009108 PC Curr: 0000004c decINS: 0000dac8 VALUE: 0xxxxx BR_COND: 0 STALL: 1 I: 0000daa8 R: 0   0 0000xxxx M: 0 0 0000xxxx 00005511
SIMLOG:: DecA: 0x3bf7 A: 0x3bf7 B: 0xaa22 REGA: 2 REGB: 6 REG_EXE: 0 REG_EXMEM: 2 REG_MEMWB: 0 Cycle         121 PC: 0000004c ALU: 0000xxxx PC Curr: 0000004c decINS: 0000dac8 VALUE: 0xxxxx BR_COND: 0 STALL: 1 I: 0000daa8 R: 0   0 0000xxxx M: 0 0 00009108 00005511
SIMLOG:: DecA: 0x3bf7 A: 0x3bf7 B: 0xaa22 REGA: 2 REGB: 6 REG_EXE: 0 REG_EXMEM: 0 REG_MEMWB: 2 Cycle         122 PC: 0000004c ALU: 0000xxxx PC Curr: 0000004c decINS: 0000dac8 VALUE: 0x9108 BR_COND: 0 STALL: 1 I: 0000daa8 R: 1   2 00009108 M: 0 0 0000xxxx 0000aa22
SIMLOG:: DecA: 0x9108 A: 0x3bf7 B: 0xaa22 REGA: 2 REGB: 6 REG_EXE: 0 REG_EXMEM: 0 REG_MEMWB: 0 Cycle         123 PC: 0000004c ALU: 0000xxxx PC Curr: 0000004e decINS: 0000dac8 VALUE: 0xxxxx BR_COND: 0 STALL: 0 I: 0000daa8 R: 0   0 0000xxxx M: 0 0 0000xxxx 0000aa22
SIMLOG:: DecA: 0x9108 A: 0x9108 B: 0xaa22 REGA: 2 REGB: 5 REG_EXE: 2 REG_EXMEM: 0 REG_MEMWB: 0 Cycle         124 PC: 0000004e ALU: 00003b2a PC Curr: 0000004e decINS: 0000daa8 VALUE: 0xxxxx BR_COND: 0 STALL: 1 I: 0000da88 R: 0   0 0000xxxx M: 0 0 0000xxxx 0000aa22
SIMLOG:: DecA: 0x9108 A: 0x9108 B: 0xa88a REGA: 2 REGB: 5 REG_EXE: 0 REG_EXMEM: 2 REG_MEMWB: 0 Cycle         125 PC: 0000004e ALU: 0000xxxx PC Curr: 0000004e decINS: 0000daa8 VALUE: 0xxxxx BR_COND: 0 STALL: 1 I: 0000da88 R: 0   0 0000xxxx M: 0 0 00003b2a 0000aa22
SIMLOG:: DecA: 0x9108 A: 0x9108 B: 0xa88a REGA: 2 REGB: 5 REG_EXE: 0 REG_EXMEM: 0 REG_MEMWB: 2 Cycle         126 PC: 0000004e ALU: 0000xxxx PC Curr: 0000004e decINS: 0000daa8 VALUE: 0x3b2a BR_COND: 0 STALL: 1 I: 0000da88 R: 1   2 00003b2a M: 0 0 0000xxxx 0000a88a
SIMLOG:: DecA: 0x3b2a A: 0x9108 B: 0xa88a REGA: 2 REGB: 5 REG_EXE: 0 REG_EXMEM: 0 REG_MEMWB: 0 Cycle         127 PC: 0000004e ALU: 0000xxxx PC Curr: 00000050 decINS: 0000daa8 VALUE: 0xxxxx BR_COND: 0 STALL: 0 I: 0000da88 R: 0   0 0000xxxx M: 0 0 0000xxxx 0000a88a
SIMLOG:: DecA: 0x3b2a A: 0x3b2a B: 0xa88a REGA: 2 REGB: 4 REG_EXE: 2 REG_EXMEM: 0 REG_MEMWB: 0 Cycle         128 PC: 00000050 ALU: 0000e3b4 PC Curr: 00000050 decINS: 0000da88 VALUE: 0xxxxx BR_COND: 0 STALL: 1 I: 0000df5c R: 0   0 0000xxxx M: 0 0 0000xxxx 0000a88a
SIMLOG:: DecA: 0x3b2a A: 0x3b2a B: 0x5115 REGA: 2 REGB: 4 REG_EXE: 0 REG_EXMEM: 2 REG_MEMWB: 0 Cycle         129 PC: 00000050 ALU: 0000xxxx PC Curr: 00000050 decINS: 0000da88 VALUE: 0xxxxx BR_COND: 0 STALL: 1 I: 0000df5c R: 0   0 0000xxxx M: 0 0 0000e3b4 0000a88a
SIMLOG:: DecA: 0x3b2a A: 0x3b2a B: 0x5115 REGA: 2 REGB: 4 REG_EXE: 0 REG_EXMEM: 0 REG_MEMWB: 2 Cycle         130 PC: 00000050 ALU: 0000xxxx PC Curr: 00000050 decINS: 0000da88 VALUE: 0xe3b4 BR_COND: 0 STALL: 1 I: 0000df5c R: 1   2 0000e3b4 M: 0 0 0000xxxx 00005115
SIMLOG:: DecA: 0xe3b4 A: 0x3b2a B: 0x5115 REGA: 2 REGB: 4 REG_EXE: 0 REG_EXMEM: 0 REG_MEMWB: 0 Cycle         131 PC: 00000050 ALU: 0000xxxx PC Curr: 00000052 decINS: 0000da88 VALUE: 0xxxxx BR_COND: 0 STALL: 0 I: 0000df5c R: 0   0 0000xxxx M: 0 0 0000xxxx 00005115
SIMLOG:: DecA: 0x4d7a A: 0xe3b4 B: 0x5115 REGA: 7 REGB: 2 REG_EXE: 2 REG_EXMEM: 0 REG_MEMWB: 0 Cycle         132 PC: 00000052 ALU: 000034c9 PC Curr: 00000052 decINS: 0000df5c VALUE: 0xxxxx BR_COND: 0 STALL: 1 I: 0000c040 R: 0   0 0000xxxx M: 0 0 0000xxxx 00005115
SIMLOG:: DecA: 0x4d7a A: 0x4d7a B: 0xe3b4 REGA: 7 REGB: 2 REG_EXE: 0 REG_EXMEM: 2 REG_MEMWB: 0 Cycle         133 PC: 00000052 ALU: 0000xxxx PC Curr: 00000052 decINS: 0000df5c VALUE: 0xxxxx BR_COND: 0 STALL: 1 I: 0000c040 R: 0   0 0000xxxx M: 0 0 000034c9 00005115
SIMLOG:: DecA: 0x4d7a A: 0x4d7a B: 0xe3b4 REGA: 7 REGB: 2 REG_EXE: 0 REG_EXMEM: 0 REG_MEMWB: 2 Cycle         134 PC: 00000052 ALU: 0000xxxx PC Curr: 00000052 decINS: 0000df5c VALUE: 0x34c9 BR_COND: 0 STALL: 1 I: 0000c040 R: 1   2 000034c9 M: 0 0 0000xxxx 0000e3b4
SIMLOG:: DecA: 0x4d7a A: 0x4d7a B: 0xe3b4 REGA: 7 REGB: 2 REG_EXE: 0 REG_EXMEM: 0 REG_MEMWB: 0 Cycle         135 PC: 00000052 ALU: 0000xxxx PC Curr: 00000054 decINS: 0000df5c VALUE: 0xxxxx BR_COND: 0 STALL: 0 I: 0000c040 R: 0   0 0000xxxx M: 0 0 0000xxxx 0000e3b4
SIMLOG:: DecA: 0x5511 A: 0x4d7a B: 0x34c9 REGA: 0 REGB: 2 REG_EXE: 7 REG_EXMEM: 0 REG_MEMWB: 0 Cycle         136 PC: 00000054 ALU: 00008243 PC Curr: 00000056 decINS: 0000c040 VALUE: 0xxxxx BR_COND: 0 STALL: 0 I: 00009050 R: 0   0 0000xxxx M: 0 0 0000xxxx 0000e3b4
SIMLOG:: DecA: 0x5511 A: 0x5511 B: 0x34c9 REGA: 0 REGB: 2 REG_EXE: 0 REG_EXMEM: 7 REG_MEMWB: 0 Cycle         137 PC: 00000056 ALU: 00000040 PC Curr: 00000056 decINS: 00009050 VALUE: 0xxxxx BR_COND: 0 STALL: 1 I: 0000b821 R: 0   0 0000xxxx M: 0 0 00008243 000034c9
SIMLOG:: DecA: 0x5511 A: 0x5511 B: 0x34c9 REGA: 0 REGB: 2 REG_EXE: 0 REG_EXMEM: 0 REG_MEMWB: 7 Cycle         138 PC: 00000056 ALU: 0000xxxx PC Curr: 00000056 decINS: 00009050 VALUE: 0x8243 BR_COND: 0 STALL: 1 I: 0000b821 R: 1   7 00008243 M: 0 0 00000040 000034c9
SIMLOG:: DecA: 0x5511 A: 0x5511 B: 0x34c9 REGA: 0 REGB: 2 REG_EXE: 0 REG_EXMEM: 0 REG_MEMWB: 0 Cycle         139 PC: 00000056 ALU: 0000xxxx PC Curr: 00000056 decINS: 00009050 VALUE: 0x0040 BR_COND: 0 STALL: 1 I: 0000b821 R: 1   0 00000040 M: 0 0 0000xxxx 000034c9
SIMLOG:: DecA: 0x0040 A: 0x5511 B: 0x34c9 REGA: 0 REGB: 2 REG_EXE: 0 REG_EXMEM: 0 REG_MEMWB: 0 Cycle         140 PC: 00000056 ALU: 0000xxxx PC Curr: 00000058 decINS: 00009050 VALUE: 0xxxxx BR_COND: 0 STALL: 0 I: 0000b821 R: 0   0 0000xxxx M: 0 0 0000xxxx 000034c9
SIMLOG:: DecA: 0x0040 A: 0x0040 B: 0x34c9 REGA: 0 REGB: 1 REG_EXE: 0 REG_EXMEM: 0 REG_MEMWB: 0 Cycle         141 PC: 00000058 ALU: 00004050 PC Curr: 00000058 decINS: 0000b821 VALUE: 0xxxxx BR_COND: 0 STALL: 1 I: 0000b945 R: 0   0 0000xxxx M: 0 0 0000xxxx 000034c9
SIMLOG:: DecA: 0x0040 A: 0x0040 B: 0x2aa2 REGA: 0 REGB: 1 REG_EXE: 0 REG_EXMEM: 0 REG_MEMWB: 0 Cycle         142 PC: 00000058 ALU: 0000xxxx PC Curr: 00000058 decINS: 0000b821 VALUE: 0xxxxx BR_COND: 0 STALL: 1 I: 0000b945 R: 0   0 0000xxxx M: 0 0 00004050 000034c9
SIMLOG:: DecA: 0x0040 A: 0x0040 B: 0x2aa2 REGA: 0 REGB: 1 REG_EXE: 0 REG_EXMEM: 0 REG_MEMWB: 0 Cycle         143 PC: 00000058 ALU: 0000xxxx PC Curr: 00000058 decINS: 0000b821 VALUE: 0x4050 BR_COND: 0 STALL: 1 I: 0000b945 R: 1   0 00004050 M: 0 0 0000xxxx 00002aa2
SIMLOG:: DecA: 0x4050 A: 0x0040 B: 0x2aa2 REGA: 0 REGB: 1 REG_EXE: 0 REG_EXMEM: 0 REG_MEMWB: 0 Cycle         144 PC: 00000058 ALU: 0000xxxx PC Curr: 0000005a decINS: 0000b821 VALUE: 0xxxxx BR_COND: 0 STALL: 0 I: 0000b945 R: 0   0 0000xxxx M: 0 0 0000xxxx 00002aa2
SIMLOG:: DecA: 0x2aa2 A: 0x4050 B: 0x2aa2 REGA: 1 REGB: 2 REG_EXE: 1 REG_EXMEM: 0 REG_MEMWB: 0 Cycle         145 PC: 0000005a ALU: 00002028 PC Curr: 0000005a decINS: 0000b945 VALUE: 0xxxxx BR_COND: 0 STALL: 1 I: 0000a16c R: 0   0 0000xxxx M: 0 0 0000xxxx 00002aa2
SIMLOG:: DecA: 0x2aa2 A: 0x2aa2 B: 0x34c9 REGA: 1 REGB: 2 REG_EXE: 0 REG_EXMEM: 1 REG_MEMWB: 0 Cycle         146 PC: 0000005a ALU: 0000xxxx PC Curr: 0000005a decINS: 0000b945 VALUE: 0xxxxx BR_COND: 0 STALL: 1 I: 0000a16c R: 0   0 0000xxxx M: 0 0 00002028 00002aa2
SIMLOG:: DecA: 0x2aa2 A: 0x2aa2 B: 0x34c9 REGA: 1 REGB: 2 REG_EXE: 0 REG_EXMEM: 0 REG_MEMWB: 1 Cycle         147 PC: 0000005a ALU: 0000xxxx PC Curr: 0000005a decINS: 0000b945 VALUE: 0x2028 BR_COND: 0 STALL: 1 I: 0000a16c R: 1   1 00002028 M: 0 0 0000xxxx 000034c9
SIMLOG:: DecA: 0x2028 A: 0x2aa2 B: 0x34c9 REGA: 1 REGB: 2 REG_EXE: 0 REG_EXMEM: 0 REG_MEMWB: 0 Cycle         148 PC: 0000005a ALU: 0000xxxx PC Curr: 0000005c decINS: 0000b945 VALUE: 0xxxxx BR_COND: 0 STALL: 0 I: 0000a16c R: 0   0 0000xxxx M: 0 0 0000xxxx 000034c9
SIMLOG:: DecA: 0x2028 A: 0x2028 B: 0x34c9 REGA: 1 REGB: 3 REG_EXE: 2 REG_EXMEM: 0 REG_MEMWB: 0 Cycle         149 PC: 0000005c ALU: 00000101 PC Curr: 0000005e decINS: 0000a16c VALUE: 0xxxxx BR_COND: 0 STALL: 0 I: 0000db2c R: 0   0 0000xxxx M: 0 0 0000xxxx 000034c9
SIMLOG:: DecA: 0xa22a A: 0x2028 B: 0xa22a REGA: 3 REGB: 1 REG_EXE: 3 REG_EXMEM: 2 REG_MEMWB: 0 Cycle         150 PC: 0000005e ALU: 00008202 PC Curr: 0000005e decINS: 0000db2c VALUE: 0xxxxx BR_COND: 0 STALL: 1 I: 0000bb81 R: 0   0 0000xxxx M: 0 0 00000101 000034c9
SIMLOG:: DecA: 0xa22a A: 0xa22a B: 0x2028 REGA: 3 REGB: 1 REG_EXE: 0 REG_EXMEM: 3 REG_MEMWB: 2 Cycle         151 PC: 0000005e ALU: 0000xxxx PC Curr: 0000005e decINS: 0000db2c VALUE: 0x0101 BR_COND: 0 STALL: 1 I: 0000bb81 R: 1   2 00000101 M: 0 0 00008202 0000a22a
SIMLOG:: DecA: 0xa22a A: 0xa22a B: 0x2028 REGA: 3 REGB: 1 REG_EXE: 0 REG_EXMEM: 0 REG_MEMWB: 3 Cycle         152 PC: 0000005e ALU: 0000xxxx PC Curr: 0000005e decINS: 0000db2c VALUE: 0x8202 BR_COND: 0 STALL: 1 I: 0000bb81 R: 1   3 00008202 M: 0 0 0000xxxx 00002028
SIMLOG:: DecA: 0x8202 A: 0xa22a B: 0x2028 REGA: 3 REGB: 1 REG_EXE: 0 REG_EXMEM: 0 REG_MEMWB: 0 Cycle         153 PC: 0000005e ALU: 0000xxxx PC Curr: 00000060 decINS: 0000db2c VALUE: 0xxxxx BR_COND: 0 STALL: 0 I: 0000bb81 R: 0   0 0000xxxx M: 0 0 0000xxxx 00002028
SIMLOG:: DecA: 0x8202 A: 0x8202 B: 0x2028 REGA: 3 REGB: 4 REG_EXE: 3 REG_EXMEM: 0 REG_MEMWB: 0 Cycle         154 PC: 00000060 ALU: 0000a22a PC Curr: 00000060 decINS: 0000bb81 VALUE: 0xxxxx BR_COND: 0 STALL: 1 I: 0000bba2 R: 0   0 0000xxxx M: 0 0 0000xxxx 00002028
SIMLOG:: DecA: 0x8202 A: 0x8202 B: 0x5115 REGA: 3 REGB: 4 REG_EXE: 0 REG_EXMEM: 3 REG_MEMWB: 0 Cycle         155 PC: 00000060 ALU: 0000xxxx PC Curr: 00000060 decINS: 0000bb81 VALUE: 0xxxxx BR_COND: 0 STALL: 1 I: 0000bba2 R: 0   0 0000xxxx M: 0 0 0000a22a 00002028
SIMLOG:: DecA: 0x8202 A: 0x8202 B: 0x5115 REGA: 3 REGB: 4 REG_EXE: 0 REG_EXMEM: 0 REG_MEMWB: 3 Cycle         156 PC: 00000060 ALU: 0000xxxx PC Curr: 00000060 decINS: 0000bb81 VALUE: 0xa22a BR_COND: 0 STALL: 1 I: 0000bba2 R: 1   3 0000a22a M: 0 0 0000xxxx 00005115
SIMLOG:: DecA: 0xa22a A: 0x8202 B: 0x5115 REGA: 3 REGB: 4 REG_EXE: 0 REG_EXMEM: 0 REG_MEMWB: 0 Cycle         157 PC: 00000060 ALU: 0000xxxx PC Curr: 00000062 decINS: 0000bb81 VALUE: 0xxxxx BR_COND: 0 STALL: 0 I: 0000bba2 R: 0   0 0000xxxx M: 0 0 0000xxxx 00005115
SIMLOG:: DecA: 0xa22a A: 0xa22a B: 0x5115 REGA: 3 REGB: 5 REG_EXE: 4 REG_EXMEM: 0 REG_MEMWB: 0 Cycle         158 PC: 00000062 ALU: 00005115 PC Curr: 00000064 decINS: 0000bba2 VALUE: 0xxxxx BR_COND: 0 STALL: 0 I: 0000bbc3 R: 0   0 0000xxxx M: 0 0 0000xxxx 00005115
SIMLOG:: DecA: 0xa22a A: 0xa22a B: 0xa88a REGA: 3 REGB: 6 REG_EXE: 5 REG_EXMEM: 4 REG_MEMWB: 0 Cycle         159 PC: 00000064 ALU: 0000288a PC Curr: 00000066 decINS: 0000bbc3 VALUE: 0xxxxx BR_COND: 0 STALL: 0 I: 0000bb07 R: 0   0 0000xxxx M: 0 0 00005115 00005115
SIMLOG:: DecA: 0xa22a A: 0xa22a B: 0xaa22 REGA: 3 REGB: 0 REG_EXE: 6 REG_EXMEM: 5 REG_MEMWB: 4 Cycle         160 PC: 00000066 ALU: 00001445 PC Curr: 00000068 decINS: 0000bb07 VALUE: 0x5115 BR_COND: 0 STALL: 0 I: 0000bb29 R: 1   4 00005115 M: 0 0 0000288a 0000a88a
SIMLOG:: DecA: 0xa22a A: 0xa22a B: 0x4050 REGA: 3 REGB: 1 REG_EXE: 0 REG_EXMEM: 6 REG_MEMWB: 5 Cycle         161 PC: 00000068 ALU: 00000144 PC Curr: 0000006a decINS: 0000bb29 VALUE: 0x288a BR_COND: 0 STALL: 0 I: 0000bb4e R: 1   5 0000288a M: 0 0 00001445 0000aa22
SIMLOG:: DecA: 0xa22a A: 0xa22a B: 0x2028 REGA: 3 REGB: 2 REG_EXE: 1 REG_EXMEM: 0 REG_MEMWB: 6 Cycle         162 PC: 0000006a ALU: 00000051 PC Curr: 0000006c decINS: 0000bb4e VALUE: 0x1445 BR_COND: 0 STALL: 0 I: 0000da28 R: 1   6 00001445 M: 0 0 00000144 00004050
SIMLOG:: DecA: 0x0101 A: 0xa22a B: 0x0101 REGA: 2 REGB: 1 REG_EXE: 2 REG_EXMEM: 1 REG_MEMWB: 0 Cycle         163 PC: 0000006c ALU: 00000002 PC Curr: 0000006c decINS: 0000da28 VALUE: 0x0144 BR_COND: 0 STALL: 1 I: 0000da08 R: 1   0 00000144 M: 0 0 00000051 00002028
SIMLOG:: DecA: 0x0101 A: 0x0101 B: 0x2028 REGA: 2 REGB: 1 REG_EXE: 0 REG_EXMEM: 2 REG_MEMWB: 1 Cycle         164 PC: 0000006c ALU: 0000xxxx PC Curr: 0000006c decINS: 0000da28 VALUE: 0x0051 BR_COND: 0 STALL: 1 I: 0000da08 R: 1   1 00000051 M: 0 0 00000002 00000101
SIMLOG:: DecA: 0x0101 A: 0x0101 B: 0x2028 REGA: 2 REGB: 1 REG_EXE: 0 REG_EXMEM: 0 REG_MEMWB: 2 Cycle         165 PC: 0000006c ALU: 0000xxxx PC Curr: 0000006c decINS: 0000da28 VALUE: 0x0002 BR_COND: 0 STALL: 1 I: 0000da08 R: 1   2 00000002 M: 0 0 0000xxxx 00002028
SIMLOG:: DecA: 0x0002 A: 0x0101 B: 0x0051 REGA: 2 REGB: 1 REG_EXE: 0 REG_EXMEM: 0 REG_MEMWB: 0 Cycle         166 PC: 0000006c ALU: 0000xxxx PC Curr: 0000006e decINS: 0000da28 VALUE: 0xxxxx BR_COND: 0 STALL: 0 I: 0000da08 R: 0   0 0000xxxx M: 0 0 0000xxxx 00002028
SIMLOG:: DecA: 0x0002 A: 0x0002 B: 0x0051 REGA: 2 REGB: 0 REG_EXE: 2 REG_EXMEM: 0 REG_MEMWB: 0 Cycle         167 PC: 0000006e ALU: 00000053 PC Curr: 0000006e decINS: 0000da08 VALUE: 0xxxxx BR_COND: 0 STALL: 1 I: 0000dac8 R: 0   0 0000xxxx M: 0 0 0000xxxx 00000051
SIMLOG:: DecA: 0x0002 A: 0x0002 B: 0x0144 REGA: 2 REGB: 0 REG_EXE: 0 REG_EXMEM: 2 REG_MEMWB: 0 Cycle         168 PC: 0000006e ALU: 0000xxxx PC Curr: 0000006e decINS: 0000da08 VALUE: 0xxxxx BR_COND: 0 STALL: 1 I: 0000dac8 R: 0   0 0000xxxx M: 0 0 00000053 00000051
SIMLOG:: DecA: 0x0002 A: 0x0002 B: 0x0144 REGA: 2 REGB: 0 REG_EXE: 0 REG_EXMEM: 0 REG_MEMWB: 2 Cycle         169 PC: 0000006e ALU: 0000xxxx PC Curr: 0000006e decINS: 0000da08 VALUE: 0x0053 BR_COND: 0 STALL: 1 I: 0000dac8 R: 1   2 00000053 M: 0 0 0000xxxx 00000144
SIMLOG:: DecA: 0x0053 A: 0x0002 B: 0x0144 REGA: 2 REGB: 0 REG_EXE: 0 REG_EXMEM: 0 REG_MEMWB: 0 Cycle         170 PC: 0000006e ALU: 0000xxxx PC Curr: 00000070 decINS: 0000da08 VALUE: 0xxxxx BR_COND: 0 STALL: 0 I: 0000dac8 R: 0   0 0000xxxx M: 0 0 0000xxxx 00000144
SIMLOG:: DecA: 0x0053 A: 0x0053 B: 0x0144 REGA: 2 REGB: 6 REG_EXE: 2 REG_EXMEM: 0 REG_MEMWB: 0 Cycle         171 PC: 00000070 ALU: 00000197 PC Curr: 00000070 decINS: 0000dac8 VALUE: 0xxxxx BR_COND: 0 STALL: 1 I: 0000daa8 R: 0   0 0000xxxx M: 0 0 0000xxxx 00000144
SIMLOG:: DecA: 0x0053 A: 0x0053 B: 0x1445 REGA: 2 REGB: 6 REG_EXE: 0 REG_EXMEM: 2 REG_MEMWB: 0 Cycle         172 PC: 00000070 ALU: 0000xxxx PC Curr: 00000070 decINS: 0000dac8 VALUE: 0xxxxx BR_COND: 0 STALL: 1 I: 0000daa8 R: 0   0 0000xxxx M: 0 0 00000197 00000144
SIMLOG:: DecA: 0x0053 A: 0x0053 B: 0x1445 REGA: 2 REGB: 6 REG_EXE: 0 REG_EXMEM: 0 REG_MEMWB: 2 Cycle         173 PC: 00000070 ALU: 0000xxxx PC Curr: 00000070 decINS: 0000dac8 VALUE: 0x0197 BR_COND: 0 STALL: 1 I: 0000daa8 R: 1   2 00000197 M: 0 0 0000xxxx 00001445
SIMLOG:: DecA: 0x0197 A: 0x0053 B: 0x1445 REGA: 2 REGB: 6 REG_EXE: 0 REG_EXMEM: 0 REG_MEMWB: 0 Cycle         174 PC: 00000070 ALU: 0000xxxx PC Curr: 00000072 decINS: 0000dac8 VALUE: 0xxxxx BR_COND: 0 STALL: 0 I: 0000daa8 R: 0   0 0000xxxx M: 0 0 0000xxxx 00001445
SIMLOG:: DecA: 0x0197 A: 0x0197 B: 0x1445 REGA: 2 REGB: 5 REG_EXE: 2 REG_EXMEM: 0 REG_MEMWB: 0 Cycle         175 PC: 00000072 ALU: 000015dc PC Curr: 00000072 decINS: 0000daa8 VALUE: 0xxxxx BR_COND: 0 STALL: 1 I: 0000da88 R: 0   0 0000xxxx M: 0 0 0000xxxx 00001445
SIMLOG:: DecA: 0x0197 A: 0x0197 B: 0x288a REGA: 2 REGB: 5 REG_EXE: 0 REG_EXMEM: 2 REG_MEMWB: 0 Cycle         176 PC: 00000072 ALU: 0000xxxx PC Curr: 00000072 decINS: 0000daa8 VALUE: 0xxxxx BR_COND: 0 STALL: 1 I: 0000da88 R: 0   0 0000xxxx M: 0 0 000015dc 00001445
SIMLOG:: DecA: 0x0197 A: 0x0197 B: 0x288a REGA: 2 REGB: 5 REG_EXE: 0 REG_EXMEM: 0 REG_MEMWB: 2 Cycle         177 PC: 00000072 ALU: 0000xxxx PC Curr: 00000072 decINS: 0000daa8 VALUE: 0x15dc BR_COND: 0 STALL: 1 I: 0000da88 R: 1   2 000015dc M: 0 0 0000xxxx 0000288a
SIMLOG:: DecA: 0x15dc A: 0x0197 B: 0x288a REGA: 2 REGB: 5 REG_EXE: 0 REG_EXMEM: 0 REG_MEMWB: 0 Cycle         178 PC: 00000072 ALU: 0000xxxx PC Curr: 00000074 decINS: 0000daa8 VALUE: 0xxxxx BR_COND: 0 STALL: 0 I: 0000da88 R: 0   0 0000xxxx M: 0 0 0000xxxx 0000288a
SIMLOG:: DecA: 0x15dc A: 0x15dc B: 0x288a REGA: 2 REGB: 4 REG_EXE: 2 REG_EXMEM: 0 REG_MEMWB: 0 Cycle         179 PC: 00000074 ALU: 00003e66 PC Curr: 00000074 decINS: 0000da88 VALUE: 0xxxxx BR_COND: 0 STALL: 1 I: 0000df5c R: 0   0 0000xxxx M: 0 0 0000xxxx 0000288a
SIMLOG:: DecA: 0x15dc A: 0x15dc B: 0x5115 REGA: 2 REGB: 4 REG_EXE: 0 REG_EXMEM: 2 REG_MEMWB: 0 Cycle         180 PC: 00000074 ALU: 0000xxxx PC Curr: 00000074 decINS: 0000da88 VALUE: 0xxxxx BR_COND: 0 STALL: 1 I: 0000df5c R: 0   0 0000xxxx M: 0 0 00003e66 0000288a
SIMLOG:: DecA: 0x15dc A: 0x15dc B: 0x5115 REGA: 2 REGB: 4 REG_EXE: 0 REG_EXMEM: 0 REG_MEMWB: 2 Cycle         181 PC: 00000074 ALU: 0000xxxx PC Curr: 00000074 decINS: 0000da88 VALUE: 0x3e66 BR_COND: 0 STALL: 1 I: 0000df5c R: 1   2 00003e66 M: 0 0 0000xxxx 00005115
SIMLOG:: DecA: 0x3e66 A: 0x15dc B: 0x5115 REGA: 2 REGB: 4 REG_EXE: 0 REG_EXMEM: 0 REG_MEMWB: 0 Cycle         182 PC: 00000074 ALU: 0000xxxx PC Curr: 00000076 decINS: 0000da88 VALUE: 0xxxxx BR_COND: 0 STALL: 0 I: 0000df5c R: 0   0 0000xxxx M: 0 0 0000xxxx 00005115
SIMLOG:: DecA: 0x8243 A: 0x3e66 B: 0x5115 REGA: 7 REGB: 2 REG_EXE: 2 REG_EXMEM: 0 REG_MEMWB: 0 Cycle         183 PC: 00000076 ALU: 00008f7b PC Curr: 00000076 decINS: 0000df5c VALUE: 0xxxxx BR_COND: 0 STALL: 1 I: 0000c012 R: 0   0 0000xxxx M: 0 0 0000xxxx 00005115
SIMLOG:: DecA: 0x8243 A: 0x8243 B: 0x3e66 REGA: 7 REGB: 2 REG_EXE: 0 REG_EXMEM: 2 REG_MEMWB: 0 Cycle         184 PC: 00000076 ALU: 0000xxxx PC Curr: 00000076 decINS: 0000df5c VALUE: 0xxxxx BR_COND: 0 STALL: 1 I: 0000c012 R: 0   0 0000xxxx M: 0 0 00008f7b 00005115
SIMLOG:: DecA: 0x8243 A: 0x8243 B: 0x3e66 REGA: 7 REGB: 2 REG_EXE: 0 REG_EXMEM: 0 REG_MEMWB: 2 Cycle         185 PC: 00000076 ALU: 0000xxxx PC Curr: 00000076 decINS: 0000df5c VALUE: 0x8f7b BR_COND: 0 STALL: 1 I: 0000c012 R: 1   2 00008f7b M: 0 0 0000xxxx 00003e66
SIMLOG:: DecA: 0x8243 A: 0x8243 B: 0x3e66 REGA: 7 REGB: 2 REG_EXE: 0 REG_EXMEM: 0 REG_MEMWB: 0 Cycle         186 PC: 00000076 ALU: 0000xxxx PC Curr: 00000078 decINS: 0000df5c VALUE: 0xxxxx BR_COND: 0 STALL: 0 I: 0000c012 R: 0   0 0000xxxx M: 0 0 0000xxxx 00003e66
SIMLOG:: DecA: 0x0144 A: 0x8243 B: 0x8f7b REGA: 0 REGB: 0 REG_EXE: 7 REG_EXMEM: 0 REG_MEMWB: 0 Cycle         187 PC: 00000078 ALU: 000011be PC Curr: 0000007a decINS: 0000c012 VALUE: 0xxxxx BR_COND: 0 STALL: 0 I: 0000c804 R: 0   0 0000xxxx M: 0 0 0000xxxx 00003e66
SIMLOG:: DecA: 0x0144 A: 0x0144 B: 0x0144 REGA: 0 REGB: 0 REG_EXE: 0 REG_EXMEM: 7 REG_MEMWB: 0 Cycle         188 PC: 0000007a ALU: 00000012 PC Curr: 0000007a decINS: 0000c804 VALUE: 0xxxxx BR_COND: 0 STALL: 1 I: 0000a141 R: 0   0 0000xxxx M: 0 0 000011be 00008f7b
SIMLOG:: DecA: 0x0144 A: 0x0144 B: 0x0144 REGA: 0 REGB: 0 REG_EXE: 0 REG_EXMEM: 0 REG_MEMWB: 7 Cycle         189 PC: 0000007a ALU: 0000xxxx PC Curr: 0000007a decINS: 0000c804 VALUE: 0x11be BR_COND: 0 STALL: 1 I: 0000a141 R: 1   7 000011be M: 0 0 00000012 00000144
SIMLOG:: DecA: 0x0144 A: 0x0144 B: 0x0144 REGA: 0 REGB: 0 REG_EXE: 0 REG_EXMEM: 0 REG_MEMWB: 0 Cycle         190 PC: 0000007a ALU: 0000xxxx PC Curr: 0000007a decINS: 0000c804 VALUE: 0x0012 BR_COND: 0 STALL: 1 I: 0000a141 R: 1   0 00000012 M: 0 0 0000xxxx 00000144
SIMLOG:: DecA: 0x0012 A: 0x0144 B: 0x0144 REGA: 0 REGB: 0 REG_EXE: 0 REG_EXMEM: 0 REG_MEMWB: 0 Cycle         191 PC: 0000007a ALU: 0000xxxx PC Curr: 0000007c decINS: 0000c804 VALUE: 0xxxxx BR_COND: 0 STALL: 0 I: 0000a141 R: 0   0 0000xxxx M: 0 0 0000xxxx 00000144
SIMLOG:: DecA: 0x0051 A: 0x0012 B: 0x0012 REGA: 1 REGB: 2 REG_EXE: 1 REG_EXMEM: 0 REG_MEMWB: 0 Cycle         192 PC: 0000007c ALU: 00004800 PC Curr: 0000007c decINS: 0000a141 VALUE: 0xxxxx BR_COND: 0 STALL: 1 I: 0000c90c R: 0   0 0000xxxx M: 0 0 0000xxxx 00000144
SIMLOG:: DecA: 0x0051 A: 0x0051 B: 0x8f7b REGA: 1 REGB: 2 REG_EXE: 0 REG_EXMEM: 1 REG_MEMWB: 0 Cycle         193 PC: 0000007c ALU: 0000xxxx PC Curr: 0000007c decINS: 0000a141 VALUE: 0xxxxx BR_COND: 0 STALL: 1 I: 0000c90c R: 0   0 0000xxxx M: 0 0 00004800 00000012
SIMLOG:: DecA: 0x0051 A: 0x0051 B: 0x8f7b REGA: 1 REGB: 2 REG_EXE: 0 REG_EXMEM: 0 REG_MEMWB: 1 Cycle         194 PC: 0000007c ALU: 0000xxxx PC Curr: 0000007c decINS: 0000a141 VALUE: 0x4800 BR_COND: 0 STALL: 1 I: 0000c90c R: 1   1 00004800 M: 0 0 0000xxxx 00008f7b
SIMLOG:: DecA: 0x4800 A: 0x0051 B: 0x8f7b REGA: 1 REGB: 2 REG_EXE: 0 REG_EXMEM: 0 REG_MEMWB: 0 Cycle         195 PC: 0000007c ALU: 0000xxxx PC Curr: 0000007e decINS: 0000a141 VALUE: 0xxxxx BR_COND: 0 STALL: 0 I: 0000c90c R: 0   0 0000xxxx M: 0 0 0000xxxx 00008f7b
SIMLOG:: DecA: 0x4800 A: 0x4800 B: 0x8f7b REGA: 1 REGB: 0 REG_EXE: 2 REG_EXMEM: 0 REG_MEMWB: 0 Cycle         196 PC: 0000007e ALU: 00009000 PC Curr: 00000080 decINS: 0000c90c VALUE: 0xxxxx BR_COND: 0 STALL: 0 I: 0000ca10 R: 0   0 0000xxxx M: 0 0 0000xxxx 00008f7b
SIMLOG:: DecA: 0x8f7b A: 0x4800 B: 0x0012 REGA: 2 REGB: 0 REG_EXE: 3 REG_EXMEM: 2 REG_MEMWB: 0 Cycle         197 PC: 00000080 ALU: 00000012 PC Curr: 00000080 decINS: 0000ca10 VALUE: 0xxxxx BR_COND: 0 STALL: 1 I: 0000c0fe R: 0   0 0000xxxx M: 0 0 00009000 00008f7b
SIMLOG:: DecA: 0x8f7b A: 0x8f7b B: 0x0012 REGA: 2 REGB: 0 REG_EXE: 0 REG_EXMEM: 3 REG_MEMWB: 2 Cycle         198 PC: 00000080 ALU: 0000xxxx PC Curr: 00000080 decINS: 0000ca10 VALUE: 0x9000 BR_COND: 0 STALL: 1 I: 0000c0fe R: 1   2 00009000 M: 0 0 00000012 00000012
SIMLOG:: DecA: 0x9000 A: 0x8f7b B: 0x0012 REGA: 2 REGB: 0 REG_EXE: 0 REG_EXMEM: 0 REG_MEMWB: 3 Cycle         199 PC: 00000080 ALU: 0000xxxx PC Curr: 00000082 decINS: 0000ca10 VALUE: 0x0012 BR_COND: 0 STALL: 0 I: 0000c0fe R: 1   3 00000012 M: 0 0 0000xxxx 00000012
SIMLOG:: DecA: 0x0012 A: 0x9000 B: 0x0012 REGA: 0 REGB: 7 REG_EXE: 4 REG_EXMEM: 0 REG_MEMWB: 0 Cycle         200 PC: 00000082 ALU: 00000009 PC Curr: 00000084 decINS: 0000c0fe VALUE: 0xxxxx BR_COND: 0 STALL: 0 I: 00009001 R: 0   0 0000xxxx M: 0 0 0000xxxx 00000012
SIMLOG:: DecA: 0x0012 A: 0x0012 B: 0x11be REGA: 0 REGB: 0 REG_EXE: 0 REG_EXMEM: 4 REG_MEMWB: 0 Cycle         201 PC: 00000084 ALU: 0000fffe PC Curr: 00000084 decINS: 00009001 VALUE: 0xxxxx BR_COND: 0 STALL: 1 I: 0000c19a R: 0   0 0000xxxx M: 0 0 00000009 00000012
SIMLOG:: DecA: 0x0012 A: 0x0012 B: 0x0012 REGA: 0 REGB: 0 REG_EXE: 0 REG_EXMEM: 0 REG_MEMWB: 4 Cycle         202 PC: 00000084 ALU: 0000xxxx PC Curr: 00000084 decINS: 00009001 VALUE: 0x0009 BR_COND: 0 STALL: 1 I: 0000c19a R: 1   4 00000009 M: 0 0 0000fffe 000011be
SIMLOG:: DecA: 0x0012 A: 0x0012 B: 0x0012 REGA: 0 REGB: 0 REG_EXE: 0 REG_EXMEM: 0 REG_MEMWB: 0 Cycle         203 PC: 00000084 ALU: 0000xxxx PC Curr: 00000084 decINS: 00009001 VALUE: 0xfffe BR_COND: 0 STALL: 1 I: 0000c19a R: 1   0 0000fffe M: 0 0 0000xxxx 00000012
SIMLOG:: DecA: 0xfffe A: 0x0012 B: 0x0012 REGA: 0 REGB: 0 REG_EXE: 0 REG_EXMEM: 0 REG_MEMWB: 0 Cycle         204 PC: 00000084 ALU: 0000xxxx PC Curr: 00000086 decINS: 00009001 VALUE: 0xxxxx BR_COND: 0 STALL: 0 I: 0000c19a R: 0   0 0000xxxx M: 0 0 0000xxxx 00000012
SIMLOG:: DecA: 0x4800 A: 0xfffe B: 0xfffe REGA: 1 REGB: 4 REG_EXE: 0 REG_EXMEM: 0 REG_MEMWB: 0 Cycle         205 PC: 00000086 ALU: 0000fe01 PC Curr: 00000088 decINS: 0000c19a VALUE: 0xxxxx BR_COND: 0 STALL: 0 I: 000091ff R: 0   0 0000xxxx M: 0 0 0000xxxx 00000012
SIMLOG:: DecA: 0x4800 A: 0x4800 B: 0x0009 REGA: 1 REGB: 7 REG_EXE: 1 REG_EXMEM: 0 REG_MEMWB: 0 Cycle         206 PC: 00000088 ALU: 0000ff9a PC Curr: 00000088 decINS: 000091ff VALUE: 0xxxxx BR_COND: 0 STALL: 1 I: 0000c278 R: 0   0 0000xxxx M: 0 0 0000fe01 0000fffe
SIMLOG:: DecA: 0x4800 A: 0x4800 B: 0x11be REGA: 1 REGB: 7 REG_EXE: 0 REG_EXMEM: 1 REG_MEMWB: 0 Cycle         207 PC: 00000088 ALU: 0000xxxx PC Curr: 00000088 decINS: 000091ff VALUE: 0xfe01 BR_COND: 0 STALL: 1 I: 0000c278 R: 1   0 0000fe01 M: 0 0 0000ff9a 00000009
SIMLOG:: DecA: 0x4800 A: 0x4800 B: 0x11be REGA: 1 REGB: 7 REG_EXE: 0 REG_EXMEM: 0 REG_MEMWB: 1 Cycle         208 PC: 00000088 ALU: 0000xxxx PC Curr: 00000088 decINS: 000091ff VALUE: 0xff9a BR_COND: 0 STALL: 1 I: 0000c278 R: 1   1 0000ff9a M: 0 0 0000xxxx 000011be
SIMLOG:: DecA: 0xff9a A: 0x4800 B: 0x11be REGA: 1 REGB: 7 REG_EXE: 0 REG_EXMEM: 0 REG_MEMWB: 0 Cycle         209 PC: 00000088 ALU: 0000xxxx PC Curr: 0000008a decINS: 000091ff VALUE: 0xxxxx BR_COND: 0 STALL: 0 I: 0000c278 R: 0   0 0000xxxx M: 0 0 0000xxxx 000011be
SIMLOG:: DecA: 0x9000 A: 0xff9a B: 0x11be REGA: 2 REGB: 3 REG_EXE: 1 REG_EXMEM: 0 REG_MEMWB: 0 Cycle         210 PC: 0000008a ALU: 00009aff PC Curr: 0000008c decINS: 0000c278 VALUE: 0xxxxx BR_COND: 0 STALL: 0 I: 00009288 R: 0   0 0000xxxx M: 0 0 0000xxxx 000011be
SIMLOG:: DecA: 0x9000 A: 0x9000 B: 0x0012 REGA: 2 REGB: 4 REG_EXE: 2 REG_EXMEM: 1 REG_MEMWB: 0 Cycle         211 PC: 0000008c ALU: 00000078 PC Curr: 0000008c decINS: 00009288 VALUE: 0xxxxx BR_COND: 0 STALL: 1 I: 0000e02c R: 0   0 0000xxxx M: 0 0 00009aff 000011be
SIMLOG:: DecA: 0x9000 A: 0x9000 B: 0x0009 REGA: 2 REGB: 4 REG_EXE: 0 REG_EXMEM: 2 REG_MEMWB: 1 Cycle         212 PC: 0000008c ALU: 0000xxxx PC Curr: 0000008c decINS: 00009288 VALUE: 0x9aff BR_COND: 0 STALL: 1 I: 0000e02c R: 1   1 00009aff M: 0 0 00000078 00000012
SIMLOG:: DecA: 0x9000 A: 0x9000 B: 0x0009 REGA: 2 REGB: 4 REG_EXE: 0 REG_EXMEM: 0 REG_MEMWB: 2 Cycle         213 PC: 0000008c ALU: 0000xxxx PC Curr: 0000008c decINS: 00009288 VALUE: 0x0078 BR_COND: 0 STALL: 1 I: 0000e02c R: 1   2 00000078 M: 0 0 0000xxxx 00000009
SIMLOG:: DecA: 0x0078 A: 0x9000 B: 0x0009 REGA: 2 REGB: 4 REG_EXE: 0 REG_EXMEM: 0 REG_MEMWB: 0 Cycle         214 PC: 0000008c ALU: 0000xxxx PC Curr: 0000008e decINS: 00009288 VALUE: 0xxxxx BR_COND: 0 STALL: 0 I: 0000e02c R: 0   0 0000xxxx M: 0 0 0000xxxx 00000009
SIMLOG:: DecA: 0xfe01 A: 0x0078 B: 0x0009 REGA: 0 REGB: 1 REG_EXE: 2 REG_EXMEM: 0 REG_MEMWB: 0 Cycle         215 PC: 0000008e ALU: 00007888 PC Curr: 00000090 decINS: 0000e02c VALUE: 0xxxxx BR_COND: 0 STALL: 0 I: 0000e010 R: 0   0 0000xxxx M: 0 0 0000xxxx 00000009
SIMLOG:: DecA: 0xfe01 A: 0xfe01 B: 0x9aff REGA: 0 REGB: 0 REG_EXE: 3 REG_EXMEM: 2 REG_MEMWB: 0 Cycle         216 PC: 00000090 ALU: 00000000 PC Curr: 00000092 decINS: 0000e010 VALUE: 0xxxxx BR_COND: 0 STALL: 0 I: 0000aca1 R: 0   0 0000xxxx M: 0 0 00007888 00000009
SIMLOG:: DecA: 0x0009 A: 0xfe01 B: 0xfe01 REGA: 4 REGB: 5 REG_EXE: 4 REG_EXMEM: 3 REG_MEMWB: 2 Cycle         217 PC: 00000092 ALU: 00000001 PC Curr: 00000092 decINS: 0000aca1 VALUE: 0x7888 BR_COND: 0 STALL: 1 I: 0000dbac R: 1   2 00007888 M: 0 0 00000000 00009aff
SIMLOG:: DecA: 0x0009 A: 0x0009 B: 0x288a REGA: 4 REGB: 5 REG_EXE: 0 REG_EXMEM: 4 REG_MEMWB: 3 Cycle         218 PC: 00000092 ALU: 0000xxxx PC Curr: 00000092 decINS: 0000aca1 VALUE: 0x0000 BR_COND: 0 STALL: 1 I: 0000dbac R: 1   3 00000000 M: 0 0 00000001 0000fe01
SIMLOG:: DecA: 0x0009 A: 0x0009 B: 0x288a REGA: 4 REGB: 5 REG_EXE: 0 REG_EXMEM: 0 REG_MEMWB: 4 Cycle         219 PC: 00000092 ALU: 0000xxxx PC Curr: 00000092 decINS: 0000aca1 VALUE: 0x0001 BR_COND: 0 STALL: 1 I: 0000dbac R: 1   4 00000001 M: 0 0 0000xxxx 0000288a
SIMLOG:: DecA: 0x0001 A: 0x0009 B: 0x288a REGA: 4 REGB: 5 REG_EXE: 0 REG_EXMEM: 0 REG_MEMWB: 0 Cycle         220 PC: 00000092 ALU: 0000xxxx PC Curr: 00000094 decINS: 0000aca1 VALUE: 0xxxxx BR_COND: 0 STALL: 0 I: 0000dbac R: 0   0 0000xxxx M: 0 0 0000xxxx 0000288a
SIMLOG:: DecA: 0x0000 A: 0x0001 B: 0x288a REGA: 3 REGB: 5 REG_EXE: 5 REG_EXMEM: 0 REG_MEMWB: 0 Cycle         221 PC: 00000094 ALU: 00000002 PC Curr: 00000094 decINS: 0000dbac VALUE: 0xxxxx BR_COND: 0 STALL: 1 I: 0000ea30 R: 0   0 0000xxxx M: 0 0 0000xxxx 0000288a
SIMLOG:: DecA: 0x0000 A: 0x0000 B: 0x288a REGA: 3 REGB: 5 REG_EXE: 0 REG_EXMEM: 5 REG_MEMWB: 0 Cycle         222 PC: 00000094 ALU: 0000xxxx PC Curr: 00000094 decINS: 0000dbac VALUE: 0xxxxx BR_COND: 0 STALL: 1 I: 0000ea30 R: 0   0 0000xxxx M: 0 0 00000002 0000288a
SIMLOG:: DecA: 0x0000 A: 0x0000 B: 0x288a REGA: 3 REGB: 5 REG_EXE: 0 REG_EXMEM: 0 REG_MEMWB: 5 Cycle         223 PC: 00000094 ALU: 0000xxxx PC Curr: 00000094 decINS: 0000dbac VALUE: 0x0002 BR_COND: 0 STALL: 1 I: 0000ea30 R: 1   5 00000002 M: 0 0 0000xxxx 0000288a
SIMLOG:: DecA: 0x0000 A: 0x0000 B: 0x288a REGA: 3 REGB: 5 REG_EXE: 0 REG_EXMEM: 0 REG_MEMWB: 0 Cycle         224 PC: 00000094 ALU: 0000xxxx PC Curr: 00000096 decINS: 0000dbac VALUE: 0xxxxx BR_COND: 0 STALL: 0 I: 0000ea30 R: 0   0 0000xxxx M: 0 0 0000xxxx 0000288a
SIMLOG:: DecA: 0x7888 A: 0x0000 B: 0x0002 REGA: 2 REGB: 1 REG_EXE: 3 REG_EXMEM: 0 REG_MEMWB: 0 Cycle         225 PC: 00000096 ALU: 00000002 PC Curr: 00000098 decINS: 0000ea30 VALUE: 0xxxxx BR_COND: 0 STALL: 0 I: 0000aca2 R: 0   0 0000xxxx M: 0 0 0000xxxx 0000288a
SIMLOG:: DecA: 0x0001 A: 0x7888 B: 0x9aff REGA: 4 REGB: 5 REG_EXE: 4 REG_EXMEM: 3 REG_MEMWB: 0 Cycle         226 PC: 00000098 ALU: 00000000 PC Curr: 00000098 decINS: 0000aca2 VALUE: 0xxxxx BR_COND: 0 STALL: 1 I: 0000dbac R: 0   0 0000xxxx M: 0 0 00000002 00000002
SIMLOG:: DecA: 0x0001 A: 0x0001 B: 0x0002 REGA: 4 REGB: 5 REG_EXE: 0 REG_EXMEM: 4 REG_MEMWB: 3 Cycle         227 PC: 00000098 ALU: 0000xxxx PC Curr: 00000098 decINS: 0000aca2 VALUE: 0x0002 BR_COND: 0 STALL: 1 I: 0000dbac R: 1   3 00000002 M: 0 0 00000000 00009aff
SIMLOG:: DecA: 0x0001 A: 0x0001 B: 0x0002 REGA: 4 REGB: 5 REG_EXE: 0 REG_EXMEM: 0 REG_MEMWB: 4 Cycle         228 PC: 00000098 ALU: 0000xxxx PC Curr: 00000098 decINS: 0000aca2 VALUE: 0x0000 BR_COND: 0 STALL: 1 I: 0000dbac R: 1   4 00000000 M: 0 0 0000xxxx 00000002
SIMLOG:: DecA: 0x0000 A: 0x0001 B: 0x0002 REGA: 4 REGB: 5 REG_EXE: 0 REG_EXMEM: 0 REG_MEMWB: 0 Cycle         229 PC: 00000098 ALU: 0000xxxx PC Curr: 0000009a decINS: 0000aca2 VALUE: 0xxxxx BR_COND: 0 STALL: 0 I: 0000dbac R: 0   0 0000xxxx M: 0 0 0000xxxx 00000002
SIMLOG:: DecA: 0x0002 A: 0x0000 B: 0x0002 REGA: 3 REGB: 5 REG_EXE: 5 REG_EXMEM: 0 REG_MEMWB: 0 Cycle         230 PC: 0000009a ALU: 00000000 PC Curr: 0000009a decINS: 0000dbac VALUE: 0xxxxx BR_COND: 0 STALL: 1 I: 0000e910 R: 0   0 0000xxxx M: 0 0 0000xxxx 00000002
SIMLOG:: DecA: 0x0002 A: 0x0002 B: 0x0002 REGA: 3 REGB: 5 REG_EXE: 0 REG_EXMEM: 5 REG_MEMWB: 0 Cycle         231 PC: 0000009a ALU: 0000xxxx PC Curr: 0000009a decINS: 0000dbac VALUE: 0xxxxx BR_COND: 0 STALL: 1 I: 0000e910 R: 0   0 0000xxxx M: 0 0 00000000 00000002
SIMLOG:: DecA: 0x0002 A: 0x0002 B: 0x0002 REGA: 3 REGB: 5 REG_EXE: 0 REG_EXMEM: 0 REG_MEMWB: 5 Cycle         232 PC: 0000009a ALU: 0000xxxx PC Curr: 0000009a decINS: 0000dbac VALUE: 0x0000 BR_COND: 0 STALL: 1 I: 0000e910 R: 1   5 00000000 M: 0 0 0000xxxx 00000002
SIMLOG:: DecA: 0x0002 A: 0x0002 B: 0x0002 REGA: 3 REGB: 5 REG_EXE: 0 REG_EXMEM: 0 REG_MEMWB: 0 Cycle         233 PC: 0000009a ALU: 0000xxxx PC Curr: 0000009c decINS: 0000dbac VALUE: 0xxxxx BR_COND: 0 STALL: 0 I: 0000e910 R: 0   0 0000xxxx M: 0 0 0000xxxx 00000002
SIMLOG:: DecA: 0x9aff A: 0x0002 B: 0x0000 REGA: 1 REGB: 0 REG_EXE: 3 REG_EXMEM: 0 REG_MEMWB: 0 Cycle         234 PC: 0000009c ALU: 00000002 PC Curr: 0000009e decINS: 0000e910 VALUE: 0xxxxx BR_COND: 0 STALL: 0 I: 0000aca3 R: 0   0 0000xxxx M: 0 0 0000xxxx 00000002
SIMLOG:: DecA: 0x0000 A: 0x9aff B: 0xfe01 REGA: 4 REGB: 5 REG_EXE: 4 REG_EXMEM: 3 REG_MEMWB: 0 Cycle         235 PC: 0000009e ALU: 00000001 PC Curr: 0000009e decINS: 0000aca3 VALUE: 0xxxxx BR_COND: 0 STALL: 1 I: 0000dbac R: 0   0 0000xxxx M: 0 0 00000002 00000000
SIMLOG:: DecA: 0x0000 A: 0x0000 B: 0x0000 REGA: 4 REGB: 5 REG_EXE: 0 REG_EXMEM: 4 REG_MEMWB: 3 Cycle         236 PC: 0000009e ALU: 0000xxxx PC Curr: 0000009e decINS: 0000aca3 VALUE: 0x0002 BR_COND: 0 STALL: 1 I: 0000dbac R: 1   3 00000002 M: 0 0 00000001 0000fe01
SIMLOG:: DecA: 0x0000 A: 0x0000 B: 0x0000 REGA: 4 REGB: 5 REG_EXE: 0 REG_EXMEM: 0 REG_MEMWB: 4 Cycle         237 PC: 0000009e ALU: 0000xxxx PC Curr: 0000009e decINS: 0000aca3 VALUE: 0x0001 BR_COND: 0 STALL: 1 I: 0000dbac R: 1   4 00000001 M: 0 0 0000xxxx 00000000
SIMLOG:: DecA: 0x0001 A: 0x0000 B: 0x0000 REGA: 4 REGB: 5 REG_EXE: 0 REG_EXMEM: 0 REG_MEMWB: 0 Cycle         238 PC: 0000009e ALU: 0000xxxx PC Curr: 000000a0 decINS: 0000aca3 VALUE: 0xxxxx BR_COND: 0 STALL: 0 I: 0000dbac R: 0   0 0000xxxx M: 0 0 0000xxxx 00000000
SIMLOG:: DecA: 0x0002 A: 0x0001 B: 0x0000 REGA: 3 REGB: 5 REG_EXE: 5 REG_EXMEM: 0 REG_MEMWB: 0 Cycle         239 PC: 000000a0 ALU: 00000008 PC Curr: 000000a0 decINS: 0000dbac VALUE: 0xxxxx BR_COND: 0 STALL: 1 I: 0000e810 R: 0   0 0000xxxx M: 0 0 0000xxxx 00000000
SIMLOG:: DecA: 0x0002 A: 0x0002 B: 0x0000 REGA: 3 REGB: 5 REG_EXE: 0 REG_EXMEM: 5 REG_MEMWB: 0 Cycle         240 PC: 000000a0 ALU: 0000xxxx PC Curr: 000000a0 decINS: 0000dbac VALUE: 0xxxxx BR_COND: 0 STALL: 1 I: 0000e810 R: 0   0 0000xxxx M: 0 0 00000008 00000000
SIMLOG:: DecA: 0x0002 A: 0x0002 B: 0x0000 REGA: 3 REGB: 5 REG_EXE: 0 REG_EXMEM: 0 REG_MEMWB: 5 Cycle         241 PC: 000000a0 ALU: 0000xxxx PC Curr: 000000a0 decINS: 0000dbac VALUE: 0x0008 BR_COND: 0 STALL: 1 I: 0000e810 R: 1   5 00000008 M: 0 0 0000xxxx 00000000
SIMLOG:: DecA: 0x0002 A: 0x0002 B: 0x0000 REGA: 3 REGB: 5 REG_EXE: 0 REG_EXMEM: 0 REG_MEMWB: 0 Cycle         242 PC: 000000a0 ALU: 0000xxxx PC Curr: 000000a2 decINS: 0000dbac VALUE: 0xxxxx BR_COND: 0 STALL: 0 I: 0000e810 R: 0   0 0000xxxx M: 0 0 0000xxxx 00000000
SIMLOG:: DecA: 0xfe01 A: 0x0002 B: 0x0008 REGA: 0 REGB: 0 REG_EXE: 3 REG_EXMEM: 0 REG_MEMWB: 0 Cycle         243 PC: 000000a2 ALU: 0000000a PC Curr: 000000a4 decINS: 0000e810 VALUE: 0xxxxx BR_COND: 0 STALL: 0 I: 0000aca4 R: 0   0 0000xxxx M: 0 0 0000xxxx 00000000
SIMLOG:: DecA: 0x0001 A: 0xfe01 B: 0xfe01 REGA: 4 REGB: 5 REG_EXE: 4 REG_EXMEM: 3 REG_MEMWB: 0 Cycle         244 PC: 000000a4 ALU: 00000000 PC Curr: 000000a4 decINS: 0000aca4 VALUE: 0xxxxx BR_COND: 0 STALL: 1 I: 0000dbac R: 0   0 0000xxxx M: 0 0 0000000a 00000008
SIMLOG:: DecA: 0x0001 A: 0x0001 B: 0x0008 REGA: 4 REGB: 5 REG_EXE: 0 REG_EXMEM: 4 REG_MEMWB: 3 Cycle         245 PC: 000000a4 ALU: 0000xxxx PC Curr: 000000a4 decINS: 0000aca4 VALUE: 0x000a BR_COND: 0 STALL: 1 I: 0000dbac R: 1   3 0000000a M: 0 0 00000000 0000fe01
SIMLOG:: DecA: 0x0001 A: 0x0001 B: 0x0008 REGA: 4 REGB: 5 REG_EXE: 0 REG_EXMEM: 0 REG_MEMWB: 4 Cycle         246 PC: 000000a4 ALU: 0000xxxx PC Curr: 000000a4 decINS: 0000aca4 VALUE: 0x0000 BR_COND: 0 STALL: 1 I: 0000dbac R: 1   4 00000000 M: 0 0 0000xxxx 00000008
SIMLOG:: DecA: 0x0000 A: 0x0001 B: 0x0008 REGA: 4 REGB: 5 REG_EXE: 0 REG_EXMEM: 0 REG_MEMWB: 0 Cycle         247 PC: 000000a4 ALU: 0000xxxx PC Curr: 000000a6 decINS: 0000aca4 VALUE: 0xxxxx BR_COND: 0 STALL: 0 I: 0000dbac R: 0   0 0000xxxx M: 0 0 0000xxxx 00000008
SIMLOG:: DecA: 0x000a A: 0x0000 B: 0x0008 REGA: 3 REGB: 5 REG_EXE: 5 REG_EXMEM: 0 REG_MEMWB: 0 Cycle         248 PC: 000000a6 ALU: 00000000 PC Curr: 000000a6 decINS: 0000dbac VALUE: 0xxxxx BR_COND: 0 STALL: 1 I: 0000f230 R: 0   0 0000xxxx M: 0 0 0000xxxx 00000008
SIMLOG:: DecA: 0x000a A: 0x000a B: 0x0008 REGA: 3 REGB: 5 REG_EXE: 0 REG_EXMEM: 5 REG_MEMWB: 0 Cycle         249 PC: 000000a6 ALU: 0000xxxx PC Curr: 000000a6 decINS: 0000dbac VALUE: 0xxxxx BR_COND: 0 STALL: 1 I: 0000f230 R: 0   0 0000xxxx M: 0 0 00000000 00000008
SIMLOG:: DecA: 0x000a A: 0x000a B: 0x0008 REGA: 3 REGB: 5 REG_EXE: 0 REG_EXMEM: 0 REG_MEMWB: 5 Cycle         250 PC: 000000a6 ALU: 0000xxxx PC Curr: 000000a6 decINS: 0000dbac VALUE: 0x0000 BR_COND: 0 STALL: 1 I: 0000f230 R: 1   5 00000000 M: 0 0 0000xxxx 00000008
SIMLOG:: DecA: 0x000a A: 0x000a B: 0x0008 REGA: 3 REGB: 5 REG_EXE: 0 REG_EXMEM: 0 REG_MEMWB: 0 Cycle         251 PC: 000000a6 ALU: 0000xxxx PC Curr: 000000a8 decINS: 0000dbac VALUE: 0xxxxx BR_COND: 0 STALL: 0 I: 0000f230 R: 0   0 0000xxxx M: 0 0 0000xxxx 00000008
SIMLOG:: DecA: 0x7888 A: 0x000a B: 0x0000 REGA: 2 REGB: 1 REG_EXE: 3 REG_EXMEM: 0 REG_MEMWB: 0 Cycle         252 PC: 000000a8 ALU: 0000000a PC Curr: 000000aa decINS: 0000f230 VALUE: 0xxxxx BR_COND: 0 STALL: 0 I: 0000aca5 R: 0   0 0000xxxx M: 0 0 0000xxxx 00000008
SIMLOG:: DecA: 0x0000 A: 0x7888 B: 0x9aff REGA: 4 REGB: 5 REG_EXE: 4 REG_EXMEM: 3 REG_MEMWB: 0 Cycle         253 PC: 000000aa ALU: 00000000 PC Curr: 000000aa decINS: 0000aca5 VALUE: 0xxxxx BR_COND: 0 STALL: 1 I: 0000dbac R: 0   0 0000xxxx M: 0 0 0000000a 00000000
SIMLOG:: DecA: 0x0000 A: 0x0000 B: 0x0000 REGA: 4 REGB: 5 REG_EXE: 0 REG_EXMEM: 4 REG_MEMWB: 3 Cycle         254 PC: 000000aa ALU: 0000xxxx PC Curr: 000000aa decINS: 0000aca5 VALUE: 0x000a BR_COND: 0 STALL: 1 I: 0000dbac R: 1   3 0000000a M: 0 0 00000000 00009aff
SIMLOG:: DecA: 0x0000 A: 0x0000 B: 0x0000 REGA: 4 REGB: 5 REG_EXE: 0 REG_EXMEM: 0 REG_MEMWB: 4 Cycle         255 PC: 000000aa ALU: 0000xxxx PC Curr: 000000aa decINS: 0000aca5 VALUE: 0x0000 BR_COND: 0 STALL: 1 I: 0000dbac R: 1   4 00000000 M: 0 0 0000xxxx 00000000
SIMLOG:: DecA: 0x0000 A: 0x0000 B: 0x0000 REGA: 4 REGB: 5 REG_EXE: 0 REG_EXMEM: 0 REG_MEMWB: 0 Cycle         256 PC: 000000aa ALU: 0000xxxx PC Curr: 000000ac decINS: 0000aca5 VALUE: 0xxxxx BR_COND: 0 STALL: 0 I: 0000dbac R: 0   0 0000xxxx M: 0 0 0000xxxx 00000000
SIMLOG:: DecA: 0x000a A: 0x0000 B: 0x0000 REGA: 3 REGB: 5 REG_EXE: 5 REG_EXMEM: 0 REG_MEMWB: 0 Cycle         257 PC: 000000ac ALU: 00000000 PC Curr: 000000ac decINS: 0000dbac VALUE: 0xxxxx BR_COND: 0 STALL: 1 I: 0000f010 R: 0   0 0000xxxx M: 0 0 0000xxxx 00000000
SIMLOG:: DecA: 0x000a A: 0x000a B: 0x0000 REGA: 3 REGB: 5 REG_EXE: 0 REG_EXMEM: 5 REG_MEMWB: 0 Cycle         258 PC: 000000ac ALU: 0000xxxx PC Curr: 000000ac decINS: 0000dbac VALUE: 0xxxxx BR_COND: 0 STALL: 1 I: 0000f010 R: 0   0 0000xxxx M: 0 0 00000000 00000000
SIMLOG:: DecA: 0x000a A: 0x000a B: 0x0000 REGA: 3 REGB: 5 REG_EXE: 0 REG_EXMEM: 0 REG_MEMWB: 5 Cycle         259 PC: 000000ac ALU: 0000xxxx PC Curr: 000000ac decINS: 0000dbac VALUE: 0x0000 BR_COND: 0 STALL: 1 I: 0000f010 R: 1   5 00000000 M: 0 0 0000xxxx 00000000
SIMLOG:: DecA: 0x000a A: 0x000a B: 0x0000 REGA: 3 REGB: 5 REG_EXE: 0 REG_EXMEM: 0 REG_MEMWB: 0 Cycle         260 PC: 000000ac ALU: 0000xxxx PC Curr: 000000ae decINS: 0000dbac VALUE: 0xxxxx BR_COND: 0 STALL: 0 I: 0000f010 R: 0   0 0000xxxx M: 0 0 0000xxxx 00000000
SIMLOG:: DecA: 0xfe01 A: 0x000a B: 0x0000 REGA: 0 REGB: 0 REG_EXE: 3 REG_EXMEM: 0 REG_MEMWB: 0 Cycle         261 PC: 000000ae ALU: 0000000a PC Curr: 000000b0 decINS: 0000f010 VALUE: 0xxxxx BR_COND: 0 STALL: 0 I: 0000aca6 R: 0   0 0000xxxx M: 0 0 0000xxxx 00000000
SIMLOG:: DecA: 0x0000 A: 0xfe01 B: 0xfe01 REGA: 4 REGB: 5 REG_EXE: 4 REG_EXMEM: 3 REG_MEMWB: 0 Cycle         262 PC: 000000b0 ALU: 00000001 PC Curr: 000000b0 decINS: 0000aca6 VALUE: 0xxxxx BR_COND: 0 STALL: 1 I: 0000dbac R: 0   0 0000xxxx M: 0 0 0000000a 00000000
SIMLOG:: DecA: 0x0000 A: 0x0000 B: 0x0000 REGA: 4 REGB: 5 REG_EXE: 0 REG_EXMEM: 4 REG_MEMWB: 3 Cycle         263 PC: 000000b0 ALU: 0000xxxx PC Curr: 000000b0 decINS: 0000aca6 VALUE: 0x000a BR_COND: 0 STALL: 1 I: 0000dbac R: 1   3 0000000a M: 0 0 00000001 0000fe01
SIMLOG:: DecA: 0x0000 A: 0x0000 B: 0x0000 REGA: 4 REGB: 5 REG_EXE: 0 REG_EXMEM: 0 REG_MEMWB: 4 Cycle         264 PC: 000000b0 ALU: 0000xxxx PC Curr: 000000b0 decINS: 0000aca6 VALUE: 0x0001 BR_COND: 0 STALL: 1 I: 0000dbac R: 1   4 00000001 M: 0 0 0000xxxx 00000000
SIMLOG:: DecA: 0x0001 A: 0x0000 B: 0x0000 REGA: 4 REGB: 5 REG_EXE: 0 REG_EXMEM: 0 REG_MEMWB: 0 Cycle         265 PC: 000000b0 ALU: 0000xxxx PC Curr: 000000b2 decINS: 0000aca6 VALUE: 0xxxxx BR_COND: 0 STALL: 0 I: 0000dbac R: 0   0 0000xxxx M: 0 0 0000xxxx 00000000
SIMLOG:: DecA: 0x000a A: 0x0001 B: 0x0000 REGA: 3 REGB: 5 REG_EXE: 5 REG_EXMEM: 0 REG_MEMWB: 0 Cycle         266 PC: 000000b2 ALU: 00000040 PC Curr: 000000b2 decINS: 0000dbac VALUE: 0xxxxx BR_COND: 0 STALL: 1 I: 0000f830 R: 0   0 0000xxxx M: 0 0 0000xxxx 00000000
SIMLOG:: DecA: 0x000a A: 0x000a B: 0x0000 REGA: 3 REGB: 5 REG_EXE: 0 REG_EXMEM: 5 REG_MEMWB: 0 Cycle         267 PC: 000000b2 ALU: 0000xxxx PC Curr: 000000b2 decINS: 0000dbac VALUE: 0xxxxx BR_COND: 0 STALL: 1 I: 0000f830 R: 0   0 0000xxxx M: 0 0 00000040 00000000
SIMLOG:: DecA: 0x000a A: 0x000a B: 0x0000 REGA: 3 REGB: 5 REG_EXE: 0 REG_EXMEM: 0 REG_MEMWB: 5 Cycle         268 PC: 000000b2 ALU: 0000xxxx PC Curr: 000000b2 decINS: 0000dbac VALUE: 0x0040 BR_COND: 0 STALL: 1 I: 0000f830 R: 1   5 00000040 M: 0 0 0000xxxx 00000000
SIMLOG:: DecA: 0x000a A: 0x000a B: 0x0000 REGA: 3 REGB: 5 REG_EXE: 0 REG_EXMEM: 0 REG_MEMWB: 0 Cycle         269 PC: 000000b2 ALU: 0000xxxx PC Curr: 000000b4 decINS: 0000dbac VALUE: 0xxxxx BR_COND: 0 STALL: 0 I: 0000f830 R: 0   0 0000xxxx M: 0 0 0000xxxx 00000000
SIMLOG:: DecA: 0xfe01 A: 0x000a B: 0x0040 REGA: 0 REGB: 1 REG_EXE: 3 REG_EXMEM: 0 REG_MEMWB: 0 Cycle         270 PC: 000000b4 ALU: 0000004a PC Curr: 000000b6 decINS: 0000f830 VALUE: 0xxxxx BR_COND: 0 STALL: 0 I: 0000aca7 R: 0   0 0000xxxx M: 0 0 0000xxxx 00000000
SIMLOG:: DecA: 0x0001 A: 0xfe01 B: 0x9aff REGA: 4 REGB: 5 REG_EXE: 4 REG_EXMEM: 3 REG_MEMWB: 0 Cycle         271 PC: 000000b6 ALU: 00000001 PC Curr: 000000b6 decINS: 0000aca7 VALUE: 0xxxxx BR_COND: 0 STALL: 1 I: 0000dbac R: 0   0 0000xxxx M: 0 0 0000004a 00000040
SIMLOG:: DecA: 0x0001 A: 0x0001 B: 0x0040 REGA: 4 REGB: 5 REG_EXE: 0 REG_EXMEM: 4 REG_MEMWB: 3 Cycle         272 PC: 000000b6 ALU: 0000xxxx PC Curr: 000000b6 decINS: 0000aca7 VALUE: 0x004a BR_COND: 0 STALL: 1 I: 0000dbac R: 1   3 0000004a M: 0 0 00000001 00009aff
SIMLOG:: DecA: 0x0001 A: 0x0001 B: 0x0040 REGA: 4 REGB: 5 REG_EXE: 0 REG_EXMEM: 0 REG_MEMWB: 4 Cycle         273 PC: 000000b6 ALU: 0000xxxx PC Curr: 000000b6 decINS: 0000aca7 VALUE: 0x0001 BR_COND: 0 STALL: 1 I: 0000dbac R: 1   4 00000001 M: 0 0 0000xxxx 00000040
SIMLOG:: DecA: 0x0001 A: 0x0001 B: 0x0040 REGA: 4 REGB: 5 REG_EXE: 0 REG_EXMEM: 0 REG_MEMWB: 0 Cycle         274 PC: 000000b6 ALU: 0000xxxx PC Curr: 000000b8 decINS: 0000aca7 VALUE: 0xxxxx BR_COND: 0 STALL: 0 I: 0000dbac R: 0   0 0000xxxx M: 0 0 0000xxxx 00000040
SIMLOG:: DecA: 0x004a A: 0x0001 B: 0x0040 REGA: 3 REGB: 5 REG_EXE: 5 REG_EXMEM: 0 REG_MEMWB: 0 Cycle         275 PC: 000000b8 ALU: 00000080 PC Curr: 000000b8 decINS: 0000dbac VALUE: 0xxxxx BR_COND: 0 STALL: 1 I: 0000fa50 R: 0   0 0000xxxx M: 0 0 0000xxxx 00000040
SIMLOG:: DecA: 0x004a A: 0x004a B: 0x0040 REGA: 3 REGB: 5 REG_EXE: 0 REG_EXMEM: 5 REG_MEMWB: 0 Cycle         276 PC: 000000b8 ALU: 0000xxxx PC Curr: 000000b8 decINS: 0000dbac VALUE: 0xxxxx BR_COND: 0 STALL: 1 I: 0000fa50 R: 0   0 0000xxxx M: 0 0 00000080 00000040
SIMLOG:: DecA: 0x004a A: 0x004a B: 0x0040 REGA: 3 REGB: 5 REG_EXE: 0 REG_EXMEM: 0 REG_MEMWB: 5 Cycle         277 PC: 000000b8 ALU: 0000xxxx PC Curr: 000000b8 decINS: 0000dbac VALUE: 0x0080 BR_COND: 0 STALL: 1 I: 0000fa50 R: 1   5 00000080 M: 0 0 0000xxxx 00000040
SIMLOG:: DecA: 0x004a A: 0x004a B: 0x0040 REGA: 3 REGB: 5 REG_EXE: 0 REG_EXMEM: 0 REG_MEMWB: 0 Cycle         278 PC: 000000b8 ALU: 0000xxxx PC Curr: 000000ba decINS: 0000dbac VALUE: 0xxxxx BR_COND: 0 STALL: 0 I: 0000fa50 R: 0   0 0000xxxx M: 0 0 0000xxxx 00000040
SIMLOG:: DecA: 0x7888 A: 0x004a B: 0x0080 REGA: 2 REGB: 2 REG_EXE: 3 REG_EXMEM: 0 REG_MEMWB: 0 Cycle         279 PC: 000000ba ALU: 000000ca PC Curr: 000000bc decINS: 0000fa50 VALUE: 0xxxxx BR_COND: 0 STALL: 0 I: 0000aca9 R: 0   0 0000xxxx M: 0 0 0000xxxx 00000040
SIMLOG:: DecA: 0x0001 A: 0x7888 B: 0x7888 REGA: 4 REGB: 5 REG_EXE: 4 REG_EXMEM: 3 REG_MEMWB: 0 Cycle         280 PC: 000000bc ALU: 00000000 PC Curr: 000000bc decINS: 0000aca9 VALUE: 0xxxxx BR_COND: 0 STALL: 1 I: 0000dbac R: 0   0 0000xxxx M: 0 0 000000ca 00000080
SIMLOG:: DecA: 0x0001 A: 0x0001 B: 0x0080 REGA: 4 REGB: 5 REG_EXE: 0 REG_EXMEM: 4 REG_MEMWB: 3 Cycle         281 PC: 000000bc ALU: 0000xxxx PC Curr: 000000bc decINS: 0000aca9 VALUE: 0x00ca BR_COND: 0 STALL: 1 I: 0000dbac R: 1   3 000000ca M: 0 0 00000000 00007888
SIMLOG:: DecA: 0x0001 A: 0x0001 B: 0x0080 REGA: 4 REGB: 5 REG_EXE: 0 REG_EXMEM: 0 REG_MEMWB: 4 Cycle         282 PC: 000000bc ALU: 0000xxxx PC Curr: 000000bc decINS: 0000aca9 VALUE: 0x0000 BR_COND: 0 STALL: 1 I: 0000dbac R: 1   4 00000000 M: 0 0 0000xxxx 00000080
SIMLOG:: DecA: 0x0000 A: 0x0001 B: 0x0080 REGA: 4 REGB: 5 REG_EXE: 0 REG_EXMEM: 0 REG_MEMWB: 0 Cycle         283 PC: 000000bc ALU: 0000xxxx PC Curr: 000000be decINS: 0000aca9 VALUE: 0xxxxx BR_COND: 0 STALL: 0 I: 0000dbac R: 0   0 0000xxxx M: 0 0 0000xxxx 00000080
SIMLOG:: DecA: 0x00ca A: 0x0000 B: 0x0080 REGA: 3 REGB: 5 REG_EXE: 5 REG_EXMEM: 0 REG_MEMWB: 0 Cycle         284 PC: 000000be ALU: 00000000 PC Curr: 000000be decINS: 0000dbac VALUE: 0xxxxx BR_COND: 0 STALL: 1 I: 0000df7c R: 0   0 0000xxxx M: 0 0 0000xxxx 00000080
SIMLOG:: DecA: 0x00ca A: 0x00ca B: 0x0080 REGA: 3 REGB: 5 REG_EXE: 0 REG_EXMEM: 5 REG_MEMWB: 0 Cycle         285 PC: 000000be ALU: 0000xxxx PC Curr: 000000be decINS: 0000dbac VALUE: 0xxxxx BR_COND: 0 STALL: 1 I: 0000df7c R: 0   0 0000xxxx M: 0 0 00000000 00000080
SIMLOG:: DecA: 0x00ca A: 0x00ca B: 0x0080 REGA: 3 REGB: 5 REG_EXE: 0 REG_EXMEM: 0 REG_MEMWB: 5 Cycle         286 PC: 000000be ALU: 0000xxxx PC Curr: 000000be decINS: 0000dbac VALUE: 0x0000 BR_COND: 0 STALL: 1 I: 0000df7c R: 1   5 00000000 M: 0 0 0000xxxx 00000080
SIMLOG:: DecA: 0x00ca A: 0x00ca B: 0x0080 REGA: 3 REGB: 5 REG_EXE: 0 REG_EXMEM: 0 REG_MEMWB: 0 Cycle         287 PC: 000000be ALU: 0000xxxx PC Curr: 000000c0 decINS: 0000dbac VALUE: 0xxxxx BR_COND: 0 STALL: 0 I: 0000df7c R: 0   0 0000xxxx M: 0 0 0000xxxx 00000080
SIMLOG:: DecA: 0x11be A: 0x00ca B: 0x0000 REGA: 7 REGB: 3 REG_EXE: 3 REG_EXMEM: 0 REG_MEMWB: 0 Cycle         288 PC: 000000c0 ALU: 000000ca PC Curr: 000000c0 decINS: 0000df7c VALUE: 0xxxxx BR_COND: 0 STALL: 1 I: 000047e0 R: 0   0 0000xxxx M: 0 0 0000xxxx 00000080
SIMLOG:: DecA: 0x11be A: 0x11be B: 0x00ca REGA: 7 REGB: 3 REG_EXE: 0 REG_EXMEM: 3 REG_MEMWB: 0 Cycle         289 PC: 000000c0 ALU: 0000xxxx PC Curr: 000000c0 decINS: 0000df7c VALUE: 0xxxxx BR_COND: 0 STALL: 1 I: 000047e0 R: 0   0 0000xxxx M: 0 0 000000ca 00000000
SIMLOG:: DecA: 0x11be A: 0x11be B: 0x00ca REGA: 7 REGB: 3 REG_EXE: 0 REG_EXMEM: 0 REG_MEMWB: 3 Cycle         290 PC: 000000c0 ALU: 0000xxxx PC Curr: 000000c0 decINS: 0000df7c VALUE: 0x00ca BR_COND: 0 STALL: 1 I: 000047e0 R: 1   3 000000ca M: 0 0 0000xxxx 000000ca
SIMLOG:: DecA: 0x11be A: 0x11be B: 0x00ca REGA: 7 REGB: 3 REG_EXE: 0 REG_EXMEM: 0 REG_MEMWB: 0 Cycle         291 PC: 000000c0 ALU: 0000xxxx PC Curr: 000000c2 decINS: 0000df7c VALUE: 0xxxxx BR_COND: 0 STALL: 0 I: 000047e0 R: 0   0 0000xxxx M: 0 0 0000xxxx 000000ca
SIMLOG:: DecA: 0x11be A: 0x11be B: 0x00ca REGA: 7 REGB: 7 REG_EXE: 7 REG_EXMEM: 0 REG_MEMWB: 0 Cycle         292 PC: 000000c2 ALU: 00001288 PC Curr: 000000c2 decINS: 000047e0 VALUE: 0xxxxx BR_COND: 0 STALL: 1 I: 00000000 R: 0   0 0000xxxx M: 0 0 0000xxxx 000000ca
SIMLOG:: DecA: 0x11be A: 0x11be B: 0x11be REGA: 7 REGB: 7 REG_EXE: 0 REG_EXMEM: 7 REG_MEMWB: 0 Cycle         293 PC: 000000c2 ALU: 0000xxxx PC Curr: 000000c2 decINS: 000047e0 VALUE: 0xxxxx BR_COND: 0 STALL: 1 I: 00000000 R: 0   0 0000xxxx M: 0 0 00001288 000000ca
SIMLOG:: DecA: 0x11be A: 0x11be B: 0x11be REGA: 7 REGB: 7 REG_EXE: 0 REG_EXMEM: 0 REG_MEMWB: 7 Cycle         294 PC: 000000c2 ALU: 0000xxxx PC Curr: 000000c2 decINS: 000047e0 VALUE: 0x1288 BR_COND: 0 STALL: 1 I: 00000000 R: 1   7 00001288 M: 0 0 0000xxxx 000011be
SIMLOG:: DecA: 0x1288 A: 0x11be B: 0x11be REGA: 7 REGB: 7 REG_EXE: 0 REG_EXMEM: 0 REG_MEMWB: 0 Cycle         295 PC: 000000c2 ALU: 0000xxxx PC Curr: 000000c4 decINS: 000047e0 VALUE: 0xxxxx BR_COND: 0 STALL: 0 I: 00000000 R: 0   0 0000xxxx M: 0 0 0000xxxx 000011be
SIMLOG:: DecA: 0xfe01 A: 0x1288 B: 0x1288 REGA: 0 REGB: 0 REG_EXE: 7 REG_EXMEM: 0 REG_MEMWB: 0 Cycle         296 PC: 000000c4 ALU: 00001288 PC Curr: 000000c6 decINS: 00000000 VALUE: 0xxxxx BR_COND: 0 STALL: 0 I: 000085e0 R: 0   0 0000xxxx M: 0 0 0000xxxx 000011be
SIMLOG:: DecA: 0x0000 A: 0xfe01 B: 0xfe01 REGA: 5 REGB: 7 REG_EXE: 0 REG_EXMEM: 7 REG_MEMWB: 0 Cycle         297 PC: 000000c6 ALU: 0000xxxx PC Curr: 000000c6 decINS: 000085e0 VALUE: 0xxxxx BR_COND: 0 STALL: 1 I: 000085e0 R: 0   0 0000xxxx M: 0 0 00001288 00001288
SIMLOG:: DecA: 0x0000 A: 0x0000 B: 0x1288 REGA: 5 REGB: 7 REG_EXE: 0 REG_EXMEM: 0 REG_MEMWB: 7 Cycle         298 PC: 000000c6 ALU: 0000xxxx PC Curr: 000000c6 decINS: 000085e0 VALUE: 0x1288 BR_COND: 0 STALL: 1 I: 000085e0 R: 1   7 00001288 M: 0 0 0000xxxx 0000fe01
SIMLOG:: Processor halted

SIMLOG:: sim_cycles         298

SIMLOG:: inst_count          97

SIMLOG:: dcachehit_count           0

SIMLOG:: icachehit_count           0

SIMLOG:: dcachereq_count           0

SIMLOG:: icachereq_count           0

